#
# There is insufficient memory for the Java Runtime Environment to continue.
# Native memory allocation (mmap) failed to map 184549376 bytes for committing reserved memory.
# Possible reasons:
#   The system is out of physical RAM or swap space
#   In 32 bit mode, the process size limit was hit
# Possible solutions:
#   Reduce memory load on the system
#   Increase physical memory or swap space
#   Check if swap backing store is full
#   Use 64 bit Java on a 64 bit OS
#   Decrease Java heap size (-Xmx/-Xms)
#   Decrease number of Java threads
#   Decrease Java thread stack sizes (-Xss)
#   Set larger code cache with -XX:ReservedCodeCacheSize=
# This output file may be truncated or incomplete.
#
#  Out of Memory Error (os_linux.cpp:2627), pid=17760, tid=139677258180352
#
# JRE version: Java(TM) SE Runtime Environment (8.0_77-b03) (build 1.8.0_77-b03)
# Java VM: Java HotSpot(TM) 64-Bit Server VM (25.77-b03 mixed mode linux-amd64 compressed oops)
# Failed to write core dump. Core dumps have been disabled. To enable core dumping, try "ulimit -c unlimited" before starting Java again
#

---------------  T H R E A D  ---------------

Current thread (0x00007f0938078000):  VMThread [stack: 0x00007f09254b6000,0x00007f09255b7000] [id=17790]

Stack: [0x00007f09254b6000,0x00007f09255b7000],  sp=0x00007f09255b5120,  free space=1020k
Native frames: (J=compiled Java code, j=interpreted, Vv=VM code, C=native code)
V  [libjvm.so+0xaba7ea]  VMError::report_and_die()+0x2ba
V  [libjvm.so+0x4f9e3b]  report_vm_out_of_memory(char const*, int, unsigned long, VMErrorType, char const*)+0x8b
V  [libjvm.so+0x91b613]  os::Linux::commit_memory_impl(char*, unsigned long, bool)+0x103
V  [libjvm.so+0x91bb69]  os::pd_commit_memory(char*, unsigned long, unsigned long, bool)+0x29
V  [libjvm.so+0x915e6a]  os::commit_memory(char*, unsigned long, unsigned long, bool)+0x2a
V  [libjvm.so+0x989543]  PSVirtualSpace::expand_by(unsigned long)+0x53
V  [libjvm.so+0x98a948]  PSYoungGen::resize_generation(unsigned long, unsigned long)+0xf8
V  [libjvm.so+0x989aa2]  PSYoungGen::resize(unsigned long, unsigned long)+0x22
V  [libjvm.so+0x986d7b]  PSScavenge::invoke_no_policy()+0xf3b
V  [libjvm.so+0x987501]  PSScavenge::invoke()+0x41
V  [libjvm.so+0x93f300]  ParallelScavengeHeap::failed_mem_allocate(unsigned long)+0x70
V  [libjvm.so+0xabc207]  VM_ParallelGCFailedAllocation::doit()+0x97
V  [libjvm.so+0xac3c35]  VM_Operation::evaluate()+0x55
V  [libjvm.so+0xac200a]  VMThread::evaluate_operation(VM_Operation*)+0xba
V  [libjvm.so+0xac238e]  VMThread::loop()+0x1ce
V  [libjvm.so+0xac2800]  VMThread::run()+0x70
V  [libjvm.so+0x91d9d8]  java_start(Thread*)+0x108

VM_Operation (0x00007f093fc601c0): ParallelGCFailedAllocation, mode: safepoint, requested by thread 0x00007f093800a000


---------------  P R O C E S S  ---------------

Java Threads: ( => current thread )
  0x00007f0938142000 JavaThread "pool-1-thread-4" [_thread_blocked, id=17843, stack(0x00007f08efcfd000,0x00007f08efdfe000)]
  0x00007f0938140000 JavaThread "pool-1-thread-3" [_thread_blocked, id=17842, stack(0x00007f08efdfe000,0x00007f08efeff000)]
  0x00007f093813e800 JavaThread "pool-1-thread-2" [_thread_blocked, id=17841, stack(0x00007f08efeff000,0x00007f08f0000000)]
  0x00007f093813b800 JavaThread "pool-2-thread-1" [_thread_blocked, id=17840, stack(0x00007f0924076000,0x00007f0924177000)]
  0x00007f0938139800 JavaThread "pool-1-thread-1" [_thread_blocked, id=17839, stack(0x00007f0924177000,0x00007f0924278000)]
  0x00007f09380c0000 JavaThread "Service Thread" daemon [_thread_blocked, id=17807, stack(0x00007f09243a0000,0x00007f09244a1000)]
  0x00007f09380bd000 JavaThread "C1 CompilerThread2" daemon [_thread_blocked, id=17803, stack(0x00007f09244a1000,0x00007f09245a2000)]
  0x00007f09380bb800 JavaThread "C2 CompilerThread1" daemon [_thread_blocked, id=17802, stack(0x00007f09245a2000,0x00007f09246a3000)]
  0x00007f09380b8800 JavaThread "C2 CompilerThread0" daemon [_thread_blocked, id=17801, stack(0x00007f09246a3000,0x00007f09247a4000)]
  0x00007f09380b7000 JavaThread "Signal Dispatcher" daemon [_thread_blocked, id=17800, stack(0x00007f09247a4000,0x00007f09248a5000)]
  0x00007f0938084000 JavaThread "Finalizer" daemon [_thread_blocked, id=17796, stack(0x00007f09252b4000,0x00007f09253b5000)]
  0x00007f093807f800 JavaThread "Reference Handler" daemon [_thread_blocked, id=17793, stack(0x00007f09253b5000,0x00007f09254b6000)]
  0x00007f093800a000 JavaThread "main" [_thread_blocked, id=17770, stack(0x00007f093fb62000,0x00007f093fc63000)]

Other Threads:
=>0x00007f0938078000 VMThread [stack: 0x00007f09254b6000,0x00007f09255b7000] [id=17790]
  0x00007f09380c3000 WatcherThread [stack: 0x00007f092429f000,0x00007f09243a0000] [id=17808]

VM state:at safepoint (normal execution)

VM Mutex/Monitor currently owned by a thread:  ([mutex/lock_event])
[0x00007f0938006640] Threads_lock - owner thread: 0x00007f0938078000
[0x00007f0938006b40] Heap_lock - owner thread: 0x00007f093800a000

Heap:
 PSYoungGen      total 132096K, used 5095K [0x00000000eab00000, 0x00000000f3100000, 0x0000000100000000)
  eden space 126976K, 0% used [0x00000000eab00000,0x00000000eab00000,0x00000000f2700000)
  from space 5120K, 99% used [0x00000000f2700000,0x00000000f2bf9e50,0x00000000f2c00000)
  to   space 5120K, 0% used [0x00000000f2c00000,0x00000000f2c00000,0x00000000f3100000)
 ParOldGen       total 84992K, used 45282K [0x00000000c0000000, 0x00000000c5300000, 0x00000000eab00000)
  object space 84992K, 53% used [0x00000000c0000000,0x00000000c2c389a0,0x00000000c5300000)
 Metaspace       used 6246K, capacity 7128K, committed 7424K, reserved 1056768K
  class space    used 613K, capacity 656K, committed 768K, reserved 1048576K

Card table byte_map: [0x00007f093c71c000,0x00007f093c91d000] byte_map_base: 0x00007f093c11c000

Marking Bits: (ParMarkBitMap*) 0x00007f093f039100
 Begin Bits: [0x00007f0927000000, 0x00007f0928000000)
 End Bits:   [0x00007f0928000000, 0x00007f0929000000)

Polling page: 0x00007f093fc86000

CodeCache: size=245760Kb used=6470Kb max_used=6477Kb free=239289Kb
 bounds [0x00007f0929000000, 0x00007f0929660000, 0x00007f0938000000]
 total_blobs=1925 nmethods=1657 adapters=182
 compilation: enabled

Compilation events (10 events):
Event: 9.629 Thread 0x00007f09380bd000 nmethod 2052 0x00007f0929650e50 code [0x00007f0929650fc0, 0x00007f0929651148]
Event: 9.629 Thread 0x00007f09380bd000 2034       2       com.android.dx.dex.code.BlockAddresses::<init> (44 bytes)
Event: 9.629 Thread 0x00007f09380bd000 nmethod 2034 0x00007f09296507d0 code [0x00007f0929650960, 0x00007f0929650cd8]
Event: 9.629 Thread 0x00007f09380bd000 2035       2       com.android.dx.dex.code.RopTranslator::calculateParamsAreInOrder (37 bytes)
Event: 9.630 Thread 0x00007f09380bd000 nmethod 2035 0x00007f0929650110 code [0x00007f09296502a0, 0x00007f09296505f8]
Event: 9.630 Thread 0x00007f09380bd000 2036       2       com.android.dx.dex.code.OutputCollector::getFinisher (26 bytes)
Event: 9.630 Thread 0x00007f09380bd000 nmethod 2036 0x00007f092964fc50 code [0x00007f092964fde0, 0x00007f0929650018]
Event: 9.630 Thread 0x00007f09380bd000 2038       2       com.android.dx.dex.code.DalvCode::<init> (68 bytes)
Event: 9.631 Thread 0x00007f09380bd000 nmethod 2038 0x00007f092964f650 code [0x00007f092964f7e0, 0x00007f092964faf8]
Event: 9.631 Thread 0x00007f09380bd000 2048       2       com.android.dx.rop.code.LocalVariableInfo::<init> (82 bytes)

GC Heap History (9 events):
Event: 1.275 GC heap before
{Heap before GC invocations=1 (full 0):
 PSYoungGen      total 36864K, used 31744K [0x00000000eab00000, 0x00000000ed400000, 0x0000000100000000)
  eden space 31744K, 100% used [0x00000000eab00000,0x00000000eca00000,0x00000000eca00000)
  from space 5120K, 0% used [0x00000000ecf00000,0x00000000ecf00000,0x00000000ed400000)
  to   space 5120K, 0% used [0x00000000eca00000,0x00000000eca00000,0x00000000ecf00000)
 ParOldGen       total 84992K, used 0K [0x00000000c0000000, 0x00000000c5300000, 0x00000000eab00000)
  object space 84992K, 0% used [0x00000000c0000000,0x00000000c0000000,0x00000000c5300000)
 Metaspace       used 5448K, capacity 6512K, committed 6784K, reserved 1056768K
  class space    used 584K, capacity 616K, committed 640K, reserved 1048576K
Event: 1.309 GC heap after
Heap after GC invocations=1 (full 0):
 PSYoungGen      total 36864K, used 3648K [0x00000000eab00000, 0x00000000ef300000, 0x0000000100000000)
  eden space 31744K, 0% used [0x00000000eab00000,0x00000000eab00000,0x00000000eca00000)
  from space 5120K, 71% used [0x00000000eca00000,0x00000000ecd90378,0x00000000ecf00000)
  to   space 5120K, 0% used [0x00000000eee00000,0x00000000eee00000,0x00000000ef300000)
 ParOldGen       total 84992K, used 8K [0x00000000c0000000, 0x00000000c5300000, 0x00000000eab00000)
  object space 84992K, 0% used [0x00000000c0000000,0x00000000c0002000,0x00000000c5300000)
 Metaspace       used 5448K, capacity 6512K, committed 6784K, reserved 1056768K
  class space    used 584K, capacity 616K, committed 640K, reserved 1048576K
}
Event: 2.719 GC heap before
{Heap before GC invocations=2 (full 0):
 PSYoungGen      total 36864K, used 35392K [0x00000000eab00000, 0x00000000ef300000, 0x0000000100000000)
  eden space 31744K, 100% used [0x00000000eab00000,0x00000000eca00000,0x00000000eca00000)
  from space 5120K, 71% used [0x00000000eca00000,0x00000000ecd90378,0x00000000ecf00000)
  to   space 5120K, 0% used [0x00000000eee00000,0x00000000eee00000,0x00000000ef300000)
 ParOldGen       total 84992K, used 8K [0x00000000c0000000, 0x00000000c5300000, 0x00000000eab00000)
  object space 84992K, 0% used [0x00000000c0000000,0x00000000c0002000,0x00000000c5300000)
 Metaspace       used 5779K, capacity 6768K, committed 7040K, reserved 1056768K
  class space    used 592K, capacity 616K, committed 640K, reserved 1048576K
Event: 2.785 GC heap after
Heap after GC invocations=2 (full 0):
 PSYoungGen      total 68608K, used 5114K [0x00000000eab00000, 0x00000000ef300000, 0x0000000100000000)
  eden space 63488K, 0% used [0x00000000eab00000,0x00000000eab00000,0x00000000ee900000)
  from space 5120K, 99% used [0x00000000eee00000,0x00000000ef2feac8,0x00000000ef300000)
  to   space 5120K, 0% used [0x00000000ee900000,0x00000000ee900000,0x00000000eee00000)
 ParOldGen       total 84992K, used 1646K [0x00000000c0000000, 0x00000000c5300000, 0x00000000eab00000)
  object space 84992K, 1% used [0x00000000c0000000,0x00000000c019b840,0x00000000c5300000)
 Metaspace       used 5779K, capacity 6768K, committed 7040K, reserved 1056768K
  class space    used 592K, capacity 616K, committed 640K, reserved 1048576K
}
Event: 4.366 GC heap before
{Heap before GC invocations=3 (full 0):
 PSYoungGen      total 68608K, used 68602K [0x00000000eab00000, 0x00000000ef300000, 0x0000000100000000)
  eden space 63488K, 100% used [0x00000000eab00000,0x00000000ee900000,0x00000000ee900000)
  from space 5120K, 99% used [0x00000000eee00000,0x00000000ef2feac8,0x00000000ef300000)
  to   space 5120K, 0% used [0x00000000ee900000,0x00000000ee900000,0x00000000eee00000)
 ParOldGen       total 84992K, used 1646K [0x00000000c0000000, 0x00000000c5300000, 0x00000000eab00000)
  object space 84992K, 1% used [0x00000000c0000000,0x00000000c019b840,0x00000000c5300000)
 Metaspace       used 5855K, capacity 6832K, committed 7040K, reserved 1056768K
  class space    used 593K, capacity 616K, committed 640K, reserved 1048576K
Event: 4.567 GC heap after
Heap after GC invocations=3 (full 0):
 PSYoungGen      total 68608K, used 5114K [0x00000000eab00000, 0x00000000f3100000, 0x0000000100000000)
  eden space 63488K, 0% used [0x00000000eab00000,0x00000000eab00000,0x00000000ee900000)
  from space 5120K, 99% used [0x00000000ee900000,0x00000000eedfeaa8,0x00000000eee00000)
  to   space 5120K, 0% used [0x00000000f2c00000,0x00000000f2c00000,0x00000000f3100000)
 ParOldGen       total 84992K, used 10612K [0x00000000c0000000, 0x00000000c5300000, 0x00000000eab00000)
  object space 84992K, 12% used [0x00000000c0000000,0x00000000c0a5d370,0x00000000c5300000)
 Metaspace       used 5855K, capacity 6832K, committed 7040K, reserved 1056768K
  class space    used 593K, capacity 616K, committed 640K, reserved 1048576K
}
Event: 5.325 GC heap before
{Heap before GC invocations=4 (full 0):
 PSYoungGen      total 68608K, used 68602K [0x00000000eab00000, 0x00000000f3100000, 0x0000000100000000)
  eden space 63488K, 100% used [0x00000000eab00000,0x00000000ee900000,0x00000000ee900000)
  from space 5120K, 99% used [0x00000000ee900000,0x00000000eedfeaa8,0x00000000eee00000)
  to   space 5120K, 0% used [0x00000000f2c00000,0x00000000f2c00000,0x00000000f3100000)
 ParOldGen       total 84992K, used 10612K [0x00000000c0000000, 0x00000000c5300000, 0x00000000eab00000)
  object space 84992K, 12% used [0x00000000c0000000,0x00000000c0a5d370,0x00000000c5300000)
 Metaspace       used 5978K, capacity 6936K, committed 7168K, reserved 1056768K
  class space    used 613K, capacity 656K, committed 768K, reserved 1048576K
Event: 6.526 GC heap after
Heap after GC invocations=4 (full 0):
 PSYoungGen      total 132096K, used 5104K [0x00000000eab00000, 0x00000000f3100000, 0x0000000100000000)
  eden space 126976K, 0% used [0x00000000eab00000,0x00000000eab00000,0x00000000f2700000)
  from space 5120K, 99% used [0x00000000f2c00000,0x00000000f30fc038,0x00000000f3100000)
  to   space 5120K, 0% used [0x00000000f2700000,0x00000000f2700000,0x00000000f2c00000)
 ParOldGen       total 84992K, used 18709K [0x00000000c0000000, 0x00000000c5300000, 0x00000000eab00000)
  object space 84992K, 22% used [0x00000000c0000000,0x00000000c1245688,0x00000000c5300000)
 Metaspace       used 5978K, capacity 6936K, committed 7168K, reserved 1056768K
  class space    used 613K, capacity 656K, committed 768K, reserved 1048576K
}
Event: 10.409 GC heap before
{Heap before GC invocations=5 (full 0):
 PSYoungGen      total 132096K, used 132080K [0x00000000eab00000, 0x00000000f3100000, 0x0000000100000000)
  eden space 126976K, 100% used [0x00000000eab00000,0x00000000f2700000,0x00000000f2700000)
  from space 5120K, 99% used [0x00000000f2c00000,0x00000000f30fc038,0x00000000f3100000)
  to   space 5120K, 0% used [0x00000000f2700000,0x00000000f2700000,0x00000000f2c00000)
 ParOldGen       total 84992K, used 18709K [0x00000000c0000000, 0x00000000c5300000, 0x00000000eab00000)
  object space 84992K, 22% used [0x00000000c0000000,0x00000000c1245688,0x00000000c5300000)
 Metaspace       used 6246K, capacity 7128K, committed 7424K, reserved 1056768K
  class space    used 613K, capacity 656K, committed 768K, reserved 1048576K

Deoptimization events (10 events):
Event: 1.946 Thread 0x00007f093800a000 Uncommon trap: reason=class_check action=maybe_recompile pc=0x00007f09291f5ad0 method=com.android.dx.ssa.NormalSsaInsn.accept(Lcom/android/dx/ssa/SsaInsn$Visitor;)V @ 9
Event: 2.846 Thread 0x00007f0938140000 Uncommon trap: reason=class_check action=maybe_recompile pc=0x00007f09292b2860 method=com.android.dx.ssa.NormalSsaInsn.accept(Lcom/android/dx/ssa/SsaInsn$Visitor;)V @ 9
Event: 3.126 Thread 0x00007f093813e800 Uncommon trap: reason=unstable_if action=reinterpret pc=0x00007f092934c184 method=com.android.dx.util.IntList.binarysearch(I)I @ 105
Event: 3.240 Thread 0x00007f093800a000 Uncommon trap: reason=bimorphic action=maybe_recompile pc=0x00007f09291ee14c method=java.util.HashMap.getNode(ILjava/lang/Object;)Ljava/util/HashMap$Node; @ 126
Event: 3.333 Thread 0x00007f0938139800 Uncommon trap: reason=bimorphic action=maybe_recompile pc=0x00007f09291ee14c method=java.util.HashMap.getNode(ILjava/lang/Object;)Ljava/util/HashMap$Node; @ 126
Event: 3.532 Thread 0x00007f093800a000 Uncommon trap: reason=unstable_if action=reinterpret pc=0x00007f092935803c method=com.android.dx.ssa.SsaMethod.updateOneDefinition(Lcom/android/dx/ssa/SsaInsn;Lcom/android/dx/rop/code/RegisterSpec;)V @ 4
Event: 4.698 Thread 0x00007f093813e800 Uncommon trap: reason=unstable_if action=reinterpret pc=0x00007f0929294790 method=java.util.HashMap.putVal(ILjava/lang/Object;Ljava/lang/Object;ZZ)Ljava/lang/Object; @ 162
Event: 4.720 Thread 0x00007f093813e800 Uncommon trap: reason=unstable_if action=reinterpret pc=0x00007f09291ee134 method=java.util.HashMap.getNode(ILjava/lang/Object;)Ljava/util/HashMap$Node; @ 84
Event: 4.720 Thread 0x00007f093813e800 Uncommon trap: reason=unstable_if action=reinterpret pc=0x00007f09292086f0 method=java.util.HashMap.getNode(ILjava/lang/Object;)Ljava/util/HashMap$Node; @ 84
Event: 8.424 Thread 0x00007f093800a000 Uncommon trap: reason=unstable_if action=reinterpret pc=0x00007f09295c8770 method=com.android.dx.cf.code.ByteCatchList.typeNotFound(Lcom/android/dx/cf/code/ByteCatchList$Item;[Lcom/android/dx/cf/code/ByteCatchList$Item;I)Z @ 34

Internal exceptions (5 events):
Event: 0.052 Thread 0x00007f093800a000 Exception <a 'java/lang/NoSuchMethodError': Method sun.misc.Unsafe.defineClass(Ljava/lang/String;[BII)Ljava/lang/Class; name or signature does not match> (0x00000000eab07cc0) thrown at [/HUDSON/workspace/8-2-build-linux-amd64/jdk8u77/6540/hotspot/src/shar
Event: 0.052 Thread 0x00007f093800a000 Exception <a 'java/lang/NoSuchMethodError': Method sun.misc.Unsafe.prefetchRead(Ljava/lang/Object;J)V name or signature does not match> (0x00000000eab07fa8) thrown at [/HUDSON/workspace/8-2-build-linux-amd64/jdk8u77/6540/hotspot/src/share/vm/prims/jni.cpp
Event: 4.700 Thread 0x00007f093813e800 Exception <a 'java/lang/ArrayIndexOutOfBoundsException': 18> (0x00000000eb2930e0) thrown at [/HUDSON/workspace/8-2-build-linux-amd64/jdk8u77/6540/hotspot/src/share/vm/interpreter/interpreterRuntime.cpp, line 366]
Event: 4.700 Thread 0x00007f093813e800 Exception <a 'java/lang/ArrayIndexOutOfBoundsException': 145> (0x00000000eb294c60) thrown at [/HUDSON/workspace/8-2-build-linux-amd64/jdk8u77/6540/hotspot/src/share/vm/interpreter/interpreterRuntime.cpp, line 366]
Event: 4.701 Thread 0x00007f093813e800 Exception <a 'java/lang/ArrayIndexOutOfBoundsException': 40> (0x00000000eb295f48) thrown at [/HUDSON/workspace/8-2-build-linux-amd64/jdk8u77/6540/hotspot/src/share/vm/interpreter/interpreterRuntime.cpp, line 366]

Events (10 events):
Event: 9.632 Thread 0x00007f0938142000 DEOPT UNPACKING pc=0x00007f0929047633 sp=0x00007f08efdfbb18 mode 0
Event: 9.632 Thread 0x00007f0938140000 DEOPT PACKING pc=0x00007f0929281c2d sp=0x00007f08efefcee0
Event: 9.632 Thread 0x00007f0938140000 DEOPT UNPACKING pc=0x00007f0929047633 sp=0x00007f08efefcc68 mode 0
Event: 9.633 Thread 0x00007f0938140000 DEOPT PACKING pc=0x00007f0929281c2d sp=0x00007f08efefcee0
Event: 9.633 Thread 0x00007f0938140000 DEOPT UNPACKING pc=0x00007f0929047633 sp=0x00007f08efefcc68 mode 0
Event: 9.633 Thread 0x00007f0938140000 DEOPT PACKING pc=0x00007f0929281c2d sp=0x00007f08efefcee0
Event: 9.633 Thread 0x00007f0938140000 DEOPT UNPACKING pc=0x00007f0929047633 sp=0x00007f08efefcc68 mode 0
Event: 9.636 Thread 0x00007f0938139800 DEOPT PACKING pc=0x00007f0929281c2d sp=0x00007f0924275c60
Event: 9.636 Thread 0x00007f0938139800 DEOPT UNPACKING pc=0x00007f0929047633 sp=0x00007f09242759e8 mode 0
Event: 9.636 Executing VM operation: ParallelGCFailedAllocation


Dynamic libraries:
00400000-00401000 r-xp 00000000 08:0a 927274                             /usr/local/java/java-8-oracle/bin/java
00600000-00601000 rw-p 00000000 08:0a 927274                             /usr/local/java/java-8-oracle/bin/java
00977000-00998000 rw-p 00000000 00:00 0                                  [heap]
c0000000-c5300000 rw-p 00000000 00:00 0 
c5300000-eab00000 ---p 00000000 00:00 0 
eab00000-f3100000 rw-p 00000000 00:00 0 
fe100000-100000000 ---p 00000000 00:00 0 
100000000-1000c0000 rw-p 00000000 00:00 0 
1000c0000-140000000 ---p 00000000 00:00 0 
7f08d4000000-7f08d4021000 rw-p 00000000 00:00 0 
7f08d4021000-7f08d8000000 ---p 00000000 00:00 0 
7f08dc000000-7f08dc037000 rw-p 00000000 00:00 0 
7f08dc037000-7f08e0000000 ---p 00000000 00:00 0 
7f08e0000000-7f08e002c000 rw-p 00000000 00:00 0 
7f08e002c000-7f08e4000000 ---p 00000000 00:00 0 
7f08e4000000-7f08e4021000 rw-p 00000000 00:00 0 
7f08e4021000-7f08e8000000 ---p 00000000 00:00 0 
7f08e8000000-7f08e8028000 rw-p 00000000 00:00 0 
7f08e8028000-7f08ec000000 ---p 00000000 00:00 0 
7f08efcfd000-7f08efd00000 ---p 00000000 00:00 0 
7f08efd00000-7f08efdfe000 rw-p 00000000 00:00 0 
7f08efdfe000-7f08efe01000 ---p 00000000 00:00 0 
7f08efe01000-7f08efeff000 rw-p 00000000 00:00 0 
7f08efeff000-7f08eff02000 ---p 00000000 00:00 0 
7f08eff02000-7f08f0000000 rw-p 00000000 00:00 0 
7f08f0000000-7f08f0021000 rw-p 00000000 00:00 0 
7f08f0021000-7f08f4000000 ---p 00000000 00:00 0 
7f08f4000000-7f08f4021000 rw-p 00000000 00:00 0 
7f08f4021000-7f08f8000000 ---p 00000000 00:00 0 
7f08f8000000-7f08f8eb0000 rw-p 00000000 00:00 0 
7f08f8eb0000-7f08fc000000 ---p 00000000 00:00 0 
7f08fc000000-7f08fcb02000 rw-p 00000000 00:00 0 
7f08fcb02000-7f0900000000 ---p 00000000 00:00 0 
7f0900000000-7f0900021000 rw-p 00000000 00:00 0 
7f0900021000-7f0904000000 ---p 00000000 00:00 0 
7f0904000000-7f0904c45000 rw-p 00000000 00:00 0 
7f0904c45000-7f0908000000 ---p 00000000 00:00 0 
7f0908000000-7f0908021000 rw-p 00000000 00:00 0 
7f0908021000-7f090c000000 ---p 00000000 00:00 0 
7f090c000000-7f090c021000 rw-p 00000000 00:00 0 
7f090c021000-7f0910000000 ---p 00000000 00:00 0 
7f0910000000-7f0910021000 rw-p 00000000 00:00 0 
7f0910021000-7f0914000000 ---p 00000000 00:00 0 
7f0914000000-7f091428d000 rw-p 00000000 00:00 0 
7f091428d000-7f0918000000 ---p 00000000 00:00 0 
7f0918000000-7f0918021000 rw-p 00000000 00:00 0 
7f0918021000-7f091c000000 ---p 00000000 00:00 0 
7f091c000000-7f091c021000 rw-p 00000000 00:00 0 
7f091c021000-7f0920000000 ---p 00000000 00:00 0 
7f0920000000-7f0920021000 rw-p 00000000 00:00 0 
7f0920021000-7f0924000000 ---p 00000000 00:00 0 
7f0924076000-7f0924079000 ---p 00000000 00:00 0 
7f0924079000-7f0924177000 rw-p 00000000 00:00 0 
7f0924177000-7f092417a000 ---p 00000000 00:00 0 
7f092417a000-7f0924278000 rw-p 00000000 00:00 0 
7f0924278000-7f0924290000 r--s 000f5000 08:0a 655952                     /home/takmilul/AndroidStudioProjects/Evan_Final Project and Presentation of iCare/Icare/app/build/intermediates/exploded-aar/com.google.android.gms/play-services-ads/8.4.0/jars/classes.jar
7f0924290000-7f092429f000 r--s 000df000 08:0a 3818871                    /opt/Android/Sdk/build-tools/23.0.2/lib/dx.jar
7f092429f000-7f09242a0000 ---p 00000000 00:00 0 
7f09242a0000-7f09243a0000 rw-p 00000000 00:00 0 
7f09243a0000-7f09243a3000 ---p 00000000 00:00 0 
7f09243a3000-7f09244a1000 rw-p 00000000 00:00 0 
7f09244a1000-7f09244a4000 ---p 00000000 00:00 0 
7f09244a4000-7f09245a2000 rw-p 00000000 00:00 0 
7f09245a2000-7f09245a5000 ---p 00000000 00:00 0 
7f09245a5000-7f09246a3000 rw-p 00000000 00:00 0 
7f09246a3000-7f09246a6000 ---p 00000000 00:00 0 
7f09246a6000-7f09247a4000 rw-p 00000000 00:00 0 
7f09247a4000-7f09247a7000 ---p 00000000 00:00 0 
7f09247a7000-7f09248a5000 rw-p 00000000 00:00 0 
7f09248a5000-7f09252b4000 r--p 00000000 08:0a 793913                     /usr/lib/locale/locale-archive
7f09252b4000-7f09252b7000 ---p 00000000 00:00 0 
7f09252b7000-7f09253b5000 rw-p 00000000 00:00 0 
7f09253b5000-7f09253b8000 ---p 00000000 00:00 0 
7f09253b8000-7f09254b6000 rw-p 00000000 00:00 0 
7f09254b6000-7f09254b7000 ---p 00000000 00:00 0 
7f09254b7000-7f0926428000 rw-p 00000000 00:00 0 
7f0926428000-7f0926600000 r--s 03d1e000 08:0a 1186168                    /usr/local/java/java-8-oracle/jre/lib/rt.jar
7f0926600000-7f0926c80000 rw-p 00000000 00:00 0 
7f0926c80000-7f0926e00000 ---p 00000000 00:00 0 
7f0926e00000-7f0929000000 rw-p 00000000 00:00 0 
7f0929000000-7f0929660000 rwxp 00000000 00:00 0 
7f0929660000-7f0938000000 ---p 00000000 00:00 0 
7f0938000000-7f093838c000 rw-p 00000000 00:00 0 
7f093838c000-7f093c000000 ---p 00000000 00:00 0 
7f093c009000-7f093c1c2000 rw-p 00000000 00:00 0 
7f093c1c2000-7f093c1c3000 ---p 00000000 00:00 0 
7f093c1c3000-7f093c2c3000 rw-p 00000000 00:00 0 
7f093c2c3000-7f093c2c4000 ---p 00000000 00:00 0 
7f093c2c4000-7f093c3c4000 rw-p 00000000 00:00 0 
7f093c3c4000-7f093c3c5000 ---p 00000000 00:00 0 
7f093c3c5000-7f093c4c5000 rw-p 00000000 00:00 0 
7f093c4c5000-7f093c4c6000 ---p 00000000 00:00 0 
7f093c4c6000-7f093c5f0000 rw-p 00000000 00:00 0 
7f093c5f0000-7f093c71c000 ---p 00000000 00:00 0 
7f093c71c000-7f093c746000 rw-p 00000000 00:00 0 
7f093c746000-7f093c871000 ---p 00000000 00:00 0 
7f093c871000-7f093c8b5000 rw-p 00000000 00:00 0 
7f093c8b5000-7f093c91c000 ---p 00000000 00:00 0 
7f093c91c000-7f093c937000 rw-p 00000000 00:00 0 
7f093c937000-7f093ccdd000 ---p 00000000 00:00 0 
7f093ccdd000-7f093ccf7000 r-xp 00000000 08:0a 1186449                    /usr/local/java/java-8-oracle/jre/lib/amd64/libzip.so
7f093ccf7000-7f093cef7000 ---p 0001a000 08:0a 1186449                    /usr/local/java/java-8-oracle/jre/lib/amd64/libzip.so
7f093cef7000-7f093cef8000 rw-p 0001a000 08:0a 1186449                    /usr/local/java/java-8-oracle/jre/lib/amd64/libzip.so
7f093cef8000-7f093cf03000 r-xp 00000000 08:0a 3412603                    /lib/x86_64-linux-gnu/libnss_files-2.23.so
7f093cf03000-7f093d102000 ---p 0000b000 08:0a 3412603                    /lib/x86_64-linux-gnu/libnss_files-2.23.so
7f093d102000-7f093d103000 r--p 0000a000 08:0a 3412603                    /lib/x86_64-linux-gnu/libnss_files-2.23.so
7f093d103000-7f093d104000 rw-p 0000b000 08:0a 3412603                    /lib/x86_64-linux-gnu/libnss_files-2.23.so
7f093d104000-7f093d10a000 rw-p 00000000 00:00 0 
7f093d10a000-7f093d115000 r-xp 00000000 08:0a 3412613                    /lib/x86_64-linux-gnu/libnss_nis-2.23.so
7f093d115000-7f093d314000 ---p 0000b000 08:0a 3412613                    /lib/x86_64-linux-gnu/libnss_nis-2.23.so
7f093d314000-7f093d315000 r--p 0000a000 08:0a 3412613                    /lib/x86_64-linux-gnu/libnss_nis-2.23.so
7f093d315000-7f093d316000 rw-p 0000b000 08:0a 3412613                    /lib/x86_64-linux-gnu/libnss_nis-2.23.so
7f093d316000-7f093d32c000 r-xp 00000000 08:0a 3412597                    /lib/x86_64-linux-gnu/libnsl-2.23.so
7f093d32c000-7f093d52b000 ---p 00016000 08:0a 3412597                    /lib/x86_64-linux-gnu/libnsl-2.23.so
7f093d52b000-7f093d52c000 r--p 00015000 08:0a 3412597                    /lib/x86_64-linux-gnu/libnsl-2.23.so
7f093d52c000-7f093d52d000 rw-p 00016000 08:0a 3412597                    /lib/x86_64-linux-gnu/libnsl-2.23.so
7f093d52d000-7f093d52f000 rw-p 00000000 00:00 0 
7f093d52f000-7f093d537000 r-xp 00000000 08:0a 3412599                    /lib/x86_64-linux-gnu/libnss_compat-2.23.so
7f093d537000-7f093d736000 ---p 00008000 08:0a 3412599                    /lib/x86_64-linux-gnu/libnss_compat-2.23.so
7f093d736000-7f093d737000 r--p 00007000 08:0a 3412599                    /lib/x86_64-linux-gnu/libnss_compat-2.23.so
7f093d737000-7f093d738000 rw-p 00008000 08:0a 3412599                    /lib/x86_64-linux-gnu/libnss_compat-2.23.so
7f093d738000-7f093d762000 r-xp 00000000 08:0a 1186444                    /usr/local/java/java-8-oracle/jre/lib/amd64/libjava.so
7f093d762000-7f093d962000 ---p 0002a000 08:0a 1186444                    /usr/local/java/java-8-oracle/jre/lib/amd64/libjava.so
7f093d962000-7f093d964000 rw-p 0002a000 08:0a 1186444                    /usr/local/java/java-8-oracle/jre/lib/amd64/libjava.so
7f093d964000-7f093d971000 r-xp 00000000 08:0a 1186448                    /usr/local/java/java-8-oracle/jre/lib/amd64/libverify.so
7f093d971000-7f093db71000 ---p 0000d000 08:0a 1186448                    /usr/local/java/java-8-oracle/jre/lib/amd64/libverify.so
7f093db71000-7f093db73000 rw-p 0000d000 08:0a 1186448                    /usr/local/java/java-8-oracle/jre/lib/amd64/libverify.so
7f093db73000-7f093db7a000 r-xp 00000000 08:0a 3412658                    /lib/x86_64-linux-gnu/librt-2.23.so
7f093db7a000-7f093dd79000 ---p 00007000 08:0a 3412658                    /lib/x86_64-linux-gnu/librt-2.23.so
7f093dd79000-7f093dd7a000 r--p 00006000 08:0a 3412658                    /lib/x86_64-linux-gnu/librt-2.23.so
7f093dd7a000-7f093dd7b000 rw-p 00007000 08:0a 3412658                    /lib/x86_64-linux-gnu/librt-2.23.so
7f093dd7b000-7f093de83000 r-xp 00000000 08:0a 3412574                    /lib/x86_64-linux-gnu/libm-2.23.so
7f093de83000-7f093e082000 ---p 00108000 08:0a 3412574                    /lib/x86_64-linux-gnu/libm-2.23.so
7f093e082000-7f093e083000 r--p 00107000 08:0a 3412574                    /lib/x86_64-linux-gnu/libm-2.23.so
7f093e083000-7f093e084000 rw-p 00108000 08:0a 3412574                    /lib/x86_64-linux-gnu/libm-2.23.so
7f093e084000-7f093ed43000 r-xp 00000000 08:0a 1186471                    /usr/local/java/java-8-oracle/jre/lib/amd64/server/libjvm.so
7f093ed43000-7f093ef42000 ---p 00cbf000 08:0a 1186471                    /usr/local/java/java-8-oracle/jre/lib/amd64/server/libjvm.so
7f093ef42000-7f093f01b000 rw-p 00cbe000 08:0a 1186471                    /usr/local/java/java-8-oracle/jre/lib/amd64/server/libjvm.so
7f093f01b000-7f093f064000 rw-p 00000000 00:00 0 
7f093f064000-7f093f224000 r-xp 00000000 08:0a 3412504                    /lib/x86_64-linux-gnu/libc-2.23.so
7f093f224000-7f093f423000 ---p 001c0000 08:0a 3412504                    /lib/x86_64-linux-gnu/libc-2.23.so
7f093f423000-7f093f427000 r--p 001bf000 08:0a 3412504                    /lib/x86_64-linux-gnu/libc-2.23.so
7f093f427000-7f093f429000 rw-p 001c3000 08:0a 3412504                    /lib/x86_64-linux-gnu/libc-2.23.so
7f093f429000-7f093f42d000 rw-p 00000000 00:00 0 
7f093f42d000-7f093f430000 r-xp 00000000 08:0a 3412528                    /lib/x86_64-linux-gnu/libdl-2.23.so
7f093f430000-7f093f62f000 ---p 00003000 08:0a 3412528                    /lib/x86_64-linux-gnu/libdl-2.23.so
7f093f62f000-7f093f630000 r--p 00002000 08:0a 3412528                    /lib/x86_64-linux-gnu/libdl-2.23.so
7f093f630000-7f093f631000 rw-p 00003000 08:0a 3412528                    /lib/x86_64-linux-gnu/libdl-2.23.so
7f093f631000-7f093f646000 r-xp 00000000 08:0a 1186059                    /usr/local/java/java-8-oracle/lib/amd64/jli/libjli.so
7f093f646000-7f093f846000 ---p 00015000 08:0a 1186059                    /usr/local/java/java-8-oracle/lib/amd64/jli/libjli.so
7f093f846000-7f093f847000 rw-p 00015000 08:0a 1186059                    /usr/local/java/java-8-oracle/lib/amd64/jli/libjli.so
7f093f847000-7f093f85f000 r-xp 00000000 08:0a 3412650                    /lib/x86_64-linux-gnu/libpthread-2.23.so
7f093f85f000-7f093fa5e000 ---p 00018000 08:0a 3412650                    /lib/x86_64-linux-gnu/libpthread-2.23.so
7f093fa5e000-7f093fa5f000 r--p 00017000 08:0a 3412650                    /lib/x86_64-linux-gnu/libpthread-2.23.so
7f093fa5f000-7f093fa60000 rw-p 00018000 08:0a 3412650                    /lib/x86_64-linux-gnu/libpthread-2.23.so
7f093fa60000-7f093fa64000 rw-p 00000000 00:00 0 
7f093fa64000-7f093fa8a000 r-xp 00000000 08:0a 3412476                    /lib/x86_64-linux-gnu/ld-2.23.so
7f093fa90000-7f093fb62000 rw-p 00000000 00:00 0 
7f093fb62000-7f093fb65000 ---p 00000000 00:00 0 
7f093fb65000-7f093fc67000 rw-p 00000000 00:00 0 
7f093fc69000-7f093fc7d000 rw-p 00000000 00:00 0 
7f093fc7d000-7f093fc85000 rw-s 00000000 08:0a 4332834                    /tmp/hsperfdata_takmilul/17760
7f093fc85000-7f093fc86000 rw-p 00000000 00:00 0 
7f093fc86000-7f093fc87000 ---p 00000000 00:00 0 
7f093fc87000-7f093fc89000 rw-p 00000000 00:00 0 
7f093fc89000-7f093fc8a000 r--p 00025000 08:0a 3412476                    /lib/x86_64-linux-gnu/ld-2.23.so
7f093fc8a000-7f093fc8b000 rw-p 00026000 08:0a 3412476                    /lib/x86_64-linux-gnu/ld-2.23.so
7f093fc8b000-7f093fc8c000 rw-p 00000000 00:00 0 
7ffcab272000-7ffcab293000 rw-p 00000000 00:00 0                          [stack]
7ffcab3a2000-7ffcab3a4000 r--p 00000000 00:00 0                          [vvar]
7ffcab3a4000-7ffcab3a6000 r-xp 00000000 00:00 0                          [vdso]
ffffffffff600000-ffffffffff601000 r-xp 00000000 00:00 0                  [vsyscall]

VM Arguments:
jvm_args: -Djava.awt.headless=true -Xmx1024M -Dfile.encoding=UTF-8 -Duser.country=US -Duser.language=en -Duser.variant 
java_command: com.android.dx.command.Main --dex --force-jumbo --num-threads=4 --output /home/takmilul/AndroidStudioProjects/Evan_Final Project and Presentation of iCare/Icare/app/build/intermediates/pre-dexed/debug/com.google.android.gms-play-services-ads-8.4.0_37a5ef140a693be56fc3beb67ab4f84c952a3d24.jar /home/takmilul/AndroidStudioProjects/Evan_Final Project and Presentation of iCare/Icare/app/build/intermediates/exploded-aar/com.google.android.gms/play-services-ads/8.4.0/jars/classes.jar
java_class_path (initial): /opt/Android/Sdk/build-tools/23.0.2/lib/dx.jar
Launcher Type: SUN_STANDARD

Environment Variables:
JAVA_HOME=/usr/local/java/jdk1.8.0_77
JRE_HOME=/usr/local/java/jdk1.8.0_77/jre
PATH=/usr/local/sbin:/usr/local/bin:/usr/sbin:/usr/bin:/sbin:/bin:/usr/games:/usr/local/games:/snap/bin:/usr/local/java/jdk1.8.0_77/bin:/usr/local/java/jdk1.8.0_77/jre/bin
LD_LIBRARY_PATH=/opt/android-studio/bin:
SHELL=/bin/bash
DISPLAY=:0

Signal Handlers:
SIGSEGV: [libjvm.so+0xabb070], sa_mask[0]=11111111011111111101111111111110, sa_flags=SA_RESTART|SA_SIGINFO
SIGBUS: [libjvm.so+0xabb070], sa_mask[0]=11111111011111111101111111111110, sa_flags=SA_RESTART|SA_SIGINFO
SIGFPE: [libjvm.so+0x918480], sa_mask[0]=11111111011111111101111111111110, sa_flags=SA_RESTART|SA_SIGINFO
SIGPIPE: [libjvm.so+0x918480], sa_mask[0]=11111111011111111101111111111110, sa_flags=SA_RESTART|SA_SIGINFO
SIGXFSZ: [libjvm.so+0x918480], sa_mask[0]=11111111011111111101111111111110, sa_flags=SA_RESTART|SA_SIGINFO
SIGILL: [libjvm.so+0x918480], sa_mask[0]=11111111011111111101111111111110, sa_flags=SA_RESTART|SA_SIGINFO
SIGUSR1: SIG_DFL, sa_mask[0]=00000000000000000000000000000000, sa_flags=none
SIGUSR2: [libjvm.so+0x919ab0], sa_mask[0]=00100000000000000000000000000000, sa_flags=SA_RESTART|SA_SIGINFO
SIGHUP: [libjvm.so+0x91aeb0], sa_mask[0]=11111111011111111101111111111110, sa_flags=SA_RESTART|SA_SIGINFO
SIGINT: [libjvm.so+0x91aeb0], sa_mask[0]=11111111011111111101111111111110, sa_flags=SA_RESTART|SA_SIGINFO
SIGTERM: [libjvm.so+0x91aeb0], sa_mask[0]=11111111011111111101111111111110, sa_flags=SA_RESTART|SA_SIGINFO
SIGQUIT: [libjvm.so+0x91aeb0], sa_mask[0]=11111111011111111101111111111110, sa_flags=SA_RESTART|SA_SIGINFO


---------------  S Y S T E M  ---------------

OS:DISTRIB_ID=Ubuntu
DISTRIB_RELEASE=16.04
DISTRIB_CODENAME=xenial
DISTRIB_DESCRIPTION="Ubuntu 16.04 LTS"

uname:Linux 4.4.0-22-generic #39-Ubuntu SMP Thu May 5 16:53:32 UTC 2016 x86_64
libc:glibc 2.23 NPTL 2.23 
rlimit: STACK 8192k, CORE 0k, NPROC 31466, NOFILE 65536, AS infinity
load average:7.79 2.90 3.79

/proc/meminfo:
MemTotal:        8094180 kB
MemFree:           51120 kB
MemAvailable:      82828 kB
Buffers:             644 kB
Cached:           825624 kB
SwapCached:            0 kB
Active:          7080804 kB
Inactive:         726444 kB
Active(anon):    7063648 kB
Inactive(anon):   713244 kB
Active(file):      17156 kB
Inactive(file):    13200 kB
Unevictable:          48 kB
Mlocked:              48 kB
SwapTotal:             0 kB
SwapFree:              0 kB
Dirty:                36 kB
Writeback:           220 kB
AnonPages:       6981172 kB
Mapped:           281188 kB
Shmem:            795776 kB
Slab:             105628 kB
SReclaimable:      43712 kB
SUnreclaim:        61916 kB
KernelStack:       13520 kB
PageTables:        64176 kB
NFS_Unstable:          0 kB
Bounce:                0 kB
WritebackTmp:          0 kB
CommitLimit:     4047088 kB
Committed_AS:   13377472 kB
VmallocTotal:   34359738367 kB
VmallocUsed:           0 kB
VmallocChunk:          0 kB
HardwareCorrupted:     0 kB
AnonHugePages:   3416064 kB
CmaTotal:              0 kB
CmaFree:               0 kB
HugePages_Total:       0
HugePages_Free:        0
HugePages_Rsvd:        0
HugePages_Surp:        0
Hugepagesize:       2048 kB
DirectMap4k:      185692 kB
DirectMap2M:     8122368 kB


CPU:total 4 (2 cores per cpu, 2 threads per core) family 6 model 42 stepping 7, cmov, cx8, fxsr, mmx, sse, sse2, sse3, ssse3, sse4.1, sse4.2, popcnt, avx, clmul, ht, tsc, tscinvbit

/proc/cpuinfo:
processor	: 0
vendor_id	: GenuineIntel
cpu family	: 6
model		: 42
model name	: Intel(R) Core(TM) i3-2120 CPU @ 3.30GHz
stepping	: 7
microcode	: 0x29
cpu MHz		: 1786.253
cache size	: 3072 KB
physical id	: 0
siblings	: 4
core id		: 0
cpu cores	: 2
apicid		: 0
initial apicid	: 0
fpu		: yes
fpu_exception	: yes
cpuid level	: 13
wp		: yes
flags		: fpu vme de pse tsc msr pae mce cx8 apic sep mtrr pge mca cmov pat pse36 clflush dts acpi mmx fxsr sse sse2 ss ht tm pbe syscall nx rdtscp lm constant_tsc arch_perfmon pebs bts rep_good nopl xtopology nonstop_tsc aperfmperf eagerfpu pni pclmulqdq dtes64 monitor ds_cpl vmx est tm2 ssse3 cx16 xtpr pdcm pcid sse4_1 sse4_2 popcnt tsc_deadline_timer xsave avx lahf_lm epb tpr_shadow vnmi flexpriority ept vpid xsaveopt dtherm arat pln pts
bugs		:
bogomips	: 6585.36
clflush size	: 64
cache_alignment	: 64
address sizes	: 36 bits physical, 48 bits virtual
power management:

processor	: 1
vendor_id	: GenuineIntel
cpu family	: 6
model		: 42
model name	: Intel(R) Core(TM) i3-2120 CPU @ 3.30GHz
stepping	: 7
microcode	: 0x29
cpu MHz		: 1650.902
cache size	: 3072 KB
physical id	: 0
siblings	: 4
core id		: 1
cpu cores	: 2
apicid		: 2
initial apicid	: 2
fpu		: yes
fpu_exception	: yes
cpuid level	: 13
wp		: yes
flags		: fpu vme de pse tsc msr pae mce cx8 apic sep mtrr pge mca cmov pat pse36 clflush dts acpi mmx fxsr sse sse2 ss ht tm pbe syscall nx rdtscp lm constant_tsc arch_perfmon pebs bts rep_good nopl xtopology nonstop_tsc aperfmperf eagerfpu pni pclmulqdq dtes64 monitor ds_cpl vmx est tm2 ssse3 cx16 xtpr pdcm pcid sse4_1 sse4_2 popcnt tsc_deadline_timer xsave avx lahf_lm epb tpr_shadow vnmi flexpriority ept vpid xsaveopt dtherm arat pln pts
bugs		:
bogomips	: 6585.36
clflush size	: 64
cache_alignment	: 64
address sizes	: 36 bits physical, 48 bits virtual
power management:

processor	: 2
vendor_id	: GenuineIntel
cpu family	: 6
model		: 42
model name	: Intel(R) Core(TM) i3-2120 CPU @ 3.30GHz
stepping	: 7
microcode	: 0x29
cpu MHz		: 1793.730
cache size	: 3072 KB
physical id	: 0
siblings	: 4
core id		: 0
cpu cores	: 2
apicid		: 1
initial apicid	: 1
fpu		: yes
fpu_exception	: yes
cpuid level	: 13
wp		: yes
flags		: fpu vme de pse tsc msr pae mce cx8 apic sep mtrr pge mca cmov pat pse36 clflush dts acpi mmx fxsr sse sse2 ss ht tm pbe syscall nx rdtscp lm constant_tsc arch_perfmon pebs bts rep_good nopl xtopology nonstop_tsc aperfmperf eagerfpu pni pclmulqdq dtes64 monitor ds_cpl vmx est tm2 ssse3 cx16 xtpr pdcm pcid sse4_1 sse4_2 popcnt tsc_deadline_timer xsave avx lahf_lm epb tpr_shadow vnmi flexpriority ept vpid xsaveopt dtherm arat pln pts
bugs		:
bogomips	: 6585.36
clflush size	: 64
cache_alignment	: 64
address sizes	: 36 bits physical, 48 bits virtual
power management:

processor	: 3
vendor_id	: GenuineIntel
cpu family	: 6
model		: 42
model name	: Intel(R) Core(TM) i3-2120 CPU @ 3.30GHz
stepping	: 7
microcode	: 0x29
cpu MHz		: 1800.046
cache size	: 3072 KB
physical id	: 0
siblings	: 4
core id		: 1
cpu cores	: 2
apicid		: 3
initial apicid	: 3
fpu		: yes
fpu_exception	: yes
cpuid level	: 13
wp		: yes
flags		: fpu vme de pse tsc msr pae mce cx8 apic sep mtrr pge mca cmov pat pse36 clflush dts acpi mmx fxsr sse sse2 ss ht tm pbe syscall nx rdtscp lm constant_tsc arch_perfmon pebs bts rep_good nopl xtopology nonstop_tsc aperfmperf eagerfpu pni pclmulqdq dtes64 monitor ds_cpl vmx est tm2 ssse3 cx16 xtpr pdcm pcid sse4_1 sse4_2 popcnt tsc_deadline_timer xsave avx lahf_lm epb tpr_shadow vnmi flexpriority ept vpid xsaveopt dtherm arat pln pts
bugs		:
bogomips	: 6585.36
clflush size	: 64
cache_alignment	: 64
address sizes	: 36 bits physical, 48 bits virtual
power management:



Memory: 4k page, physical 8094180k(51120k free), swap 0k(0k free)

vm_info: Java HotSpot(TM) 64-Bit Server VM (25.77-b03) for linux-amd64 JRE (1.8.0_77-b03), built on Mar 20 2016 22:00:46 by "java_re" with gcc 4.3.0 20080428 (Red Hat 4.3.0-8)

time: Mon May  9 12:10:30 2016
elapsed time: 17 seconds (0d 0h 0m 17s)

