#
# There is insufficient memory for the Java Runtime Environment to continue.
# Native memory allocation (mmap) failed to map 217055232 bytes for committing reserved memory.
# Possible reasons:
#   The system is out of physical RAM or swap space
#   In 32 bit mode, the process size limit was hit
# Possible solutions:
#   Reduce memory load on the system
#   Increase physical memory or swap space
#   Check if swap backing store is full
#   Use 64 bit Java on a 64 bit OS
#   Decrease Java heap size (-Xmx/-Xms)
#   Decrease number of Java threads
#   Decrease Java thread stack sizes (-Xss)
#   Set larger code cache with -XX:ReservedCodeCacheSize=
# This output file may be truncated or incomplete.
#
#  Out of Memory Error (os_linux.cpp:2627), pid=17751, tid=139738184931072
#
# JRE version: Java(TM) SE Runtime Environment (8.0_77-b03) (build 1.8.0_77-b03)
# Java VM: Java HotSpot(TM) 64-Bit Server VM (25.77-b03 mixed mode linux-amd64 compressed oops)
# Failed to write core dump. Core dumps have been disabled. To enable core dumping, try "ulimit -c unlimited" before starting Java again
#

---------------  T H R E A D  ---------------

Current thread (0x00007f1764078000):  VMThread [stack: 0x00007f1754cfd000,0x00007f1754dfe000] [id=17789]

Stack: [0x00007f1754cfd000,0x00007f1754dfe000],  sp=0x00007f1754dfc1a0,  free space=1020k
Native frames: (J=compiled Java code, j=interpreted, Vv=VM code, C=native code)
V  [libjvm.so+0xaba7ea]  VMError::report_and_die()+0x2ba
V  [libjvm.so+0x4f9e3b]  report_vm_out_of_memory(char const*, int, unsigned long, VMErrorType, char const*)+0x8b
V  [libjvm.so+0x91b613]  os::Linux::commit_memory_impl(char*, unsigned long, bool)+0x103
V  [libjvm.so+0x91bb69]  os::pd_commit_memory(char*, unsigned long, unsigned long, bool)+0x29
V  [libjvm.so+0x915e6a]  os::commit_memory(char*, unsigned long, unsigned long, bool)+0x2a
V  [libjvm.so+0x989543]  PSVirtualSpace::expand_by(unsigned long)+0x53
V  [libjvm.so+0x98a948]  PSYoungGen::resize_generation(unsigned long, unsigned long)+0xf8
V  [libjvm.so+0x989aa2]  PSYoungGen::resize(unsigned long, unsigned long)+0x22
V  [libjvm.so+0x986d7b]  PSScavenge::invoke_no_policy()+0xf3b
V  [libjvm.so+0x987501]  PSScavenge::invoke()+0x41
V  [libjvm.so+0x93f300]  ParallelScavengeHeap::failed_mem_allocate(unsigned long)+0x70
V  [libjvm.so+0xabc207]  VM_ParallelGCFailedAllocation::doit()+0x97
V  [libjvm.so+0xac3c35]  VM_Operation::evaluate()+0x55
V  [libjvm.so+0xac200a]  VMThread::evaluate_operation(VM_Operation*)+0xba
V  [libjvm.so+0xac238e]  VMThread::loop()+0x1ce
V  [libjvm.so+0xac2800]  VMThread::run()+0x70
V  [libjvm.so+0x91d9d8]  java_start(Thread*)+0x108

VM_Operation (0x00007f174d7f5e80): ParallelGCFailedAllocation, mode: safepoint, requested by thread 0x00007f176412d800


---------------  P R O C E S S  ---------------

Java Threads: ( => current thread )
  0x00007f1764131000 JavaThread "pool-1-thread-4" [_thread_blocked, id=17838, stack(0x00007f174d4f5000,0x00007f174d5f6000)]
  0x00007f176412f800 JavaThread "pool-1-thread-3" [_thread_blocked, id=17837, stack(0x00007f174d5f6000,0x00007f174d6f7000)]
  0x00007f176412d800 JavaThread "pool-1-thread-2" [_thread_blocked, id=17836, stack(0x00007f174d6f7000,0x00007f174d7f8000)]
  0x00007f176412c000 JavaThread "pool-2-thread-1" [_thread_blocked, id=17835, stack(0x00007f174d7f8000,0x00007f174d8f9000)]
  0x00007f1764129800 JavaThread "pool-1-thread-1" [_thread_blocked, id=17834, stack(0x00007f174d8f9000,0x00007f174d9fa000)]
  0x00007f17640c0000 JavaThread "Service Thread" daemon [_thread_blocked, id=17813, stack(0x00007f174dafb000,0x00007f174dbfc000)]
  0x00007f17640bd000 JavaThread "C1 CompilerThread2" daemon [_thread_blocked, id=17809, stack(0x00007f174dbfc000,0x00007f174dcfd000)]
  0x00007f17640bb800 JavaThread "C2 CompilerThread1" daemon [_thread_blocked, id=17806, stack(0x00007f174dcfd000,0x00007f174ddfe000)]
  0x00007f17640b8800 JavaThread "C2 CompilerThread0" daemon [_thread_blocked, id=17805, stack(0x00007f174ddfe000,0x00007f174deff000)]
  0x00007f17640b7000 JavaThread "Signal Dispatcher" daemon [_thread_blocked, id=17804, stack(0x00007f174deff000,0x00007f174e000000)]
  0x00007f1764084000 JavaThread "Finalizer" daemon [_thread_blocked, id=17792, stack(0x00007f1754afb000,0x00007f1754bfc000)]
  0x00007f176407f800 JavaThread "Reference Handler" daemon [_thread_blocked, id=17791, stack(0x00007f1754bfc000,0x00007f1754cfd000)]
  0x00007f176400a000 JavaThread "main" [_thread_blocked, id=17771, stack(0x00007f176d43b000,0x00007f176d53c000)]

Other Threads:
=>0x00007f1764078000 VMThread [stack: 0x00007f1754cfd000,0x00007f1754dfe000] [id=17789]
  0x00007f17640c3000 WatcherThread [stack: 0x00007f174d9fa000,0x00007f174dafb000] [id=17814]

VM state:at safepoint (normal execution)

VM Mutex/Monitor currently owned by a thread:  ([mutex/lock_event])
[0x00007f17640065a0] Threads_lock - owner thread: 0x00007f1764078000
[0x00007f1764006aa0] Heap_lock - owner thread: 0x00007f176412d800

Heap:
 PSYoungGen      total 132096K, used 5094K [0x00000000eab00000, 0x00000000f3100000, 0x0000000100000000)
  eden space 126976K, 0% used [0x00000000eab00000,0x00000000eab00000,0x00000000f2700000)
  from space 5120K, 99% used [0x00000000f2700000,0x00000000f2bf9a08,0x00000000f2c00000)
  to   space 5120K, 0% used [0x00000000f2c00000,0x00000000f2c00000,0x00000000f3100000)
 ParOldGen       total 92672K, used 92196K [0x00000000c0000000, 0x00000000c5a80000, 0x00000000eab00000)
  object space 92672K, 99% used [0x00000000c0000000,0x00000000c5a09348,0x00000000c5a80000)
 Metaspace       used 5808K, capacity 6960K, committed 7040K, reserved 1056768K
  class space    used 573K, capacity 616K, committed 640K, reserved 1048576K

Card table byte_map: [0x00007f1769ff5000,0x00007f176a1f6000] byte_map_base: 0x00007f17699f5000

Marking Bits: (ParMarkBitMap*) 0x00007f176c912100
 Begin Bits: [0x00007f174e000000, 0x00007f174f000000)
 End Bits:   [0x00007f174f000000, 0x00007f1750000000)

Polling page: 0x00007f176d55f000

CodeCache: size=245760Kb used=5867Kb max_used=5869Kb free=239892Kb
 bounds [0x00007f1755000000, 0x00007f17555d0000, 0x00007f1764000000]
 total_blobs=1749 nmethods=1488 adapters=175
 compilation: enabled

Compilation events (10 events):
Event: 9.410 Thread 0x00007f17640bd000 1807       2       java.util.Vector::<init> (49 bytes)
Event: 9.411 Thread 0x00007f17640bd000 nmethod 1807 0x00007f175559fc50 code [0x00007f175559fe00, 0x00007f17555a0298]
Event: 9.412 Thread 0x00007f17640bd000 1808       2       com.android.dx.rop.cst.CstType::getType (4 bytes)
Event: 9.412 Thread 0x00007f17640bd000 nmethod 1808 0x00007f1755593a90 code [0x00007f1755593be0, 0x00007f1755593d30]
Event: 9.416 Thread 0x00007f17640b8800 nmethod 1775 0x00007f175559ef90 code [0x00007f175559f120, 0x00007f175559f658]
Event: 9.416 Thread 0x00007f17640b8800 1527       4       com.android.dx.ssa.SsaBasicBlock::forEachInsn (37 bytes)
Event: 9.420 Thread 0x00007f17640bd000 1809       2       com.android.dx.ssa.SsaRenamer::<init> (100 bytes)
Event: 9.422 Thread 0x00007f17640bd000 nmethod 1809 0x00007f17555bfa90 code [0x00007f17555bfc20, 0x00007f17555c0148]
Event: 9.424 Thread 0x00007f17640bd000 1810       3       com.android.dx.ssa.SsaMethod::convertRopToSsaBlocks (103 bytes)
Event: 9.426 Thread 0x00007f17640bd000 nmethod 1810 0x00007f17555bdc90 code [0x00007f17555bdf00, 0x00007f17555bf0a8]

GC Heap History (9 events):
Event: 2.160 GC heap before
{Heap before GC invocations=1 (full 0):
 PSYoungGen      total 36864K, used 31744K [0x00000000eab00000, 0x00000000ed400000, 0x0000000100000000)
  eden space 31744K, 100% used [0x00000000eab00000,0x00000000eca00000,0x00000000eca00000)
  from space 5120K, 0% used [0x00000000ecf00000,0x00000000ecf00000,0x00000000ed400000)
  to   space 5120K, 0% used [0x00000000eca00000,0x00000000eca00000,0x00000000ecf00000)
 ParOldGen       total 84992K, used 0K [0x00000000c0000000, 0x00000000c5300000, 0x00000000eab00000)
  object space 84992K, 0% used [0x00000000c0000000,0x00000000c0000000,0x00000000c5300000)
 Metaspace       used 5496K, capacity 6704K, committed 6784K, reserved 1056768K
  class space    used 565K, capacity 616K, committed 640K, reserved 1048576K
Event: 2.197 GC heap after
Heap after GC invocations=1 (full 0):
 PSYoungGen      total 36864K, used 5104K [0x00000000eab00000, 0x00000000ef300000, 0x0000000100000000)
  eden space 31744K, 0% used [0x00000000eab00000,0x00000000eab00000,0x00000000eca00000)
  from space 5120K, 99% used [0x00000000eca00000,0x00000000ecefc3a8,0x00000000ecf00000)
  to   space 5120K, 0% used [0x00000000eee00000,0x00000000eee00000,0x00000000ef300000)
 ParOldGen       total 84992K, used 1650K [0x00000000c0000000, 0x00000000c5300000, 0x00000000eab00000)
  object space 84992K, 1% used [0x00000000c0000000,0x00000000c019c8b8,0x00000000c5300000)
 Metaspace       used 5496K, capacity 6704K, committed 6784K, reserved 1056768K
  class space    used 565K, capacity 616K, committed 640K, reserved 1048576K
}
Event: 3.087 GC heap before
{Heap before GC invocations=2 (full 0):
 PSYoungGen      total 36864K, used 36848K [0x00000000eab00000, 0x00000000ef300000, 0x0000000100000000)
  eden space 31744K, 100% used [0x00000000eab00000,0x00000000eca00000,0x00000000eca00000)
  from space 5120K, 99% used [0x00000000eca00000,0x00000000ecefc3a8,0x00000000ecf00000)
  to   space 5120K, 0% used [0x00000000eee00000,0x00000000eee00000,0x00000000ef300000)
 ParOldGen       total 84992K, used 1650K [0x00000000c0000000, 0x00000000c5300000, 0x00000000eab00000)
  object space 84992K, 1% used [0x00000000c0000000,0x00000000c019c8b8,0x00000000c5300000)
 Metaspace       used 5553K, capacity 6768K, committed 7040K, reserved 1056768K
  class space    used 565K, capacity 616K, committed 640K, reserved 1048576K
Event: 3.155 GC heap after
Heap after GC invocations=2 (full 0):
 PSYoungGen      total 68608K, used 5096K [0x00000000eab00000, 0x00000000ef300000, 0x0000000100000000)
  eden space 63488K, 0% used [0x00000000eab00000,0x00000000eab00000,0x00000000ee900000)
  from space 5120K, 99% used [0x00000000eee00000,0x00000000ef2fa278,0x00000000ef300000)
  to   space 5120K, 0% used [0x00000000ee900000,0x00000000ee900000,0x00000000eee00000)
 ParOldGen       total 84992K, used 6479K [0x00000000c0000000, 0x00000000c5300000, 0x00000000eab00000)
  object space 84992K, 7% used [0x00000000c0000000,0x00000000c0653e88,0x00000000c5300000)
 Metaspace       used 5553K, capacity 6768K, committed 7040K, reserved 1056768K
  class space    used 565K, capacity 616K, committed 640K, reserved 1048576K
}
Event: 4.966 GC heap before
{Heap before GC invocations=3 (full 0):
 PSYoungGen      total 68608K, used 68584K [0x00000000eab00000, 0x00000000ef300000, 0x0000000100000000)
  eden space 63488K, 100% used [0x00000000eab00000,0x00000000ee900000,0x00000000ee900000)
  from space 5120K, 99% used [0x00000000eee00000,0x00000000ef2fa278,0x00000000ef300000)
  to   space 5120K, 0% used [0x00000000ee900000,0x00000000ee900000,0x00000000eee00000)
 ParOldGen       total 84992K, used 6479K [0x00000000c0000000, 0x00000000c5300000, 0x00000000eab00000)
  object space 84992K, 7% used [0x00000000c0000000,0x00000000c0653e88,0x00000000c5300000)
 Metaspace       used 5691K, capacity 6896K, committed 7040K, reserved 1056768K
  class space    used 572K, capacity 616K, committed 640K, reserved 1048576K
Event: 6.507 GC heap after
Heap after GC invocations=3 (full 0):
 PSYoungGen      total 68608K, used 5115K [0x00000000eab00000, 0x00000000f3100000, 0x0000000100000000)
  eden space 63488K, 0% used [0x00000000eab00000,0x00000000eab00000,0x00000000ee900000)
  from space 5120K, 99% used [0x00000000ee900000,0x00000000eedfed80,0x00000000eee00000)
  to   space 5120K, 0% used [0x00000000f2c00000,0x00000000f2c00000,0x00000000f3100000)
 ParOldGen       total 84992K, used 25347K [0x00000000c0000000, 0x00000000c5300000, 0x00000000eab00000)
  object space 84992K, 29% used [0x00000000c0000000,0x00000000c18c0d80,0x00000000c5300000)
 Metaspace       used 5691K, capacity 6896K, committed 7040K, reserved 1056768K
  class space    used 572K, capacity 616K, committed 640K, reserved 1048576K
}
Event: 7.280 GC heap before
{Heap before GC invocations=4 (full 0):
 PSYoungGen      total 68608K, used 68603K [0x00000000eab00000, 0x00000000f3100000, 0x0000000100000000)
  eden space 63488K, 100% used [0x00000000eab00000,0x00000000ee900000,0x00000000ee900000)
  from space 5120K, 99% used [0x00000000ee900000,0x00000000eedfed80,0x00000000eee00000)
  to   space 5120K, 0% used [0x00000000f2c00000,0x00000000f2c00000,0x00000000f3100000)
 ParOldGen       total 84992K, used 25347K [0x00000000c0000000, 0x00000000c5300000, 0x00000000eab00000)
  object space 84992K, 29% used [0x00000000c0000000,0x00000000c18c0d80,0x00000000c5300000)
 Metaspace       used 5727K, capacity 6896K, committed 7040K, reserved 1056768K
  class space    used 573K, capacity 616K, committed 640K, reserved 1048576K
Event: 7.446 GC heap after
Heap after GC invocations=4 (full 0):
 PSYoungGen      total 132096K, used 5105K [0x00000000eab00000, 0x00000000f3100000, 0x0000000100000000)
  eden space 126976K, 0% used [0x00000000eab00000,0x00000000eab00000,0x00000000f2700000)
  from space 5120K, 99% used [0x00000000f2c00000,0x00000000f30fc7a8,0x00000000f3100000)
  to   space 5120K, 0% used [0x00000000f2700000,0x00000000f2700000,0x00000000f2c00000)
 ParOldGen       total 84992K, used 50193K [0x00000000c0000000, 0x00000000c5300000, 0x00000000eab00000)
  object space 84992K, 59% used [0x00000000c0000000,0x00000000c3104558,0x00000000c5300000)
 Metaspace       used 5727K, capacity 6896K, committed 7040K, reserved 1056768K
  class space    used 573K, capacity 616K, committed 640K, reserved 1048576K
}
Event: 9.470 GC heap before
{Heap before GC invocations=5 (full 0):
 PSYoungGen      total 132096K, used 132081K [0x00000000eab00000, 0x00000000f3100000, 0x0000000100000000)
  eden space 126976K, 100% used [0x00000000eab00000,0x00000000f2700000,0x00000000f2700000)
  from space 5120K, 99% used [0x00000000f2c00000,0x00000000f30fc7a8,0x00000000f3100000)
  to   space 5120K, 0% used [0x00000000f2700000,0x00000000f2700000,0x00000000f2c00000)
 ParOldGen       total 84992K, used 50193K [0x00000000c0000000, 0x00000000c5300000, 0x00000000eab00000)
  object space 84992K, 59% used [0x00000000c0000000,0x00000000c3104558,0x00000000c5300000)
 Metaspace       used 5808K, capacity 6960K, committed 7040K, reserved 1056768K
  class space    used 573K, capacity 616K, committed 640K, reserved 1048576K

Deoptimization events (10 events):
Event: 3.844 Thread 0x00007f1764131000 Uncommon trap: reason=class_check action=maybe_recompile pc=0x00007f1755292bb0 method=com.android.dx.rop.type.Type.equals(Ljava/lang/Object;)Z @ 8
Event: 3.960 Thread 0x00007f176412f800 Uncommon trap: reason=class_check action=maybe_recompile pc=0x00007f1755292bb0 method=com.android.dx.rop.type.Type.equals(Ljava/lang/Object;)Z @ 8
Event: 4.007 Thread 0x00007f176412f800 Uncommon trap: reason=class_check action=maybe_recompile pc=0x00007f1755292bb0 method=com.android.dx.rop.type.Type.equals(Ljava/lang/Object;)Z @ 8
Event: 4.190 Thread 0x00007f176400a000 Uncommon trap: reason=unstable_if action=reinterpret pc=0x00007f175517881c method=com.android.dx.rop.cst.Constant.compareTo(Lcom/android/dx/rop/cst/Constant;)I @ 12
Event: 7.512 Thread 0x00007f176412d800 Uncommon trap: reason=class_check action=maybe_recompile pc=0x00007f175543b7a8 method=com.android.dx.ssa.NormalSsaInsn.accept(Lcom/android/dx/ssa/SsaInsn$Visitor;)V @ 9
Event: 7.512 Thread 0x00007f176412d800 Uncommon trap: reason=class_check action=maybe_recompile pc=0x00007f175543b7a8 method=com.android.dx.ssa.NormalSsaInsn.accept(Lcom/android/dx/ssa/SsaInsn$Visitor;)V @ 9
Event: 7.516 Thread 0x00007f176412d800 Uncommon trap: reason=class_check action=maybe_recompile pc=0x00007f175543b7a8 method=com.android.dx.ssa.NormalSsaInsn.accept(Lcom/android/dx/ssa/SsaInsn$Visitor;)V @ 9
Event: 7.516 Thread 0x00007f176412d800 Uncommon trap: reason=class_check action=maybe_recompile pc=0x00007f175543b7a8 method=com.android.dx.ssa.NormalSsaInsn.accept(Lcom/android/dx/ssa/SsaInsn$Visitor;)V @ 9
Event: 7.608 Thread 0x00007f1764129800 Uncommon trap: reason=class_check action=maybe_recompile pc=0x00007f17554079e8 method=com.android.dx.ssa.NormalSsaInsn.accept(Lcom/android/dx/ssa/SsaInsn$Visitor;)V @ 9
Event: 8.220 Thread 0x00007f1764129800 Uncommon trap: reason=unstable_if action=reinterpret pc=0x00007f1755438ebc method=com.android.dx.rop.code.RegisterSpecSet.put(Lcom/android/dx/rop/code/RegisterSpec;)V @ 77

Internal exceptions (3 events):
Event: 0.046 Thread 0x00007f176400a000 Exception <a 'java/lang/NoSuchMethodError': Method sun.misc.Unsafe.defineClass(Ljava/lang/String;[BII)Ljava/lang/Class; name or signature does not match> (0x00000000eab07cc0) thrown at [/HUDSON/workspace/8-2-build-linux-amd64/jdk8u77/6540/hotspot/src/shar
Event: 0.046 Thread 0x00007f176400a000 Exception <a 'java/lang/NoSuchMethodError': Method sun.misc.Unsafe.prefetchRead(Ljava/lang/Object;J)V name or signature does not match> (0x00000000eab07fa8) thrown at [/HUDSON/workspace/8-2-build-linux-amd64/jdk8u77/6540/hotspot/src/share/vm/prims/jni.cpp
Event: 3.211 Thread 0x00007f176412f800 Implicit null exception at 0x00007f175527fc7c to 0x00007f17552817a9

Events (10 events):
Event: 9.240 Thread 0x00007f176400a000 DEOPT UNPACKING pc=0x00007f1755047633 sp=0x00007f176d538c08 mode 0
Event: 9.262 Thread 0x00007f1764131000 DEOPT PACKING pc=0x00007f1755269dc7 sp=0x00007f174d5f39e0
Event: 9.262 Thread 0x00007f1764131000 DEOPT UNPACKING pc=0x00007f1755047633 sp=0x00007f174d5f3748 mode 0
Event: 9.294 Thread 0x00007f1764131000 DEOPT PACKING pc=0x00007f175536781a sp=0x00007f174d5f3e20
Event: 9.294 Thread 0x00007f1764131000 DEOPT UNPACKING pc=0x00007f1755047633 sp=0x00007f174d5f3c30 mode 0
Event: 9.350 Thread 0x00007f1764131000 DEOPT PACKING pc=0x00007f175541ee45 sp=0x00007f174d5f3f10
Event: 9.350 Thread 0x00007f1764131000 DEOPT UNPACKING pc=0x00007f1755047633 sp=0x00007f174d5f3cc8 mode 0
Event: 9.426 Thread 0x00007f176412f800 DEOPT PACKING pc=0x00007f1755430209 sp=0x00007f174d6f4e20
Event: 9.427 Thread 0x00007f176412f800 DEOPT UNPACKING pc=0x00007f1755047633 sp=0x00007f174d6f4c10 mode 0
Event: 9.436 Executing VM operation: ParallelGCFailedAllocation


Dynamic libraries:
00400000-00401000 r-xp 00000000 08:0a 927274                             /usr/local/java/java-8-oracle/bin/java
00600000-00601000 rw-p 00000000 08:0a 927274                             /usr/local/java/java-8-oracle/bin/java
02079000-0209a000 rw-p 00000000 00:00 0                                  [heap]
c0000000-c5a80000 rw-p 00000000 00:00 0 
c5a80000-eab00000 ---p 00000000 00:00 0 
eab00000-f3100000 rw-p 00000000 00:00 0 
100000000-1000a0000 rw-p 00000000 00:00 0 
1000a0000-140000000 ---p 00000000 00:00 0 
7f1700000000-7f1700079000 rw-p 00000000 00:00 0 
7f1700079000-7f1704000000 ---p 00000000 00:00 0 
7f1708000000-7f170804b000 rw-p 00000000 00:00 0 
7f170804b000-7f170c000000 ---p 00000000 00:00 0 
7f170c000000-7f170c021000 rw-p 00000000 00:00 0 
7f170c021000-7f1710000000 ---p 00000000 00:00 0 
7f1710000000-7f1710056000 rw-p 00000000 00:00 0 
7f1710056000-7f1714000000 ---p 00000000 00:00 0 
7f1714000000-7f1714021000 rw-p 00000000 00:00 0 
7f1714021000-7f1718000000 ---p 00000000 00:00 0 
7f1718000000-7f1718021000 rw-p 00000000 00:00 0 
7f1718021000-7f171c000000 ---p 00000000 00:00 0 
7f171c000000-7f171c021000 rw-p 00000000 00:00 0 
7f171c021000-7f1720000000 ---p 00000000 00:00 0 
7f1720000000-7f1720afc000 rw-p 00000000 00:00 0 
7f1720afc000-7f1724000000 ---p 00000000 00:00 0 
7f1724000000-7f1724a6e000 rw-p 00000000 00:00 0 
7f1724a6e000-7f1728000000 ---p 00000000 00:00 0 
7f1728000000-7f1728021000 rw-p 00000000 00:00 0 
7f1728021000-7f172c000000 ---p 00000000 00:00 0 
7f172c000000-7f172cb17000 rw-p 00000000 00:00 0 
7f172cb17000-7f1730000000 ---p 00000000 00:00 0 
7f1730000000-7f1730021000 rw-p 00000000 00:00 0 
7f1730021000-7f1734000000 ---p 00000000 00:00 0 
7f1734000000-7f1734021000 rw-p 00000000 00:00 0 
7f1734021000-7f1738000000 ---p 00000000 00:00 0 
7f1738000000-7f1738021000 rw-p 00000000 00:00 0 
7f1738021000-7f173c000000 ---p 00000000 00:00 0 
7f173c000000-7f173c295000 rw-p 00000000 00:00 0 
7f173c295000-7f1740000000 ---p 00000000 00:00 0 
7f1740000000-7f1740021000 rw-p 00000000 00:00 0 
7f1740021000-7f1744000000 ---p 00000000 00:00 0 
7f1748000000-7f1748021000 rw-p 00000000 00:00 0 
7f1748021000-7f174c000000 ---p 00000000 00:00 0 
7f174d4f5000-7f174d4f8000 ---p 00000000 00:00 0 
7f174d4f8000-7f174d5f6000 rw-p 00000000 00:00 0 
7f174d5f6000-7f174d5f9000 ---p 00000000 00:00 0 
7f174d5f9000-7f174d6f7000 rw-p 00000000 00:00 0 
7f174d6f7000-7f174d6fa000 ---p 00000000 00:00 0 
7f174d6fa000-7f174d7f8000 rw-p 00000000 00:00 0 
7f174d7f8000-7f174d7fb000 ---p 00000000 00:00 0 
7f174d7fb000-7f174d8f9000 rw-p 00000000 00:00 0 
7f174d8f9000-7f174d8fc000 ---p 00000000 00:00 0 
7f174d8fc000-7f174d9fa000 rw-p 00000000 00:00 0 
7f174d9fa000-7f174d9fb000 ---p 00000000 00:00 0 
7f174d9fb000-7f174dafb000 rw-p 00000000 00:00 0 
7f174dafb000-7f174dafe000 ---p 00000000 00:00 0 
7f174dafe000-7f174dbfc000 rw-p 00000000 00:00 0 
7f174dbfc000-7f174dbff000 ---p 00000000 00:00 0 
7f174dbff000-7f174dcfd000 rw-p 00000000 00:00 0 
7f174dcfd000-7f174dd00000 ---p 00000000 00:00 0 
7f174dd00000-7f174ddfe000 rw-p 00000000 00:00 0 
7f174ddfe000-7f174de01000 ---p 00000000 00:00 0 
7f174de01000-7f174deff000 rw-p 00000000 00:00 0 
7f174deff000-7f174df02000 ---p 00000000 00:00 0 
7f174df02000-7f1750000000 rw-p 00000000 00:00 0 
7f1750000000-7f1750021000 rw-p 00000000 00:00 0 
7f1750021000-7f1754000000 ---p 00000000 00:00 0 
7f17540ec000-7f1754afb000 r--p 00000000 08:0a 793913                     /usr/lib/locale/locale-archive
7f1754afb000-7f1754afe000 ---p 00000000 00:00 0 
7f1754afe000-7f1754bfc000 rw-p 00000000 00:00 0 
7f1754bfc000-7f1754bff000 ---p 00000000 00:00 0 
7f1754bff000-7f1754cfd000 rw-p 00000000 00:00 0 
7f1754cfd000-7f1754cfe000 ---p 00000000 00:00 0 
7f1754cfe000-7f1755000000 rw-p 00000000 00:00 0 
7f1755000000-7f17555d0000 rwxp 00000000 00:00 0 
7f17555d0000-7f1764000000 ---p 00000000 00:00 0 
7f1764000000-7f1764394000 rw-p 00000000 00:00 0 
7f1764394000-7f1768000000 ---p 00000000 00:00 0 
7f176808c000-7f176809b000 r--s 000df000 08:0a 3818871                    /opt/Android/Sdk/build-tools/23.0.2/lib/dx.jar
7f176809b000-7f1768e4d000 rw-p 00000000 00:00 0 
7f1768e4d000-7f1769025000 r--s 03d1e000 08:0a 1186168                    /usr/local/java/java-8-oracle/jre/lib/rt.jar
7f1769025000-7f17696db000 rw-p 00000000 00:00 0 
7f17696db000-7f176989b000 ---p 00000000 00:00 0 
7f176989b000-7f1769a9b000 rw-p 00000000 00:00 0 
7f1769a9b000-7f1769a9c000 ---p 00000000 00:00 0 
7f1769a9c000-7f1769b9c000 rw-p 00000000 00:00 0 
7f1769b9c000-7f1769b9d000 ---p 00000000 00:00 0 
7f1769b9d000-7f1769c9d000 rw-p 00000000 00:00 0 
7f1769c9d000-7f1769c9e000 ---p 00000000 00:00 0 
7f1769c9e000-7f1769d9e000 rw-p 00000000 00:00 0 
7f1769d9e000-7f1769d9f000 ---p 00000000 00:00 0 
7f1769d9f000-7f1769ecd000 rw-p 00000000 00:00 0 
7f1769ecd000-7f1769ff5000 ---p 00000000 00:00 0 
7f1769ff5000-7f176a023000 rw-p 00000000 00:00 0 
7f176a023000-7f176a14a000 ---p 00000000 00:00 0 
7f176a14a000-7f176a18e000 rw-p 00000000 00:00 0 
7f176a18e000-7f176a1f5000 ---p 00000000 00:00 0 
7f176a1f5000-7f176a20e000 rw-p 00000000 00:00 0 
7f176a20e000-7f176a5b6000 ---p 00000000 00:00 0 
7f176a5b6000-7f176a5d0000 r-xp 00000000 08:0a 1186449                    /usr/local/java/java-8-oracle/jre/lib/amd64/libzip.so
7f176a5d0000-7f176a7d0000 ---p 0001a000 08:0a 1186449                    /usr/local/java/java-8-oracle/jre/lib/amd64/libzip.so
7f176a7d0000-7f176a7d1000 rw-p 0001a000 08:0a 1186449                    /usr/local/java/java-8-oracle/jre/lib/amd64/libzip.so
7f176a7d1000-7f176a7dc000 r-xp 00000000 08:0a 3412603                    /lib/x86_64-linux-gnu/libnss_files-2.23.so
7f176a7dc000-7f176a9db000 ---p 0000b000 08:0a 3412603                    /lib/x86_64-linux-gnu/libnss_files-2.23.so
7f176a9db000-7f176a9dc000 r--p 0000a000 08:0a 3412603                    /lib/x86_64-linux-gnu/libnss_files-2.23.so
7f176a9dc000-7f176a9dd000 rw-p 0000b000 08:0a 3412603                    /lib/x86_64-linux-gnu/libnss_files-2.23.so
7f176a9dd000-7f176a9e3000 rw-p 00000000 00:00 0 
7f176a9e3000-7f176a9ee000 r-xp 00000000 08:0a 3412613                    /lib/x86_64-linux-gnu/libnss_nis-2.23.so
7f176a9ee000-7f176abed000 ---p 0000b000 08:0a 3412613                    /lib/x86_64-linux-gnu/libnss_nis-2.23.so
7f176abed000-7f176abee000 r--p 0000a000 08:0a 3412613                    /lib/x86_64-linux-gnu/libnss_nis-2.23.so
7f176abee000-7f176abef000 rw-p 0000b000 08:0a 3412613                    /lib/x86_64-linux-gnu/libnss_nis-2.23.so
7f176abef000-7f176ac05000 r-xp 00000000 08:0a 3412597                    /lib/x86_64-linux-gnu/libnsl-2.23.so
7f176ac05000-7f176ae04000 ---p 00016000 08:0a 3412597                    /lib/x86_64-linux-gnu/libnsl-2.23.so
7f176ae04000-7f176ae05000 r--p 00015000 08:0a 3412597                    /lib/x86_64-linux-gnu/libnsl-2.23.so
7f176ae05000-7f176ae06000 rw-p 00016000 08:0a 3412597                    /lib/x86_64-linux-gnu/libnsl-2.23.so
7f176ae06000-7f176ae08000 rw-p 00000000 00:00 0 
7f176ae08000-7f176ae10000 r-xp 00000000 08:0a 3412599                    /lib/x86_64-linux-gnu/libnss_compat-2.23.so
7f176ae10000-7f176b00f000 ---p 00008000 08:0a 3412599                    /lib/x86_64-linux-gnu/libnss_compat-2.23.so
7f176b00f000-7f176b010000 r--p 00007000 08:0a 3412599                    /lib/x86_64-linux-gnu/libnss_compat-2.23.so
7f176b010000-7f176b011000 rw-p 00008000 08:0a 3412599                    /lib/x86_64-linux-gnu/libnss_compat-2.23.so
7f176b011000-7f176b03b000 r-xp 00000000 08:0a 1186444                    /usr/local/java/java-8-oracle/jre/lib/amd64/libjava.so
7f176b03b000-7f176b23b000 ---p 0002a000 08:0a 1186444                    /usr/local/java/java-8-oracle/jre/lib/amd64/libjava.so
7f176b23b000-7f176b23d000 rw-p 0002a000 08:0a 1186444                    /usr/local/java/java-8-oracle/jre/lib/amd64/libjava.so
7f176b23d000-7f176b24a000 r-xp 00000000 08:0a 1186448                    /usr/local/java/java-8-oracle/jre/lib/amd64/libverify.so
7f176b24a000-7f176b44a000 ---p 0000d000 08:0a 1186448                    /usr/local/java/java-8-oracle/jre/lib/amd64/libverify.so
7f176b44a000-7f176b44c000 rw-p 0000d000 08:0a 1186448                    /usr/local/java/java-8-oracle/jre/lib/amd64/libverify.so
7f176b44c000-7f176b453000 r-xp 00000000 08:0a 3412658                    /lib/x86_64-linux-gnu/librt-2.23.so
7f176b453000-7f176b652000 ---p 00007000 08:0a 3412658                    /lib/x86_64-linux-gnu/librt-2.23.so
7f176b652000-7f176b653000 r--p 00006000 08:0a 3412658                    /lib/x86_64-linux-gnu/librt-2.23.so
7f176b653000-7f176b654000 rw-p 00007000 08:0a 3412658                    /lib/x86_64-linux-gnu/librt-2.23.so
7f176b654000-7f176b75c000 r-xp 00000000 08:0a 3412574                    /lib/x86_64-linux-gnu/libm-2.23.so
7f176b75c000-7f176b95b000 ---p 00108000 08:0a 3412574                    /lib/x86_64-linux-gnu/libm-2.23.so
7f176b95b000-7f176b95c000 r--p 00107000 08:0a 3412574                    /lib/x86_64-linux-gnu/libm-2.23.so
7f176b95c000-7f176b95d000 rw-p 00108000 08:0a 3412574                    /lib/x86_64-linux-gnu/libm-2.23.so
7f176b95d000-7f176c61c000 r-xp 00000000 08:0a 1186471                    /usr/local/java/java-8-oracle/jre/lib/amd64/server/libjvm.so
7f176c61c000-7f176c81b000 ---p 00cbf000 08:0a 1186471                    /usr/local/java/java-8-oracle/jre/lib/amd64/server/libjvm.so
7f176c81b000-7f176c8f4000 rw-p 00cbe000 08:0a 1186471                    /usr/local/java/java-8-oracle/jre/lib/amd64/server/libjvm.so
7f176c8f4000-7f176c93d000 rw-p 00000000 00:00 0 
7f176c93d000-7f176cafd000 r-xp 00000000 08:0a 3412504                    /lib/x86_64-linux-gnu/libc-2.23.so
7f176cafd000-7f176ccfc000 ---p 001c0000 08:0a 3412504                    /lib/x86_64-linux-gnu/libc-2.23.so
7f176ccfc000-7f176cd00000 r--p 001bf000 08:0a 3412504                    /lib/x86_64-linux-gnu/libc-2.23.so
7f176cd00000-7f176cd02000 rw-p 001c3000 08:0a 3412504                    /lib/x86_64-linux-gnu/libc-2.23.so
7f176cd02000-7f176cd06000 rw-p 00000000 00:00 0 
7f176cd06000-7f176cd09000 r-xp 00000000 08:0a 3412528                    /lib/x86_64-linux-gnu/libdl-2.23.so
7f176cd09000-7f176cf08000 ---p 00003000 08:0a 3412528                    /lib/x86_64-linux-gnu/libdl-2.23.so
7f176cf08000-7f176cf09000 r--p 00002000 08:0a 3412528                    /lib/x86_64-linux-gnu/libdl-2.23.so
7f176cf09000-7f176cf0a000 rw-p 00003000 08:0a 3412528                    /lib/x86_64-linux-gnu/libdl-2.23.so
7f176cf0a000-7f176cf1f000 r-xp 00000000 08:0a 1186059                    /usr/local/java/java-8-oracle/lib/amd64/jli/libjli.so
7f176cf1f000-7f176d11f000 ---p 00015000 08:0a 1186059                    /usr/local/java/java-8-oracle/lib/amd64/jli/libjli.so
7f176d11f000-7f176d120000 rw-p 00015000 08:0a 1186059                    /usr/local/java/java-8-oracle/lib/amd64/jli/libjli.so
7f176d120000-7f176d138000 r-xp 00000000 08:0a 3412650                    /lib/x86_64-linux-gnu/libpthread-2.23.so
7f176d138000-7f176d337000 ---p 00018000 08:0a 3412650                    /lib/x86_64-linux-gnu/libpthread-2.23.so
7f176d337000-7f176d338000 r--p 00017000 08:0a 3412650                    /lib/x86_64-linux-gnu/libpthread-2.23.so
7f176d338000-7f176d339000 rw-p 00018000 08:0a 3412650                    /lib/x86_64-linux-gnu/libpthread-2.23.so
7f176d339000-7f176d33d000 rw-p 00000000 00:00 0 
7f176d33d000-7f176d363000 r-xp 00000000 08:0a 3412476                    /lib/x86_64-linux-gnu/ld-2.23.so
7f176d369000-7f176d43b000 rw-p 00000000 00:00 0 
7f176d43b000-7f176d43e000 ---p 00000000 00:00 0 
7f176d43e000-7f176d540000 rw-p 00000000 00:00 0 
7f176d542000-7f176d556000 rw-p 00000000 00:00 0 
7f176d556000-7f176d55e000 rw-s 00000000 08:0a 4332836                    /tmp/hsperfdata_takmilul/17751
7f176d55e000-7f176d55f000 rw-p 00000000 00:00 0 
7f176d55f000-7f176d560000 ---p 00000000 00:00 0 
7f176d560000-7f176d562000 rw-p 00000000 00:00 0 
7f176d562000-7f176d563000 r--p 00025000 08:0a 3412476                    /lib/x86_64-linux-gnu/ld-2.23.so
7f176d563000-7f176d564000 rw-p 00026000 08:0a 3412476                    /lib/x86_64-linux-gnu/ld-2.23.so
7f176d564000-7f176d565000 rw-p 00000000 00:00 0 
7ffdb595d000-7ffdb597e000 rw-p 00000000 00:00 0                          [stack]
7ffdb598e000-7ffdb5990000 r--p 00000000 00:00 0                          [vvar]
7ffdb5990000-7ffdb5992000 r-xp 00000000 00:00 0                          [vdso]
ffffffffff600000-ffffffffff601000 r-xp 00000000 00:00 0                  [vsyscall]

VM Arguments:
jvm_args: -Djava.awt.headless=true -Xmx1024M -Dfile.encoding=UTF-8 -Duser.country=US -Duser.language=en -Duser.variant 
java_command: com.android.dx.command.Main --dex --force-jumbo --num-threads=4 --output /home/takmilul/AndroidStudioProjects/Evan_Final Project and Presentation of iCare/Icare/app/build/intermediates/pre-dexed/debug/main_933bcbaac277b6e8340ad0e9336e43b6df0f481e.jar /home/takmilul/AndroidStudioProjects/Evan_Final Project and Presentation of iCare/Icare/app/build/intermediates/transforms/instantRun/debug/folders/1/5/main
java_class_path (initial): /opt/Android/Sdk/build-tools/23.0.2/lib/dx.jar
Launcher Type: SUN_STANDARD

Environment Variables:
JAVA_HOME=/usr/local/java/jdk1.8.0_77
JRE_HOME=/usr/local/java/jdk1.8.0_77/jre
PATH=/usr/local/sbin:/usr/local/bin:/usr/sbin:/usr/bin:/sbin:/bin:/usr/games:/usr/local/games:/snap/bin:/usr/local/java/jdk1.8.0_77/bin:/usr/local/java/jdk1.8.0_77/jre/bin
LD_LIBRARY_PATH=/opt/android-studio/bin:
SHELL=/bin/bash
DISPLAY=:0

Signal Handlers:
SIGSEGV: [libjvm.so+0xabb070], sa_mask[0]=11111111011111111101111111111110, sa_flags=SA_RESTART|SA_SIGINFO
SIGBUS: [libjvm.so+0xabb070], sa_mask[0]=11111111011111111101111111111110, sa_flags=SA_RESTART|SA_SIGINFO
SIGFPE: [libjvm.so+0x918480], sa_mask[0]=11111111011111111101111111111110, sa_flags=SA_RESTART|SA_SIGINFO
SIGPIPE: [libjvm.so+0x918480], sa_mask[0]=11111111011111111101111111111110, sa_flags=SA_RESTART|SA_SIGINFO
SIGXFSZ: [libjvm.so+0x918480], sa_mask[0]=11111111011111111101111111111110, sa_flags=SA_RESTART|SA_SIGINFO
SIGILL: [libjvm.so+0x918480], sa_mask[0]=11111111011111111101111111111110, sa_flags=SA_RESTART|SA_SIGINFO
SIGUSR1: SIG_DFL, sa_mask[0]=00000000000000000000000000000000, sa_flags=none
SIGUSR2: [libjvm.so+0x919ab0], sa_mask[0]=00100000000000000000000000000000, sa_flags=SA_RESTART|SA_SIGINFO
SIGHUP: [libjvm.so+0x91aeb0], sa_mask[0]=11111111011111111101111111111110, sa_flags=SA_RESTART|SA_SIGINFO
SIGINT: [libjvm.so+0x91aeb0], sa_mask[0]=11111111011111111101111111111110, sa_flags=SA_RESTART|SA_SIGINFO
SIGTERM: [libjvm.so+0x91aeb0], sa_mask[0]=11111111011111111101111111111110, sa_flags=SA_RESTART|SA_SIGINFO
SIGQUIT: [libjvm.so+0x91aeb0], sa_mask[0]=11111111011111111101111111111110, sa_flags=SA_RESTART|SA_SIGINFO


---------------  S Y S T E M  ---------------

OS:DISTRIB_ID=Ubuntu
DISTRIB_RELEASE=16.04
DISTRIB_CODENAME=xenial
DISTRIB_DESCRIPTION="Ubuntu 16.04 LTS"

uname:Linux 4.4.0-22-generic #39-Ubuntu SMP Thu May 5 16:53:32 UTC 2016 x86_64
libc:glibc 2.23 NPTL 2.23 
rlimit: STACK 8192k, CORE 0k, NPROC 31466, NOFILE 65536, AS infinity
load average:7.79 2.90 3.79

/proc/meminfo:
MemTotal:        8094180 kB
MemFree:           51120 kB
MemAvailable:      82828 kB
Buffers:             644 kB
Cached:           825624 kB
SwapCached:            0 kB
Active:          7080804 kB
Inactive:         726444 kB
Active(anon):    7063648 kB
Inactive(anon):   713244 kB
Active(file):      17156 kB
Inactive(file):    13200 kB
Unevictable:          48 kB
Mlocked:              48 kB
SwapTotal:             0 kB
SwapFree:              0 kB
Dirty:                36 kB
Writeback:           220 kB
AnonPages:       6981172 kB
Mapped:           281188 kB
Shmem:            795776 kB
Slab:             105628 kB
SReclaimable:      43712 kB
SUnreclaim:        61916 kB
KernelStack:       13520 kB
PageTables:        64176 kB
NFS_Unstable:          0 kB
Bounce:                0 kB
WritebackTmp:          0 kB
CommitLimit:     4047088 kB
Committed_AS:   13377472 kB
VmallocTotal:   34359738367 kB
VmallocUsed:           0 kB
VmallocChunk:          0 kB
HardwareCorrupted:     0 kB
AnonHugePages:   3416064 kB
CmaTotal:              0 kB
CmaFree:               0 kB
HugePages_Total:       0
HugePages_Free:        0
HugePages_Rsvd:        0
HugePages_Surp:        0
Hugepagesize:       2048 kB
DirectMap4k:      185692 kB
DirectMap2M:     8122368 kB


CPU:total 4 (2 cores per cpu, 2 threads per core) family 6 model 42 stepping 7, cmov, cx8, fxsr, mmx, sse, sse2, sse3, ssse3, sse4.1, sse4.2, popcnt, avx, clmul, ht, tsc, tscinvbit

/proc/cpuinfo:
processor	: 0
vendor_id	: GenuineIntel
cpu family	: 6
model		: 42
model name	: Intel(R) Core(TM) i3-2120 CPU @ 3.30GHz
stepping	: 7
microcode	: 0x29
cpu MHz		: 1786.253
cache size	: 3072 KB
physical id	: 0
siblings	: 4
core id		: 0
cpu cores	: 2
apicid		: 0
initial apicid	: 0
fpu		: yes
fpu_exception	: yes
cpuid level	: 13
wp		: yes
flags		: fpu vme de pse tsc msr pae mce cx8 apic sep mtrr pge mca cmov pat pse36 clflush dts acpi mmx fxsr sse sse2 ss ht tm pbe syscall nx rdtscp lm constant_tsc arch_perfmon pebs bts rep_good nopl xtopology nonstop_tsc aperfmperf eagerfpu pni pclmulqdq dtes64 monitor ds_cpl vmx est tm2 ssse3 cx16 xtpr pdcm pcid sse4_1 sse4_2 popcnt tsc_deadline_timer xsave avx lahf_lm epb tpr_shadow vnmi flexpriority ept vpid xsaveopt dtherm arat pln pts
bugs		:
bogomips	: 6585.36
clflush size	: 64
cache_alignment	: 64
address sizes	: 36 bits physical, 48 bits virtual
power management:

processor	: 1
vendor_id	: GenuineIntel
cpu family	: 6
model		: 42
model name	: Intel(R) Core(TM) i3-2120 CPU @ 3.30GHz
stepping	: 7
microcode	: 0x29
cpu MHz		: 1760.601
cache size	: 3072 KB
physical id	: 0
siblings	: 4
core id		: 1
cpu cores	: 2
apicid		: 2
initial apicid	: 2
fpu		: yes
fpu_exception	: yes
cpuid level	: 13
wp		: yes
flags		: fpu vme de pse tsc msr pae mce cx8 apic sep mtrr pge mca cmov pat pse36 clflush dts acpi mmx fxsr sse sse2 ss ht tm pbe syscall nx rdtscp lm constant_tsc arch_perfmon pebs bts rep_good nopl xtopology nonstop_tsc aperfmperf eagerfpu pni pclmulqdq dtes64 monitor ds_cpl vmx est tm2 ssse3 cx16 xtpr pdcm pcid sse4_1 sse4_2 popcnt tsc_deadline_timer xsave avx lahf_lm epb tpr_shadow vnmi flexpriority ept vpid xsaveopt dtherm arat pln pts
bugs		:
bogomips	: 6585.36
clflush size	: 64
cache_alignment	: 64
address sizes	: 36 bits physical, 48 bits virtual
power management:

processor	: 2
vendor_id	: GenuineIntel
cpu family	: 6
model		: 42
model name	: Intel(R) Core(TM) i3-2120 CPU @ 3.30GHz
stepping	: 7
microcode	: 0x29
cpu MHz		: 1793.730
cache size	: 3072 KB
physical id	: 0
siblings	: 4
core id		: 0
cpu cores	: 2
apicid		: 1
initial apicid	: 1
fpu		: yes
fpu_exception	: yes
cpuid level	: 13
wp		: yes
flags		: fpu vme de pse tsc msr pae mce cx8 apic sep mtrr pge mca cmov pat pse36 clflush dts acpi mmx fxsr sse sse2 ss ht tm pbe syscall nx rdtscp lm constant_tsc arch_perfmon pebs bts rep_good nopl xtopology nonstop_tsc aperfmperf eagerfpu pni pclmulqdq dtes64 monitor ds_cpl vmx est tm2 ssse3 cx16 xtpr pdcm pcid sse4_1 sse4_2 popcnt tsc_deadline_timer xsave avx lahf_lm epb tpr_shadow vnmi flexpriority ept vpid xsaveopt dtherm arat pln pts
bugs		:
bogomips	: 6585.36
clflush size	: 64
cache_alignment	: 64
address sizes	: 36 bits physical, 48 bits virtual
power management:

processor	: 3
vendor_id	: GenuineIntel
cpu family	: 6
model		: 42
model name	: Intel(R) Core(TM) i3-2120 CPU @ 3.30GHz
stepping	: 7
microcode	: 0x29
cpu MHz		: 1800.046
cache size	: 3072 KB
physical id	: 0
siblings	: 4
core id		: 1
cpu cores	: 2
apicid		: 3
initial apicid	: 3
fpu		: yes
fpu_exception	: yes
cpuid level	: 13
wp		: yes
flags		: fpu vme de pse tsc msr pae mce cx8 apic sep mtrr pge mca cmov pat pse36 clflush dts acpi mmx fxsr sse sse2 ss ht tm pbe syscall nx rdtscp lm constant_tsc arch_perfmon pebs bts rep_good nopl xtopology nonstop_tsc aperfmperf eagerfpu pni pclmulqdq dtes64 monitor ds_cpl vmx est tm2 ssse3 cx16 xtpr pdcm pcid sse4_1 sse4_2 popcnt tsc_deadline_timer xsave avx lahf_lm epb tpr_shadow vnmi flexpriority ept vpid xsaveopt dtherm arat pln pts
bugs		:
bogomips	: 6585.36
clflush size	: 64
cache_alignment	: 64
address sizes	: 36 bits physical, 48 bits virtual
power management:



Memory: 4k page, physical 8094180k(51120k free), swap 0k(0k free)

vm_info: Java HotSpot(TM) 64-Bit Server VM (25.77-b03) for linux-amd64 JRE (1.8.0_77-b03), built on Mar 20 2016 22:00:46 by "java_re" with gcc 4.3.0 20080428 (Red Hat 4.3.0-8)

time: Mon May  9 12:10:30 2016
elapsed time: 17 seconds (0d 0h 0m 17s)

