#
# There is insufficient memory for the Java Runtime Environment to continue.
# Native memory allocation (mmap) failed to map 136839168 bytes for committing reserved memory.
# Possible reasons:
#   The system is out of physical RAM or swap space
#   In 32 bit mode, the process size limit was hit
# Possible solutions:
#   Reduce memory load on the system
#   Increase physical memory or swap space
#   Check if swap backing store is full
#   Use 64 bit Java on a 64 bit OS
#   Decrease Java heap size (-Xmx/-Xms)
#   Decrease number of Java threads
#   Decrease Java thread stack sizes (-Xss)
#   Set larger code cache with -XX:ReservedCodeCacheSize=
# This output file may be truncated or incomplete.
#
#  Out of Memory Error (os_linux.cpp:2627), pid=17166, tid=140345443714816
#
# JRE version: Java(TM) SE Runtime Environment (8.0_77-b03) (build 1.8.0_77-b03)
# Java VM: Java HotSpot(TM) 64-Bit Server VM (25.77-b03 mixed mode linux-amd64 compressed oops)
# Failed to write core dump. Core dumps have been disabled. To enable core dumping, try "ulimit -c unlimited" before starting Java again
#

---------------  T H R E A D  ---------------

Current thread (0x00007fa4cc078000):  VMThread [stack: 0x00007fa4b8418000,0x00007fa4b8519000] [id=17182]

Stack: [0x00007fa4b8418000,0x00007fa4b8519000],  sp=0x00007fa4b85172a0,  free space=1020k
Native frames: (J=compiled Java code, j=interpreted, Vv=VM code, C=native code)
V  [libjvm.so+0xaba7ea]  VMError::report_and_die()+0x2ba
V  [libjvm.so+0x4f9e3b]  report_vm_out_of_memory(char const*, int, unsigned long, VMErrorType, char const*)+0x8b
V  [libjvm.so+0x91b613]  os::Linux::commit_memory_impl(char*, unsigned long, bool)+0x103
V  [libjvm.so+0x91bb69]  os::pd_commit_memory(char*, unsigned long, unsigned long, bool)+0x29
V  [libjvm.so+0x915e6a]  os::commit_memory(char*, unsigned long, unsigned long, bool)+0x2a
V  [libjvm.so+0x989543]  PSVirtualSpace::expand_by(unsigned long)+0x53
V  [libjvm.so+0x979e30]  PSOldGen::expand(unsigned long)+0x170
V  [libjvm.so+0x97a03b]  PSOldGen::resize(unsigned long)+0x1cb
V  [libjvm.so+0x981d11]  PSParallelCompact::invoke_no_policy(bool)+0x991
V  [libjvm.so+0x98766d]  PSScavenge::invoke()+0x1ad
V  [libjvm.so+0x93f300]  ParallelScavengeHeap::failed_mem_allocate(unsigned long)+0x70
V  [libjvm.so+0xabc207]  VM_ParallelGCFailedAllocation::doit()+0x97
V  [libjvm.so+0xac3c35]  VM_Operation::evaluate()+0x55
V  [libjvm.so+0xac200a]  VMThread::evaluate_operation(VM_Operation*)+0xba
V  [libjvm.so+0xac238e]  VMThread::loop()+0x1ce
V  [libjvm.so+0xac2800]  VMThread::run()+0x70
V  [libjvm.so+0x91d9d8]  java_start(Thread*)+0x108

VM_Operation (0x00007fa4a2dceab0): ParallelGCFailedAllocation, mode: safepoint, requested by thread 0x00007fa4cc182800


---------------  P R O C E S S  ---------------

Java Threads: ( => current thread )
  0x00007fa4cc182800 JavaThread "pool-2-thread-4" [_thread_blocked, id=17261, stack(0x00007fa4a2cd0000,0x00007fa4a2dd1000)]
  0x00007fa4cc180800 JavaThread "pool-2-thread-3" [_thread_blocked, id=17258, stack(0x00007fa4a2dd1000,0x00007fa4a2ed2000)]
  0x00007fa4cc17f000 JavaThread "pool-2-thread-2" [_thread_blocked, id=17255, stack(0x00007fa4a2ed2000,0x00007fa4a2fd3000)]
  0x00007fa4cc17c000 JavaThread "pool-3-thread-1" [_thread_blocked, id=17254, stack(0x00007fa4a2fd3000,0x00007fa4a30d4000)]
  0x00007fa4cc179800 JavaThread "pool-2-thread-1" [_thread_blocked, id=17249, stack(0x00007fa4a30d4000,0x00007fa4a31d5000)]
  0x00007fa4cc0c0000 JavaThread "Service Thread" daemon [_thread_blocked, id=17205, stack(0x00007fa4a32ee000,0x00007fa4a33ef000)]
  0x00007fa4cc0bd000 JavaThread "C1 CompilerThread2" daemon [_thread_blocked, id=17203, stack(0x00007fa4a33ef000,0x00007fa4a34f0000)]
  0x00007fa4cc0bb800 JavaThread "C2 CompilerThread1" daemon [_thread_blocked, id=17199, stack(0x00007fa4a34f0000,0x00007fa4a35f1000)]
  0x00007fa4cc0b8800 JavaThread "C2 CompilerThread0" daemon [_thread_blocked, id=17198, stack(0x00007fa4b8014000,0x00007fa4b8115000)]
  0x00007fa4cc0b7000 JavaThread "Signal Dispatcher" daemon [_thread_blocked, id=17197, stack(0x00007fa4b8115000,0x00007fa4b8216000)]
  0x00007fa4cc084000 JavaThread "Finalizer" daemon [_thread_blocked, id=17184, stack(0x00007fa4b8216000,0x00007fa4b8317000)]
  0x00007fa4cc07f800 JavaThread "Reference Handler" daemon [_thread_blocked, id=17183, stack(0x00007fa4b8317000,0x00007fa4b8418000)]
  0x00007fa4cc00a000 JavaThread "main" [_thread_blocked, id=17170, stack(0x00007fa4d2abd000,0x00007fa4d2bbe000)]

Other Threads:
=>0x00007fa4cc078000 VMThread [stack: 0x00007fa4b8418000,0x00007fa4b8519000] [id=17182]
  0x00007fa4cc0c3000 WatcherThread [stack: 0x00007fa4a31ed000,0x00007fa4a32ee000] [id=17207]

VM state:at safepoint (normal execution)

VM Mutex/Monitor currently owned by a thread:  ([mutex/lock_event])
[0x00007fa4cc006000] ExpandHeap_lock - owner thread: 0x00007fa4cc078000
[0x00007fa4cc006680] Threads_lock - owner thread: 0x00007fa4cc078000
[0x00007fa4cc006b80] Heap_lock - owner thread: 0x00007fa4cc182800

Heap:
 PSYoungGen      total 286720K, used 21439K [0x00000000eab00000, 0x0000000100000000, 0x0000000100000000)
  eden space 248832K, 0% used [0x00000000eab00000,0x00000000eab00000,0x00000000f9e00000)
  from space 37888K, 56% used [0x00000000f9e00000,0x00000000fb2efdb8,0x00000000fc300000)
  to   space 62464K, 0% used [0x00000000fc300000,0x00000000fc300000,0x0000000100000000)
 ParOldGen       total 170496K, used 170347K [0x00000000c0000000, 0x00000000ca680000, 0x00000000eab00000)
  object space 170496K, 99% used [0x00000000c0000000,0x00000000ca65ae20,0x00000000ca680000)
 Metaspace       used 6446K, capacity 7256K, committed 7424K, reserved 1056768K
  class space    used 614K, capacity 656K, committed 768K, reserved 1048576K

Card table byte_map: [0x00007fa4bc612000,0x00007fa4bc813000] byte_map_base: 0x00007fa4bc012000

Marking Bits: (ParMarkBitMap*) 0x00007fa4d1f94100
 Begin Bits: [0x00007fa4ba0b8000, 0x00007fa4bb0b8000)
 End Bits:   [0x00007fa4bb0b8000, 0x00007fa4bc0b8000)

Polling page: 0x00007fa4d2be1000

CodeCache: size=245760Kb used=8058Kb max_used=8058Kb free=237701Kb
 bounds [0x00007fa4bcbd3000, 0x00007fa4bd3c3000, 0x00007fa4cbbd3000]
 total_blobs=2330 nmethods=2061 adapters=182
 compilation: enabled

Compilation events (10 events):
Event: 18.222 Thread 0x00007fa4cc0bd000 2426       2       com.android.dx.ssa.PhiInsn::<init> (29 bytes)
Event: 18.222 Thread 0x00007fa4cc0bd000 nmethod 2426 0x00007fa4bd3b3f50 code [0x00007fa4bd3b40e0, 0x00007fa4bd3b43f8]
Event: 18.277 Thread 0x00007fa4cc0bd000 2427       2       java.util.HashMap::compareComparables (27 bytes)
Event: 18.277 Thread 0x00007fa4cc0bd000 nmethod 2427 0x00007fa4bd3b4550 code [0x00007fa4bd3b46c0, 0x00007fa4bd3b48a8]
Event: 18.277 Thread 0x00007fa4cc0bd000 2428       2       com.android.dx.rop.code.RegisterSpec::compareTo (9 bytes)
Event: 18.277 Thread 0x00007fa4cc0bd000 nmethod 2428 0x00007fa4bd3b4990 code [0x00007fa4bd3b4b00, 0x00007fa4bd3b4ca8]
Event: 18.277 Thread 0x00007fa4cc0bd000 2429       2       com.android.dx.rop.code.RegisterSpec::compareTo (95 bytes)
Event: 18.278 Thread 0x00007fa4cc0bd000 nmethod 2429 0x00007fa4bd3b4d50 code [0x00007fa4bd3b4f00, 0x00007fa4bd3b52c8]
Event: 18.278 Thread 0x00007fa4cc0bd000 2430       1       sun.reflect.generics.reflectiveObjects.ParameterizedTypeImpl::getRawType (5 bytes)
Event: 18.278 Thread 0x00007fa4cc0bd000 nmethod 2430 0x00007fa4bd37ddd0 code [0x00007fa4bd37df20, 0x00007fa4bd37e030]

GC Heap History (10 events):
Event: 4.900 GC heap after
Heap after GC invocations=3 (full 0):
 PSYoungGen      total 68608K, used 5114K [0x00000000eab00000, 0x00000000f3100000, 0x0000000100000000)
  eden space 63488K, 0% used [0x00000000eab00000,0x00000000eab00000,0x00000000ee900000)
  from space 5120K, 99% used [0x00000000ee900000,0x00000000eedfeab0,0x00000000eee00000)
  to   space 5120K, 0% used [0x00000000f2c00000,0x00000000f2c00000,0x00000000f3100000)
 ParOldGen       total 84992K, used 11006K [0x00000000c0000000, 0x00000000c5300000, 0x00000000eab00000)
  object space 84992K, 12% used [0x00000000c0000000,0x00000000c0abf800,0x00000000c5300000)
 Metaspace       used 5855K, capacity 6832K, committed 7040K, reserved 1056768K
  class space    used 592K, capacity 616K, committed 640K, reserved 1048576K
}
Event: 5.929 GC heap before
{Heap before GC invocations=4 (full 0):
 PSYoungGen      total 68608K, used 68602K [0x00000000eab00000, 0x00000000f3100000, 0x0000000100000000)
  eden space 63488K, 100% used [0x00000000eab00000,0x00000000ee900000,0x00000000ee900000)
  from space 5120K, 99% used [0x00000000ee900000,0x00000000eedfeab0,0x00000000eee00000)
  to   space 5120K, 0% used [0x00000000f2c00000,0x00000000f2c00000,0x00000000f3100000)
 ParOldGen       total 84992K, used 11006K [0x00000000c0000000, 0x00000000c5300000, 0x00000000eab00000)
  object space 84992K, 12% used [0x00000000c0000000,0x00000000c0abf800,0x00000000c5300000)
 Metaspace       used 6019K, capacity 6936K, committed 7168K, reserved 1056768K
  class space    used 612K, capacity 656K, committed 768K, reserved 1048576K
Event: 6.025 GC heap after
Heap after GC invocations=4 (full 0):
 PSYoungGen      total 132096K, used 5104K [0x00000000eab00000, 0x00000000f3100000, 0x0000000100000000)
  eden space 126976K, 0% used [0x00000000eab00000,0x00000000eab00000,0x00000000f2700000)
  from space 5120K, 99% used [0x00000000f2c00000,0x00000000f30fc020,0x00000000f3100000)
  to   space 5120K, 0% used [0x00000000f2700000,0x00000000f2700000,0x00000000f2c00000)
 ParOldGen       total 84992K, used 19851K [0x00000000c0000000, 0x00000000c5300000, 0x00000000eab00000)
  object space 84992K, 23% used [0x00000000c0000000,0x00000000c1362e40,0x00000000c5300000)
 Metaspace       used 6019K, capacity 6936K, committed 7168K, reserved 1056768K
  class space    used 612K, capacity 656K, committed 768K, reserved 1048576K
}
Event: 8.296 GC heap before
{Heap before GC invocations=5 (full 0):
 PSYoungGen      total 132096K, used 132080K [0x00000000eab00000, 0x00000000f3100000, 0x0000000100000000)
  eden space 126976K, 100% used [0x00000000eab00000,0x00000000f2700000,0x00000000f2700000)
  from space 5120K, 99% used [0x00000000f2c00000,0x00000000f30fc020,0x00000000f3100000)
  to   space 5120K, 0% used [0x00000000f2700000,0x00000000f2700000,0x00000000f2c00000)
 ParOldGen       total 84992K, used 19851K [0x00000000c0000000, 0x00000000c5300000, 0x00000000eab00000)
  object space 84992K, 23% used [0x00000000c0000000,0x00000000c1362e40,0x00000000c5300000)
 Metaspace       used 6251K, capacity 7128K, committed 7424K, reserved 1056768K
  class space    used 612K, capacity 656K, committed 768K, reserved 1048576K
Event: 8.588 GC heap after
Heap after GC invocations=5 (full 0):
 PSYoungGen      total 132096K, used 5093K [0x00000000eab00000, 0x00000000fe300000, 0x0000000100000000)
  eden space 126976K, 0% used [0x00000000eab00000,0x00000000eab00000,0x00000000f2700000)
  from space 5120K, 99% used [0x00000000f2700000,0x00000000f2bf9660,0x00000000f2c00000)
  to   space 32768K, 0% used [0x00000000fc300000,0x00000000fc300000,0x00000000fe300000)
 ParOldGen       total 84992K, used 47519K [0x00000000c0000000, 0x00000000c5300000, 0x00000000eab00000)
  object space 84992K, 55% used [0x00000000c0000000,0x00000000c2e67cd8,0x00000000c5300000)
 Metaspace       used 6251K, capacity 7128K, committed 7424K, reserved 1056768K
  class space    used 612K, capacity 656K, committed 768K, reserved 1048576K
}
Event: 14.814 GC heap before
{Heap before GC invocations=6 (full 0):
 PSYoungGen      total 132096K, used 132069K [0x00000000eab00000, 0x00000000fe300000, 0x0000000100000000)
  eden space 126976K, 100% used [0x00000000eab00000,0x00000000f2700000,0x00000000f2700000)
  from space 5120K, 99% used [0x00000000f2700000,0x00000000f2bf9660,0x00000000f2c00000)
  to   space 32768K, 0% used [0x00000000fc300000,0x00000000fc300000,0x00000000fe300000)
 ParOldGen       total 84992K, used 47519K [0x00000000c0000000, 0x00000000c5300000, 0x00000000eab00000)
  object space 84992K, 55% used [0x00000000c0000000,0x00000000c2e67cd8,0x00000000c5300000)
 Metaspace       used 6430K, capacity 7256K, committed 7424K, reserved 1056768K
  class space    used 612K, capacity 656K, committed 768K, reserved 1048576K
Event: 15.266 GC heap after
Heap after GC invocations=6 (full 0):
 PSYoungGen      total 281600K, used 28547K [0x00000000eab00000, 0x00000000fed00000, 0x0000000100000000)
  eden space 248832K, 0% used [0x00000000eab00000,0x00000000eab00000,0x00000000f9e00000)
  from space 32768K, 87% used [0x00000000fc300000,0x00000000fdee0e80,0x00000000fe300000)
  to   space 37888K, 0% used [0x00000000f9e00000,0x00000000f9e00000,0x00000000fc300000)
 ParOldGen       total 84992K, used 47519K [0x00000000c0000000, 0x00000000c5300000, 0x00000000eab00000)
  object space 84992K, 55% used [0x00000000c0000000,0x00000000c2e67cd8,0x00000000c5300000)
 Metaspace       used 6430K, capacity 7256K, committed 7424K, reserved 1056768K
  class space    used 612K, capacity 656K, committed 768K, reserved 1048576K
}
Event: 18.290 GC heap before
{Heap before GC invocations=7 (full 0):
 PSYoungGen      total 281600K, used 277379K [0x00000000eab00000, 0x00000000fed00000, 0x0000000100000000)
  eden space 248832K, 100% used [0x00000000eab00000,0x00000000f9e00000,0x00000000f9e00000)
  from space 32768K, 87% used [0x00000000fc300000,0x00000000fdee0e80,0x00000000fe300000)
  to   space 37888K, 0% used [0x00000000f9e00000,0x00000000f9e00000,0x00000000fc300000)
 ParOldGen       total 84992K, used 47519K [0x00000000c0000000, 0x00000000c5300000, 0x00000000eab00000)
  object space 84992K, 55% used [0x00000000c0000000,0x00000000c2e67cd8,0x00000000c5300000)
 Metaspace       used 6446K, capacity 7256K, committed 7424K, reserved 1056768K
  class space    used 614K, capacity 656K, committed 768K, reserved 1048576K
Event: 19.158 GC heap after
Heap after GC invocations=7 (full 0):
 PSYoungGen      total 286720K, used 37875K [0x00000000eab00000, 0x0000000100000000, 0x0000000100000000)
  eden space 248832K, 0% used [0x00000000eab00000,0x00000000eab00000,0x00000000f9e00000)
  from space 37888K, 99% used [0x00000000f9e00000,0x00000000fc2fcc70,0x00000000fc300000)
  to   space 62464K, 0% used [0x00000000fc300000,0x00000000fc300000,0x0000000100000000)
 ParOldGen       total 170496K, used 170383K [0x00000000c0000000, 0x00000000ca680000, 0x00000000eab00000)
  object space 170496K, 99% used [0x00000000c0000000,0x00000000ca663ce0,0x00000000ca680000)
 Metaspace       used 6446K, capacity 7256K, committed 7424K, reserved 1056768K
  class space    used 614K, capacity 656K, committed 768K, reserved 1048576K
}
Event: 19.212 GC heap before
{Heap before GC invocations=8 (full 1):
 PSYoungGen      total 286720K, used 37875K [0x00000000eab00000, 0x0000000100000000, 0x0000000100000000)
  eden space 248832K, 0% used [0x00000000eab00000,0x00000000eab00000,0x00000000f9e00000)
  from space 37888K, 99% used [0x00000000f9e00000,0x00000000fc2fcc70,0x00000000fc300000)
  to   space 62464K, 0% used [0x00000000fc300000,0x00000000fc300000,0x0000000100000000)
 ParOldGen       total 170496K, used 170383K [0x00000000c0000000, 0x00000000ca680000, 0x00000000eab00000)
  object space 170496K, 99% used [0x00000000c0000000,0x00000000ca663ce0,0x00000000ca680000)
 Metaspace       used 6446K, capacity 7256K, committed 7424K, reserved 1056768K
  class space    used 614K, capacity 656K, committed 768K, reserved 1048576K

Deoptimization events (10 events):
Event: 2.541 Thread 0x00007fa4cc17f000 Uncommon trap: reason=class_check action=maybe_recompile pc=0x00007fa4bce7d860 method=com.android.dx.ssa.NormalSsaInsn.accept(Lcom/android/dx/ssa/SsaInsn$Visitor;)V @ 9
Event: 2.541 Thread 0x00007fa4cc17f000 Uncommon trap: reason=class_check action=maybe_recompile pc=0x00007fa4bce6cdb8 method=com.android.dx.ssa.NormalSsaInsn.accept(Lcom/android/dx/ssa/SsaInsn$Visitor;)V @ 9
Event: 4.042 Thread 0x00007fa4cc17f000 Uncommon trap: reason=bimorphic action=maybe_recompile pc=0x00007fa4bcdf5978 method=java.util.HashMap.getNode(ILjava/lang/Object;)Ljava/util/HashMap$Node; @ 126
Event: 4.073 Thread 0x00007fa4cc182800 Uncommon trap: reason=bimorphic action=maybe_recompile pc=0x00007fa4bcdf5978 method=java.util.HashMap.getNode(ILjava/lang/Object;)Ljava/util/HashMap$Node; @ 126
Event: 4.991 Thread 0x00007fa4cc179800 Uncommon trap: reason=unstable_if action=reinterpret pc=0x00007fa4bcf8271c method=java.util.HashMap.putVal(ILjava/lang/Object;Ljava/lang/Object;ZZ)Ljava/lang/Object; @ 162
Event: 4.994 Thread 0x00007fa4cc179800 Uncommon trap: reason=unstable_if action=reinterpret pc=0x00007fa4bcdf4a00 method=java.util.HashMap.getNode(ILjava/lang/Object;)Ljava/util/HashMap$Node; @ 84
Event: 5.329 Thread 0x00007fa4cc179800 Uncommon trap: reason=bimorphic action=maybe_recompile pc=0x00007fa4bcdf5978 method=java.util.HashMap.getNode(ILjava/lang/Object;)Ljava/util/HashMap$Node; @ 126
Event: 5.329 Thread 0x00007fa4cc179800 Uncommon trap: reason=bimorphic action=maybe_recompile pc=0x00007fa4bcdf5978 method=java.util.HashMap.getNode(ILjava/lang/Object;)Ljava/util/HashMap$Node; @ 126
Event: 5.447 Thread 0x00007fa4cc182800 Uncommon trap: reason=unstable_if action=reinterpret pc=0x00007fa4bd047b8c method=java.util.HashMap.getNode(ILjava/lang/Object;)Ljava/util/HashMap$Node; @ 84
Event: 9.543 Thread 0x00007fa4cc00a000 Uncommon trap: reason=unstable_if action=reinterpret pc=0x00007fa4bd1087c4 method=com.android.dx.ssa.SCCP.simulateStmt(Lcom/android/dx/ssa/SsaInsn;)V @ 59

Internal exceptions (5 events):
Event: 0.028 Thread 0x00007fa4cc00a000 Exception <a 'java/lang/NoSuchMethodError': Method sun.misc.Unsafe.defineClass(Ljava/lang/String;[BII)Ljava/lang/Class; name or signature does not match> (0x00000000eab07cc0) thrown at [/HUDSON/workspace/8-2-build-linux-amd64/jdk8u77/6540/hotspot/src/shar
Event: 0.028 Thread 0x00007fa4cc00a000 Exception <a 'java/lang/NoSuchMethodError': Method sun.misc.Unsafe.prefetchRead(Ljava/lang/Object;J)V name or signature does not match> (0x00000000eab07fa8) thrown at [/HUDSON/workspace/8-2-build-linux-amd64/jdk8u77/6540/hotspot/src/share/vm/prims/jni.cpp
Event: 4.993 Thread 0x00007fa4cc179800 Exception <a 'java/lang/ArrayIndexOutOfBoundsException': 18> (0x00000000eaf67c18) thrown at [/HUDSON/workspace/8-2-build-linux-amd64/jdk8u77/6540/hotspot/src/share/vm/interpreter/interpreterRuntime.cpp, line 366]
Event: 4.993 Thread 0x00007fa4cc179800 Exception <a 'java/lang/ArrayIndexOutOfBoundsException': 145> (0x00000000eaf69798) thrown at [/HUDSON/workspace/8-2-build-linux-amd64/jdk8u77/6540/hotspot/src/share/vm/interpreter/interpreterRuntime.cpp, line 366]
Event: 4.994 Thread 0x00007fa4cc179800 Exception <a 'java/lang/ArrayIndexOutOfBoundsException': 40> (0x00000000eaf6aa80) thrown at [/HUDSON/workspace/8-2-build-linux-amd64/jdk8u77/6540/hotspot/src/share/vm/interpreter/interpreterRuntime.cpp, line 366]

Events (10 events):
Event: 17.831 Executing VM operation: Deoptimize done
Event: 17.861 Thread 0x00007fa4cc17f000 DEOPT PACKING pc=0x00007fa4bd066b64 sp=0x00007fa4a2fd1000
Event: 17.861 Thread 0x00007fa4cc17f000 DEOPT UNPACKING pc=0x00007fa4bcc1a633 sp=0x00007fa4a2fd0e50 mode 0
Event: 17.877 loading class com/android/dx/util/ListIntSet$1
Event: 17.877 loading class com/android/dx/util/ListIntSet$1 done
Event: 17.877 Executing VM operation: Deoptimize
Event: 18.072 Executing VM operation: Deoptimize done
Event: 18.072 Thread 0x00007fa4cc17f000 DEOPT PACKING pc=0x00007fa4bd3ac494 sp=0x00007fa4a2fd0f70
Event: 18.072 Thread 0x00007fa4cc17f000 DEOPT UNPACKING pc=0x00007fa4bcc1a633 sp=0x00007fa4a2fd0e50 mode 0
Event: 18.279 Executing VM operation: ParallelGCFailedAllocation


Dynamic libraries:
00400000-00401000 r-xp 00000000 08:0a 927274                             /usr/local/java/java-8-oracle/bin/java
00600000-00601000 rw-p 00000000 08:0a 927274                             /usr/local/java/java-8-oracle/bin/java
02434000-02455000 rw-p 00000000 00:00 0                                  [heap]
c0000000-ca680000 rw-p 00000000 00:00 0 
d2900000-eab00000 ---p 00000000 00:00 0 
eab00000-100000000 rw-p 00000000 00:00 0 
100000000-1000c0000 rw-p 00000000 00:00 0 
1000c0000-140000000 ---p 00000000 00:00 0 
7fa468000000-7fa468021000 rw-p 00000000 00:00 0 
7fa468021000-7fa46c000000 ---p 00000000 00:00 0 
7fa470000000-7fa470021000 rw-p 00000000 00:00 0 
7fa470021000-7fa474000000 ---p 00000000 00:00 0 
7fa474000000-7fa474023000 rw-p 00000000 00:00 0 
7fa474023000-7fa478000000 ---p 00000000 00:00 0 
7fa478000000-7fa478052000 rw-p 00000000 00:00 0 
7fa478052000-7fa47c000000 ---p 00000000 00:00 0 
7fa47c000000-7fa47c021000 rw-p 00000000 00:00 0 
7fa47c021000-7fa480000000 ---p 00000000 00:00 0 
7fa480000000-7fa480021000 rw-p 00000000 00:00 0 
7fa480021000-7fa484000000 ---p 00000000 00:00 0 
7fa484000000-7fa484021000 rw-p 00000000 00:00 0 
7fa484021000-7fa488000000 ---p 00000000 00:00 0 
7fa488000000-7fa4890e7000 rw-p 00000000 00:00 0 
7fa4890e7000-7fa48c000000 ---p 00000000 00:00 0 
7fa48c000000-7fa48ccea000 rw-p 00000000 00:00 0 
7fa48ccea000-7fa490000000 ---p 00000000 00:00 0 
7fa490000000-7fa490021000 rw-p 00000000 00:00 0 
7fa490021000-7fa494000000 ---p 00000000 00:00 0 
7fa494000000-7fa4951fe000 rw-p 00000000 00:00 0 
7fa4951fe000-7fa498000000 ---p 00000000 00:00 0 
7fa498000000-7fa498021000 rw-p 00000000 00:00 0 
7fa498021000-7fa49c000000 ---p 00000000 00:00 0 
7fa49c000000-7fa49c021000 rw-p 00000000 00:00 0 
7fa49c021000-7fa4a0000000 ---p 00000000 00:00 0 
7fa4a2cd0000-7fa4a2cd3000 ---p 00000000 00:00 0 
7fa4a2cd3000-7fa4a2dd1000 rw-p 00000000 00:00 0 
7fa4a2dd1000-7fa4a2dd4000 ---p 00000000 00:00 0 
7fa4a2dd4000-7fa4a2ed2000 rw-p 00000000 00:00 0 
7fa4a2ed2000-7fa4a2ed5000 ---p 00000000 00:00 0 
7fa4a2ed5000-7fa4a2fd3000 rw-p 00000000 00:00 0 
7fa4a2fd3000-7fa4a2fd6000 ---p 00000000 00:00 0 
7fa4a2fd6000-7fa4a30d4000 rw-p 00000000 00:00 0 
7fa4a30d4000-7fa4a30d7000 ---p 00000000 00:00 0 
7fa4a30d7000-7fa4a31d5000 rw-p 00000000 00:00 0 
7fa4a31d5000-7fa4a31ed000 r--s 000f5000 08:0a 525810                     /home/takmilul/AndroidStudioProjects/Evan_Final Project and Presentation of iCare/Icare/app/build/intermediates/exploded-aar/com.google.android.gms/play-services-ads/8.4.0/jars/classes.jar
7fa4a31ed000-7fa4a31ee000 ---p 00000000 00:00 0 
7fa4a31ee000-7fa4a32ee000 rw-p 00000000 00:00 0 
7fa4a32ee000-7fa4a32f1000 ---p 00000000 00:00 0 
7fa4a32f1000-7fa4a33ef000 rw-p 00000000 00:00 0 
7fa4a33ef000-7fa4a33f2000 ---p 00000000 00:00 0 
7fa4a33f2000-7fa4a34f0000 rw-p 00000000 00:00 0 
7fa4a34f0000-7fa4a34f3000 ---p 00000000 00:00 0 
7fa4a34f3000-7fa4a35f1000 rw-p 00000000 00:00 0 
7fa4a35f1000-7fa4a4000000 r--p 00000000 08:0a 793913                     /usr/lib/locale/locale-archive
7fa4a4000000-7fa4a4021000 rw-p 00000000 00:00 0 
7fa4a4021000-7fa4a8000000 ---p 00000000 00:00 0 
7fa4a8000000-7fa4a829e000 rw-p 00000000 00:00 0 
7fa4a829e000-7fa4ac000000 ---p 00000000 00:00 0 
7fa4ac000000-7fa4ac021000 rw-p 00000000 00:00 0 
7fa4ac021000-7fa4b0000000 ---p 00000000 00:00 0 
7fa4b0000000-7fa4b0021000 rw-p 00000000 00:00 0 
7fa4b0021000-7fa4b4000000 ---p 00000000 00:00 0 
7fa4b4000000-7fa4b4021000 rw-p 00000000 00:00 0 
7fa4b4021000-7fa4b8000000 ---p 00000000 00:00 0 
7fa4b8005000-7fa4b8014000 r--s 000df000 08:0a 3818871                    /opt/Android/Sdk/build-tools/23.0.2/lib/dx.jar
7fa4b8014000-7fa4b8017000 ---p 00000000 00:00 0 
7fa4b8017000-7fa4b8115000 rw-p 00000000 00:00 0 
7fa4b8115000-7fa4b8118000 ---p 00000000 00:00 0 
7fa4b8118000-7fa4b8216000 rw-p 00000000 00:00 0 
7fa4b8216000-7fa4b8219000 ---p 00000000 00:00 0 
7fa4b8219000-7fa4b8317000 rw-p 00000000 00:00 0 
7fa4b8317000-7fa4b831a000 ---p 00000000 00:00 0 
7fa4b831a000-7fa4b8418000 rw-p 00000000 00:00 0 
7fa4b8418000-7fa4b8419000 ---p 00000000 00:00 0 
7fa4b8419000-7fa4b946a000 rw-p 00000000 00:00 0 
7fa4b946a000-7fa4b9642000 r--s 03d1e000 08:0a 1186168                    /usr/local/java/java-8-oracle/jre/lib/rt.jar
7fa4b9642000-7fa4b9d38000 rw-p 00000000 00:00 0 
7fa4b9d38000-7fa4b9eb8000 ---p 00000000 00:00 0 
7fa4b9eb8000-7fa4bc0b8000 rw-p 00000000 00:00 0 
7fa4bc0b8000-7fa4bc0b9000 ---p 00000000 00:00 0 
7fa4bc0b9000-7fa4bc1b9000 rw-p 00000000 00:00 0 
7fa4bc1b9000-7fa4bc1ba000 ---p 00000000 00:00 0 
7fa4bc1ba000-7fa4bc2ba000 rw-p 00000000 00:00 0 
7fa4bc2ba000-7fa4bc2bb000 ---p 00000000 00:00 0 
7fa4bc2bb000-7fa4bc3bb000 rw-p 00000000 00:00 0 
7fa4bc3bb000-7fa4bc3bc000 ---p 00000000 00:00 0 
7fa4bc3bc000-7fa4bc510000 rw-p 00000000 00:00 0 
7fa4bc510000-7fa4bc612000 ---p 00000000 00:00 0 
7fa4bc612000-7fa4bc666000 rw-p 00000000 00:00 0 
7fa4bc666000-7fa4bc767000 ---p 00000000 00:00 0 
7fa4bc767000-7fa4bc812000 rw-p 00000000 00:00 0 
7fa4bc812000-7fa4bc833000 rw-p 00000000 00:00 0 
7fa4bc833000-7fa4bcbd3000 ---p 00000000 00:00 0 
7fa4bcbd3000-7fa4bd3c3000 rwxp 00000000 00:00 0 
7fa4bd3c3000-7fa4cbbd3000 ---p 00000000 00:00 0 
7fa4cbbd3000-7fa4cbbed000 r-xp 00000000 08:0a 1186449                    /usr/local/java/java-8-oracle/jre/lib/amd64/libzip.so
7fa4cbbed000-7fa4cbded000 ---p 0001a000 08:0a 1186449                    /usr/local/java/java-8-oracle/jre/lib/amd64/libzip.so
7fa4cbded000-7fa4cbdee000 rw-p 0001a000 08:0a 1186449                    /usr/local/java/java-8-oracle/jre/lib/amd64/libzip.so
7fa4cbdee000-7fa4cbdf9000 r-xp 00000000 08:0a 3412603                    /lib/x86_64-linux-gnu/libnss_files-2.23.so
7fa4cbdf9000-7fa4cbff8000 ---p 0000b000 08:0a 3412603                    /lib/x86_64-linux-gnu/libnss_files-2.23.so
7fa4cbff8000-7fa4cbff9000 r--p 0000a000 08:0a 3412603                    /lib/x86_64-linux-gnu/libnss_files-2.23.so
7fa4cbff9000-7fa4cbffa000 rw-p 0000b000 08:0a 3412603                    /lib/x86_64-linux-gnu/libnss_files-2.23.so
7fa4cbffa000-7fa4cc000000 rw-p 00000000 00:00 0 
7fa4cc000000-7fa4cc390000 rw-p 00000000 00:00 0 
7fa4cc390000-7fa4d0000000 ---p 00000000 00:00 0 
7fa4d0002000-7fa4d0065000 rw-p 00000000 00:00 0 
7fa4d0065000-7fa4d0070000 r-xp 00000000 08:0a 3412613                    /lib/x86_64-linux-gnu/libnss_nis-2.23.so
7fa4d0070000-7fa4d026f000 ---p 0000b000 08:0a 3412613                    /lib/x86_64-linux-gnu/libnss_nis-2.23.so
7fa4d026f000-7fa4d0270000 r--p 0000a000 08:0a 3412613                    /lib/x86_64-linux-gnu/libnss_nis-2.23.so
7fa4d0270000-7fa4d0271000 rw-p 0000b000 08:0a 3412613                    /lib/x86_64-linux-gnu/libnss_nis-2.23.so
7fa4d0271000-7fa4d0287000 r-xp 00000000 08:0a 3412597                    /lib/x86_64-linux-gnu/libnsl-2.23.so
7fa4d0287000-7fa4d0486000 ---p 00016000 08:0a 3412597                    /lib/x86_64-linux-gnu/libnsl-2.23.so
7fa4d0486000-7fa4d0487000 r--p 00015000 08:0a 3412597                    /lib/x86_64-linux-gnu/libnsl-2.23.so
7fa4d0487000-7fa4d0488000 rw-p 00016000 08:0a 3412597                    /lib/x86_64-linux-gnu/libnsl-2.23.so
7fa4d0488000-7fa4d048a000 rw-p 00000000 00:00 0 
7fa4d048a000-7fa4d0492000 r-xp 00000000 08:0a 3412599                    /lib/x86_64-linux-gnu/libnss_compat-2.23.so
7fa4d0492000-7fa4d0691000 ---p 00008000 08:0a 3412599                    /lib/x86_64-linux-gnu/libnss_compat-2.23.so
7fa4d0691000-7fa4d0692000 r--p 00007000 08:0a 3412599                    /lib/x86_64-linux-gnu/libnss_compat-2.23.so
7fa4d0692000-7fa4d0693000 rw-p 00008000 08:0a 3412599                    /lib/x86_64-linux-gnu/libnss_compat-2.23.so
7fa4d0693000-7fa4d06bd000 r-xp 00000000 08:0a 1186444                    /usr/local/java/java-8-oracle/jre/lib/amd64/libjava.so
7fa4d06bd000-7fa4d08bd000 ---p 0002a000 08:0a 1186444                    /usr/local/java/java-8-oracle/jre/lib/amd64/libjava.so
7fa4d08bd000-7fa4d08bf000 rw-p 0002a000 08:0a 1186444                    /usr/local/java/java-8-oracle/jre/lib/amd64/libjava.so
7fa4d08bf000-7fa4d08cc000 r-xp 00000000 08:0a 1186448                    /usr/local/java/java-8-oracle/jre/lib/amd64/libverify.so
7fa4d08cc000-7fa4d0acc000 ---p 0000d000 08:0a 1186448                    /usr/local/java/java-8-oracle/jre/lib/amd64/libverify.so
7fa4d0acc000-7fa4d0ace000 rw-p 0000d000 08:0a 1186448                    /usr/local/java/java-8-oracle/jre/lib/amd64/libverify.so
7fa4d0ace000-7fa4d0ad5000 r-xp 00000000 08:0a 3412658                    /lib/x86_64-linux-gnu/librt-2.23.so
7fa4d0ad5000-7fa4d0cd4000 ---p 00007000 08:0a 3412658                    /lib/x86_64-linux-gnu/librt-2.23.so
7fa4d0cd4000-7fa4d0cd5000 r--p 00006000 08:0a 3412658                    /lib/x86_64-linux-gnu/librt-2.23.so
7fa4d0cd5000-7fa4d0cd6000 rw-p 00007000 08:0a 3412658                    /lib/x86_64-linux-gnu/librt-2.23.so
7fa4d0cd6000-7fa4d0dde000 r-xp 00000000 08:0a 3412574                    /lib/x86_64-linux-gnu/libm-2.23.so
7fa4d0dde000-7fa4d0fdd000 ---p 00108000 08:0a 3412574                    /lib/x86_64-linux-gnu/libm-2.23.so
7fa4d0fdd000-7fa4d0fde000 r--p 00107000 08:0a 3412574                    /lib/x86_64-linux-gnu/libm-2.23.so
7fa4d0fde000-7fa4d0fdf000 rw-p 00108000 08:0a 3412574                    /lib/x86_64-linux-gnu/libm-2.23.so
7fa4d0fdf000-7fa4d1c9e000 r-xp 00000000 08:0a 1186471                    /usr/local/java/java-8-oracle/jre/lib/amd64/server/libjvm.so
7fa4d1c9e000-7fa4d1e9d000 ---p 00cbf000 08:0a 1186471                    /usr/local/java/java-8-oracle/jre/lib/amd64/server/libjvm.so
7fa4d1e9d000-7fa4d1f76000 rw-p 00cbe000 08:0a 1186471                    /usr/local/java/java-8-oracle/jre/lib/amd64/server/libjvm.so
7fa4d1f76000-7fa4d1fbf000 rw-p 00000000 00:00 0 
7fa4d1fbf000-7fa4d217f000 r-xp 00000000 08:0a 3412504                    /lib/x86_64-linux-gnu/libc-2.23.so
7fa4d217f000-7fa4d237e000 ---p 001c0000 08:0a 3412504                    /lib/x86_64-linux-gnu/libc-2.23.so
7fa4d237e000-7fa4d2382000 r--p 001bf000 08:0a 3412504                    /lib/x86_64-linux-gnu/libc-2.23.so
7fa4d2382000-7fa4d2384000 rw-p 001c3000 08:0a 3412504                    /lib/x86_64-linux-gnu/libc-2.23.so
7fa4d2384000-7fa4d2388000 rw-p 00000000 00:00 0 
7fa4d2388000-7fa4d238b000 r-xp 00000000 08:0a 3412528                    /lib/x86_64-linux-gnu/libdl-2.23.so
7fa4d238b000-7fa4d258a000 ---p 00003000 08:0a 3412528                    /lib/x86_64-linux-gnu/libdl-2.23.so
7fa4d258a000-7fa4d258b000 r--p 00002000 08:0a 3412528                    /lib/x86_64-linux-gnu/libdl-2.23.so
7fa4d258b000-7fa4d258c000 rw-p 00003000 08:0a 3412528                    /lib/x86_64-linux-gnu/libdl-2.23.so
7fa4d258c000-7fa4d25a1000 r-xp 00000000 08:0a 1186059                    /usr/local/java/java-8-oracle/lib/amd64/jli/libjli.so
7fa4d25a1000-7fa4d27a1000 ---p 00015000 08:0a 1186059                    /usr/local/java/java-8-oracle/lib/amd64/jli/libjli.so
7fa4d27a1000-7fa4d27a2000 rw-p 00015000 08:0a 1186059                    /usr/local/java/java-8-oracle/lib/amd64/jli/libjli.so
7fa4d27a2000-7fa4d27ba000 r-xp 00000000 08:0a 3412650                    /lib/x86_64-linux-gnu/libpthread-2.23.so
7fa4d27ba000-7fa4d29b9000 ---p 00018000 08:0a 3412650                    /lib/x86_64-linux-gnu/libpthread-2.23.so
7fa4d29b9000-7fa4d29ba000 r--p 00017000 08:0a 3412650                    /lib/x86_64-linux-gnu/libpthread-2.23.so
7fa4d29ba000-7fa4d29bb000 rw-p 00018000 08:0a 3412650                    /lib/x86_64-linux-gnu/libpthread-2.23.so
7fa4d29bb000-7fa4d29bf000 rw-p 00000000 00:00 0 
7fa4d29bf000-7fa4d29e5000 r-xp 00000000 08:0a 3412476                    /lib/x86_64-linux-gnu/ld-2.23.so
7fa4d29eb000-7fa4d2abd000 rw-p 00000000 00:00 0 
7fa4d2abd000-7fa4d2ac0000 ---p 00000000 00:00 0 
7fa4d2ac0000-7fa4d2bc2000 rw-p 00000000 00:00 0 
7fa4d2bc4000-7fa4d2bd8000 rw-p 00000000 00:00 0 
7fa4d2bd8000-7fa4d2be0000 rw-s 00000000 08:0a 4335492                    /tmp/hsperfdata_takmilul/17166
7fa4d2be0000-7fa4d2be1000 rw-p 00000000 00:00 0 
7fa4d2be1000-7fa4d2be2000 ---p 00000000 00:00 0 
7fa4d2be2000-7fa4d2be4000 rw-p 00000000 00:00 0 
7fa4d2be4000-7fa4d2be5000 r--p 00025000 08:0a 3412476                    /lib/x86_64-linux-gnu/ld-2.23.so
7fa4d2be5000-7fa4d2be6000 rw-p 00026000 08:0a 3412476                    /lib/x86_64-linux-gnu/ld-2.23.so
7fa4d2be6000-7fa4d2be7000 rw-p 00000000 00:00 0 
7ffccb3eb000-7ffccb40c000 rw-p 00000000 00:00 0                          [stack]
7ffccb555000-7ffccb557000 r--p 00000000 00:00 0                          [vvar]
7ffccb557000-7ffccb559000 r-xp 00000000 00:00 0                          [vdso]
ffffffffff600000-ffffffffff601000 r-xp 00000000 00:00 0                  [vsyscall]

VM Arguments:
jvm_args: -Djava.awt.headless=true -Xmx1024M -Dfile.encoding=UTF-8 -Duser.country=US -Duser.language=en -Duser.variant 
java_command: com.android.dx.command.Main --dex --force-jumbo --num-threads=4 --multi-dex --output /home/takmilul/AndroidStudioProjects/Evan_Final Project and Presentation of iCare/Icare/app/build/intermediates/transforms/dex/debug/folders/1000/10/com.google.android.gms-play-services-ads-8.4.0_37a5ef140a693be56fc3beb67ab4f84c952a3d24 /home/takmilul/AndroidStudioProjects/Evan_Final Project and Presentation of iCare/Icare/app/build/intermediates/exploded-aar/com.google.android.gms/play-services-ads/8.4.0/jars/classes.jar
java_class_path (initial): /opt/Android/Sdk/build-tools/23.0.2/lib/dx.jar
Launcher Type: SUN_STANDARD

Environment Variables:
JAVA_HOME=/usr/local/java/jdk1.8.0_77
JRE_HOME=/usr/local/java/jdk1.8.0_77/jre
PATH=/usr/local/sbin:/usr/local/bin:/usr/sbin:/usr/bin:/sbin:/bin:/usr/games:/usr/local/games:/snap/bin:/usr/local/java/jdk1.8.0_77/bin:/usr/local/java/jdk1.8.0_77/jre/bin
LD_LIBRARY_PATH=/opt/android-studio/bin:
SHELL=/bin/bash
DISPLAY=:0

Signal Handlers:
SIGSEGV: [libjvm.so+0xabb070], sa_mask[0]=11111111011111111101111111111110, sa_flags=SA_RESTART|SA_SIGINFO
SIGBUS: [libjvm.so+0xabb070], sa_mask[0]=11111111011111111101111111111110, sa_flags=SA_RESTART|SA_SIGINFO
SIGFPE: [libjvm.so+0x918480], sa_mask[0]=11111111011111111101111111111110, sa_flags=SA_RESTART|SA_SIGINFO
SIGPIPE: [libjvm.so+0x918480], sa_mask[0]=11111111011111111101111111111110, sa_flags=SA_RESTART|SA_SIGINFO
SIGXFSZ: [libjvm.so+0x918480], sa_mask[0]=11111111011111111101111111111110, sa_flags=SA_RESTART|SA_SIGINFO
SIGILL: [libjvm.so+0x918480], sa_mask[0]=11111111011111111101111111111110, sa_flags=SA_RESTART|SA_SIGINFO
SIGUSR1: SIG_DFL, sa_mask[0]=00000000000000000000000000000000, sa_flags=none
SIGUSR2: [libjvm.so+0x919ab0], sa_mask[0]=00100000000000000000000000000000, sa_flags=SA_RESTART|SA_SIGINFO
SIGHUP: [libjvm.so+0x91aeb0], sa_mask[0]=11111111011111111101111111111110, sa_flags=SA_RESTART|SA_SIGINFO
SIGINT: [libjvm.so+0x91aeb0], sa_mask[0]=11111111011111111101111111111110, sa_flags=SA_RESTART|SA_SIGINFO
SIGTERM: [libjvm.so+0x91aeb0], sa_mask[0]=11111111011111111101111111111110, sa_flags=SA_RESTART|SA_SIGINFO
SIGQUIT: [libjvm.so+0x91aeb0], sa_mask[0]=11111111011111111101111111111110, sa_flags=SA_RESTART|SA_SIGINFO


---------------  S Y S T E M  ---------------

OS:DISTRIB_ID=Ubuntu
DISTRIB_RELEASE=16.04
DISTRIB_CODENAME=xenial
DISTRIB_DESCRIPTION="Ubuntu 16.04 LTS"

uname:Linux 4.4.0-22-generic #39-Ubuntu SMP Thu May 5 16:53:32 UTC 2016 x86_64
libc:glibc 2.23 NPTL 2.23 
rlimit: STACK 8192k, CORE 0k, NPROC 31466, NOFILE 65536, AS infinity
load average:12.21 3.72 2.98

/proc/meminfo:
MemTotal:        8094180 kB
MemFree:           51840 kB
MemAvailable:     117760 kB
Buffers:            4940 kB
Cached:           940392 kB
SwapCached:            0 kB
Active:          6952608 kB
Inactive:         854752 kB
Active(anon):    6919784 kB
Inactive(anon):   820824 kB
Active(file):      32824 kB
Inactive(file):    33928 kB
Unevictable:          48 kB
Mlocked:              48 kB
SwapTotal:             0 kB
SwapFree:              0 kB
Dirty:              1100 kB
Writeback:             0 kB
AnonPages:       6862996 kB
Mapped:           322488 kB
Shmem:            877656 kB
Slab:             102084 kB
SReclaimable:      41528 kB
SUnreclaim:        60556 kB
KernelStack:       13312 kB
PageTables:        64964 kB
NFS_Unstable:          0 kB
Bounce:                0 kB
WritebackTmp:          0 kB
CommitLimit:     4047088 kB
Committed_AS:   13600580 kB
VmallocTotal:   34359738367 kB
VmallocUsed:           0 kB
VmallocChunk:          0 kB
HardwareCorrupted:     0 kB
AnonHugePages:   3577856 kB
CmaTotal:              0 kB
CmaFree:               0 kB
HugePages_Total:       0
HugePages_Free:        0
HugePages_Rsvd:        0
HugePages_Surp:        0
Hugepagesize:       2048 kB
DirectMap4k:      206172 kB
DirectMap2M:     8101888 kB


CPU:total 4 (2 cores per cpu, 2 threads per core) family 6 model 42 stepping 7, cmov, cx8, fxsr, mmx, sse, sse2, sse3, ssse3, sse4.1, sse4.2, popcnt, avx, clmul, ht, tsc, tscinvbit

/proc/cpuinfo:
processor	: 0
vendor_id	: GenuineIntel
cpu family	: 6
model		: 42
model name	: Intel(R) Core(TM) i3-2120 CPU @ 3.30GHz
stepping	: 7
microcode	: 0x29
cpu MHz		: 3300.000
cache size	: 3072 KB
physical id	: 0
siblings	: 4
core id		: 0
cpu cores	: 2
apicid		: 0
initial apicid	: 0
fpu		: yes
fpu_exception	: yes
cpuid level	: 13
wp		: yes
flags		: fpu vme de pse tsc msr pae mce cx8 apic sep mtrr pge mca cmov pat pse36 clflush dts acpi mmx fxsr sse sse2 ss ht tm pbe syscall nx rdtscp lm constant_tsc arch_perfmon pebs bts rep_good nopl xtopology nonstop_tsc aperfmperf eagerfpu pni pclmulqdq dtes64 monitor ds_cpl vmx est tm2 ssse3 cx16 xtpr pdcm pcid sse4_1 sse4_2 popcnt tsc_deadline_timer xsave avx lahf_lm epb tpr_shadow vnmi flexpriority ept vpid xsaveopt dtherm arat pln pts
bugs		:
bogomips	: 6584.76
clflush size	: 64
cache_alignment	: 64
address sizes	: 36 bits physical, 48 bits virtual
power management:

processor	: 1
vendor_id	: GenuineIntel
cpu family	: 6
model		: 42
model name	: Intel(R) Core(TM) i3-2120 CPU @ 3.30GHz
stepping	: 7
microcode	: 0x29
cpu MHz		: 3300.000
cache size	: 3072 KB
physical id	: 0
siblings	: 4
core id		: 1
cpu cores	: 2
apicid		: 2
initial apicid	: 2
fpu		: yes
fpu_exception	: yes
cpuid level	: 13
wp		: yes
flags		: fpu vme de pse tsc msr pae mce cx8 apic sep mtrr pge mca cmov pat pse36 clflush dts acpi mmx fxsr sse sse2 ss ht tm pbe syscall nx rdtscp lm constant_tsc arch_perfmon pebs bts rep_good nopl xtopology nonstop_tsc aperfmperf eagerfpu pni pclmulqdq dtes64 monitor ds_cpl vmx est tm2 ssse3 cx16 xtpr pdcm pcid sse4_1 sse4_2 popcnt tsc_deadline_timer xsave avx lahf_lm epb tpr_shadow vnmi flexpriority ept vpid xsaveopt dtherm arat pln pts
bugs		:
bogomips	: 6584.76
clflush size	: 64
cache_alignment	: 64
address sizes	: 36 bits physical, 48 bits virtual
power management:

processor	: 2
vendor_id	: GenuineIntel
cpu family	: 6
model		: 42
model name	: Intel(R) Core(TM) i3-2120 CPU @ 3.30GHz
stepping	: 7
microcode	: 0x29
cpu MHz		: 3299.871
cache size	: 3072 KB
physical id	: 0
siblings	: 4
core id		: 0
cpu cores	: 2
apicid		: 1
initial apicid	: 1
fpu		: yes
fpu_exception	: yes
cpuid level	: 13
wp		: yes
flags		: fpu vme de pse tsc msr pae mce cx8 apic sep mtrr pge mca cmov pat pse36 clflush dts acpi mmx fxsr sse sse2 ss ht tm pbe syscall nx rdtscp lm constant_tsc arch_perfmon pebs bts rep_good nopl xtopology nonstop_tsc aperfmperf eagerfpu pni pclmulqdq dtes64 monitor ds_cpl vmx est tm2 ssse3 cx16 xtpr pdcm pcid sse4_1 sse4_2 popcnt tsc_deadline_timer xsave avx lahf_lm epb tpr_shadow vnmi flexpriority ept vpid xsaveopt dtherm arat pln pts
bugs		:
bogomips	: 6584.76
clflush size	: 64
cache_alignment	: 64
address sizes	: 36 bits physical, 48 bits virtual
power management:

processor	: 3
vendor_id	: GenuineIntel
cpu family	: 6
model		: 42
model name	: Intel(R) Core(TM) i3-2120 CPU @ 3.30GHz
stepping	: 7
microcode	: 0x29
cpu MHz		: 3299.871
cache size	: 3072 KB
physical id	: 0
siblings	: 4
core id		: 1
cpu cores	: 2
apicid		: 3
initial apicid	: 3
fpu		: yes
fpu_exception	: yes
cpuid level	: 13
wp		: yes
flags		: fpu vme de pse tsc msr pae mce cx8 apic sep mtrr pge mca cmov pat pse36 clflush dts acpi mmx fxsr sse sse2 ss ht tm pbe syscall nx rdtscp lm constant_tsc arch_perfmon pebs bts rep_good nopl xtopology nonstop_tsc aperfmperf eagerfpu pni pclmulqdq dtes64 monitor ds_cpl vmx est tm2 ssse3 cx16 xtpr pdcm pcid sse4_1 sse4_2 popcnt tsc_deadline_timer xsave avx lahf_lm epb tpr_shadow vnmi flexpriority ept vpid xsaveopt dtherm arat pln pts
bugs		:
bogomips	: 6584.76
clflush size	: 64
cache_alignment	: 64
address sizes	: 36 bits physical, 48 bits virtual
power management:



Memory: 4k page, physical 8094180k(51584k free), swap 0k(0k free)

vm_info: Java HotSpot(TM) 64-Bit Server VM (25.77-b03) for linux-amd64 JRE (1.8.0_77-b03), built on Mar 20 2016 22:00:46 by "java_re" with gcc 4.3.0 20080428 (Red Hat 4.3.0-8)

time: Fri May 13 04:18:09 2016
elapsed time: 29 seconds (0d 0h 0m 29s)

