#
# There is insufficient memory for the Java Runtime Environment to continue.
# Native memory allocation (mmap) failed to map 88080384 bytes for committing reserved memory.
# Possible reasons:
#   The system is out of physical RAM or swap space
#   In 32 bit mode, the process size limit was hit
# Possible solutions:
#   Reduce memory load on the system
#   Increase physical memory or swap space
#   Check if swap backing store is full
#   Use 64 bit Java on a 64 bit OS
#   Decrease Java heap size (-Xmx/-Xms)
#   Decrease number of Java threads
#   Decrease Java thread stack sizes (-Xss)
#   Set larger code cache with -XX:ReservedCodeCacheSize=
# This output file may be truncated or incomplete.
#
#  Out of Memory Error (os_linux.cpp:2627), pid=8057, tid=140165245806336
#
# JRE version: Java(TM) SE Runtime Environment (8.0_77-b03) (build 1.8.0_77-b03)
# Java VM: Java HotSpot(TM) 64-Bit Server VM (25.77-b03 mixed mode linux-amd64 compressed oops)
# Failed to write core dump. Core dumps have been disabled. To enable core dumping, try "ulimit -c unlimited" before starting Java again
#

---------------  T H R E A D  ---------------

Current thread (0x00007f7adc078000):  VMThread [stack: 0x00007f7ac39fa000,0x00007f7ac3afb000] [id=8083]

Stack: [0x00007f7ac39fa000,0x00007f7ac3afb000],  sp=0x00007f7ac3af9120,  free space=1020k
Native frames: (J=compiled Java code, j=interpreted, Vv=VM code, C=native code)
V  [libjvm.so+0xaba7ea]  VMError::report_and_die()+0x2ba
V  [libjvm.so+0x4f9e3b]  report_vm_out_of_memory(char const*, int, unsigned long, VMErrorType, char const*)+0x8b
V  [libjvm.so+0x91b613]  os::Linux::commit_memory_impl(char*, unsigned long, bool)+0x103
V  [libjvm.so+0x91bb69]  os::pd_commit_memory(char*, unsigned long, unsigned long, bool)+0x29
V  [libjvm.so+0x915e6a]  os::commit_memory(char*, unsigned long, unsigned long, bool)+0x2a
V  [libjvm.so+0x989543]  PSVirtualSpace::expand_by(unsigned long)+0x53
V  [libjvm.so+0x979e30]  PSOldGen::expand(unsigned long)+0x170
V  [libjvm.so+0x97a03b]  PSOldGen::resize(unsigned long)+0x1cb
V  [libjvm.so+0x981d11]  PSParallelCompact::invoke_no_policy(bool)+0x991
V  [libjvm.so+0x98766d]  PSScavenge::invoke()+0x1ad
V  [libjvm.so+0x93f300]  ParallelScavengeHeap::failed_mem_allocate(unsigned long)+0x70
V  [libjvm.so+0xabc207]  VM_ParallelGCFailedAllocation::doit()+0x97
V  [libjvm.so+0xac3c35]  VM_Operation::evaluate()+0x55
V  [libjvm.so+0xac200a]  VMThread::evaluate_operation(VM_Operation*)+0xba
V  [libjvm.so+0xac238e]  VMThread::loop()+0x1ce
V  [libjvm.so+0xac2800]  VMThread::run()+0x70
V  [libjvm.so+0x91d9d8]  java_start(Thread*)+0x108

VM_Operation (0x00007f7ac24b6e00): ParallelGCFailedAllocation, mode: safepoint, requested by thread 0x00007f7adc161800


---------------  P R O C E S S  ---------------

Java Threads: ( => current thread )
  0x00007f7adc163800 JavaThread "pool-2-thread-4" [_thread_blocked, id=8137, stack(0x00007f7ac22b7000,0x00007f7ac23b8000)]
  0x00007f7adc161800 JavaThread "pool-2-thread-3" [_thread_blocked, id=8136, stack(0x00007f7ac23b8000,0x00007f7ac24b9000)]
  0x00007f7adc160800 JavaThread "pool-2-thread-2" [_thread_blocked, id=8135, stack(0x00007f7ac24b9000,0x00007f7ac25ba000)]
  0x00007f7adc153800 JavaThread "pool-3-thread-1" [_thread_blocked, id=8134, stack(0x00007f7ac25ba000,0x00007f7ac26bb000)]
  0x00007f7adc151000 JavaThread "pool-2-thread-1" [_thread_blocked, id=8133, stack(0x00007f7ac26bb000,0x00007f7ac27bc000)]
  0x00007f7adc0c8800 JavaThread "Service Thread" daemon [_thread_blocked, id=8112, stack(0x00007f7ac28e4000,0x00007f7ac29e5000)]
  0x00007f7adc0bd000 JavaThread "C1 CompilerThread2" daemon [_thread_blocked, id=8109, stack(0x00007f7ac29e5000,0x00007f7ac2ae6000)]
  0x00007f7adc0bb800 JavaThread "C2 CompilerThread1" daemon [_thread_blocked, id=8108, stack(0x00007f7ac2ae6000,0x00007f7ac2be7000)]
  0x00007f7adc0b8800 JavaThread "C2 CompilerThread0" daemon [_thread_blocked, id=8101, stack(0x00007f7ac2be7000,0x00007f7ac2ce8000)]
  0x00007f7adc0b7000 JavaThread "Signal Dispatcher" daemon [_thread_blocked, id=8100, stack(0x00007f7ac2ce8000,0x00007f7ac2de9000)]
  0x00007f7adc084000 JavaThread "Finalizer" daemon [_thread_blocked, id=8090, stack(0x00007f7ac37f8000,0x00007f7ac38f9000)]
  0x00007f7adc07f800 JavaThread "Reference Handler" daemon [_thread_blocked, id=8089, stack(0x00007f7ac38f9000,0x00007f7ac39fa000)]
  0x00007f7adc00a000 JavaThread "main" [_thread_blocked, id=8065, stack(0x00007f7ae20b0000,0x00007f7ae21b1000)]

Other Threads:
=>0x00007f7adc078000 VMThread [stack: 0x00007f7ac39fa000,0x00007f7ac3afb000] [id=8083]
  0x00007f7adc0cb000 WatcherThread [stack: 0x00007f7ac27e3000,0x00007f7ac28e4000] [id=8114]

VM state:at safepoint (normal execution)

VM Mutex/Monitor currently owned by a thread:  ([mutex/lock_event])
[0x00007f7adc006000] ExpandHeap_lock - owner thread: 0x00007f7adc078000
[0x00007f7adc006680] Threads_lock - owner thread: 0x00007f7adc078000
[0x00007f7adc006b80] Heap_lock - owner thread: 0x00007f7adc161800

Heap:
 PSYoungGen      total 232960K, used 0K [0x00000000eab00000, 0x0000000100000000, 0x0000000100000000)
  eden space 116736K, 0% used [0x00000000eab00000,0x00000000eab00000,0x00000000f1d00000)
  from space 116224K, 0% used [0x00000000f8e80000,0x00000000f8e80000,0x0000000100000000)
  to   space 116224K, 0% used [0x00000000f1d00000,0x00000000f1d00000,0x00000000f8e80000)
 ParOldGen       total 291328K, used 205878K [0x00000000c0000000, 0x00000000d1c80000, 0x00000000eab00000)
  object space 291328K, 70% used [0x00000000c0000000,0x00000000cc90d8d8,0x00000000d1c80000)
 Metaspace       used 6449K, capacity 7256K, committed 7424K, reserved 1056768K
  class space    used 614K, capacity 656K, committed 768K, reserved 1048576K

Card table byte_map: [0x00007f7acbba9000,0x00007f7acbdaa000] byte_map_base: 0x00007f7acb5a9000

Marking Bits: (ParMarkBitMap*) 0x00007f7ae1587100
 Begin Bits: [0x00007f7ac964f000, 0x00007f7aca64f000)
 End Bits:   [0x00007f7aca64f000, 0x00007f7acb64f000)

Polling page: 0x00007f7ae21d4000

CodeCache: size=245760Kb used=9934Kb max_used=9966Kb free=235825Kb
 bounds [0x00007f7acc16a000, 0x00007f7accb3a000, 0x00007f7adb16a000]
 total_blobs=2476 nmethods=2207 adapters=182
 compilation: enabled

Compilation events (10 events):
Event: 28.005 Thread 0x00007f7adc0bd000 2607       3       com.android.dx.rop.code.InsnList::contentEquals (54 bytes)
Event: 28.005 Thread 0x00007f7adc0bd000 nmethod 2607 0x00007f7accac9ad0 code [0x00007f7accac9cc0, 0x00007f7accaca748]
Event: 28.310 Thread 0x00007f7adc0bd000 2608       2       java.util.concurrent.locks.AbstractQueuedSynchronizer::compareAndSetWaitStatus (13 bytes)
Event: 28.310 Thread 0x00007f7adc0bd000 nmethod 2608 0x00007f7accac97d0 code [0x00007f7accac9920, 0x00007f7accac9a70]
Event: 28.572 Thread 0x00007f7adc0bb800 nmethod 2557 0x00007f7accb14a50 code [0x00007f7accb14fc0, 0x00007f7accb19208]
Event: 28.572 Thread 0x00007f7adc0bb800 2599       4       com.android.dx.ssa.SsaConverter::placePhiFunctions (394 bytes)
Event: 28.669 Thread 0x00007f7adc0b8800 nmethod 2598% 0x00007f7accb1e7d0 code [0x00007f7accb1ecc0, 0x00007f7accb24598]
Event: 28.670 Thread 0x00007f7adc0b8800 2600       4       com.android.dx.rop.code.RegisterSpecList::withFirst (64 bytes)
Event: 28.676 Thread 0x00007f7adc0b8800 nmethod 2600 0x00007f7accac6190 code [0x00007f7accac6300, 0x00007f7accac6618]
Event: 28.677 Thread 0x00007f7adc0b8800 2593       4       com.android.dx.ssa.back.SsaToRop$1::visitBlock (97 bytes)

GC Heap History (10 events):
Event: 26.279 GC heap after
Heap after GC invocations=12 (full 3):
 PSYoungGen      total 199168K, used 6642K [0x00000000eab00000, 0x0000000100000000, 0x0000000100000000)
  eden space 133120K, 0% used [0x00000000eab00000,0x00000000eab00000,0x00000000f2d00000)
  from space 66048K, 10% used [0x00000000fbf80000,0x00000000fc5fc818,0x0000000100000000)
  to   space 108032K, 0% used [0x00000000f2d00000,0x00000000f2d00000,0x00000000f9680000)
 ParOldGen       total 291328K, used 160714K [0x00000000c0000000, 0x00000000d1c80000, 0x00000000eab00000)
  object space 291328K, 55% used [0x00000000c0000000,0x00000000c9cf2a38,0x00000000d1c80000)
 Metaspace       used 6448K, capacity 7256K, committed 7424K, reserved 1056768K
  class space    used 614K, capacity 656K, committed 768K, reserved 1048576K
}
Event: 26.974 GC heap before
{Heap before GC invocations=13 (full 3):
 PSYoungGen      total 199168K, used 139762K [0x00000000eab00000, 0x0000000100000000, 0x0000000100000000)
  eden space 133120K, 100% used [0x00000000eab00000,0x00000000f2d00000,0x00000000f2d00000)
  from space 66048K, 10% used [0x00000000fbf80000,0x00000000fc5fc818,0x0000000100000000)
  to   space 108032K, 0% used [0x00000000f2d00000,0x00000000f2d00000,0x00000000f9680000)
 ParOldGen       total 291328K, used 160714K [0x00000000c0000000, 0x00000000d1c80000, 0x00000000eab00000)
  object space 291328K, 55% used [0x00000000c0000000,0x00000000c9cf2a38,0x00000000d1c80000)
 Metaspace       used 6448K, capacity 7256K, committed 7424K, reserved 1056768K
  class space    used 614K, capacity 656K, committed 768K, reserved 1048576K
Event: 27.033 GC heap after
Heap after GC invocations=13 (full 3):
 PSYoungGen      total 241152K, used 52515K [0x00000000eab00000, 0x0000000100000000, 0x0000000100000000)
  eden space 133120K, 0% used [0x00000000eab00000,0x00000000eab00000,0x00000000f2d00000)
  from space 108032K, 48% used [0x00000000f2d00000,0x00000000f6048d40,0x00000000f9680000)
  to   space 105984K, 0% used [0x00000000f9880000,0x00000000f9880000,0x0000000100000000)
 ParOldGen       total 291328K, used 160802K [0x00000000c0000000, 0x00000000d1c80000, 0x00000000eab00000)
  object space 291328K, 55% used [0x00000000c0000000,0x00000000c9d08a38,0x00000000d1c80000)
 Metaspace       used 6448K, capacity 7256K, committed 7424K, reserved 1056768K
  class space    used 614K, capacity 656K, committed 768K, reserved 1048576K
}
Event: 27.303 GC heap before
{Heap before GC invocations=14 (full 3):
 PSYoungGen      total 241152K, used 185635K [0x00000000eab00000, 0x0000000100000000, 0x0000000100000000)
  eden space 133120K, 100% used [0x00000000eab00000,0x00000000f2d00000,0x00000000f2d00000)
  from space 108032K, 48% used [0x00000000f2d00000,0x00000000f6048d40,0x00000000f9680000)
  to   space 105984K, 0% used [0x00000000f9880000,0x00000000f9880000,0x0000000100000000)
 ParOldGen       total 291328K, used 160802K [0x00000000c0000000, 0x00000000d1c80000, 0x00000000eab00000)
  object space 291328K, 55% used [0x00000000c0000000,0x00000000c9d08a38,0x00000000d1c80000)
 Metaspace       used 6448K, capacity 7256K, committed 7424K, reserved 1056768K
  class space    used 614K, capacity 656K, committed 768K, reserved 1048576K
Event: 27.360 GC heap after
Heap after GC invocations=14 (full 3):
 PSYoungGen      total 222720K, used 105973K [0x00000000eab00000, 0x0000000100000000, 0x0000000100000000)
  eden space 116736K, 0% used [0x00000000eab00000,0x00000000eab00000,0x00000000f1d00000)
  from space 105984K, 99% used [0x00000000f9880000,0x00000000ffffd538,0x0000000100000000)
  to   space 116224K, 0% used [0x00000000f1d00000,0x00000000f1d00000,0x00000000f8e80000)
 ParOldGen       total 291328K, used 169102K [0x00000000c0000000, 0x00000000d1c80000, 0x00000000eab00000)
  object space 291328K, 58% used [0x00000000c0000000,0x00000000ca523b58,0x00000000d1c80000)
 Metaspace       used 6448K, capacity 7256K, committed 7424K, reserved 1056768K
  class space    used 614K, capacity 656K, committed 768K, reserved 1048576K
}
Event: 28.699 GC heap before
{Heap before GC invocations=15 (full 3):
 PSYoungGen      total 222720K, used 222709K [0x00000000eab00000, 0x0000000100000000, 0x0000000100000000)
  eden space 116736K, 100% used [0x00000000eab00000,0x00000000f1d00000,0x00000000f1d00000)
  from space 105984K, 99% used [0x00000000f9880000,0x00000000ffffd538,0x0000000100000000)
  to   space 116224K, 0% used [0x00000000f1d00000,0x00000000f1d00000,0x00000000f8e80000)
 ParOldGen       total 291328K, used 169102K [0x00000000c0000000, 0x00000000d1c80000, 0x00000000eab00000)
  object space 291328K, 58% used [0x00000000c0000000,0x00000000ca523b58,0x00000000d1c80000)
 Metaspace       used 6449K, capacity 7256K, committed 7424K, reserved 1056768K
  class space    used 614K, capacity 656K, committed 768K, reserved 1048576K
Event: 30.809 GC heap after
Heap after GC invocations=15 (full 3):
 PSYoungGen      total 232960K, used 66430K [0x00000000eab00000, 0x0000000100000000, 0x0000000100000000)
  eden space 116736K, 0% used [0x00000000eab00000,0x00000000eab00000,0x00000000f1d00000)
  from space 116224K, 57% used [0x00000000f1d00000,0x00000000f5ddfbe8,0x00000000f8e80000)
  to   space 116224K, 0% used [0x00000000f8e80000,0x00000000f8e80000,0x0000000100000000)
 ParOldGen       total 291328K, used 214235K [0x00000000c0000000, 0x00000000d1c80000, 0x00000000eab00000)
  object space 291328K, 73% used [0x00000000c0000000,0x00000000cd136e80,0x00000000d1c80000)
 Metaspace       used 6449K, capacity 7256K, committed 7424K, reserved 1056768K
  class space    used 614K, capacity 656K, committed 768K, reserved 1048576K
}
Event: 34.633 GC heap before
{Heap before GC invocations=16 (full 3):
 PSYoungGen      total 232960K, used 183166K [0x00000000eab00000, 0x0000000100000000, 0x0000000100000000)
  eden space 116736K, 100% used [0x00000000eab00000,0x00000000f1d00000,0x00000000f1d00000)
  from space 116224K, 57% used [0x00000000f1d00000,0x00000000f5ddfbe8,0x00000000f8e80000)
  to   space 116224K, 0% used [0x00000000f8e80000,0x00000000f8e80000,0x0000000100000000)
 ParOldGen       total 291328K, used 214235K [0x00000000c0000000, 0x00000000d1c80000, 0x00000000eab00000)
  object space 291328K, 73% used [0x00000000c0000000,0x00000000cd136e80,0x00000000d1c80000)
 Metaspace       used 6449K, capacity 7256K, committed 7424K, reserved 1056768K
  class space    used 614K, capacity 656K, committed 768K, reserved 1048576K
Event: 40.654 GC heap after
Heap after GC invocations=16 (full 3):
 PSYoungGen      total 232960K, used 57992K [0x00000000eab00000, 0x0000000100000000, 0x0000000100000000)
  eden space 116736K, 0% used [0x00000000eab00000,0x00000000eab00000,0x00000000f1d00000)
  from space 116224K, 49% used [0x00000000f8e80000,0x00000000fc7223d8,0x0000000100000000)
  to   space 116224K, 0% used [0x00000000f1d00000,0x00000000f1d00000,0x00000000f8e80000)
 ParOldGen       total 291328K, used 281506K [0x00000000c0000000, 0x00000000d1c80000, 0x00000000eab00000)
  object space 291328K, 96% used [0x00000000c0000000,0x00000000d12e8858,0x00000000d1c80000)
 Metaspace       used 6449K, capacity 7256K, committed 7424K, reserved 1056768K
  class space    used 614K, capacity 656K, committed 768K, reserved 1048576K
}
Event: 40.828 GC heap before
{Heap before GC invocations=17 (full 4):
 PSYoungGen      total 232960K, used 57992K [0x00000000eab00000, 0x0000000100000000, 0x0000000100000000)
  eden space 116736K, 0% used [0x00000000eab00000,0x00000000eab00000,0x00000000f1d00000)
  from space 116224K, 49% used [0x00000000f8e80000,0x00000000fc7223d8,0x0000000100000000)
  to   space 116224K, 0% used [0x00000000f1d00000,0x00000000f1d00000,0x00000000f8e80000)
 ParOldGen       total 291328K, used 281506K [0x00000000c0000000, 0x00000000d1c80000, 0x00000000eab00000)
  object space 291328K, 96% used [0x00000000c0000000,0x00000000d12e8858,0x00000000d1c80000)
 Metaspace       used 6449K, capacity 7256K, committed 7424K, reserved 1056768K
  class space    used 614K, capacity 656K, committed 768K, reserved 1048576K

Deoptimization events (10 events):
Event: 17.434 Thread 0x00007f7adc161800 Uncommon trap: reason=class_check action=maybe_recompile pc=0x00007f7acc524e40 method=com.android.dx.ssa.back.InterferenceGraph.add(II)V @ 19
Event: 17.434 Thread 0x00007f7adc161800 Uncommon trap: reason=class_check action=maybe_recompile pc=0x00007f7acc524e40 method=com.android.dx.ssa.back.InterferenceGraph.add(II)V @ 19
Event: 17.434 Thread 0x00007f7adc161800 Uncommon trap: reason=class_check action=maybe_recompile pc=0x00007f7acc524e40 method=com.android.dx.ssa.back.InterferenceGraph.add(II)V @ 19
Event: 18.683 Thread 0x00007f7adc00a000 Uncommon trap: reason=unstable_if action=reinterpret pc=0x00007f7acc7f8c50 method=com.android.dx.ssa.SCCP.simulateStmt(Lcom/android/dx/ssa/SsaInsn;)V @ 59
Event: 19.174 Thread 0x00007f7adc151000 Uncommon trap: reason=class_check action=maybe_recompile pc=0x00007f7acc937810 method=com.android.dx.util.BitIntSet.merge(Lcom/android/dx/util/IntSet;)V @ 1
Event: 19.183 Thread 0x00007f7adc151000 Uncommon trap: reason=class_check action=maybe_recompile pc=0x00007f7acc937810 method=com.android.dx.util.BitIntSet.merge(Lcom/android/dx/util/IntSet;)V @ 1
Event: 19.183 Thread 0x00007f7adc151000 Uncommon trap: reason=class_check action=maybe_recompile pc=0x00007f7acc937810 method=com.android.dx.util.BitIntSet.merge(Lcom/android/dx/util/IntSet;)V @ 1
Event: 19.207 Thread 0x00007f7adc151000 Uncommon trap: reason=class_check action=maybe_recompile pc=0x00007f7acc937810 method=com.android.dx.util.BitIntSet.merge(Lcom/android/dx/util/IntSet;)V @ 1
Event: 19.595 Thread 0x00007f7adc00a000 Uncommon trap: reason=unstable_if action=reinterpret pc=0x00007f7acca0fcbc method=java.util.BitSet.clone()Ljava/lang/Object; @ 4
Event: 21.724 Thread 0x00007f7adc161800 Uncommon trap: reason=predicate action=maybe_recompile pc=0x00007f7acca72aa4 method=com.android.dx.ssa.DomFront.run()[Lcom/android/dx/ssa/DomFront$DomInfo; @ 175

Internal exceptions (5 events):
Event: 0.238 Thread 0x00007f7adc00a000 Exception <a 'java/lang/NoSuchMethodError': Method sun.misc.Unsafe.defineClass(Ljava/lang/String;[BII)Ljava/lang/Class; name or signature does not match> (0x00000000eab07cc0) thrown at [/HUDSON/workspace/8-2-build-linux-amd64/jdk8u77/6540/hotspot/src/shar
Event: 0.238 Thread 0x00007f7adc00a000 Exception <a 'java/lang/NoSuchMethodError': Method sun.misc.Unsafe.prefetchRead(Ljava/lang/Object;J)V name or signature does not match> (0x00000000eab07fa8) thrown at [/HUDSON/workspace/8-2-build-linux-amd64/jdk8u77/6540/hotspot/src/share/vm/prims/jni.cpp
Event: 7.319 Thread 0x00007f7adc160800 Exception <a 'java/lang/ArrayIndexOutOfBoundsException': 18> (0x00000000ead20af0) thrown at [/HUDSON/workspace/8-2-build-linux-amd64/jdk8u77/6540/hotspot/src/share/vm/interpreter/interpreterRuntime.cpp, line 366]
Event: 7.693 Thread 0x00007f7adc160800 Exception <a 'java/lang/ArrayIndexOutOfBoundsException': 145> (0x00000000ead228b8) thrown at [/HUDSON/workspace/8-2-build-linux-amd64/jdk8u77/6540/hotspot/src/share/vm/interpreter/interpreterRuntime.cpp, line 366]
Event: 8.436 Thread 0x00007f7adc160800 Exception <a 'java/lang/ArrayIndexOutOfBoundsException'> (0x00000000ead23ba0) thrown at [/HUDSON/workspace/8-2-build-linux-amd64/jdk8u77/6540/hotspot/src/share/vm/runtime/sharedRuntime.cpp, line 605]

Events (10 events):
Event: 33.578 Thread 0x00007f7adc151000 DEOPT UNPACKING pc=0x00007f7acc1b1633 sp=0x00007f7ac27b9bc8 mode 0
Event: 33.579 Thread 0x00007f7adc151000 DEOPT PACKING pc=0x00007f7acc4551b2 sp=0x00007f7ac27b9e40
Event: 33.579 Thread 0x00007f7adc151000 DEOPT UNPACKING pc=0x00007f7acc1b1633 sp=0x00007f7ac27b9bc8 mode 0
Event: 33.580 Thread 0x00007f7adc151000 DEOPT PACKING pc=0x00007f7acc4551b2 sp=0x00007f7ac27b9e40
Event: 33.580 Thread 0x00007f7adc151000 DEOPT UNPACKING pc=0x00007f7acc1b1633 sp=0x00007f7ac27b9bc8 mode 0
Event: 33.581 Thread 0x00007f7adc151000 DEOPT PACKING pc=0x00007f7acc4551b2 sp=0x00007f7ac27b9e40
Event: 33.581 Thread 0x00007f7adc151000 DEOPT UNPACKING pc=0x00007f7acc1b1633 sp=0x00007f7ac27b9bc8 mode 0
Event: 33.582 Thread 0x00007f7adc151000 DEOPT PACKING pc=0x00007f7acc4551b2 sp=0x00007f7ac27b9e40
Event: 33.582 Thread 0x00007f7adc151000 DEOPT UNPACKING pc=0x00007f7acc1b1633 sp=0x00007f7ac27b9bc8 mode 0
Event: 33.582 Executing VM operation: ParallelGCFailedAllocation


Dynamic libraries:
00400000-00401000 r-xp 00000000 08:0a 927274                             /usr/local/java/java-8-oracle/bin/java
00600000-00601000 rw-p 00000000 08:0a 927274                             /usr/local/java/java-8-oracle/bin/java
01a2c000-01a4d000 rw-p 00000000 00:00 0                                  [heap]
c0000000-d1c80000 rw-p 00000000 00:00 0 
d7080000-eab00000 ---p 00000000 00:00 0 
eab00000-100000000 rw-p 00000000 00:00 0 
100000000-1000c0000 rw-p 00000000 00:00 0 
1000c0000-140000000 ---p 00000000 00:00 0 
7f7a74000000-7f7a7423e000 rw-p 00000000 00:00 0 
7f7a7423e000-7f7a78000000 ---p 00000000 00:00 0 
7f7a7c000000-7f7a7c286000 rw-p 00000000 00:00 0 
7f7a7c286000-7f7a80000000 ---p 00000000 00:00 0 
7f7a80000000-7f7a80228000 rw-p 00000000 00:00 0 
7f7a80228000-7f7a84000000 ---p 00000000 00:00 0 
7f7a84000000-7f7a841eb000 rw-p 00000000 00:00 0 
7f7a841eb000-7f7a88000000 ---p 00000000 00:00 0 
7f7a88000000-7f7a88021000 rw-p 00000000 00:00 0 
7f7a88021000-7f7a8c000000 ---p 00000000 00:00 0 
7f7a8c000000-7f7a8c021000 rw-p 00000000 00:00 0 
7f7a8c021000-7f7a90000000 ---p 00000000 00:00 0 
7f7a90000000-7f7a90021000 rw-p 00000000 00:00 0 
7f7a90021000-7f7a94000000 ---p 00000000 00:00 0 
7f7a94000000-7f7a9507c000 rw-p 00000000 00:00 0 
7f7a9507c000-7f7a98000000 ---p 00000000 00:00 0 
7f7a98000000-7f7a98685000 rw-p 00000000 00:00 0 
7f7a98685000-7f7a9c000000 ---p 00000000 00:00 0 
7f7a9c000000-7f7a9c021000 rw-p 00000000 00:00 0 
7f7a9c021000-7f7aa0000000 ---p 00000000 00:00 0 
7f7aa0000000-7f7aa1f21000 rw-p 00000000 00:00 0 
7f7aa1f21000-7f7aa4000000 ---p 00000000 00:00 0 
7f7aa4000000-7f7aa4021000 rw-p 00000000 00:00 0 
7f7aa4021000-7f7aa8000000 ---p 00000000 00:00 0 
7f7aa8000000-7f7aa8021000 rw-p 00000000 00:00 0 
7f7aa8021000-7f7aac000000 ---p 00000000 00:00 0 
7f7aac000000-7f7aac021000 rw-p 00000000 00:00 0 
7f7aac021000-7f7ab0000000 ---p 00000000 00:00 0 
7f7ab0000000-7f7ab02a6000 rw-p 00000000 00:00 0 
7f7ab02a6000-7f7ab4000000 ---p 00000000 00:00 0 
7f7ab4000000-7f7ab4021000 rw-p 00000000 00:00 0 
7f7ab4021000-7f7ab8000000 ---p 00000000 00:00 0 
7f7abc000000-7f7abc021000 rw-p 00000000 00:00 0 
7f7abc021000-7f7ac0000000 ---p 00000000 00:00 0 
7f7ac22b7000-7f7ac22ba000 ---p 00000000 00:00 0 
7f7ac22ba000-7f7ac23b8000 rw-p 00000000 00:00 0 
7f7ac23b8000-7f7ac23bb000 ---p 00000000 00:00 0 
7f7ac23bb000-7f7ac24b9000 rw-p 00000000 00:00 0 
7f7ac24b9000-7f7ac24bc000 ---p 00000000 00:00 0 
7f7ac24bc000-7f7ac25ba000 rw-p 00000000 00:00 0 
7f7ac25ba000-7f7ac25bd000 ---p 00000000 00:00 0 
7f7ac25bd000-7f7ac26bb000 rw-p 00000000 00:00 0 
7f7ac26bb000-7f7ac26be000 ---p 00000000 00:00 0 
7f7ac26be000-7f7ac27bc000 rw-p 00000000 00:00 0 
7f7ac27bc000-7f7ac27d4000 r--s 000f5000 08:0a 3292734                    /home/takmilul/AndroidStudioProjects/Evan_Final Project and Presentation of iCare/Icare/app/build/intermediates/exploded-aar/com.google.android.gms/play-services-ads/8.4.0/jars/classes.jar
7f7ac27d4000-7f7ac27e3000 r--s 000df000 08:0a 3818871                    /opt/Android/Sdk/build-tools/23.0.2/lib/dx.jar
7f7ac27e3000-7f7ac27e4000 ---p 00000000 00:00 0 
7f7ac27e4000-7f7ac28e4000 rw-p 00000000 00:00 0 
7f7ac28e4000-7f7ac28e7000 ---p 00000000 00:00 0 
7f7ac28e7000-7f7ac29e5000 rw-p 00000000 00:00 0 
7f7ac29e5000-7f7ac29e8000 ---p 00000000 00:00 0 
7f7ac29e8000-7f7ac2ae6000 rw-p 00000000 00:00 0 
7f7ac2ae6000-7f7ac2ae9000 ---p 00000000 00:00 0 
7f7ac2ae9000-7f7ac2be7000 rw-p 00000000 00:00 0 
7f7ac2be7000-7f7ac2bea000 ---p 00000000 00:00 0 
7f7ac2bea000-7f7ac2ce8000 rw-p 00000000 00:00 0 
7f7ac2ce8000-7f7ac2ceb000 ---p 00000000 00:00 0 
7f7ac2ceb000-7f7ac2de9000 rw-p 00000000 00:00 0 
7f7ac2de9000-7f7ac37f8000 r--p 00000000 08:0a 793913                     /usr/lib/locale/locale-archive
7f7ac37f8000-7f7ac37fb000 ---p 00000000 00:00 0 
7f7ac37fb000-7f7ac38f9000 rw-p 00000000 00:00 0 
7f7ac38f9000-7f7ac38fc000 ---p 00000000 00:00 0 
7f7ac38fc000-7f7ac39fa000 rw-p 00000000 00:00 0 
7f7ac39fa000-7f7ac39fb000 ---p 00000000 00:00 0 
7f7ac39fb000-7f7ac4000000 rw-p 00000000 00:00 0 
7f7ac4000000-7f7ac4021000 rw-p 00000000 00:00 0 
7f7ac4021000-7f7ac8000000 ---p 00000000 00:00 0 
7f7ac800a000-7f7ac8a77000 rw-p 00000000 00:00 0 
7f7ac8a77000-7f7ac8c4f000 r--s 03d1e000 08:0a 1186168                    /usr/local/java/java-8-oracle/jre/lib/rt.jar
7f7ac8c4f000-7f7ac92cf000 rw-p 00000000 00:00 0 
7f7ac92cf000-7f7ac944f000 ---p 00000000 00:00 0 
7f7ac944f000-7f7acb64f000 rw-p 00000000 00:00 0 
7f7acb64f000-7f7acb650000 ---p 00000000 00:00 0 
7f7acb650000-7f7acb750000 rw-p 00000000 00:00 0 
7f7acb750000-7f7acb751000 ---p 00000000 00:00 0 
7f7acb751000-7f7acb851000 rw-p 00000000 00:00 0 
7f7acb851000-7f7acb852000 ---p 00000000 00:00 0 
7f7acb852000-7f7acb952000 rw-p 00000000 00:00 0 
7f7acb952000-7f7acb953000 ---p 00000000 00:00 0 
7f7acb953000-7f7acbae2000 rw-p 00000000 00:00 0 
7f7acbae2000-7f7acbba9000 ---p 00000000 00:00 0 
7f7acbba9000-7f7acbc38000 rw-p 00000000 00:00 0 
7f7acbc38000-7f7acbcfe000 ---p 00000000 00:00 0 
7f7acbcfe000-7f7acbda9000 rw-p 00000000 00:00 0 
7f7acbda9000-7f7acbdd2000 rw-p 00000000 00:00 0 
7f7acbdd2000-7f7acc16a000 ---p 00000000 00:00 0 
7f7acc16a000-7f7accb3a000 rwxp 00000000 00:00 0 
7f7accb3a000-7f7adb16a000 ---p 00000000 00:00 0 
7f7adb16a000-7f7adb184000 r-xp 00000000 08:0a 1186449                    /usr/local/java/java-8-oracle/jre/lib/amd64/libzip.so
7f7adb184000-7f7adb384000 ---p 0001a000 08:0a 1186449                    /usr/local/java/java-8-oracle/jre/lib/amd64/libzip.so
7f7adb384000-7f7adb385000 rw-p 0001a000 08:0a 1186449                    /usr/local/java/java-8-oracle/jre/lib/amd64/libzip.so
7f7adb385000-7f7adb390000 r-xp 00000000 08:0a 3412603                    /lib/x86_64-linux-gnu/libnss_files-2.23.so
7f7adb390000-7f7adb58f000 ---p 0000b000 08:0a 3412603                    /lib/x86_64-linux-gnu/libnss_files-2.23.so
7f7adb58f000-7f7adb590000 r--p 0000a000 08:0a 3412603                    /lib/x86_64-linux-gnu/libnss_files-2.23.so
7f7adb590000-7f7adb591000 rw-p 0000b000 08:0a 3412603                    /lib/x86_64-linux-gnu/libnss_files-2.23.so
7f7adb591000-7f7adb597000 rw-p 00000000 00:00 0 
7f7adb597000-7f7adb5a2000 r-xp 00000000 08:0a 3412613                    /lib/x86_64-linux-gnu/libnss_nis-2.23.so
7f7adb5a2000-7f7adb7a1000 ---p 0000b000 08:0a 3412613                    /lib/x86_64-linux-gnu/libnss_nis-2.23.so
7f7adb7a1000-7f7adb7a2000 r--p 0000a000 08:0a 3412613                    /lib/x86_64-linux-gnu/libnss_nis-2.23.so
7f7adb7a2000-7f7adb7a3000 rw-p 0000b000 08:0a 3412613                    /lib/x86_64-linux-gnu/libnss_nis-2.23.so
7f7adb7a3000-7f7adb7b9000 r-xp 00000000 08:0a 3412597                    /lib/x86_64-linux-gnu/libnsl-2.23.so
7f7adb7b9000-7f7adb9b8000 ---p 00016000 08:0a 3412597                    /lib/x86_64-linux-gnu/libnsl-2.23.so
7f7adb9b8000-7f7adb9b9000 r--p 00015000 08:0a 3412597                    /lib/x86_64-linux-gnu/libnsl-2.23.so
7f7adb9b9000-7f7adb9ba000 rw-p 00016000 08:0a 3412597                    /lib/x86_64-linux-gnu/libnsl-2.23.so
7f7adb9ba000-7f7adb9bc000 rw-p 00000000 00:00 0 
7f7adb9bc000-7f7adb9c4000 r-xp 00000000 08:0a 3412599                    /lib/x86_64-linux-gnu/libnss_compat-2.23.so
7f7adb9c4000-7f7adbbc3000 ---p 00008000 08:0a 3412599                    /lib/x86_64-linux-gnu/libnss_compat-2.23.so
7f7adbbc3000-7f7adbbc4000 r--p 00007000 08:0a 3412599                    /lib/x86_64-linux-gnu/libnss_compat-2.23.so
7f7adbbc4000-7f7adbbc5000 rw-p 00008000 08:0a 3412599                    /lib/x86_64-linux-gnu/libnss_compat-2.23.so
7f7adbbc5000-7f7adbbef000 r-xp 00000000 08:0a 1186444                    /usr/local/java/java-8-oracle/jre/lib/amd64/libjava.so
7f7adbbef000-7f7adbdef000 ---p 0002a000 08:0a 1186444                    /usr/local/java/java-8-oracle/jre/lib/amd64/libjava.so
7f7adbdef000-7f7adbdf1000 rw-p 0002a000 08:0a 1186444                    /usr/local/java/java-8-oracle/jre/lib/amd64/libjava.so
7f7adbdf1000-7f7adbdfe000 r-xp 00000000 08:0a 1186448                    /usr/local/java/java-8-oracle/jre/lib/amd64/libverify.so
7f7adbdfe000-7f7adbffe000 ---p 0000d000 08:0a 1186448                    /usr/local/java/java-8-oracle/jre/lib/amd64/libverify.so
7f7adbffe000-7f7adc000000 rw-p 0000d000 08:0a 1186448                    /usr/local/java/java-8-oracle/jre/lib/amd64/libverify.so
7f7adc000000-7f7adc3a0000 rw-p 00000000 00:00 0 
7f7adc3a0000-7f7ae0000000 ---p 00000000 00:00 0 
7f7ae0009000-7f7ae00c1000 rw-p 00000000 00:00 0 
7f7ae00c1000-7f7ae00c8000 r-xp 00000000 08:0a 3412658                    /lib/x86_64-linux-gnu/librt-2.23.so
7f7ae00c8000-7f7ae02c7000 ---p 00007000 08:0a 3412658                    /lib/x86_64-linux-gnu/librt-2.23.so
7f7ae02c7000-7f7ae02c8000 r--p 00006000 08:0a 3412658                    /lib/x86_64-linux-gnu/librt-2.23.so
7f7ae02c8000-7f7ae02c9000 rw-p 00007000 08:0a 3412658                    /lib/x86_64-linux-gnu/librt-2.23.so
7f7ae02c9000-7f7ae03d1000 r-xp 00000000 08:0a 3412574                    /lib/x86_64-linux-gnu/libm-2.23.so
7f7ae03d1000-7f7ae05d0000 ---p 00108000 08:0a 3412574                    /lib/x86_64-linux-gnu/libm-2.23.so
7f7ae05d0000-7f7ae05d1000 r--p 00107000 08:0a 3412574                    /lib/x86_64-linux-gnu/libm-2.23.so
7f7ae05d1000-7f7ae05d2000 rw-p 00108000 08:0a 3412574                    /lib/x86_64-linux-gnu/libm-2.23.so
7f7ae05d2000-7f7ae1291000 r-xp 00000000 08:0a 1186471                    /usr/local/java/java-8-oracle/jre/lib/amd64/server/libjvm.so
7f7ae1291000-7f7ae1490000 ---p 00cbf000 08:0a 1186471                    /usr/local/java/java-8-oracle/jre/lib/amd64/server/libjvm.so
7f7ae1490000-7f7ae1569000 rw-p 00cbe000 08:0a 1186471                    /usr/local/java/java-8-oracle/jre/lib/amd64/server/libjvm.so
7f7ae1569000-7f7ae15b2000 rw-p 00000000 00:00 0 
7f7ae15b2000-7f7ae1772000 r-xp 00000000 08:0a 3412504                    /lib/x86_64-linux-gnu/libc-2.23.so
7f7ae1772000-7f7ae1971000 ---p 001c0000 08:0a 3412504                    /lib/x86_64-linux-gnu/libc-2.23.so
7f7ae1971000-7f7ae1975000 r--p 001bf000 08:0a 3412504                    /lib/x86_64-linux-gnu/libc-2.23.so
7f7ae1975000-7f7ae1977000 rw-p 001c3000 08:0a 3412504                    /lib/x86_64-linux-gnu/libc-2.23.so
7f7ae1977000-7f7ae197b000 rw-p 00000000 00:00 0 
7f7ae197b000-7f7ae197e000 r-xp 00000000 08:0a 3412528                    /lib/x86_64-linux-gnu/libdl-2.23.so
7f7ae197e000-7f7ae1b7d000 ---p 00003000 08:0a 3412528                    /lib/x86_64-linux-gnu/libdl-2.23.so
7f7ae1b7d000-7f7ae1b7e000 r--p 00002000 08:0a 3412528                    /lib/x86_64-linux-gnu/libdl-2.23.so
7f7ae1b7e000-7f7ae1b7f000 rw-p 00003000 08:0a 3412528                    /lib/x86_64-linux-gnu/libdl-2.23.so
7f7ae1b7f000-7f7ae1b94000 r-xp 00000000 08:0a 1186059                    /usr/local/java/java-8-oracle/lib/amd64/jli/libjli.so
7f7ae1b94000-7f7ae1d94000 ---p 00015000 08:0a 1186059                    /usr/local/java/java-8-oracle/lib/amd64/jli/libjli.so
7f7ae1d94000-7f7ae1d95000 rw-p 00015000 08:0a 1186059                    /usr/local/java/java-8-oracle/lib/amd64/jli/libjli.so
7f7ae1d95000-7f7ae1dad000 r-xp 00000000 08:0a 3412650                    /lib/x86_64-linux-gnu/libpthread-2.23.so
7f7ae1dad000-7f7ae1fac000 ---p 00018000 08:0a 3412650                    /lib/x86_64-linux-gnu/libpthread-2.23.so
7f7ae1fac000-7f7ae1fad000 r--p 00017000 08:0a 3412650                    /lib/x86_64-linux-gnu/libpthread-2.23.so
7f7ae1fad000-7f7ae1fae000 rw-p 00018000 08:0a 3412650                    /lib/x86_64-linux-gnu/libpthread-2.23.so
7f7ae1fae000-7f7ae1fb2000 rw-p 00000000 00:00 0 
7f7ae1fb2000-7f7ae1fd8000 r-xp 00000000 08:0a 3412476                    /lib/x86_64-linux-gnu/ld-2.23.so
7f7ae1fde000-7f7ae20b0000 rw-p 00000000 00:00 0 
7f7ae20b0000-7f7ae20b3000 ---p 00000000 00:00 0 
7f7ae20b3000-7f7ae21b5000 rw-p 00000000 00:00 0 
7f7ae21b7000-7f7ae21cb000 rw-p 00000000 00:00 0 
7f7ae21cb000-7f7ae21d3000 rw-s 00000000 08:0a 4336008                    /tmp/hsperfdata_takmilul/8057
7f7ae21d3000-7f7ae21d4000 rw-p 00000000 00:00 0 
7f7ae21d4000-7f7ae21d5000 ---p 00000000 00:00 0 
7f7ae21d5000-7f7ae21d7000 rw-p 00000000 00:00 0 
7f7ae21d7000-7f7ae21d8000 r--p 00025000 08:0a 3412476                    /lib/x86_64-linux-gnu/ld-2.23.so
7f7ae21d8000-7f7ae21d9000 rw-p 00026000 08:0a 3412476                    /lib/x86_64-linux-gnu/ld-2.23.so
7f7ae21d9000-7f7ae21da000 rw-p 00000000 00:00 0 
7ffe3222b000-7ffe3224c000 rw-p 00000000 00:00 0                          [stack]
7ffe32297000-7ffe32299000 r--p 00000000 00:00 0                          [vvar]
7ffe32299000-7ffe3229b000 r-xp 00000000 00:00 0                          [vdso]
ffffffffff600000-ffffffffff601000 r-xp 00000000 00:00 0                  [vsyscall]

VM Arguments:
jvm_args: -Djava.awt.headless=true -Xmx1024M -Dfile.encoding=UTF-8 -Duser.country=US -Duser.language=en -Duser.variant 
java_command: com.android.dx.command.Main --dex --force-jumbo --num-threads=4 --multi-dex --output /home/takmilul/AndroidStudioProjects/Evan_Final Project and Presentation of iCare/Icare/app/build/intermediates/transforms/dex/debug/folders/1000/10/com.google.android.gms-play-services-ads-8.4.0_37a5ef140a693be56fc3beb67ab4f84c952a3d24 /home/takmilul/AndroidStudioProjects/Evan_Final Project and Presentation of iCare/Icare/app/build/intermediates/exploded-aar/com.google.android.gms/play-services-ads/8.4.0/jars/classes.jar
java_class_path (initial): /opt/Android/Sdk/build-tools/23.0.2/lib/dx.jar
Launcher Type: SUN_STANDARD

Environment Variables:
JAVA_HOME=/usr/local/java/jdk1.8.0_77
JRE_HOME=/usr/local/java/jdk1.8.0_77/jre
PATH=/usr/local/sbin:/usr/local/bin:/usr/sbin:/usr/bin:/sbin:/bin:/usr/games:/usr/local/games:/snap/bin:/usr/local/java/jdk1.8.0_77/bin:/usr/local/java/jdk1.8.0_77/jre/bin
LD_LIBRARY_PATH=/opt/android-studio/bin:
SHELL=/bin/bash
DISPLAY=:0

Signal Handlers:
SIGSEGV: [libjvm.so+0xabb070], sa_mask[0]=11111111011111111101111111111110, sa_flags=SA_RESTART|SA_SIGINFO
SIGBUS: [libjvm.so+0xabb070], sa_mask[0]=11111111011111111101111111111110, sa_flags=SA_RESTART|SA_SIGINFO
SIGFPE: [libjvm.so+0x918480], sa_mask[0]=11111111011111111101111111111110, sa_flags=SA_RESTART|SA_SIGINFO
SIGPIPE: [libjvm.so+0x918480], sa_mask[0]=11111111011111111101111111111110, sa_flags=SA_RESTART|SA_SIGINFO
SIGXFSZ: [libjvm.so+0x918480], sa_mask[0]=11111111011111111101111111111110, sa_flags=SA_RESTART|SA_SIGINFO
SIGILL: [libjvm.so+0x918480], sa_mask[0]=11111111011111111101111111111110, sa_flags=SA_RESTART|SA_SIGINFO
SIGUSR1: SIG_DFL, sa_mask[0]=00000000000000000000000000000000, sa_flags=none
SIGUSR2: [libjvm.so+0x919ab0], sa_mask[0]=00100000000000000000000000000000, sa_flags=SA_RESTART|SA_SIGINFO
SIGHUP: [libjvm.so+0x91aeb0], sa_mask[0]=11111111011111111101111111111110, sa_flags=SA_RESTART|SA_SIGINFO
SIGINT: [libjvm.so+0x91aeb0], sa_mask[0]=11111111011111111101111111111110, sa_flags=SA_RESTART|SA_SIGINFO
SIGTERM: [libjvm.so+0x91aeb0], sa_mask[0]=11111111011111111101111111111110, sa_flags=SA_RESTART|SA_SIGINFO
SIGQUIT: [libjvm.so+0x91aeb0], sa_mask[0]=11111111011111111101111111111110, sa_flags=SA_RESTART|SA_SIGINFO


---------------  S Y S T E M  ---------------

OS:DISTRIB_ID=Ubuntu
DISTRIB_RELEASE=16.04
DISTRIB_CODENAME=xenial
DISTRIB_DESCRIPTION="Ubuntu 16.04 LTS"

uname:Linux 4.4.0-22-generic #39-Ubuntu SMP Thu May 5 16:53:32 UTC 2016 x86_64
libc:glibc 2.23 NPTL 2.23 
rlimit: STACK 8192k, CORE 0k, NPROC 31466, NOFILE 65536, AS infinity
load average:22.76 7.18 2.91

/proc/meminfo:
MemTotal:        8094180 kB
MemFree:           55768 kB
MemAvailable:     101816 kB
Buffers:             448 kB
Cached:          1424144 kB
SwapCached:            0 kB
Active:          6552020 kB
Inactive:        1227188 kB
Active(anon):    6539736 kB
Inactive(anon):  1216944 kB
Active(file):      12284 kB
Inactive(file):    10244 kB
Unevictable:          48 kB
Mlocked:              48 kB
SwapTotal:             0 kB
SwapFree:              0 kB
Dirty:               496 kB
Writeback:             0 kB
AnonPages:       6355532 kB
Mapped:           450116 kB
Shmem:           1401196 kB
Slab:             127092 kB
SReclaimable:      63024 kB
SUnreclaim:        64068 kB
KernelStack:       13984 kB
PageTables:        64400 kB
NFS_Unstable:          0 kB
Bounce:                0 kB
WritebackTmp:          0 kB
CommitLimit:     4047088 kB
Committed_AS:   13996656 kB
VmallocTotal:   34359738367 kB
VmallocUsed:           0 kB
VmallocChunk:          0 kB
HardwareCorrupted:     0 kB
AnonHugePages:   2353152 kB
CmaTotal:              0 kB
CmaFree:               0 kB
HugePages_Total:       0
HugePages_Free:        0
HugePages_Rsvd:        0
HugePages_Surp:        0
Hugepagesize:       2048 kB
DirectMap4k:      259420 kB
DirectMap2M:     8048640 kB


CPU:total 4 (2 cores per cpu, 2 threads per core) family 6 model 42 stepping 7, cmov, cx8, fxsr, mmx, sse, sse2, sse3, ssse3, sse4.1, sse4.2, popcnt, avx, clmul, ht, tsc, tscinvbit

/proc/cpuinfo:
processor	: 0
vendor_id	: GenuineIntel
cpu family	: 6
model		: 42
model name	: Intel(R) Core(TM) i3-2120 CPU @ 3.30GHz
stepping	: 7
microcode	: 0x29
cpu MHz		: 1699.628
cache size	: 3072 KB
physical id	: 0
siblings	: 4
core id		: 0
cpu cores	: 2
apicid		: 0
initial apicid	: 0
fpu		: yes
fpu_exception	: yes
cpuid level	: 13
wp		: yes
flags		: fpu vme de pse tsc msr pae mce cx8 apic sep mtrr pge mca cmov pat pse36 clflush dts acpi mmx fxsr sse sse2 ss ht tm pbe syscall nx rdtscp lm constant_tsc arch_perfmon pebs bts rep_good nopl xtopology nonstop_tsc aperfmperf eagerfpu pni pclmulqdq dtes64 monitor ds_cpl vmx est tm2 ssse3 cx16 xtpr pdcm pcid sse4_1 sse4_2 popcnt tsc_deadline_timer xsave avx lahf_lm epb tpr_shadow vnmi flexpriority ept vpid xsaveopt dtherm arat pln pts
bugs		:
bogomips	: 6585.15
clflush size	: 64
cache_alignment	: 64
address sizes	: 36 bits physical, 48 bits virtual
power management:

processor	: 1
vendor_id	: GenuineIntel
cpu family	: 6
model		: 42
model name	: Intel(R) Core(TM) i3-2120 CPU @ 3.30GHz
stepping	: 7
microcode	: 0x29
cpu MHz		: 1617.902
cache size	: 3072 KB
physical id	: 0
siblings	: 4
core id		: 1
cpu cores	: 2
apicid		: 2
initial apicid	: 2
fpu		: yes
fpu_exception	: yes
cpuid level	: 13
wp		: yes
flags		: fpu vme de pse tsc msr pae mce cx8 apic sep mtrr pge mca cmov pat pse36 clflush dts acpi mmx fxsr sse sse2 ss ht tm pbe syscall nx rdtscp lm constant_tsc arch_perfmon pebs bts rep_good nopl xtopology nonstop_tsc aperfmperf eagerfpu pni pclmulqdq dtes64 monitor ds_cpl vmx est tm2 ssse3 cx16 xtpr pdcm pcid sse4_1 sse4_2 popcnt tsc_deadline_timer xsave avx lahf_lm epb tpr_shadow vnmi flexpriority ept vpid xsaveopt dtherm arat pln pts
bugs		:
bogomips	: 6585.15
clflush size	: 64
cache_alignment	: 64
address sizes	: 36 bits physical, 48 bits virtual
power management:

processor	: 2
vendor_id	: GenuineIntel
cpu family	: 6
model		: 42
model name	: Intel(R) Core(TM) i3-2120 CPU @ 3.30GHz
stepping	: 7
microcode	: 0x29
cpu MHz		: 1608.878
cache size	: 3072 KB
physical id	: 0
siblings	: 4
core id		: 0
cpu cores	: 2
apicid		: 1
initial apicid	: 1
fpu		: yes
fpu_exception	: yes
cpuid level	: 13
wp		: yes
flags		: fpu vme de pse tsc msr pae mce cx8 apic sep mtrr pge mca cmov pat pse36 clflush dts acpi mmx fxsr sse sse2 ss ht tm pbe syscall nx rdtscp lm constant_tsc arch_perfmon pebs bts rep_good nopl xtopology nonstop_tsc aperfmperf eagerfpu pni pclmulqdq dtes64 monitor ds_cpl vmx est tm2 ssse3 cx16 xtpr pdcm pcid sse4_1 sse4_2 popcnt tsc_deadline_timer xsave avx lahf_lm epb tpr_shadow vnmi flexpriority ept vpid xsaveopt dtherm arat pln pts
bugs		:
bogomips	: 6585.15
clflush size	: 64
cache_alignment	: 64
address sizes	: 36 bits physical, 48 bits virtual
power management:

processor	: 3
vendor_id	: GenuineIntel
cpu family	: 6
model		: 42
model name	: Intel(R) Core(TM) i3-2120 CPU @ 3.30GHz
stepping	: 7
microcode	: 0x29
cpu MHz		: 1689.960
cache size	: 3072 KB
physical id	: 0
siblings	: 4
core id		: 1
cpu cores	: 2
apicid		: 3
initial apicid	: 3
fpu		: yes
fpu_exception	: yes
cpuid level	: 13
wp		: yes
flags		: fpu vme de pse tsc msr pae mce cx8 apic sep mtrr pge mca cmov pat pse36 clflush dts acpi mmx fxsr sse sse2 ss ht tm pbe syscall nx rdtscp lm constant_tsc arch_perfmon pebs bts rep_good nopl xtopology nonstop_tsc aperfmperf eagerfpu pni pclmulqdq dtes64 monitor ds_cpl vmx est tm2 ssse3 cx16 xtpr pdcm pcid sse4_1 sse4_2 popcnt tsc_deadline_timer xsave avx lahf_lm epb tpr_shadow vnmi flexpriority ept vpid xsaveopt dtherm arat pln pts
bugs		:
bogomips	: 6585.15
clflush size	: 64
cache_alignment	: 64
address sizes	: 36 bits physical, 48 bits virtual
power management:



Memory: 4k page, physical 8094180k(55768k free), swap 0k(0k free)

vm_info: Java HotSpot(TM) 64-Bit Server VM (25.77-b03) for linux-amd64 JRE (1.8.0_77-b03), built on Mar 20 2016 22:00:46 by "java_re" with gcc 4.3.0 20080428 (Red Hat 4.3.0-8)

time: Thu May 12 23:11:20 2016
elapsed time: 62 seconds (0d 0h 1m 2s)

