#
# There is insufficient memory for the Java Runtime Environment to continue.
# Native memory allocation (mmap) failed to map 118489088 bytes for committing reserved memory.
# Possible reasons:
#   The system is out of physical RAM or swap space
#   In 32 bit mode, the process size limit was hit
# Possible solutions:
#   Reduce memory load on the system
#   Increase physical memory or swap space
#   Check if swap backing store is full
#   Use 64 bit Java on a 64 bit OS
#   Decrease Java heap size (-Xmx/-Xms)
#   Decrease number of Java threads
#   Decrease Java thread stack sizes (-Xss)
#   Set larger code cache with -XX:ReservedCodeCacheSize=
# This output file may be truncated or incomplete.
#
#  Out of Memory Error (os_linux.cpp:2627), pid=28777, tid=139669144581888
#
# JRE version: Java(TM) SE Runtime Environment (8.0_77-b03) (build 1.8.0_77-b03)
# Java VM: Java HotSpot(TM) 64-Bit Server VM (25.77-b03 mixed mode linux-amd64 compressed oops)
# Failed to write core dump. Core dumps have been disabled. To enable core dumping, try "ulimit -c unlimited" before starting Java again
#

---------------  T H R E A D  ---------------

Current thread (0x00007f0758078000):  VMThread [stack: 0x00007f0741afb000,0x00007f0741bfc000] [id=28805]

Stack: [0x00007f0741afb000,0x00007f0741bfc000],  sp=0x00007f0741bfa120,  free space=1020k
Native frames: (J=compiled Java code, j=interpreted, Vv=VM code, C=native code)
V  [libjvm.so+0xaba7ea]  VMError::report_and_die()+0x2ba
V  [libjvm.so+0x4f9e3b]  report_vm_out_of_memory(char const*, int, unsigned long, VMErrorType, char const*)+0x8b
V  [libjvm.so+0x91b613]  os::Linux::commit_memory_impl(char*, unsigned long, bool)+0x103
V  [libjvm.so+0x91bb69]  os::pd_commit_memory(char*, unsigned long, unsigned long, bool)+0x29
V  [libjvm.so+0x915e6a]  os::commit_memory(char*, unsigned long, unsigned long, bool)+0x2a
V  [libjvm.so+0x989543]  PSVirtualSpace::expand_by(unsigned long)+0x53
V  [libjvm.so+0x979e30]  PSOldGen::expand(unsigned long)+0x170
V  [libjvm.so+0x97a03b]  PSOldGen::resize(unsigned long)+0x1cb
V  [libjvm.so+0x981d11]  PSParallelCompact::invoke_no_policy(bool)+0x991
V  [libjvm.so+0x98766d]  PSScavenge::invoke()+0x1ad
V  [libjvm.so+0x93f300]  ParallelScavengeHeap::failed_mem_allocate(unsigned long)+0x70
V  [libjvm.so+0xabc207]  VM_ParallelGCFailedAllocation::doit()+0x97
V  [libjvm.so+0xac3c35]  VM_Operation::evaluate()+0x55
V  [libjvm.so+0xac200a]  VMThread::evaluate_operation(VM_Operation*)+0xba
V  [libjvm.so+0xac238e]  VMThread::loop()+0x1ce
V  [libjvm.so+0xac2800]  VMThread::run()+0x70
V  [libjvm.so+0x91d9d8]  java_start(Thread*)+0x108

VM_Operation (0x00007f07406dfcc0): ParallelGCFailedAllocation, mode: safepoint, requested by thread 0x00007f0758168800


---------------  P R O C E S S  ---------------

Java Threads: ( => current thread )
  0x00007f0758176000 JavaThread "pool-2-thread-4" [_thread_blocked, id=28856, stack(0x00007f07403df000,0x00007f07404e0000)]
  0x00007f075816a000 JavaThread "pool-2-thread-3" [_thread_blocked, id=28855, stack(0x00007f07404e0000,0x00007f07405e1000)]
  0x00007f0758168800 JavaThread "pool-2-thread-2" [_thread_blocked, id=28854, stack(0x00007f07405e1000,0x00007f07406e2000)]
  0x00007f0758163800 JavaThread "pool-3-thread-1" [_thread_blocked, id=28853, stack(0x00007f07406e2000,0x00007f07407e3000)]
  0x00007f0758161000 JavaThread "pool-2-thread-1" [_thread_blocked, id=28852, stack(0x00007f07407e3000,0x00007f07408e4000)]
  0x00007f07580c0000 JavaThread "Service Thread" daemon [_thread_blocked, id=28833, stack(0x00007f07409e5000,0x00007f0740ae6000)]
  0x00007f07580bd000 JavaThread "C1 CompilerThread2" daemon [_thread_blocked, id=28831, stack(0x00007f0740ae6000,0x00007f0740be7000)]
  0x00007f07580bb800 JavaThread "C2 CompilerThread1" daemon [_thread_blocked, id=28828, stack(0x00007f0740be7000,0x00007f0740ce8000)]
  0x00007f07580b8800 JavaThread "C2 CompilerThread0" daemon [_thread_blocked, id=28827, stack(0x00007f0740ce8000,0x00007f0740de9000)]
  0x00007f07580b7000 JavaThread "Signal Dispatcher" daemon [_thread_blocked, id=28826, stack(0x00007f0740de9000,0x00007f0740eea000)]
  0x00007f0758084000 JavaThread "Finalizer" daemon [_thread_blocked, id=28811, stack(0x00007f07418f9000,0x00007f07419fa000)]
  0x00007f075807f800 JavaThread "Reference Handler" daemon [_thread_blocked, id=28809, stack(0x00007f07419fa000,0x00007f0741afb000)]
  0x00007f075800a000 JavaThread "main" [_thread_blocked, id=28784, stack(0x00007f076027d000,0x00007f076037e000)]

Other Threads:
=>0x00007f0758078000 VMThread [stack: 0x00007f0741afb000,0x00007f0741bfc000] [id=28805]
  0x00007f07580c3000 WatcherThread [stack: 0x00007f07408e4000,0x00007f07409e5000] [id=28835]

VM state:at safepoint (normal execution)

VM Mutex/Monitor currently owned by a thread:  ([mutex/lock_event])
[0x00007f0758006000] ExpandHeap_lock - owner thread: 0x00007f0758078000
[0x00007f0758006680] Threads_lock - owner thread: 0x00007f0758078000
[0x00007f0758006b80] Heap_lock - owner thread: 0x00007f0758168800

Heap:
 PSYoungGen      total 286720K, used 25354K [0x00000000eab00000, 0x0000000100000000, 0x0000000100000000)
  eden space 248320K, 0% used [0x00000000eab00000,0x00000000eab00000,0x00000000f9d80000)
  from space 38400K, 66% used [0x00000000f9d80000,0x00000000fb642a10,0x00000000fc300000)
  to   space 62464K, 0% used [0x00000000fc300000,0x00000000fc300000,0x0000000100000000)
 ParOldGen       total 156672K, used 156356K [0x00000000c0000000, 0x00000000c9900000, 0x00000000eab00000)
  object space 156672K, 99% used [0x00000000c0000000,0x00000000c98b1180,0x00000000c9900000)
 Metaspace       used 6447K, capacity 7256K, committed 7424K, reserved 1056768K
  class space    used 613K, capacity 656K, committed 768K, reserved 1048576K

Card table byte_map: [0x00007f075ce37000,0x00007f075d038000] byte_map_base: 0x00007f075c837000

Marking Bits: (ParMarkBitMap*) 0x00007f075f754100
 Begin Bits: [0x00007f0742000000, 0x00007f0743000000)
 End Bits:   [0x00007f0743000000, 0x00007f0744000000)

Polling page: 0x00007f07603a1000

CodeCache: size=245760Kb used=8059Kb max_used=8059Kb free=237700Kb
 bounds [0x00007f0749000000, 0x00007f07497f0000, 0x00007f0758000000]
 total_blobs=2291 nmethods=2022 adapters=182
 compilation: enabled

Compilation events (10 events):
Event: 19.586 Thread 0x00007f07580bd000 2410   !   2       com.android.dx.command.dexer.Main::processFileBytes (265 bytes)
Event: 19.589 Thread 0x00007f07580bd000 nmethod 2410 0x00007f07497db2d0 code [0x00007f07497db5a0, 0x00007f07497dc818]
Event: 19.916 Thread 0x00007f07580bd000 2411       2       com.android.dx.util.ListIntSet::<init> (23 bytes)
Event: 19.916 Thread 0x00007f07580bd000 nmethod 2411 0x00007f07497dd810 code [0x00007f07497dd9c0, 0x00007f07497ddd38]
Event: 19.919 Thread 0x00007f07580bd000 2412 %     2       com.android.dx.ssa.DomFront::calcDomFronts @ 10 (154 bytes)
Event: 19.920 Thread 0x00007f07580bd000 nmethod 2412% 0x00007f07497ddf90 code [0x00007f07497de180, 0x00007f07497de788]
Event: 19.920 Thread 0x00007f07580bd000 2413       2       com.android.dx.ssa.DomFront::calcDomFronts (154 bytes)
Event: 19.921 Thread 0x00007f07580bd000 nmethod 2413 0x00007f07497def10 code [0x00007f07497df100, 0x00007f07497df648]
Event: 19.921 Thread 0x00007f07580bd000 2414 %     2       com.android.dx.ssa.SsaConverter::placePhiFunctions @ 103 (394 bytes)
Event: 19.928 Thread 0x00007f07580bd000 nmethod 2414% 0x00007f07497dfd90 code [0x00007f07497e0180, 0x00007f07497e1968]

GC Heap History (10 events):
Event: 5.798 GC heap after
Heap after GC invocations=3 (full 0):
 PSYoungGen      total 68608K, used 5088K [0x00000000eab00000, 0x00000000f3100000, 0x0000000100000000)
  eden space 63488K, 0% used [0x00000000eab00000,0x00000000eab00000,0x00000000ee900000)
  from space 5120K, 99% used [0x00000000ee900000,0x00000000eedf8028,0x00000000eee00000)
  to   space 5120K, 0% used [0x00000000f2c00000,0x00000000f2c00000,0x00000000f3100000)
 ParOldGen       total 84992K, used 10796K [0x00000000c0000000, 0x00000000c5300000, 0x00000000eab00000)
  object space 84992K, 12% used [0x00000000c0000000,0x00000000c0a8b020,0x00000000c5300000)
 Metaspace       used 5869K, capacity 6832K, committed 7040K, reserved 1056768K
  class space    used 592K, capacity 616K, committed 640K, reserved 1048576K
}
Event: 6.724 GC heap before
{Heap before GC invocations=4 (full 0):
 PSYoungGen      total 68608K, used 68576K [0x00000000eab00000, 0x00000000f3100000, 0x0000000100000000)
  eden space 63488K, 100% used [0x00000000eab00000,0x00000000ee900000,0x00000000ee900000)
  from space 5120K, 99% used [0x00000000ee900000,0x00000000eedf8028,0x00000000eee00000)
  to   space 5120K, 0% used [0x00000000f2c00000,0x00000000f2c00000,0x00000000f3100000)
 ParOldGen       total 84992K, used 10796K [0x00000000c0000000, 0x00000000c5300000, 0x00000000eab00000)
  object space 84992K, 12% used [0x00000000c0000000,0x00000000c0a8b020,0x00000000c5300000)
 Metaspace       used 6022K, capacity 6936K, committed 7168K, reserved 1056768K
  class space    used 612K, capacity 656K, committed 768K, reserved 1048576K
Event: 6.877 GC heap after
Heap after GC invocations=4 (full 0):
 PSYoungGen      total 132096K, used 5088K [0x00000000eab00000, 0x00000000f3100000, 0x0000000100000000)
  eden space 126976K, 0% used [0x00000000eab00000,0x00000000eab00000,0x00000000f2700000)
  from space 5120K, 99% used [0x00000000f2c00000,0x00000000f30f8028,0x00000000f3100000)
  to   space 5120K, 0% used [0x00000000f2700000,0x00000000f2700000,0x00000000f2c00000)
 ParOldGen       total 84992K, used 19737K [0x00000000c0000000, 0x00000000c5300000, 0x00000000eab00000)
  object space 84992K, 23% used [0x00000000c0000000,0x00000000c1346768,0x00000000c5300000)
 Metaspace       used 6022K, capacity 6936K, committed 7168K, reserved 1056768K
  class space    used 612K, capacity 656K, committed 768K, reserved 1048576K
}
Event: 9.594 GC heap before
{Heap before GC invocations=5 (full 0):
 PSYoungGen      total 132096K, used 132064K [0x00000000eab00000, 0x00000000f3100000, 0x0000000100000000)
  eden space 126976K, 100% used [0x00000000eab00000,0x00000000f2700000,0x00000000f2700000)
  from space 5120K, 99% used [0x00000000f2c00000,0x00000000f30f8028,0x00000000f3100000)
  to   space 5120K, 0% used [0x00000000f2700000,0x00000000f2700000,0x00000000f2c00000)
 ParOldGen       total 84992K, used 19737K [0x00000000c0000000, 0x00000000c5300000, 0x00000000eab00000)
  object space 84992K, 23% used [0x00000000c0000000,0x00000000c1346768,0x00000000c5300000)
 Metaspace       used 6258K, capacity 7128K, committed 7424K, reserved 1056768K
  class space    used 612K, capacity 656K, committed 768K, reserved 1048576K
Event: 9.888 GC heap after
Heap after GC invocations=5 (full 0):
 PSYoungGen      total 132096K, used 5105K [0x00000000eab00000, 0x00000000fe300000, 0x0000000100000000)
  eden space 126976K, 0% used [0x00000000eab00000,0x00000000eab00000,0x00000000f2700000)
  from space 5120K, 99% used [0x00000000f2700000,0x00000000f2bfc610,0x00000000f2c00000)
  to   space 32768K, 0% used [0x00000000fc300000,0x00000000fc300000,0x00000000fe300000)
 ParOldGen       total 84992K, used 47529K [0x00000000c0000000, 0x00000000c5300000, 0x00000000eab00000)
  object space 84992K, 55% used [0x00000000c0000000,0x00000000c2e6a418,0x00000000c5300000)
 Metaspace       used 6258K, capacity 7128K, committed 7424K, reserved 1056768K
  class space    used 612K, capacity 656K, committed 768K, reserved 1048576K
}
Event: 16.834 GC heap before
{Heap before GC invocations=6 (full 0):
 PSYoungGen      total 132096K, used 132081K [0x00000000eab00000, 0x00000000fe300000, 0x0000000100000000)
  eden space 126976K, 100% used [0x00000000eab00000,0x00000000f2700000,0x00000000f2700000)
  from space 5120K, 99% used [0x00000000f2700000,0x00000000f2bfc610,0x00000000f2c00000)
  to   space 32768K, 0% used [0x00000000fc300000,0x00000000fc300000,0x00000000fe300000)
 ParOldGen       total 84992K, used 47529K [0x00000000c0000000, 0x00000000c5300000, 0x00000000eab00000)
  object space 84992K, 55% used [0x00000000c0000000,0x00000000c2e6a418,0x00000000c5300000)
 Metaspace       used 6434K, capacity 7256K, committed 7424K, reserved 1056768K
  class space    used 612K, capacity 656K, committed 768K, reserved 1048576K
Event: 17.348 GC heap after
Heap after GC invocations=6 (full 0):
 PSYoungGen      total 281088K, used 29042K [0x00000000eab00000, 0x00000000fee00000, 0x0000000100000000)
  eden space 248320K, 0% used [0x00000000eab00000,0x00000000eab00000,0x00000000f9d80000)
  from space 32768K, 88% used [0x00000000fc300000,0x00000000fdf5c908,0x00000000fe300000)
  to   space 38400K, 0% used [0x00000000f9d80000,0x00000000f9d80000,0x00000000fc300000)
 ParOldGen       total 84992K, used 47529K [0x00000000c0000000, 0x00000000c5300000, 0x00000000eab00000)
  object space 84992K, 55% used [0x00000000c0000000,0x00000000c2e6a418,0x00000000c5300000)
 Metaspace       used 6434K, capacity 7256K, committed 7424K, reserved 1056768K
  class space    used 612K, capacity 656K, committed 768K, reserved 1048576K
}
Event: 19.954 GC heap before
{Heap before GC invocations=7 (full 0):
 PSYoungGen      total 281088K, used 277362K [0x00000000eab00000, 0x00000000fee00000, 0x0000000100000000)
  eden space 248320K, 100% used [0x00000000eab00000,0x00000000f9d80000,0x00000000f9d80000)
  from space 32768K, 88% used [0x00000000fc300000,0x00000000fdf5c908,0x00000000fe300000)
  to   space 38400K, 0% used [0x00000000f9d80000,0x00000000f9d80000,0x00000000fc300000)
 ParOldGen       total 84992K, used 47529K [0x00000000c0000000, 0x00000000c5300000, 0x00000000eab00000)
  object space 84992K, 55% used [0x00000000c0000000,0x00000000c2e6a418,0x00000000c5300000)
 Metaspace       used 6447K, capacity 7256K, committed 7424K, reserved 1056768K
  class space    used 613K, capacity 656K, committed 768K, reserved 1048576K
Event: 20.872 GC heap after
Heap after GC invocations=7 (full 0):
 PSYoungGen      total 286720K, used 38391K [0x00000000eab00000, 0x0000000100000000, 0x0000000100000000)
  eden space 248320K, 0% used [0x00000000eab00000,0x00000000eab00000,0x00000000f9d80000)
  from space 38400K, 99% used [0x00000000f9d80000,0x00000000fc2fdff8,0x00000000fc300000)
  to   space 62464K, 0% used [0x00000000fc300000,0x00000000fc300000,0x0000000100000000)
 ParOldGen       total 156672K, used 156579K [0x00000000c0000000, 0x00000000c9900000, 0x00000000eab00000)
  object space 156672K, 99% used [0x00000000c0000000,0x00000000c98e8e58,0x00000000c9900000)
 Metaspace       used 6447K, capacity 7256K, committed 7424K, reserved 1056768K
  class space    used 613K, capacity 656K, committed 768K, reserved 1048576K
}
Event: 20.893 GC heap before
{Heap before GC invocations=8 (full 1):
 PSYoungGen      total 286720K, used 38391K [0x00000000eab00000, 0x0000000100000000, 0x0000000100000000)
  eden space 248320K, 0% used [0x00000000eab00000,0x00000000eab00000,0x00000000f9d80000)
  from space 38400K, 99% used [0x00000000f9d80000,0x00000000fc2fdff8,0x00000000fc300000)
  to   space 62464K, 0% used [0x00000000fc300000,0x00000000fc300000,0x0000000100000000)
 ParOldGen       total 156672K, used 156579K [0x00000000c0000000, 0x00000000c9900000, 0x00000000eab00000)
  object space 156672K, 99% used [0x00000000c0000000,0x00000000c98e8e58,0x00000000c9900000)
 Metaspace       used 6447K, capacity 7256K, committed 7424K, reserved 1056768K
  class space    used 613K, capacity 656K, committed 768K, reserved 1048576K

Deoptimization events (10 events):
Event: 5.905 Thread 0x00007f0758168800 Uncommon trap: reason=unstable_if action=reinterpret pc=0x00007f0749302738 method=java.util.HashMap.putVal(ILjava/lang/Object;Ljava/lang/Object;ZZ)Ljava/lang/Object; @ 162
Event: 5.989 Thread 0x00007f075800a000 Uncommon trap: reason=unstable_if action=reinterpret pc=0x00007f074921f4f0 method=java.util.HashMap.getNode(ILjava/lang/Object;)Ljava/util/HashMap$Node; @ 84
Event: 6.058 Thread 0x00007f0758176000 Uncommon trap: reason=bimorphic action=maybe_recompile pc=0x00007f074928166c method=java.util.HashMap.getNode(ILjava/lang/Object;)Ljava/util/HashMap$Node; @ 126
Event: 6.058 Thread 0x00007f0758176000 Uncommon trap: reason=bimorphic action=maybe_recompile pc=0x00007f074928166c method=java.util.HashMap.getNode(ILjava/lang/Object;)Ljava/util/HashMap$Node; @ 126
Event: 8.971 Thread 0x00007f075800a000 Uncommon trap: reason=bimorphic action=maybe_recompile pc=0x00007f074960c2a4 method=com.android.dx.cf.code.BytecodeArray.parseInstruction(ILcom/android/dx/cf/code/BytecodeArray$Visitor;)I @ 1130
Event: 8.971 Thread 0x00007f075800a000 Uncommon trap: reason=bimorphic action=maybe_recompile pc=0x00007f074960b0bc method=com.android.dx.cf.code.BytecodeArray.parseInstruction(ILcom/android/dx/cf/code/BytecodeArray$Visitor;)I @ 2135
Event: 8.972 Thread 0x00007f075800a000 Uncommon trap: reason=bimorphic action=maybe_recompile pc=0x00007f074960c2a4 method=com.android.dx.cf.code.BytecodeArray.parseInstruction(ILcom/android/dx/cf/code/BytecodeArray$Visitor;)I @ 1130
Event: 8.972 Thread 0x00007f075800a000 Uncommon trap: reason=bimorphic action=maybe_recompile pc=0x00007f074960b0bc method=com.android.dx.cf.code.BytecodeArray.parseInstruction(ILcom/android/dx/cf/code/BytecodeArray$Visitor;)I @ 2135
Event: 10.942 Thread 0x00007f075800a000 Uncommon trap: reason=unstable_if action=reinterpret pc=0x00007f07494e92f8 method=com.android.dx.ssa.SCCP.simulateStmt(Lcom/android/dx/ssa/SsaInsn;)V @ 59
Event: 13.512 Thread 0x00007f075800a000 Uncommon trap: reason=unstable_if action=reinterpret pc=0x00007f074970ef38 method=com.android.dx.cf.code.ByteCatchList.typeNotFound(Lcom/android/dx/cf/code/ByteCatchList$Item;[Lcom/android/dx/cf/code/ByteCatchList$Item;I)Z @ 34

Internal exceptions (5 events):
Event: 0.082 Thread 0x00007f075800a000 Exception <a 'java/lang/NoSuchMethodError': Method sun.misc.Unsafe.defineClass(Ljava/lang/String;[BII)Ljava/lang/Class; name or signature does not match> (0x00000000eab07cc0) thrown at [/HUDSON/workspace/8-2-build-linux-amd64/jdk8u77/6540/hotspot/src/shar
Event: 0.082 Thread 0x00007f075800a000 Exception <a 'java/lang/NoSuchMethodError': Method sun.misc.Unsafe.prefetchRead(Ljava/lang/Object;J)V name or signature does not match> (0x00000000eab07fa8) thrown at [/HUDSON/workspace/8-2-build-linux-amd64/jdk8u77/6540/hotspot/src/share/vm/prims/jni.cpp
Event: 5.955 Thread 0x00007f0758168800 Exception <a 'java/lang/ArrayIndexOutOfBoundsException': 18> (0x00000000eb2b82c8) thrown at [/HUDSON/workspace/8-2-build-linux-amd64/jdk8u77/6540/hotspot/src/share/vm/interpreter/interpreterRuntime.cpp, line 366]
Event: 5.955 Thread 0x00007f0758168800 Exception <a 'java/lang/ArrayIndexOutOfBoundsException': 145> (0x00000000eb2b9e48) thrown at [/HUDSON/workspace/8-2-build-linux-amd64/jdk8u77/6540/hotspot/src/share/vm/interpreter/interpreterRuntime.cpp, line 366]
Event: 5.968 Thread 0x00007f0758168800 Exception <a 'java/lang/ArrayIndexOutOfBoundsException': 40> (0x00000000eb2bb130) thrown at [/HUDSON/workspace/8-2-build-linux-amd64/jdk8u77/6540/hotspot/src/share/vm/interpreter/interpreterRuntime.cpp, line 366]

Events (10 events):
Event: 19.408 Thread 0x00007f0758168800 DEOPT UNPACKING pc=0x00007f0749047633 sp=0x00007f07406dfb30 mode 0
Event: 19.423 Thread 0x00007f075800a000 DEOPT PACKING pc=0x00007f0749451671 sp=0x00007f076037b800
Event: 19.423 Thread 0x00007f075800a000 DEOPT UNPACKING pc=0x00007f0749047633 sp=0x00007f076037b560 mode 0
Event: 19.440 Thread 0x00007f075816a000 DEOPT PACKING pc=0x00007f07493a506c sp=0x00007f07405df0b0
Event: 19.440 Thread 0x00007f075816a000 DEOPT UNPACKING pc=0x00007f0749047633 sp=0x00007f07405dedb0 mode 0
Event: 19.845 loading class com/android/dx/util/ListIntSet
Event: 19.845 loading class com/android/dx/util/ListIntSet done
Event: 19.900 Executing VM operation: Deoptimize
Event: 19.914 Executing VM operation: Deoptimize done
Event: 19.940 Executing VM operation: ParallelGCFailedAllocation


Dynamic libraries:
00400000-00401000 r-xp 00000000 08:0a 927274                             /usr/local/java/java-8-oracle/bin/java
00600000-00601000 rw-p 00000000 08:0a 927274                             /usr/local/java/java-8-oracle/bin/java
00ba2000-00bc3000 rw-p 00000000 00:00 0                                  [heap]
c0000000-c9900000 rw-p 00000000 00:00 0 
d0a00000-eab00000 ---p 00000000 00:00 0 
eab00000-100000000 rw-p 00000000 00:00 0 
100000000-1000c0000 rw-p 00000000 00:00 0 
1000c0000-140000000 ---p 00000000 00:00 0 
7f06fc000000-7f06fc021000 rw-p 00000000 00:00 0 
7f06fc021000-7f0700000000 ---p 00000000 00:00 0 
7f0700000000-7f0700029000 rw-p 00000000 00:00 0 
7f0700029000-7f0704000000 ---p 00000000 00:00 0 
7f0704000000-7f0704021000 rw-p 00000000 00:00 0 
7f0704021000-7f0708000000 ---p 00000000 00:00 0 
7f0708000000-7f0708021000 rw-p 00000000 00:00 0 
7f0708021000-7f070c000000 ---p 00000000 00:00 0 
7f070c000000-7f070c021000 rw-p 00000000 00:00 0 
7f070c021000-7f0710000000 ---p 00000000 00:00 0 
7f0710000000-7f071002b000 rw-p 00000000 00:00 0 
7f071002b000-7f0714000000 ---p 00000000 00:00 0 
7f0714000000-7f0714ad4000 rw-p 00000000 00:00 0 
7f0714ad4000-7f0718000000 ---p 00000000 00:00 0 
7f0718000000-7f0718021000 rw-p 00000000 00:00 0 
7f0718021000-7f071c000000 ---p 00000000 00:00 0 
7f071c000000-7f071d0b2000 rw-p 00000000 00:00 0 
7f071d0b2000-7f0720000000 ---p 00000000 00:00 0 
7f0720000000-7f07211a4000 rw-p 00000000 00:00 0 
7f07211a4000-7f0724000000 ---p 00000000 00:00 0 
7f0724000000-7f0724021000 rw-p 00000000 00:00 0 
7f0724021000-7f0728000000 ---p 00000000 00:00 0 
7f0728000000-7f0728021000 rw-p 00000000 00:00 0 
7f0728021000-7f072c000000 ---p 00000000 00:00 0 
7f072c000000-7f072c2a7000 rw-p 00000000 00:00 0 
7f072c2a7000-7f0730000000 ---p 00000000 00:00 0 
7f0730000000-7f0730021000 rw-p 00000000 00:00 0 
7f0730021000-7f0734000000 ---p 00000000 00:00 0 
7f0734000000-7f0734021000 rw-p 00000000 00:00 0 
7f0734021000-7f0738000000 ---p 00000000 00:00 0 
7f0738000000-7f0738021000 rw-p 00000000 00:00 0 
7f0738021000-7f073c000000 ---p 00000000 00:00 0 
7f073c000000-7f073c021000 rw-p 00000000 00:00 0 
7f073c021000-7f0740000000 ---p 00000000 00:00 0 
7f07403df000-7f07403e2000 ---p 00000000 00:00 0 
7f07403e2000-7f07404e0000 rw-p 00000000 00:00 0 
7f07404e0000-7f07404e3000 ---p 00000000 00:00 0 
7f07404e3000-7f07405e1000 rw-p 00000000 00:00 0 
7f07405e1000-7f07405e4000 ---p 00000000 00:00 0 
7f07405e4000-7f07406e2000 rw-p 00000000 00:00 0 
7f07406e2000-7f07406e5000 ---p 00000000 00:00 0 
7f07406e5000-7f07407e3000 rw-p 00000000 00:00 0 
7f07407e3000-7f07407e6000 ---p 00000000 00:00 0 
7f07407e6000-7f07408e4000 rw-p 00000000 00:00 0 
7f07408e4000-7f07408e5000 ---p 00000000 00:00 0 
7f07408e5000-7f07409e5000 rw-p 00000000 00:00 0 
7f07409e5000-7f07409e8000 ---p 00000000 00:00 0 
7f07409e8000-7f0740ae6000 rw-p 00000000 00:00 0 
7f0740ae6000-7f0740ae9000 ---p 00000000 00:00 0 
7f0740ae9000-7f0740be7000 rw-p 00000000 00:00 0 
7f0740be7000-7f0740bea000 ---p 00000000 00:00 0 
7f0740bea000-7f0740ce8000 rw-p 00000000 00:00 0 
7f0740ce8000-7f0740ceb000 ---p 00000000 00:00 0 
7f0740ceb000-7f0740de9000 rw-p 00000000 00:00 0 
7f0740de9000-7f0740dec000 ---p 00000000 00:00 0 
7f0740dec000-7f0740eea000 rw-p 00000000 00:00 0 
7f0740eea000-7f07418f9000 r--p 00000000 08:0a 793913                     /usr/lib/locale/locale-archive
7f07418f9000-7f07418fc000 ---p 00000000 00:00 0 
7f07418fc000-7f07419fa000 rw-p 00000000 00:00 0 
7f07419fa000-7f07419fd000 ---p 00000000 00:00 0 
7f07419fd000-7f0741afb000 rw-p 00000000 00:00 0 
7f0741afb000-7f0741afc000 ---p 00000000 00:00 0 
7f0741afc000-7f0744000000 rw-p 00000000 00:00 0 
7f0744000000-7f0744021000 rw-p 00000000 00:00 0 
7f0744021000-7f0748000000 ---p 00000000 00:00 0 
7f07480b1000-7f07480c9000 r--s 000f5000 08:0a 657847                     /home/takmilul/AndroidStudioProjects/Evan_Final Project and Presentation of iCare/Icare/app/build/intermediates/exploded-aar/com.google.android.gms/play-services-ads/8.4.0/jars/classes.jar
7f07480c9000-7f07480d8000 r--s 000df000 08:0a 3818871                    /opt/Android/Sdk/build-tools/23.0.2/lib/dx.jar
7f07480d8000-7f0748e80000 rw-p 00000000 00:00 0 
7f0748e80000-7f0749000000 ---p 00000000 00:00 0 
7f0749000000-7f07497f0000 rwxp 00000000 00:00 0 
7f07497f0000-7f0758000000 ---p 00000000 00:00 0 
7f0758000000-7f0758390000 rw-p 00000000 00:00 0 
7f0758390000-7f075c000000 ---p 00000000 00:00 0 
7f075c007000-7f075c48f000 rw-p 00000000 00:00 0 
7f075c48f000-7f075c667000 r--s 03d1e000 08:0a 1186168                    /usr/local/java/java-8-oracle/jre/lib/rt.jar
7f075c667000-7f075c8dd000 rw-p 00000000 00:00 0 
7f075c8dd000-7f075c8de000 ---p 00000000 00:00 0 
7f075c8de000-7f075c9de000 rw-p 00000000 00:00 0 
7f075c9de000-7f075c9df000 ---p 00000000 00:00 0 
7f075c9df000-7f075cadf000 rw-p 00000000 00:00 0 
7f075cadf000-7f075cae0000 ---p 00000000 00:00 0 
7f075cae0000-7f075cbe0000 rw-p 00000000 00:00 0 
7f075cbe0000-7f075cbe1000 ---p 00000000 00:00 0 
7f075cbe1000-7f075cd2e000 rw-p 00000000 00:00 0 
7f075cd2e000-7f075ce37000 ---p 00000000 00:00 0 
7f075ce37000-7f075ce84000 rw-p 00000000 00:00 0 
7f075ce84000-7f075cf8c000 ---p 00000000 00:00 0 
7f075cf8c000-7f075d037000 rw-p 00000000 00:00 0 
7f075d037000-7f075d058000 rw-p 00000000 00:00 0 
7f075d058000-7f075d3f8000 ---p 00000000 00:00 0 
7f075d3f8000-7f075d412000 r-xp 00000000 08:0a 1186449                    /usr/local/java/java-8-oracle/jre/lib/amd64/libzip.so
7f075d412000-7f075d612000 ---p 0001a000 08:0a 1186449                    /usr/local/java/java-8-oracle/jre/lib/amd64/libzip.so
7f075d612000-7f075d613000 rw-p 0001a000 08:0a 1186449                    /usr/local/java/java-8-oracle/jre/lib/amd64/libzip.so
7f075d613000-7f075d61e000 r-xp 00000000 08:0a 3412603                    /lib/x86_64-linux-gnu/libnss_files-2.23.so
7f075d61e000-7f075d81d000 ---p 0000b000 08:0a 3412603                    /lib/x86_64-linux-gnu/libnss_files-2.23.so
7f075d81d000-7f075d81e000 r--p 0000a000 08:0a 3412603                    /lib/x86_64-linux-gnu/libnss_files-2.23.so
7f075d81e000-7f075d81f000 rw-p 0000b000 08:0a 3412603                    /lib/x86_64-linux-gnu/libnss_files-2.23.so
7f075d81f000-7f075d825000 rw-p 00000000 00:00 0 
7f075d825000-7f075d830000 r-xp 00000000 08:0a 3412613                    /lib/x86_64-linux-gnu/libnss_nis-2.23.so
7f075d830000-7f075da2f000 ---p 0000b000 08:0a 3412613                    /lib/x86_64-linux-gnu/libnss_nis-2.23.so
7f075da2f000-7f075da30000 r--p 0000a000 08:0a 3412613                    /lib/x86_64-linux-gnu/libnss_nis-2.23.so
7f075da30000-7f075da31000 rw-p 0000b000 08:0a 3412613                    /lib/x86_64-linux-gnu/libnss_nis-2.23.so
7f075da31000-7f075da47000 r-xp 00000000 08:0a 3412597                    /lib/x86_64-linux-gnu/libnsl-2.23.so
7f075da47000-7f075dc46000 ---p 00016000 08:0a 3412597                    /lib/x86_64-linux-gnu/libnsl-2.23.so
7f075dc46000-7f075dc47000 r--p 00015000 08:0a 3412597                    /lib/x86_64-linux-gnu/libnsl-2.23.so
7f075dc47000-7f075dc48000 rw-p 00016000 08:0a 3412597                    /lib/x86_64-linux-gnu/libnsl-2.23.so
7f075dc48000-7f075dc4a000 rw-p 00000000 00:00 0 
7f075dc4a000-7f075dc52000 r-xp 00000000 08:0a 3412599                    /lib/x86_64-linux-gnu/libnss_compat-2.23.so
7f075dc52000-7f075de51000 ---p 00008000 08:0a 3412599                    /lib/x86_64-linux-gnu/libnss_compat-2.23.so
7f075de51000-7f075de52000 r--p 00007000 08:0a 3412599                    /lib/x86_64-linux-gnu/libnss_compat-2.23.so
7f075de52000-7f075de53000 rw-p 00008000 08:0a 3412599                    /lib/x86_64-linux-gnu/libnss_compat-2.23.so
7f075de53000-7f075de7d000 r-xp 00000000 08:0a 1186444                    /usr/local/java/java-8-oracle/jre/lib/amd64/libjava.so
7f075de7d000-7f075e07d000 ---p 0002a000 08:0a 1186444                    /usr/local/java/java-8-oracle/jre/lib/amd64/libjava.so
7f075e07d000-7f075e07f000 rw-p 0002a000 08:0a 1186444                    /usr/local/java/java-8-oracle/jre/lib/amd64/libjava.so
7f075e07f000-7f075e08c000 r-xp 00000000 08:0a 1186448                    /usr/local/java/java-8-oracle/jre/lib/amd64/libverify.so
7f075e08c000-7f075e28c000 ---p 0000d000 08:0a 1186448                    /usr/local/java/java-8-oracle/jre/lib/amd64/libverify.so
7f075e28c000-7f075e28e000 rw-p 0000d000 08:0a 1186448                    /usr/local/java/java-8-oracle/jre/lib/amd64/libverify.so
7f075e28e000-7f075e295000 r-xp 00000000 08:0a 3412658                    /lib/x86_64-linux-gnu/librt-2.23.so
7f075e295000-7f075e494000 ---p 00007000 08:0a 3412658                    /lib/x86_64-linux-gnu/librt-2.23.so
7f075e494000-7f075e495000 r--p 00006000 08:0a 3412658                    /lib/x86_64-linux-gnu/librt-2.23.so
7f075e495000-7f075e496000 rw-p 00007000 08:0a 3412658                    /lib/x86_64-linux-gnu/librt-2.23.so
7f075e496000-7f075e59e000 r-xp 00000000 08:0a 3412574                    /lib/x86_64-linux-gnu/libm-2.23.so
7f075e59e000-7f075e79d000 ---p 00108000 08:0a 3412574                    /lib/x86_64-linux-gnu/libm-2.23.so
7f075e79d000-7f075e79e000 r--p 00107000 08:0a 3412574                    /lib/x86_64-linux-gnu/libm-2.23.so
7f075e79e000-7f075e79f000 rw-p 00108000 08:0a 3412574                    /lib/x86_64-linux-gnu/libm-2.23.so
7f075e79f000-7f075f45e000 r-xp 00000000 08:0a 1186471                    /usr/local/java/java-8-oracle/jre/lib/amd64/server/libjvm.so
7f075f45e000-7f075f65d000 ---p 00cbf000 08:0a 1186471                    /usr/local/java/java-8-oracle/jre/lib/amd64/server/libjvm.so
7f075f65d000-7f075f736000 rw-p 00cbe000 08:0a 1186471                    /usr/local/java/java-8-oracle/jre/lib/amd64/server/libjvm.so
7f075f736000-7f075f77f000 rw-p 00000000 00:00 0 
7f075f77f000-7f075f93f000 r-xp 00000000 08:0a 3412504                    /lib/x86_64-linux-gnu/libc-2.23.so
7f075f93f000-7f075fb3e000 ---p 001c0000 08:0a 3412504                    /lib/x86_64-linux-gnu/libc-2.23.so
7f075fb3e000-7f075fb42000 r--p 001bf000 08:0a 3412504                    /lib/x86_64-linux-gnu/libc-2.23.so
7f075fb42000-7f075fb44000 rw-p 001c3000 08:0a 3412504                    /lib/x86_64-linux-gnu/libc-2.23.so
7f075fb44000-7f075fb48000 rw-p 00000000 00:00 0 
7f075fb48000-7f075fb4b000 r-xp 00000000 08:0a 3412528                    /lib/x86_64-linux-gnu/libdl-2.23.so
7f075fb4b000-7f075fd4a000 ---p 00003000 08:0a 3412528                    /lib/x86_64-linux-gnu/libdl-2.23.so
7f075fd4a000-7f075fd4b000 r--p 00002000 08:0a 3412528                    /lib/x86_64-linux-gnu/libdl-2.23.so
7f075fd4b000-7f075fd4c000 rw-p 00003000 08:0a 3412528                    /lib/x86_64-linux-gnu/libdl-2.23.so
7f075fd4c000-7f075fd61000 r-xp 00000000 08:0a 1186059                    /usr/local/java/java-8-oracle/lib/amd64/jli/libjli.so
7f075fd61000-7f075ff61000 ---p 00015000 08:0a 1186059                    /usr/local/java/java-8-oracle/lib/amd64/jli/libjli.so
7f075ff61000-7f075ff62000 rw-p 00015000 08:0a 1186059                    /usr/local/java/java-8-oracle/lib/amd64/jli/libjli.so
7f075ff62000-7f075ff7a000 r-xp 00000000 08:0a 3412650                    /lib/x86_64-linux-gnu/libpthread-2.23.so
7f075ff7a000-7f0760179000 ---p 00018000 08:0a 3412650                    /lib/x86_64-linux-gnu/libpthread-2.23.so
7f0760179000-7f076017a000 r--p 00017000 08:0a 3412650                    /lib/x86_64-linux-gnu/libpthread-2.23.so
7f076017a000-7f076017b000 rw-p 00018000 08:0a 3412650                    /lib/x86_64-linux-gnu/libpthread-2.23.so
7f076017b000-7f076017f000 rw-p 00000000 00:00 0 
7f076017f000-7f07601a5000 r-xp 00000000 08:0a 3412476                    /lib/x86_64-linux-gnu/ld-2.23.so
7f07601ab000-7f076027d000 rw-p 00000000 00:00 0 
7f076027d000-7f0760280000 ---p 00000000 00:00 0 
7f0760280000-7f0760382000 rw-p 00000000 00:00 0 
7f0760384000-7f0760398000 rw-p 00000000 00:00 0 
7f0760398000-7f07603a0000 rw-s 00000000 08:0a 4325977                    /tmp/hsperfdata_takmilul/28777
7f07603a0000-7f07603a1000 rw-p 00000000 00:00 0 
7f07603a1000-7f07603a2000 ---p 00000000 00:00 0 
7f07603a2000-7f07603a4000 rw-p 00000000 00:00 0 
7f07603a4000-7f07603a5000 r--p 00025000 08:0a 3412476                    /lib/x86_64-linux-gnu/ld-2.23.so
7f07603a5000-7f07603a6000 rw-p 00026000 08:0a 3412476                    /lib/x86_64-linux-gnu/ld-2.23.so
7f07603a6000-7f07603a7000 rw-p 00000000 00:00 0 
7ffc7e80c000-7ffc7e82d000 rw-p 00000000 00:00 0                          [stack]
7ffc7e9f3000-7ffc7e9f5000 r--p 00000000 00:00 0                          [vvar]
7ffc7e9f5000-7ffc7e9f7000 r-xp 00000000 00:00 0                          [vdso]
ffffffffff600000-ffffffffff601000 r-xp 00000000 00:00 0                  [vsyscall]

VM Arguments:
jvm_args: -Djava.awt.headless=true -Xmx1024M -Dfile.encoding=UTF-8 -Duser.country=US -Duser.language=en -Duser.variant 
java_command: com.android.dx.command.Main --dex --force-jumbo --num-threads=4 --multi-dex --output /home/takmilul/AndroidStudioProjects/Evan_Final Project and Presentation of iCare/Icare/app/build/intermediates/transforms/dex/debug/folders/1000/10/com.google.android.gms-play-services-ads-8.4.0_37a5ef140a693be56fc3beb67ab4f84c952a3d24 /home/takmilul/AndroidStudioProjects/Evan_Final Project and Presentation of iCare/Icare/app/build/intermediates/exploded-aar/com.google.android.gms/play-services-ads/8.4.0/jars/classes.jar
java_class_path (initial): /opt/Android/Sdk/build-tools/23.0.2/lib/dx.jar
Launcher Type: SUN_STANDARD

Environment Variables:
JAVA_HOME=/usr/local/java/jdk1.8.0_77
JRE_HOME=/usr/local/java/jdk1.8.0_77/jre
PATH=/usr/local/sbin:/usr/local/bin:/usr/sbin:/usr/bin:/sbin:/bin:/usr/games:/usr/local/games:/snap/bin:/usr/local/java/jdk1.8.0_77/bin:/usr/local/java/jdk1.8.0_77/jre/bin
LD_LIBRARY_PATH=/opt/android-studio/bin:
SHELL=/bin/bash
DISPLAY=:0

Signal Handlers:
SIGSEGV: [libjvm.so+0xabb070], sa_mask[0]=11111111011111111101111111111110, sa_flags=SA_RESTART|SA_SIGINFO
SIGBUS: [libjvm.so+0xabb070], sa_mask[0]=11111111011111111101111111111110, sa_flags=SA_RESTART|SA_SIGINFO
SIGFPE: [libjvm.so+0x918480], sa_mask[0]=11111111011111111101111111111110, sa_flags=SA_RESTART|SA_SIGINFO
SIGPIPE: [libjvm.so+0x918480], sa_mask[0]=11111111011111111101111111111110, sa_flags=SA_RESTART|SA_SIGINFO
SIGXFSZ: [libjvm.so+0x918480], sa_mask[0]=11111111011111111101111111111110, sa_flags=SA_RESTART|SA_SIGINFO
SIGILL: [libjvm.so+0x918480], sa_mask[0]=11111111011111111101111111111110, sa_flags=SA_RESTART|SA_SIGINFO
SIGUSR1: SIG_DFL, sa_mask[0]=00000000000000000000000000000000, sa_flags=none
SIGUSR2: [libjvm.so+0x919ab0], sa_mask[0]=00100000000000000000000000000000, sa_flags=SA_RESTART|SA_SIGINFO
SIGHUP: [libjvm.so+0x91aeb0], sa_mask[0]=11111111011111111101111111111110, sa_flags=SA_RESTART|SA_SIGINFO
SIGINT: [libjvm.so+0x91aeb0], sa_mask[0]=11111111011111111101111111111110, sa_flags=SA_RESTART|SA_SIGINFO
SIGTERM: [libjvm.so+0x91aeb0], sa_mask[0]=11111111011111111101111111111110, sa_flags=SA_RESTART|SA_SIGINFO
SIGQUIT: [libjvm.so+0x91aeb0], sa_mask[0]=11111111011111111101111111111110, sa_flags=SA_RESTART|SA_SIGINFO


---------------  S Y S T E M  ---------------

OS:DISTRIB_ID=Ubuntu
DISTRIB_RELEASE=16.04
DISTRIB_CODENAME=xenial
DISTRIB_DESCRIPTION="Ubuntu 16.04 LTS"

uname:Linux 4.4.0-22-generic #39-Ubuntu SMP Thu May 5 16:53:32 UTC 2016 x86_64
libc:glibc 2.23 NPTL 2.23 
rlimit: STACK 8192k, CORE 0k, NPROC 31466, NOFILE 65536, AS infinity
load average:20.57 15.22 9.34

/proc/meminfo:
MemTotal:        8094180 kB
MemFree:           52804 kB
MemAvailable:      84716 kB
Buffers:             340 kB
Cached:           871408 kB
SwapCached:            0 kB
Active:          7060912 kB
Inactive:         732028 kB
Active(anon):    7050380 kB
Inactive(anon):   720616 kB
Active(file):      10532 kB
Inactive(file):    11412 kB
Unevictable:          48 kB
Mlocked:              48 kB
SwapTotal:             0 kB
SwapFree:              0 kB
Dirty:               120 kB
Writeback:             0 kB
AnonPages:       6922248 kB
Mapped:           312836 kB
Shmem:            848796 kB
Slab:             100784 kB
SReclaimable:      49180 kB
SUnreclaim:        51604 kB
KernelStack:       13552 kB
PageTables:        70344 kB
NFS_Unstable:          0 kB
Bounce:                0 kB
WritebackTmp:          0 kB
CommitLimit:     4047088 kB
Committed_AS:   14296888 kB
VmallocTotal:   34359738367 kB
VmallocUsed:           0 kB
VmallocChunk:          0 kB
HardwareCorrupted:     0 kB
AnonHugePages:   3149824 kB
CmaTotal:              0 kB
CmaFree:               0 kB
HugePages_Total:       0
HugePages_Free:        0
HugePages_Rsvd:        0
HugePages_Surp:        0
Hugepagesize:       2048 kB
DirectMap4k:      216412 kB
DirectMap2M:     8091648 kB


CPU:total 4 (2 cores per cpu, 2 threads per core) family 6 model 42 stepping 7, cmov, cx8, fxsr, mmx, sse, sse2, sse3, ssse3, sse4.1, sse4.2, popcnt, avx, clmul, ht, tsc, tscinvbit

/proc/cpuinfo:
processor	: 0
vendor_id	: GenuineIntel
cpu family	: 6
model		: 42
model name	: Intel(R) Core(TM) i3-2120 CPU @ 3.30GHz
stepping	: 7
microcode	: 0x29
cpu MHz		: 3299.871
cache size	: 3072 KB
physical id	: 0
siblings	: 4
core id		: 0
cpu cores	: 2
apicid		: 0
initial apicid	: 0
fpu		: yes
fpu_exception	: yes
cpuid level	: 13
wp		: yes
flags		: fpu vme de pse tsc msr pae mce cx8 apic sep mtrr pge mca cmov pat pse36 clflush dts acpi mmx fxsr sse sse2 ss ht tm pbe syscall nx rdtscp lm constant_tsc arch_perfmon pebs bts rep_good nopl xtopology nonstop_tsc aperfmperf eagerfpu pni pclmulqdq dtes64 monitor ds_cpl vmx est tm2 ssse3 cx16 xtpr pdcm pcid sse4_1 sse4_2 popcnt tsc_deadline_timer xsave avx lahf_lm epb tpr_shadow vnmi flexpriority ept vpid xsaveopt dtherm arat pln pts
bugs		:
bogomips	: 6584.73
clflush size	: 64
cache_alignment	: 64
address sizes	: 36 bits physical, 48 bits virtual
power management:

processor	: 1
vendor_id	: GenuineIntel
cpu family	: 6
model		: 42
model name	: Intel(R) Core(TM) i3-2120 CPU @ 3.30GHz
stepping	: 7
microcode	: 0x29
cpu MHz		: 3299.871
cache size	: 3072 KB
physical id	: 0
siblings	: 4
core id		: 1
cpu cores	: 2
apicid		: 2
initial apicid	: 2
fpu		: yes
fpu_exception	: yes
cpuid level	: 13
wp		: yes
flags		: fpu vme de pse tsc msr pae mce cx8 apic sep mtrr pge mca cmov pat pse36 clflush dts acpi mmx fxsr sse sse2 ss ht tm pbe syscall nx rdtscp lm constant_tsc arch_perfmon pebs bts rep_good nopl xtopology nonstop_tsc aperfmperf eagerfpu pni pclmulqdq dtes64 monitor ds_cpl vmx est tm2 ssse3 cx16 xtpr pdcm pcid sse4_1 sse4_2 popcnt tsc_deadline_timer xsave avx lahf_lm epb tpr_shadow vnmi flexpriority ept vpid xsaveopt dtherm arat pln pts
bugs		:
bogomips	: 6584.73
clflush size	: 64
cache_alignment	: 64
address sizes	: 36 bits physical, 48 bits virtual
power management:

processor	: 2
vendor_id	: GenuineIntel
cpu family	: 6
model		: 42
model name	: Intel(R) Core(TM) i3-2120 CPU @ 3.30GHz
stepping	: 7
microcode	: 0x29
cpu MHz		: 3299.871
cache size	: 3072 KB
physical id	: 0
siblings	: 4
core id		: 0
cpu cores	: 2
apicid		: 1
initial apicid	: 1
fpu		: yes
fpu_exception	: yes
cpuid level	: 13
wp		: yes
flags		: fpu vme de pse tsc msr pae mce cx8 apic sep mtrr pge mca cmov pat pse36 clflush dts acpi mmx fxsr sse sse2 ss ht tm pbe syscall nx rdtscp lm constant_tsc arch_perfmon pebs bts rep_good nopl xtopology nonstop_tsc aperfmperf eagerfpu pni pclmulqdq dtes64 monitor ds_cpl vmx est tm2 ssse3 cx16 xtpr pdcm pcid sse4_1 sse4_2 popcnt tsc_deadline_timer xsave avx lahf_lm epb tpr_shadow vnmi flexpriority ept vpid xsaveopt dtherm arat pln pts
bugs		:
bogomips	: 6584.73
clflush size	: 64
cache_alignment	: 64
address sizes	: 36 bits physical, 48 bits virtual
power management:

processor	: 3
vendor_id	: GenuineIntel
cpu family	: 6
model		: 42
model name	: Intel(R) Core(TM) i3-2120 CPU @ 3.30GHz
stepping	: 7
microcode	: 0x29
cpu MHz		: 3301.031
cache size	: 3072 KB
physical id	: 0
siblings	: 4
core id		: 1
cpu cores	: 2
apicid		: 3
initial apicid	: 3
fpu		: yes
fpu_exception	: yes
cpuid level	: 13
wp		: yes
flags		: fpu vme de pse tsc msr pae mce cx8 apic sep mtrr pge mca cmov pat pse36 clflush dts acpi mmx fxsr sse sse2 ss ht tm pbe syscall nx rdtscp lm constant_tsc arch_perfmon pebs bts rep_good nopl xtopology nonstop_tsc aperfmperf eagerfpu pni pclmulqdq dtes64 monitor ds_cpl vmx est tm2 ssse3 cx16 xtpr pdcm pcid sse4_1 sse4_2 popcnt tsc_deadline_timer xsave avx lahf_lm epb tpr_shadow vnmi flexpriority ept vpid xsaveopt dtherm arat pln pts
bugs		:
bogomips	: 6584.73
clflush size	: 64
cache_alignment	: 64
address sizes	: 36 bits physical, 48 bits virtual
power management:



Memory: 4k page, physical 8094180k(52804k free), swap 0k(0k free)

vm_info: Java HotSpot(TM) 64-Bit Server VM (25.77-b03) for linux-amd64 JRE (1.8.0_77-b03), built on Mar 20 2016 22:00:46 by "java_re" with gcc 4.3.0 20080428 (Red Hat 4.3.0-8)

time: Mon May  9 14:37:15 2016
elapsed time: 47 seconds (0d 0h 0m 47s)

