#
# There is insufficient memory for the Java Runtime Environment to continue.
# Native memory allocation (mmap) failed to map 183500800 bytes for committing reserved memory.
# Possible reasons:
#   The system is out of physical RAM or swap space
#   In 32 bit mode, the process size limit was hit
# Possible solutions:
#   Reduce memory load on the system
#   Increase physical memory or swap space
#   Check if swap backing store is full
#   Use 64 bit Java on a 64 bit OS
#   Decrease Java heap size (-Xmx/-Xms)
#   Decrease number of Java threads
#   Decrease Java thread stack sizes (-Xss)
#   Set larger code cache with -XX:ReservedCodeCacheSize=
# This output file may be truncated or incomplete.
#
#  Out of Memory Error (os_linux.cpp:2627), pid=1393, tid=140557123946240
#
# JRE version: Java(TM) SE Runtime Environment (8.0_77-b03) (build 1.8.0_77-b03)
# Java VM: Java HotSpot(TM) 64-Bit Server VM (25.77-b03 mixed mode linux-amd64 compressed oops)
# Failed to write core dump. Core dumps have been disabled. To enable core dumping, try "ulimit -c unlimited" before starting Java again
#

---------------  T H R E A D  ---------------

Current thread (0x00007fd614078000):  VMThread [stack: 0x00007fd601618000,0x00007fd601719000] [id=1402]

Stack: [0x00007fd601618000,0x00007fd601719000],  sp=0x00007fd6017170a0,  free space=1020k
Native frames: (J=compiled Java code, j=interpreted, Vv=VM code, C=native code)
V  [libjvm.so+0xaba7ea]  VMError::report_and_die()+0x2ba
V  [libjvm.so+0x4f9e3b]  report_vm_out_of_memory(char const*, int, unsigned long, VMErrorType, char const*)+0x8b
V  [libjvm.so+0x91b613]  os::Linux::commit_memory_impl(char*, unsigned long, bool)+0x103
V  [libjvm.so+0x91bb69]  os::pd_commit_memory(char*, unsigned long, unsigned long, bool)+0x29
V  [libjvm.so+0x915e6a]  os::commit_memory(char*, unsigned long, unsigned long, bool)+0x2a
V  [libjvm.so+0x989543]  PSVirtualSpace::expand_by(unsigned long)+0x53
V  [libjvm.so+0x98a948]  PSYoungGen::resize_generation(unsigned long, unsigned long)+0xf8
V  [libjvm.so+0x989aa2]  PSYoungGen::resize(unsigned long, unsigned long)+0x22
V  [libjvm.so+0x986d7b]  PSScavenge::invoke_no_policy()+0xf3b
V  [libjvm.so+0x987501]  PSScavenge::invoke()+0x41
V  [libjvm.so+0x93f300]  ParallelScavengeHeap::failed_mem_allocate(unsigned long)+0x70
V  [libjvm.so+0xabc207]  VM_ParallelGCFailedAllocation::doit()+0x97
V  [libjvm.so+0xac3c35]  VM_Operation::evaluate()+0x55
V  [libjvm.so+0xac200a]  VMThread::evaluate_operation(VM_Operation*)+0xba
V  [libjvm.so+0xac238e]  VMThread::loop()+0x1ce
V  [libjvm.so+0xac2800]  VMThread::run()+0x70
V  [libjvm.so+0x91d9d8]  java_start(Thread*)+0x108

VM_Operation (0x00007fd5c3ffdd10): ParallelGCFailedAllocation, mode: safepoint, requested by thread 0x00007fd61414d000


---------------  P R O C E S S  ---------------

Java Threads: ( => current thread )
  0x00007fd61414e800 JavaThread "pool-2-thread-4" [_thread_blocked, id=1415, stack(0x00007fd5c3dfe000,0x00007fd5c3eff000)]
  0x00007fd61414d000 JavaThread "pool-2-thread-3" [_thread_blocked, id=1414, stack(0x00007fd5c3eff000,0x00007fd5c4000000)]
  0x00007fd614149000 JavaThread "pool-2-thread-2" [_thread_blocked, id=1413, stack(0x00007fd6000fe000,0x00007fd6001ff000)]
  0x00007fd614138800 JavaThread "pool-3-thread-1" [_thread_blocked, id=1412, stack(0x00007fd6001ff000,0x00007fd600300000)]
  0x00007fd614136800 JavaThread "pool-2-thread-1" [_thread_blocked, id=1411, stack(0x00007fd600300000,0x00007fd600401000)]
  0x00007fd6140c0000 JavaThread "Service Thread" daemon [_thread_blocked, id=1409, stack(0x00007fd600502000,0x00007fd600603000)]
  0x00007fd6140bd000 JavaThread "C1 CompilerThread2" daemon [_thread_blocked, id=1408, stack(0x00007fd600603000,0x00007fd600704000)]
  0x00007fd6140bb800 JavaThread "C2 CompilerThread1" daemon [_thread_blocked, id=1407, stack(0x00007fd600704000,0x00007fd600805000)]
  0x00007fd6140b8800 JavaThread "C2 CompilerThread0" daemon [_thread_blocked, id=1406, stack(0x00007fd600805000,0x00007fd600906000)]
  0x00007fd6140b7000 JavaThread "Signal Dispatcher" daemon [_thread_blocked, id=1405, stack(0x00007fd600906000,0x00007fd600a07000)]
  0x00007fd614084000 JavaThread "Finalizer" daemon [_thread_blocked, id=1404, stack(0x00007fd601416000,0x00007fd601517000)]
  0x00007fd61407f800 JavaThread "Reference Handler" daemon [_thread_blocked, id=1403, stack(0x00007fd601517000,0x00007fd601618000)]
  0x00007fd61400a000 JavaThread "main" [_thread_blocked, id=1395, stack(0x00007fd61bd0d000,0x00007fd61be0e000)]

Other Threads:
=>0x00007fd614078000 VMThread [stack: 0x00007fd601618000,0x00007fd601719000] [id=1402]
  0x00007fd6140c3000 WatcherThread [stack: 0x00007fd600401000,0x00007fd600502000] [id=1410]

VM state:at safepoint (normal execution)

VM Mutex/Monitor currently owned by a thread:  ([mutex/lock_event])
[0x00007fd614006680] Threads_lock - owner thread: 0x00007fd614078000
[0x00007fd614006b80] Heap_lock - owner thread: 0x00007fd61414d000

Heap:
 PSYoungGen      total 132096K, used 5108K [0x00000000eab00000, 0x00000000f3100000, 0x0000000100000000)
  eden space 126976K, 0% used [0x00000000eab00000,0x00000000eab00000,0x00000000f2700000)
  from space 5120K, 99% used [0x00000000f2700000,0x00000000f2bfd230,0x00000000f2c00000)
  to   space 5120K, 0% used [0x00000000f2c00000,0x00000000f2c00000,0x00000000f3100000)
 ParOldGen       total 84992K, used 48874K [0x00000000c0000000, 0x00000000c5300000, 0x00000000eab00000)
  object space 84992K, 57% used [0x00000000c0000000,0x00000000c2fba810,0x00000000c5300000)
 Metaspace       used 6133K, capacity 7088K, committed 7296K, reserved 1056768K
  class space    used 593K, capacity 616K, committed 640K, reserved 1048576K

Card table byte_map: [0x00007fd6188c7000,0x00007fd618ac8000] byte_map_base: 0x00007fd6182c7000

Marking Bits: (ParMarkBitMap*) 0x00007fd61b1e4100
 Begin Bits: [0x00007fd603000000, 0x00007fd604000000)
 End Bits:   [0x00007fd604000000, 0x00007fd605000000)

Polling page: 0x00007fd61be31000

CodeCache: size=245760Kb used=6720Kb max_used=6720Kb free=239039Kb
 bounds [0x00007fd605000000, 0x00007fd6056a0000, 0x00007fd614000000]
 total_blobs=1902 nmethods=1633 adapters=182
 compilation: enabled

Compilation events (10 events):
Event: 9.809 Thread 0x00007fd6140bd000 nmethod 1909 0x00007fd60568f210 code [0x00007fd60568f3e0, 0x00007fd60568fa48]
Event: 9.809 Thread 0x00007fd6140bd000 2055 %     3       com.android.dx.ssa.SCCP::<init> @ 113 (142 bytes)
Event: 9.813 Thread 0x00007fd6140bd000 nmethod 2055% 0x00007fd60568fed0 code [0x00007fd605690140, 0x00007fd6056912c8]
Event: 9.813 Thread 0x00007fd6140bd000 2070       3       com.android.dx.ssa.SsaConverter::edgeSplitPredecessors (44 bytes)
Event: 9.813 Thread 0x00007fd6140bd000 nmethod 2070 0x00007fd605691bd0 code [0x00007fd605691de0, 0x00007fd6056927a8]
Event: 9.814 Thread 0x00007fd6140bd000 2066       3       com.android.dx.ssa.back.FirstFitLocalCombiningAllocator::handleUnassociatedParameters (60 bytes)
Event: 9.814 Thread 0x00007fd6140bd000 nmethod 2066 0x00007fd605692d50 code [0x00007fd605692f20, 0x00007fd605693598]
Event: 9.814 Thread 0x00007fd6140bd000 2059       2       com.android.dx.rop.type.Prototype::makeParameterArray (131 bytes)
Event: 9.815 Thread 0x00007fd6140bd000 nmethod 2059 0x00007fd605693810 code [0x00007fd605693a00, 0x00007fd605693fb8]
Event: 9.815 Thread 0x00007fd6140bd000 2056   !   2       com.android.dx.cf.direct.StdAttributeFactory::parseLocalVariables (274 bytes)

GC Heap History (9 events):
Event: 2.919 GC heap before
{Heap before GC invocations=1 (full 0):
 PSYoungGen      total 36864K, used 31744K [0x00000000eab00000, 0x00000000ed400000, 0x0000000100000000)
  eden space 31744K, 100% used [0x00000000eab00000,0x00000000eca00000,0x00000000eca00000)
  from space 5120K, 0% used [0x00000000ecf00000,0x00000000ecf00000,0x00000000ed400000)
  to   space 5120K, 0% used [0x00000000eca00000,0x00000000eca00000,0x00000000ecf00000)
 ParOldGen       total 84992K, used 0K [0x00000000c0000000, 0x00000000c5300000, 0x00000000eab00000)
  object space 84992K, 0% used [0x00000000c0000000,0x00000000c0000000,0x00000000c5300000)
 Metaspace       used 5641K, capacity 6640K, committed 6784K, reserved 1056768K
  class space    used 585K, capacity 616K, committed 640K, reserved 1048576K
Event: 3.047 GC heap after
Heap after GC invocations=1 (full 0):
 PSYoungGen      total 36864K, used 4929K [0x00000000eab00000, 0x00000000ef300000, 0x0000000100000000)
  eden space 31744K, 0% used [0x00000000eab00000,0x00000000eab00000,0x00000000eca00000)
  from space 5120K, 96% used [0x00000000eca00000,0x00000000eced06b0,0x00000000ecf00000)
  to   space 5120K, 0% used [0x00000000eee00000,0x00000000eee00000,0x00000000ef300000)
 ParOldGen       total 84992K, used 0K [0x00000000c0000000, 0x00000000c5300000, 0x00000000eab00000)
  object space 84992K, 0% used [0x00000000c0000000,0x00000000c0000000,0x00000000c5300000)
 Metaspace       used 5641K, capacity 6640K, committed 6784K, reserved 1056768K
  class space    used 585K, capacity 616K, committed 640K, reserved 1048576K
}
Event: 4.444 GC heap before
{Heap before GC invocations=2 (full 0):
 PSYoungGen      total 36864K, used 36673K [0x00000000eab00000, 0x00000000ef300000, 0x0000000100000000)
  eden space 31744K, 100% used [0x00000000eab00000,0x00000000eca00000,0x00000000eca00000)
  from space 5120K, 96% used [0x00000000eca00000,0x00000000eced06b0,0x00000000ecf00000)
  to   space 5120K, 0% used [0x00000000eee00000,0x00000000eee00000,0x00000000ef300000)
 ParOldGen       total 84992K, used 0K [0x00000000c0000000, 0x00000000c5300000, 0x00000000eab00000)
  object space 84992K, 0% used [0x00000000c0000000,0x00000000c0000000,0x00000000c5300000)
 Metaspace       used 5752K, capacity 6768K, committed 7040K, reserved 1056768K
  class space    used 586K, capacity 616K, committed 640K, reserved 1048576K
Event: 4.550 GC heap after
Heap after GC invocations=2 (full 0):
 PSYoungGen      total 68608K, used 5095K [0x00000000eab00000, 0x00000000ef300000, 0x0000000100000000)
  eden space 63488K, 0% used [0x00000000eab00000,0x00000000eab00000,0x00000000ee900000)
  from space 5120K, 99% used [0x00000000eee00000,0x00000000ef2f9c60,0x00000000ef300000)
  to   space 5120K, 0% used [0x00000000ee900000,0x00000000ee900000,0x00000000eee00000)
 ParOldGen       total 84992K, used 2116K [0x00000000c0000000, 0x00000000c5300000, 0x00000000eab00000)
  object space 84992K, 2% used [0x00000000c0000000,0x00000000c0211350,0x00000000c5300000)
 Metaspace       used 5752K, capacity 6768K, committed 7040K, reserved 1056768K
  class space    used 586K, capacity 616K, committed 640K, reserved 1048576K
}
Event: 6.209 GC heap before
{Heap before GC invocations=3 (full 0):
 PSYoungGen      total 68608K, used 68583K [0x00000000eab00000, 0x00000000ef300000, 0x0000000100000000)
  eden space 63488K, 100% used [0x00000000eab00000,0x00000000ee900000,0x00000000ee900000)
  from space 5120K, 99% used [0x00000000eee00000,0x00000000ef2f9c60,0x00000000ef300000)
  to   space 5120K, 0% used [0x00000000ee900000,0x00000000ee900000,0x00000000eee00000)
 ParOldGen       total 84992K, used 2116K [0x00000000c0000000, 0x00000000c5300000, 0x00000000eab00000)
  object space 84992K, 2% used [0x00000000c0000000,0x00000000c0211350,0x00000000c5300000)
 Metaspace       used 5900K, capacity 6896K, committed 7040K, reserved 1056768K
  class space    used 591K, capacity 616K, committed 640K, reserved 1048576K
Event: 6.343 GC heap after
Heap after GC invocations=3 (full 0):
 PSYoungGen      total 68608K, used 5103K [0x00000000eab00000, 0x00000000f3100000, 0x0000000100000000)
  eden space 63488K, 0% used [0x00000000eab00000,0x00000000eab00000,0x00000000ee900000)
  from space 5120K, 99% used [0x00000000ee900000,0x00000000eedfbf50,0x00000000eee00000)
  to   space 5120K, 0% used [0x00000000f2c00000,0x00000000f2c00000,0x00000000f3100000)
 ParOldGen       total 84992K, used 13459K [0x00000000c0000000, 0x00000000c5300000, 0x00000000eab00000)
  object space 84992K, 15% used [0x00000000c0000000,0x00000000c0d24f00,0x00000000c5300000)
 Metaspace       used 5900K, capacity 6896K, committed 7040K, reserved 1056768K
  class space    used 591K, capacity 616K, committed 640K, reserved 1048576K
}
Event: 7.388 GC heap before
{Heap before GC invocations=4 (full 0):
 PSYoungGen      total 68608K, used 68591K [0x00000000eab00000, 0x00000000f3100000, 0x0000000100000000)
  eden space 63488K, 100% used [0x00000000eab00000,0x00000000ee900000,0x00000000ee900000)
  from space 5120K, 99% used [0x00000000ee900000,0x00000000eedfbf50,0x00000000eee00000)
  to   space 5120K, 0% used [0x00000000f2c00000,0x00000000f2c00000,0x00000000f3100000)
 ParOldGen       total 84992K, used 13459K [0x00000000c0000000, 0x00000000c5300000, 0x00000000eab00000)
  object space 84992K, 15% used [0x00000000c0000000,0x00000000c0d24f00,0x00000000c5300000)
 Metaspace       used 5944K, capacity 6960K, committed 7040K, reserved 1056768K
  class space    used 592K, capacity 616K, committed 640K, reserved 1048576K
Event: 7.538 GC heap after
Heap after GC invocations=4 (full 0):
 PSYoungGen      total 132096K, used 5108K [0x00000000eab00000, 0x00000000f3100000, 0x0000000100000000)
  eden space 126976K, 0% used [0x00000000eab00000,0x00000000eab00000,0x00000000f2700000)
  from space 5120K, 99% used [0x00000000f2c00000,0x00000000f30fd220,0x00000000f3100000)
  to   space 5120K, 0% used [0x00000000f2700000,0x00000000f2700000,0x00000000f2c00000)
 ParOldGen       total 84992K, used 27362K [0x00000000c0000000, 0x00000000c5300000, 0x00000000eab00000)
  object space 84992K, 32% used [0x00000000c0000000,0x00000000c1ab8b58,0x00000000c5300000)
 Metaspace       used 5944K, capacity 6960K, committed 7040K, reserved 1056768K
  class space    used 592K, capacity 616K, committed 640K, reserved 1048576K
}
Event: 9.873 GC heap before
{Heap before GC invocations=5 (full 0):
 PSYoungGen      total 132096K, used 132084K [0x00000000eab00000, 0x00000000f3100000, 0x0000000100000000)
  eden space 126976K, 100% used [0x00000000eab00000,0x00000000f2700000,0x00000000f2700000)
  from space 5120K, 99% used [0x00000000f2c00000,0x00000000f30fd220,0x00000000f3100000)
  to   space 5120K, 0% used [0x00000000f2700000,0x00000000f2700000,0x00000000f2c00000)
 ParOldGen       total 84992K, used 27362K [0x00000000c0000000, 0x00000000c5300000, 0x00000000eab00000)
  object space 84992K, 32% used [0x00000000c0000000,0x00000000c1ab8b58,0x00000000c5300000)
 Metaspace       used 6133K, capacity 7088K, committed 7296K, reserved 1056768K
  class space    used 593K, capacity 616K, committed 640K, reserved 1048576K

Deoptimization events (10 events):
Event: 3.957 Thread 0x00007fd61414d000 Uncommon trap: reason=null_check action=make_not_entrant pc=0x00007fd605201920 method=com.android.dx.rop.type.Type.equals(Ljava/lang/Object;)Z @ 8
Event: 3.960 Thread 0x00007fd61414e800 Uncommon trap: reason=bimorphic action=maybe_recompile pc=0x00007fd605223174 method=java.util.HashMap.getNode(ILjava/lang/Object;)Ljava/util/HashMap$Node; @ 126
Event: 5.206 Thread 0x00007fd61414e800 Uncommon trap: reason=unstable_if action=reinterpret pc=0x00007fd605390fe8 method=com.android.dx.util.LabeledList.set(ILcom/android/dx/util/LabeledItem;)V @ 16
Event: 6.403 Thread 0x00007fd61400a000 Uncommon trap: reason=unstable_if action=reinterpret pc=0x00007fd6052ec7bc method=com.android.dx.ssa.SsaMethod.updateOneDefinition(Lcom/android/dx/ssa/SsaInsn;Lcom/android/dx/rop/code/RegisterSpec;)V @ 4
Event: 6.667 Thread 0x00007fd61400a000 Uncommon trap: reason=null_check action=make_not_entrant pc=0x00007fd605297174 method=com.android.dx.ssa.SsaRenamer.getLocalForNewReg(I)Lcom/android/dx/rop/code/LocalItem; @ 19
Event: 6.688 Thread 0x00007fd61400a000 Uncommon trap: reason=null_check action=make_not_entrant pc=0x00007fd6052a2fe8 method=com.android.dx.ssa.SsaRenamer.getLocalForNewReg(I)Lcom/android/dx/rop/code/LocalItem; @ 19
Event: 9.448 Thread 0x00007fd61400a000 Uncommon trap: reason=bimorphic action=maybe_recompile pc=0x00007fd6054d3ba4 method=com.android.dx.cf.code.BytecodeArray.parseInstruction(ILcom/android/dx/cf/code/BytecodeArray$Visitor;)I @ 2281
Event: 9.448 Thread 0x00007fd61400a000 Uncommon trap: reason=bimorphic action=maybe_recompile pc=0x00007fd6054d3ba4 method=com.android.dx.cf.code.BytecodeArray.parseInstruction(ILcom/android/dx/cf/code/BytecodeArray$Visitor;)I @ 2281
Event: 9.449 Thread 0x00007fd61400a000 Uncommon trap: reason=bimorphic action=maybe_recompile pc=0x00007fd6054d3ba4 method=com.android.dx.cf.code.BytecodeArray.parseInstruction(ILcom/android/dx/cf/code/BytecodeArray$Visitor;)I @ 2281
Event: 9.449 Thread 0x00007fd61400a000 Uncommon trap: reason=bimorphic action=maybe_recompile pc=0x00007fd6054d3ba4 method=com.android.dx.cf.code.BytecodeArray.parseInstruction(ILcom/android/dx/cf/code/BytecodeArray$Visitor;)I @ 2281

Internal exceptions (5 events):
Event: 0.089 Thread 0x00007fd61400a000 Exception <a 'java/lang/NoSuchMethodError': Method sun.misc.Unsafe.defineClass(Ljava/lang/String;[BII)Ljava/lang/Class; name or signature does not match> (0x00000000eab07cc0) thrown at [/HUDSON/workspace/8-2-build-linux-amd64/jdk8u77/6540/hotspot/src/shar
Event: 0.089 Thread 0x00007fd61400a000 Exception <a 'java/lang/NoSuchMethodError': Method sun.misc.Unsafe.prefetchRead(Ljava/lang/Object;J)V name or signature does not match> (0x00000000eab07fa8) thrown at [/HUDSON/workspace/8-2-build-linux-amd64/jdk8u77/6540/hotspot/src/share/vm/prims/jni.cpp
Event: 3.956 Thread 0x00007fd61414d000 Implicit null exception at 0x00007fd605201822 to 0x00007fd605201913
Event: 6.667 Thread 0x00007fd61400a000 Implicit null exception at 0x00007fd6052955a2 to 0x00007fd60529712d
Event: 6.688 Thread 0x00007fd61400a000 Implicit null exception at 0x00007fd6052a0f08 to 0x00007fd6052a2fc9

Events (10 events):
Event: 9.572 Thread 0x00007fd61400a000 DEOPT UNPACKING pc=0x00007fd605047633 sp=0x00007fd61be0b5b0 mode 0
Event: 9.592 Thread 0x00007fd61400a000 DEOPT PACKING pc=0x00007fd60552d4ea sp=0x00007fd61be0b9d0
Event: 9.592 Thread 0x00007fd61400a000 DEOPT UNPACKING pc=0x00007fd605047633 sp=0x00007fd61be0b730 mode 0
Event: 9.644 Thread 0x00007fd61414e800 DEOPT PACKING pc=0x00007fd6054ce235 sp=0x00007fd5c3efd230
Event: 9.644 Thread 0x00007fd61414e800 DEOPT UNPACKING pc=0x00007fd605047633 sp=0x00007fd5c3efcfa8 mode 0
Event: 9.793 Thread 0x00007fd61414d000 DEOPT PACKING pc=0x00007fd60549083b sp=0x00007fd5c3ffe040
Event: 9.793 Thread 0x00007fd61414d000 DEOPT UNPACKING pc=0x00007fd605047633 sp=0x00007fd5c3ffdda8 mode 0
Event: 9.798 Thread 0x00007fd614136800 DEOPT PACKING pc=0x00007fd605532144 sp=0x00007fd6003fefd0
Event: 9.798 Thread 0x00007fd614136800 DEOPT UNPACKING pc=0x00007fd605047633 sp=0x00007fd6003fed50 mode 0
Event: 9.819 Executing VM operation: ParallelGCFailedAllocation


Dynamic libraries:
00400000-00401000 r-xp 00000000 08:0a 927274                             /usr/local/java/java-8-oracle/bin/java
00600000-00601000 rw-p 00000000 08:0a 927274                             /usr/local/java/java-8-oracle/bin/java
019f5000-01a16000 rw-p 00000000 00:00 0                                  [heap]
c0000000-c5300000 rw-p 00000000 00:00 0 
c5300000-eab00000 ---p 00000000 00:00 0 
eab00000-f3100000 rw-p 00000000 00:00 0 
fe000000-100000000 ---p 00000000 00:00 0 
100000000-1000a0000 rw-p 00000000 00:00 0 
1000a0000-140000000 ---p 00000000 00:00 0 
7fd5b0000000-7fd5b0021000 rw-p 00000000 00:00 0 
7fd5b0021000-7fd5b4000000 ---p 00000000 00:00 0 
7fd5b8000000-7fd5b8021000 rw-p 00000000 00:00 0 
7fd5b8021000-7fd5bc000000 ---p 00000000 00:00 0 
7fd5bc000000-7fd5bc022000 rw-p 00000000 00:00 0 
7fd5bc022000-7fd5c0000000 ---p 00000000 00:00 0 
7fd5c3dfe000-7fd5c3e01000 ---p 00000000 00:00 0 
7fd5c3e01000-7fd5c3eff000 rw-p 00000000 00:00 0 
7fd5c3eff000-7fd5c3f02000 ---p 00000000 00:00 0 
7fd5c3f02000-7fd5c4000000 rw-p 00000000 00:00 0 
7fd5c4000000-7fd5c4032000 rw-p 00000000 00:00 0 
7fd5c4032000-7fd5c8000000 ---p 00000000 00:00 0 
7fd5c8000000-7fd5c8021000 rw-p 00000000 00:00 0 
7fd5c8021000-7fd5cc000000 ---p 00000000 00:00 0 
7fd5cc000000-7fd5cc021000 rw-p 00000000 00:00 0 
7fd5cc021000-7fd5d0000000 ---p 00000000 00:00 0 
7fd5d0000000-7fd5d0021000 rw-p 00000000 00:00 0 
7fd5d0021000-7fd5d4000000 ---p 00000000 00:00 0 
7fd5d4000000-7fd5d4845000 rw-p 00000000 00:00 0 
7fd5d4845000-7fd5d8000000 ---p 00000000 00:00 0 
7fd5d8000000-7fd5d8965000 rw-p 00000000 00:00 0 
7fd5d8965000-7fd5dc000000 ---p 00000000 00:00 0 
7fd5dc000000-7fd5dc021000 rw-p 00000000 00:00 0 
7fd5dc021000-7fd5e0000000 ---p 00000000 00:00 0 
7fd5e0000000-7fd5e1242000 rw-p 00000000 00:00 0 
7fd5e1242000-7fd5e4000000 ---p 00000000 00:00 0 
7fd5e4000000-7fd5e4021000 rw-p 00000000 00:00 0 
7fd5e4021000-7fd5e8000000 ---p 00000000 00:00 0 
7fd5e8000000-7fd5e8021000 rw-p 00000000 00:00 0 
7fd5e8021000-7fd5ec000000 ---p 00000000 00:00 0 
7fd5ec000000-7fd5ec021000 rw-p 00000000 00:00 0 
7fd5ec021000-7fd5f0000000 ---p 00000000 00:00 0 
7fd5f0000000-7fd5f028d000 rw-p 00000000 00:00 0 
7fd5f028d000-7fd5f4000000 ---p 00000000 00:00 0 
7fd5f4000000-7fd5f4021000 rw-p 00000000 00:00 0 
7fd5f4021000-7fd5f8000000 ---p 00000000 00:00 0 
7fd5f8000000-7fd5f8021000 rw-p 00000000 00:00 0 
7fd5f8021000-7fd5fc000000 ---p 00000000 00:00 0 
7fd5fc000000-7fd5fc021000 rw-p 00000000 00:00 0 
7fd5fc021000-7fd600000000 ---p 00000000 00:00 0 
7fd6000fe000-7fd600101000 ---p 00000000 00:00 0 
7fd600101000-7fd6001ff000 rw-p 00000000 00:00 0 
7fd6001ff000-7fd600202000 ---p 00000000 00:00 0 
7fd600202000-7fd600300000 rw-p 00000000 00:00 0 
7fd600300000-7fd600303000 ---p 00000000 00:00 0 
7fd600303000-7fd600401000 rw-p 00000000 00:00 0 
7fd600401000-7fd600402000 ---p 00000000 00:00 0 
7fd600402000-7fd600502000 rw-p 00000000 00:00 0 
7fd600502000-7fd600505000 ---p 00000000 00:00 0 
7fd600505000-7fd600603000 rw-p 00000000 00:00 0 
7fd600603000-7fd600606000 ---p 00000000 00:00 0 
7fd600606000-7fd600704000 rw-p 00000000 00:00 0 
7fd600704000-7fd600707000 ---p 00000000 00:00 0 
7fd600707000-7fd600805000 rw-p 00000000 00:00 0 
7fd600805000-7fd600808000 ---p 00000000 00:00 0 
7fd600808000-7fd600906000 rw-p 00000000 00:00 0 
7fd600906000-7fd600909000 ---p 00000000 00:00 0 
7fd600909000-7fd600a07000 rw-p 00000000 00:00 0 
7fd600a07000-7fd601416000 r--p 00000000 08:0a 793913                     /usr/lib/locale/locale-archive
7fd601416000-7fd601419000 ---p 00000000 00:00 0 
7fd601419000-7fd601517000 rw-p 00000000 00:00 0 
7fd601517000-7fd60151a000 ---p 00000000 00:00 0 
7fd60151a000-7fd601618000 rw-p 00000000 00:00 0 
7fd601618000-7fd601619000 ---p 00000000 00:00 0 
7fd601619000-7fd602628000 rw-p 00000000 00:00 0 
7fd602628000-7fd602800000 r--s 03d1e000 08:0a 1186168                    /usr/local/java/java-8-oracle/jre/lib/rt.jar
7fd602800000-7fd602e80000 rw-p 00000000 00:00 0 
7fd602e80000-7fd603000000 ---p 00000000 00:00 0 
7fd603000000-7fd605000000 rw-p 00000000 00:00 0 
7fd605000000-7fd6056a0000 rwxp 00000000 00:00 0 
7fd6056a0000-7fd614000000 ---p 00000000 00:00 0 
7fd614000000-7fd614390000 rw-p 00000000 00:00 0 
7fd614390000-7fd618000000 ---p 00000000 00:00 0 
7fd61802c000-7fd618043000 r--s 0008b000 08:0a 3674531                    /home/takmilul/AndroidStudioProjects/Evan_Final Project and Presentation of iCare/Icare/app/build/intermediates/exploded-aar/com.google.android.gms/play-services-games/8.4.0/jars/classes.jar
7fd618043000-7fd618052000 r--s 000df000 08:0a 3818871                    /opt/Android/Sdk/build-tools/23.0.2/lib/dx.jar
7fd618052000-7fd61836d000 rw-p 00000000 00:00 0 
7fd61836d000-7fd61836e000 ---p 00000000 00:00 0 
7fd61836e000-7fd61846e000 rw-p 00000000 00:00 0 
7fd61846e000-7fd61846f000 ---p 00000000 00:00 0 
7fd61846f000-7fd61856f000 rw-p 00000000 00:00 0 
7fd61856f000-7fd618570000 ---p 00000000 00:00 0 
7fd618570000-7fd618670000 rw-p 00000000 00:00 0 
7fd618670000-7fd618671000 ---p 00000000 00:00 0 
7fd618671000-7fd61879b000 rw-p 00000000 00:00 0 
7fd61879b000-7fd6188c7000 ---p 00000000 00:00 0 
7fd6188c7000-7fd6188f1000 rw-p 00000000 00:00 0 
7fd6188f1000-7fd618a1c000 ---p 00000000 00:00 0 
7fd618a1c000-7fd618a60000 rw-p 00000000 00:00 0 
7fd618a60000-7fd618ac7000 ---p 00000000 00:00 0 
7fd618ac7000-7fd618ae3000 rw-p 00000000 00:00 0 
7fd618ae3000-7fd618e88000 ---p 00000000 00:00 0 
7fd618e88000-7fd618ea2000 r-xp 00000000 08:0a 1186449                    /usr/local/java/java-8-oracle/jre/lib/amd64/libzip.so
7fd618ea2000-7fd6190a2000 ---p 0001a000 08:0a 1186449                    /usr/local/java/java-8-oracle/jre/lib/amd64/libzip.so
7fd6190a2000-7fd6190a3000 rw-p 0001a000 08:0a 1186449                    /usr/local/java/java-8-oracle/jre/lib/amd64/libzip.so
7fd6190a3000-7fd6190ae000 r-xp 00000000 08:0a 3412603                    /lib/x86_64-linux-gnu/libnss_files-2.23.so
7fd6190ae000-7fd6192ad000 ---p 0000b000 08:0a 3412603                    /lib/x86_64-linux-gnu/libnss_files-2.23.so
7fd6192ad000-7fd6192ae000 r--p 0000a000 08:0a 3412603                    /lib/x86_64-linux-gnu/libnss_files-2.23.so
7fd6192ae000-7fd6192af000 rw-p 0000b000 08:0a 3412603                    /lib/x86_64-linux-gnu/libnss_files-2.23.so
7fd6192af000-7fd6192b5000 rw-p 00000000 00:00 0 
7fd6192b5000-7fd6192c0000 r-xp 00000000 08:0a 3412613                    /lib/x86_64-linux-gnu/libnss_nis-2.23.so
7fd6192c0000-7fd6194bf000 ---p 0000b000 08:0a 3412613                    /lib/x86_64-linux-gnu/libnss_nis-2.23.so
7fd6194bf000-7fd6194c0000 r--p 0000a000 08:0a 3412613                    /lib/x86_64-linux-gnu/libnss_nis-2.23.so
7fd6194c0000-7fd6194c1000 rw-p 0000b000 08:0a 3412613                    /lib/x86_64-linux-gnu/libnss_nis-2.23.so
7fd6194c1000-7fd6194d7000 r-xp 00000000 08:0a 3412597                    /lib/x86_64-linux-gnu/libnsl-2.23.so
7fd6194d7000-7fd6196d6000 ---p 00016000 08:0a 3412597                    /lib/x86_64-linux-gnu/libnsl-2.23.so
7fd6196d6000-7fd6196d7000 r--p 00015000 08:0a 3412597                    /lib/x86_64-linux-gnu/libnsl-2.23.so
7fd6196d7000-7fd6196d8000 rw-p 00016000 08:0a 3412597                    /lib/x86_64-linux-gnu/libnsl-2.23.so
7fd6196d8000-7fd6196da000 rw-p 00000000 00:00 0 
7fd6196da000-7fd6196e2000 r-xp 00000000 08:0a 3412599                    /lib/x86_64-linux-gnu/libnss_compat-2.23.so
7fd6196e2000-7fd6198e1000 ---p 00008000 08:0a 3412599                    /lib/x86_64-linux-gnu/libnss_compat-2.23.so
7fd6198e1000-7fd6198e2000 r--p 00007000 08:0a 3412599                    /lib/x86_64-linux-gnu/libnss_compat-2.23.so
7fd6198e2000-7fd6198e3000 rw-p 00008000 08:0a 3412599                    /lib/x86_64-linux-gnu/libnss_compat-2.23.so
7fd6198e3000-7fd61990d000 r-xp 00000000 08:0a 1186444                    /usr/local/java/java-8-oracle/jre/lib/amd64/libjava.so
7fd61990d000-7fd619b0d000 ---p 0002a000 08:0a 1186444                    /usr/local/java/java-8-oracle/jre/lib/amd64/libjava.so
7fd619b0d000-7fd619b0f000 rw-p 0002a000 08:0a 1186444                    /usr/local/java/java-8-oracle/jre/lib/amd64/libjava.so
7fd619b0f000-7fd619b1c000 r-xp 00000000 08:0a 1186448                    /usr/local/java/java-8-oracle/jre/lib/amd64/libverify.so
7fd619b1c000-7fd619d1c000 ---p 0000d000 08:0a 1186448                    /usr/local/java/java-8-oracle/jre/lib/amd64/libverify.so
7fd619d1c000-7fd619d1e000 rw-p 0000d000 08:0a 1186448                    /usr/local/java/java-8-oracle/jre/lib/amd64/libverify.so
7fd619d1e000-7fd619d25000 r-xp 00000000 08:0a 3412658                    /lib/x86_64-linux-gnu/librt-2.23.so
7fd619d25000-7fd619f24000 ---p 00007000 08:0a 3412658                    /lib/x86_64-linux-gnu/librt-2.23.so
7fd619f24000-7fd619f25000 r--p 00006000 08:0a 3412658                    /lib/x86_64-linux-gnu/librt-2.23.so
7fd619f25000-7fd619f26000 rw-p 00007000 08:0a 3412658                    /lib/x86_64-linux-gnu/librt-2.23.so
7fd619f26000-7fd61a02e000 r-xp 00000000 08:0a 3412574                    /lib/x86_64-linux-gnu/libm-2.23.so
7fd61a02e000-7fd61a22d000 ---p 00108000 08:0a 3412574                    /lib/x86_64-linux-gnu/libm-2.23.so
7fd61a22d000-7fd61a22e000 r--p 00107000 08:0a 3412574                    /lib/x86_64-linux-gnu/libm-2.23.so
7fd61a22e000-7fd61a22f000 rw-p 00108000 08:0a 3412574                    /lib/x86_64-linux-gnu/libm-2.23.so
7fd61a22f000-7fd61aeee000 r-xp 00000000 08:0a 1186471                    /usr/local/java/java-8-oracle/jre/lib/amd64/server/libjvm.so
7fd61aeee000-7fd61b0ed000 ---p 00cbf000 08:0a 1186471                    /usr/local/java/java-8-oracle/jre/lib/amd64/server/libjvm.so
7fd61b0ed000-7fd61b1c6000 rw-p 00cbe000 08:0a 1186471                    /usr/local/java/java-8-oracle/jre/lib/amd64/server/libjvm.so
7fd61b1c6000-7fd61b20f000 rw-p 00000000 00:00 0 
7fd61b20f000-7fd61b3cf000 r-xp 00000000 08:0a 3412504                    /lib/x86_64-linux-gnu/libc-2.23.so
7fd61b3cf000-7fd61b5ce000 ---p 001c0000 08:0a 3412504                    /lib/x86_64-linux-gnu/libc-2.23.so
7fd61b5ce000-7fd61b5d2000 r--p 001bf000 08:0a 3412504                    /lib/x86_64-linux-gnu/libc-2.23.so
7fd61b5d2000-7fd61b5d4000 rw-p 001c3000 08:0a 3412504                    /lib/x86_64-linux-gnu/libc-2.23.so
7fd61b5d4000-7fd61b5d8000 rw-p 00000000 00:00 0 
7fd61b5d8000-7fd61b5db000 r-xp 00000000 08:0a 3412528                    /lib/x86_64-linux-gnu/libdl-2.23.so
7fd61b5db000-7fd61b7da000 ---p 00003000 08:0a 3412528                    /lib/x86_64-linux-gnu/libdl-2.23.so
7fd61b7da000-7fd61b7db000 r--p 00002000 08:0a 3412528                    /lib/x86_64-linux-gnu/libdl-2.23.so
7fd61b7db000-7fd61b7dc000 rw-p 00003000 08:0a 3412528                    /lib/x86_64-linux-gnu/libdl-2.23.so
7fd61b7dc000-7fd61b7f1000 r-xp 00000000 08:0a 1186059                    /usr/local/java/java-8-oracle/lib/amd64/jli/libjli.so
7fd61b7f1000-7fd61b9f1000 ---p 00015000 08:0a 1186059                    /usr/local/java/java-8-oracle/lib/amd64/jli/libjli.so
7fd61b9f1000-7fd61b9f2000 rw-p 00015000 08:0a 1186059                    /usr/local/java/java-8-oracle/lib/amd64/jli/libjli.so
7fd61b9f2000-7fd61ba0a000 r-xp 00000000 08:0a 3412650                    /lib/x86_64-linux-gnu/libpthread-2.23.so
7fd61ba0a000-7fd61bc09000 ---p 00018000 08:0a 3412650                    /lib/x86_64-linux-gnu/libpthread-2.23.so
7fd61bc09000-7fd61bc0a000 r--p 00017000 08:0a 3412650                    /lib/x86_64-linux-gnu/libpthread-2.23.so
7fd61bc0a000-7fd61bc0b000 rw-p 00018000 08:0a 3412650                    /lib/x86_64-linux-gnu/libpthread-2.23.so
7fd61bc0b000-7fd61bc0f000 rw-p 00000000 00:00 0 
7fd61bc0f000-7fd61bc35000 r-xp 00000000 08:0a 3412476                    /lib/x86_64-linux-gnu/ld-2.23.so
7fd61bc3b000-7fd61bd0d000 rw-p 00000000 00:00 0 
7fd61bd0d000-7fd61bd10000 ---p 00000000 00:00 0 
7fd61bd10000-7fd61be12000 rw-p 00000000 00:00 0 
7fd61be14000-7fd61be28000 rw-p 00000000 00:00 0 
7fd61be28000-7fd61be30000 rw-s 00000000 08:0a 4325983                    /tmp/hsperfdata_takmilul/1393
7fd61be30000-7fd61be31000 rw-p 00000000 00:00 0 
7fd61be31000-7fd61be32000 ---p 00000000 00:00 0 
7fd61be32000-7fd61be34000 rw-p 00000000 00:00 0 
7fd61be34000-7fd61be35000 r--p 00025000 08:0a 3412476                    /lib/x86_64-linux-gnu/ld-2.23.so
7fd61be35000-7fd61be36000 rw-p 00026000 08:0a 3412476                    /lib/x86_64-linux-gnu/ld-2.23.so
7fd61be36000-7fd61be37000 rw-p 00000000 00:00 0 
7ffcb2842000-7ffcb2863000 rw-p 00000000 00:00 0                          [stack]
7ffcb29ee000-7ffcb29f0000 r--p 00000000 00:00 0                          [vvar]
7ffcb29f0000-7ffcb29f2000 r-xp 00000000 00:00 0                          [vdso]
ffffffffff600000-ffffffffff601000 r-xp 00000000 00:00 0                  [vsyscall]

VM Arguments:
jvm_args: -Djava.awt.headless=true -Xmx1024M -Dfile.encoding=UTF-8 -Duser.country=US -Duser.language=en -Duser.variant 
java_command: com.android.dx.command.Main --dex --force-jumbo --num-threads=4 --multi-dex --output /home/takmilul/AndroidStudioProjects/Evan_Final Project and Presentation of iCare/Icare/app/build/intermediates/transforms/dex/debug/folders/1000/10/com.google.android.gms-play-services-games-8.4.0_68153d1917ecee4b86eabd33d68ff2d06620a680 /home/takmilul/AndroidStudioProjects/Evan_Final Project and Presentation of iCare/Icare/app/build/intermediates/exploded-aar/com.google.android.gms/play-services-games/8.4.0/jars/classes.jar
java_class_path (initial): /opt/Android/Sdk/build-tools/23.0.2/lib/dx.jar
Launcher Type: SUN_STANDARD

Environment Variables:
JAVA_HOME=/usr/local/java/jdk1.8.0_77
JRE_HOME=/usr/local/java/jdk1.8.0_77/jre
PATH=/usr/local/sbin:/usr/local/bin:/usr/sbin:/usr/bin:/sbin:/bin:/usr/games:/usr/local/games:/snap/bin:/usr/local/java/jdk1.8.0_77/bin:/usr/local/java/jdk1.8.0_77/jre/bin
LD_LIBRARY_PATH=/opt/android-studio/bin:
SHELL=/bin/bash
DISPLAY=:0

Signal Handlers:
SIGSEGV: [libjvm.so+0xabb070], sa_mask[0]=11111111011111111101111111111110, sa_flags=SA_RESTART|SA_SIGINFO
SIGBUS: [libjvm.so+0xabb070], sa_mask[0]=11111111011111111101111111111110, sa_flags=SA_RESTART|SA_SIGINFO
SIGFPE: [libjvm.so+0x918480], sa_mask[0]=11111111011111111101111111111110, sa_flags=SA_RESTART|SA_SIGINFO
SIGPIPE: [libjvm.so+0x918480], sa_mask[0]=11111111011111111101111111111110, sa_flags=SA_RESTART|SA_SIGINFO
SIGXFSZ: [libjvm.so+0x918480], sa_mask[0]=11111111011111111101111111111110, sa_flags=SA_RESTART|SA_SIGINFO
SIGILL: [libjvm.so+0x918480], sa_mask[0]=11111111011111111101111111111110, sa_flags=SA_RESTART|SA_SIGINFO
SIGUSR1: SIG_DFL, sa_mask[0]=00000000000000000000000000000000, sa_flags=none
SIGUSR2: [libjvm.so+0x919ab0], sa_mask[0]=00100000000000000000000000000000, sa_flags=SA_RESTART|SA_SIGINFO
SIGHUP: [libjvm.so+0x91aeb0], sa_mask[0]=11111111011111111101111111111110, sa_flags=SA_RESTART|SA_SIGINFO
SIGINT: [libjvm.so+0x91aeb0], sa_mask[0]=11111111011111111101111111111110, sa_flags=SA_RESTART|SA_SIGINFO
SIGTERM: [libjvm.so+0x91aeb0], sa_mask[0]=11111111011111111101111111111110, sa_flags=SA_RESTART|SA_SIGINFO
SIGQUIT: [libjvm.so+0x91aeb0], sa_mask[0]=11111111011111111101111111111110, sa_flags=SA_RESTART|SA_SIGINFO


---------------  S Y S T E M  ---------------

OS:DISTRIB_ID=Ubuntu
DISTRIB_RELEASE=16.04
DISTRIB_CODENAME=xenial
DISTRIB_DESCRIPTION="Ubuntu 16.04 LTS"

uname:Linux 4.4.0-22-generic #39-Ubuntu SMP Thu May 5 16:53:32 UTC 2016 x86_64
libc:glibc 2.23 NPTL 2.23 
rlimit: STACK 8192k, CORE 0k, NPROC 31466, NOFILE 65536, AS infinity
load average:16.90 6.92 7.52

/proc/meminfo:
MemTotal:        8094180 kB
MemFree:           50168 kB
MemAvailable:     118020 kB
Buffers:             908 kB
Cached:          1019444 kB
SwapCached:            0 kB
Active:          6859160 kB
Inactive:         933784 kB
Active(anon):    6854448 kB
Inactive(anon):   871656 kB
Active(file):       4712 kB
Inactive(file):    62128 kB
Unevictable:          48 kB
Mlocked:              48 kB
SwapTotal:             0 kB
SwapFree:              0 kB
Dirty:               300 kB
Writeback:             0 kB
AnonPages:       6772800 kB
Mapped:           378068 kB
Shmem:            953236 kB
Slab:             106388 kB
SReclaimable:      43372 kB
SUnreclaim:        63016 kB
KernelStack:       13296 kB
PageTables:        68396 kB
NFS_Unstable:          0 kB
Bounce:                0 kB
WritebackTmp:          0 kB
CommitLimit:     4047088 kB
Committed_AS:   14185220 kB
VmallocTotal:   34359738367 kB
VmallocUsed:           0 kB
VmallocChunk:          0 kB
HardwareCorrupted:     0 kB
AnonHugePages:   3108864 kB
CmaTotal:              0 kB
CmaFree:               0 kB
HugePages_Total:       0
HugePages_Free:        0
HugePages_Rsvd:        0
HugePages_Surp:        0
Hugepagesize:       2048 kB
DirectMap4k:      222556 kB
DirectMap2M:     8085504 kB


CPU:total 4 (2 cores per cpu, 2 threads per core) family 6 model 42 stepping 7, cmov, cx8, fxsr, mmx, sse, sse2, sse3, ssse3, sse4.1, sse4.2, popcnt, avx, clmul, ht, tsc, tscinvbit

/proc/cpuinfo:
processor	: 0
vendor_id	: GenuineIntel
cpu family	: 6
model		: 42
model name	: Intel(R) Core(TM) i3-2120 CPU @ 3.30GHz
stepping	: 7
microcode	: 0x29
cpu MHz		: 3300.000
cache size	: 3072 KB
physical id	: 0
siblings	: 4
core id		: 0
cpu cores	: 2
apicid		: 0
initial apicid	: 0
fpu		: yes
fpu_exception	: yes
cpuid level	: 13
wp		: yes
flags		: fpu vme de pse tsc msr pae mce cx8 apic sep mtrr pge mca cmov pat pse36 clflush dts acpi mmx fxsr sse sse2 ss ht tm pbe syscall nx rdtscp lm constant_tsc arch_perfmon pebs bts rep_good nopl xtopology nonstop_tsc aperfmperf eagerfpu pni pclmulqdq dtes64 monitor ds_cpl vmx est tm2 ssse3 cx16 xtpr pdcm pcid sse4_1 sse4_2 popcnt tsc_deadline_timer xsave avx lahf_lm epb tpr_shadow vnmi flexpriority ept vpid xsaveopt dtherm arat pln pts
bugs		:
bogomips	: 6584.73
clflush size	: 64
cache_alignment	: 64
address sizes	: 36 bits physical, 48 bits virtual
power management:

processor	: 1
vendor_id	: GenuineIntel
cpu family	: 6
model		: 42
model name	: Intel(R) Core(TM) i3-2120 CPU @ 3.30GHz
stepping	: 7
microcode	: 0x29
cpu MHz		: 3300.000
cache size	: 3072 KB
physical id	: 0
siblings	: 4
core id		: 1
cpu cores	: 2
apicid		: 2
initial apicid	: 2
fpu		: yes
fpu_exception	: yes
cpuid level	: 13
wp		: yes
flags		: fpu vme de pse tsc msr pae mce cx8 apic sep mtrr pge mca cmov pat pse36 clflush dts acpi mmx fxsr sse sse2 ss ht tm pbe syscall nx rdtscp lm constant_tsc arch_perfmon pebs bts rep_good nopl xtopology nonstop_tsc aperfmperf eagerfpu pni pclmulqdq dtes64 monitor ds_cpl vmx est tm2 ssse3 cx16 xtpr pdcm pcid sse4_1 sse4_2 popcnt tsc_deadline_timer xsave avx lahf_lm epb tpr_shadow vnmi flexpriority ept vpid xsaveopt dtherm arat pln pts
bugs		:
bogomips	: 6584.73
clflush size	: 64
cache_alignment	: 64
address sizes	: 36 bits physical, 48 bits virtual
power management:

processor	: 2
vendor_id	: GenuineIntel
cpu family	: 6
model		: 42
model name	: Intel(R) Core(TM) i3-2120 CPU @ 3.30GHz
stepping	: 7
microcode	: 0x29
cpu MHz		: 3300.000
cache size	: 3072 KB
physical id	: 0
siblings	: 4
core id		: 0
cpu cores	: 2
apicid		: 1
initial apicid	: 1
fpu		: yes
fpu_exception	: yes
cpuid level	: 13
wp		: yes
flags		: fpu vme de pse tsc msr pae mce cx8 apic sep mtrr pge mca cmov pat pse36 clflush dts acpi mmx fxsr sse sse2 ss ht tm pbe syscall nx rdtscp lm constant_tsc arch_perfmon pebs bts rep_good nopl xtopology nonstop_tsc aperfmperf eagerfpu pni pclmulqdq dtes64 monitor ds_cpl vmx est tm2 ssse3 cx16 xtpr pdcm pcid sse4_1 sse4_2 popcnt tsc_deadline_timer xsave avx lahf_lm epb tpr_shadow vnmi flexpriority ept vpid xsaveopt dtherm arat pln pts
bugs		:
bogomips	: 6584.73
clflush size	: 64
cache_alignment	: 64
address sizes	: 36 bits physical, 48 bits virtual
power management:

processor	: 3
vendor_id	: GenuineIntel
cpu family	: 6
model		: 42
model name	: Intel(R) Core(TM) i3-2120 CPU @ 3.30GHz
stepping	: 7
microcode	: 0x29
cpu MHz		: 3300.000
cache size	: 3072 KB
physical id	: 0
siblings	: 4
core id		: 1
cpu cores	: 2
apicid		: 3
initial apicid	: 3
fpu		: yes
fpu_exception	: yes
cpuid level	: 13
wp		: yes
flags		: fpu vme de pse tsc msr pae mce cx8 apic sep mtrr pge mca cmov pat pse36 clflush dts acpi mmx fxsr sse sse2 ss ht tm pbe syscall nx rdtscp lm constant_tsc arch_perfmon pebs bts rep_good nopl xtopology nonstop_tsc aperfmperf eagerfpu pni pclmulqdq dtes64 monitor ds_cpl vmx est tm2 ssse3 cx16 xtpr pdcm pcid sse4_1 sse4_2 popcnt tsc_deadline_timer xsave avx lahf_lm epb tpr_shadow vnmi flexpriority ept vpid xsaveopt dtherm arat pln pts
bugs		:
bogomips	: 6584.73
clflush size	: 64
cache_alignment	: 64
address sizes	: 36 bits physical, 48 bits virtual
power management:



Memory: 4k page, physical 8094180k(50168k free), swap 0k(0k free)

vm_info: Java HotSpot(TM) 64-Bit Server VM (25.77-b03) for linux-amd64 JRE (1.8.0_77-b03), built on Mar 20 2016 22:00:46 by "java_re" with gcc 4.3.0 20080428 (Red Hat 4.3.0-8)

time: Mon May  9 14:57:16 2016
elapsed time: 27 seconds (0d 0h 0m 27s)

