#
# There is insufficient memory for the Java Runtime Environment to continue.
# Native memory allocation (mmap) failed to map 182452224 bytes for committing reserved memory.
# Possible reasons:
#   The system is out of physical RAM or swap space
#   In 32 bit mode, the process size limit was hit
# Possible solutions:
#   Reduce memory load on the system
#   Increase physical memory or swap space
#   Check if swap backing store is full
#   Use 64 bit Java on a 64 bit OS
#   Decrease Java heap size (-Xmx/-Xms)
#   Decrease number of Java threads
#   Decrease Java thread stack sizes (-Xss)
#   Set larger code cache with -XX:ReservedCodeCacheSize=
# This output file may be truncated or incomplete.
#
#  Out of Memory Error (os_linux.cpp:2627), pid=17818, tid=139884202075904
#
# JRE version: Java(TM) SE Runtime Environment (8.0_77-b03) (build 1.8.0_77-b03)
# Java VM: Java HotSpot(TM) 64-Bit Server VM (25.77-b03 mixed mode linux-amd64 compressed oops)
# Failed to write core dump. Core dumps have been disabled. To enable core dumping, try "ulimit -c unlimited" before starting Java again
#

---------------  T H R E A D  ---------------

Current thread (0x00007f3968078000):  VMThread [stack: 0x00007f39541ca000,0x00007f39542cb000] [id=17827]

Stack: [0x00007f39541ca000,0x00007f39542cb000],  sp=0x00007f39542c9020,  free space=1020k
Native frames: (J=compiled Java code, j=interpreted, Vv=VM code, C=native code)
V  [libjvm.so+0xaba7ea]  VMError::report_and_die()+0x2ba
V  [libjvm.so+0x4f9e3b]  report_vm_out_of_memory(char const*, int, unsigned long, VMErrorType, char const*)+0x8b
V  [libjvm.so+0x91b613]  os::Linux::commit_memory_impl(char*, unsigned long, bool)+0x103
V  [libjvm.so+0x91bb69]  os::pd_commit_memory(char*, unsigned long, unsigned long, bool)+0x29
V  [libjvm.so+0x915e6a]  os::commit_memory(char*, unsigned long, unsigned long, bool)+0x2a
V  [libjvm.so+0x989543]  PSVirtualSpace::expand_by(unsigned long)+0x53
V  [libjvm.so+0x98a948]  PSYoungGen::resize_generation(unsigned long, unsigned long)+0xf8
V  [libjvm.so+0x989aa2]  PSYoungGen::resize(unsigned long, unsigned long)+0x22
V  [libjvm.so+0x986d7b]  PSScavenge::invoke_no_policy()+0xf3b
V  [libjvm.so+0x987501]  PSScavenge::invoke()+0x41
V  [libjvm.so+0x93f300]  ParallelScavengeHeap::failed_mem_allocate(unsigned long)+0x70
V  [libjvm.so+0xabc207]  VM_ParallelGCFailedAllocation::doit()+0x97
V  [libjvm.so+0xac3c35]  VM_Operation::evaluate()+0x55
V  [libjvm.so+0xac200a]  VMThread::evaluate_operation(VM_Operation*)+0xba
V  [libjvm.so+0xac238e]  VMThread::loop()+0x1ce
V  [libjvm.so+0xac2800]  VMThread::run()+0x70
V  [libjvm.so+0x91d9d8]  java_start(Thread*)+0x108

VM_Operation (0x00007f393ebe4d50): ParallelGCFailedAllocation, mode: safepoint, requested by thread 0x00007f396814a800


---------------  P R O C E S S  ---------------

Java Threads: ( => current thread )
  0x00007f396814c800 JavaThread "pool-2-thread-4" [_thread_blocked, id=17845, stack(0x00007f393e9e5000,0x00007f393eae6000)]
  0x00007f396814a800 JavaThread "pool-2-thread-3" [_thread_blocked, id=17844, stack(0x00007f393eae6000,0x00007f393ebe7000)]
  0x00007f3968146000 JavaThread "pool-2-thread-2" [_thread_blocked, id=17843, stack(0x00007f393ebe7000,0x00007f393ece8000)]
  0x00007f3968138800 JavaThread "pool-3-thread-1" [_thread_blocked, id=17842, stack(0x00007f393ece8000,0x00007f393ede9000)]
  0x00007f3968136000 JavaThread "pool-2-thread-1" [_thread_blocked, id=17841, stack(0x00007f393ede9000,0x00007f393eeea000)]
  0x00007f39680c0800 JavaThread "Service Thread" daemon [_thread_blocked, id=17834, stack(0x00007f393efeb000,0x00007f393f0ec000)]
  0x00007f39680bd000 JavaThread "C1 CompilerThread2" daemon [_thread_blocked, id=17833, stack(0x00007f393f0ec000,0x00007f393f1ed000)]
  0x00007f39680bb800 JavaThread "C2 CompilerThread1" daemon [_thread_blocked, id=17832, stack(0x00007f393f1ed000,0x00007f393f2ee000)]
  0x00007f39680b8800 JavaThread "C2 CompilerThread0" daemon [_thread_blocked, id=17831, stack(0x00007f393f2ee000,0x00007f393f3ef000)]
  0x00007f39680b7000 JavaThread "Signal Dispatcher" daemon [_thread_blocked, id=17830, stack(0x00007f393f3ef000,0x00007f393f4f0000)]
  0x00007f3968084000 JavaThread "Finalizer" daemon [_thread_blocked, id=17829, stack(0x00007f393feff000,0x00007f3940000000)]
  0x00007f396807f800 JavaThread "Reference Handler" daemon [_thread_blocked, id=17828, stack(0x00007f39540c9000,0x00007f39541ca000)]
  0x00007f396800a000 JavaThread "main" [_thread_blocked, id=17820, stack(0x00007f396e881000,0x00007f396e982000)]

Other Threads:
=>0x00007f3968078000 VMThread [stack: 0x00007f39541ca000,0x00007f39542cb000] [id=17827]
  0x00007f39680c3000 WatcherThread [stack: 0x00007f393eeea000,0x00007f393efeb000] [id=17835]

VM state:at safepoint (normal execution)

VM Mutex/Monitor currently owned by a thread:  ([mutex/lock_event])
[0x00007f3968006680] Threads_lock - owner thread: 0x00007f3968078000
[0x00007f3968006b80] Heap_lock - owner thread: 0x00007f396814a800

Heap:
 PSYoungGen      total 132096K, used 5103K [0x00000000eab00000, 0x00000000f3100000, 0x0000000100000000)
  eden space 126976K, 0% used [0x00000000eab00000,0x00000000eab00000,0x00000000f2700000)
  from space 5120K, 99% used [0x00000000f2700000,0x00000000f2bfbe70,0x00000000f2c00000)
  to   space 5120K, 0% used [0x00000000f2c00000,0x00000000f2c00000,0x00000000f3100000)
 ParOldGen       total 84992K, used 47999K [0x00000000c0000000, 0x00000000c5300000, 0x00000000eab00000)
  object space 84992K, 56% used [0x00000000c0000000,0x00000000c2edfd58,0x00000000c5300000)
 Metaspace       used 6137K, capacity 7088K, committed 7296K, reserved 1056768K
  class space    used 593K, capacity 616K, committed 640K, reserved 1048576K

Card table byte_map: [0x00007f3958406000,0x00007f3958607000] byte_map_base: 0x00007f3957e06000

Marking Bits: (ParMarkBitMap*) 0x00007f396dd58100
 Begin Bits: [0x00007f3955eac000, 0x00007f3956eac000)
 End Bits:   [0x00007f3956eac000, 0x00007f3957eac000)

Polling page: 0x00007f396e9a5000

CodeCache: size=245760Kb used=6461Kb max_used=6461Kb free=239298Kb
 bounds [0x00007f39589c7000, 0x00007f3959027000, 0x00007f39679c7000]
 total_blobs=1893 nmethods=1625 adapters=182
 compilation: enabled

Compilation events (10 events):
Event: 10.493 Thread 0x00007f39680bd000 nmethod 2029 0x00007f3959015c90 code [0x00007f3959015e40, 0x00007f3959016288]
Event: 10.493 Thread 0x00007f39680bd000 2016       2       com.android.dx.ssa.back.FirstFitLocalCombiningAllocator::findRopRegForLocal (74 bytes)
Event: 10.509 Thread 0x00007f39680bd000 nmethod 2016 0x00007f3959016590 code [0x00007f3959016720, 0x00007f3959016a48]
Event: 10.509 Thread 0x00007f39680bd000 2063       3       com.android.dx.ssa.back.LivenessAnalyzer::constructInterferenceGraph (47 bytes)
Event: 10.509 Thread 0x00007f39680bd000 nmethod 2063 0x00007f3959016c10 code [0x00007f3959016dc0, 0x00007f39590171d8]
Event: 10.509 Thread 0x00007f39680bd000 2064       3       com.android.dx.ssa.back.FirstFitLocalCombiningAllocator::handleUnassociatedParameters (60 bytes)
Event: 10.510 Thread 0x00007f39680bd000 nmethod 2064 0x00007f39590173d0 code [0x00007f39590175a0, 0x00007f3959017c18]
Event: 10.510 Thread 0x00007f39680bd000 2059       2       com.android.dx.dex.file.AnnotationUtils::makeSignature (251 bytes)
Event: 10.513 Thread 0x00007f39680bd000 nmethod 2059 0x00007f3959017e90 code [0x00007f39590181a0, 0x00007f3959019268]
Event: 10.513 Thread 0x00007f39680bd000 2061       2       com.android.dx.cf.cst.ConstantPoolParser::parse (365 bytes)

GC Heap History (9 events):
Event: 3.429 GC heap before
{Heap before GC invocations=1 (full 0):
 PSYoungGen      total 36864K, used 31744K [0x00000000eab00000, 0x00000000ed400000, 0x0000000100000000)
  eden space 31744K, 100% used [0x00000000eab00000,0x00000000eca00000,0x00000000eca00000)
  from space 5120K, 0% used [0x00000000ecf00000,0x00000000ecf00000,0x00000000ed400000)
  to   space 5120K, 0% used [0x00000000eca00000,0x00000000eca00000,0x00000000ecf00000)
 ParOldGen       total 84992K, used 0K [0x00000000c0000000, 0x00000000c5300000, 0x00000000eab00000)
  object space 84992K, 0% used [0x00000000c0000000,0x00000000c0000000,0x00000000c5300000)
 Metaspace       used 5634K, capacity 6640K, committed 6784K, reserved 1056768K
  class space    used 585K, capacity 616K, committed 640K, reserved 1048576K
Event: 3.490 GC heap after
Heap after GC invocations=1 (full 0):
 PSYoungGen      total 36864K, used 4742K [0x00000000eab00000, 0x00000000ef300000, 0x0000000100000000)
  eden space 31744K, 0% used [0x00000000eab00000,0x00000000eab00000,0x00000000eca00000)
  from space 5120K, 92% used [0x00000000eca00000,0x00000000ecea1818,0x00000000ecf00000)
  to   space 5120K, 0% used [0x00000000eee00000,0x00000000eee00000,0x00000000ef300000)
 ParOldGen       total 84992K, used 8K [0x00000000c0000000, 0x00000000c5300000, 0x00000000eab00000)
  object space 84992K, 0% used [0x00000000c0000000,0x00000000c0002000,0x00000000c5300000)
 Metaspace       used 5634K, capacity 6640K, committed 6784K, reserved 1056768K
  class space    used 585K, capacity 616K, committed 640K, reserved 1048576K
}
Event: 4.921 GC heap before
{Heap before GC invocations=2 (full 0):
 PSYoungGen      total 36864K, used 36486K [0x00000000eab00000, 0x00000000ef300000, 0x0000000100000000)
  eden space 31744K, 100% used [0x00000000eab00000,0x00000000eca00000,0x00000000eca00000)
  from space 5120K, 92% used [0x00000000eca00000,0x00000000ecea1818,0x00000000ecf00000)
  to   space 5120K, 0% used [0x00000000eee00000,0x00000000eee00000,0x00000000ef300000)
 ParOldGen       total 84992K, used 8K [0x00000000c0000000, 0x00000000c5300000, 0x00000000eab00000)
  object space 84992K, 0% used [0x00000000c0000000,0x00000000c0002000,0x00000000c5300000)
 Metaspace       used 5723K, capacity 6768K, committed 7040K, reserved 1056768K
  class space    used 586K, capacity 616K, committed 640K, reserved 1048576K
Event: 4.953 GC heap after
Heap after GC invocations=2 (full 0):
 PSYoungGen      total 68608K, used 5114K [0x00000000eab00000, 0x00000000ef300000, 0x0000000100000000)
  eden space 63488K, 0% used [0x00000000eab00000,0x00000000eab00000,0x00000000ee900000)
  from space 5120K, 99% used [0x00000000eee00000,0x00000000ef2fea90,0x00000000ef300000)
  to   space 5120K, 0% used [0x00000000ee900000,0x00000000ee900000,0x00000000eee00000)
 ParOldGen       total 84992K, used 2354K [0x00000000c0000000, 0x00000000c5300000, 0x00000000eab00000)
  object space 84992K, 2% used [0x00000000c0000000,0x00000000c024c858,0x00000000c5300000)
 Metaspace       used 5723K, capacity 6768K, committed 7040K, reserved 1056768K
  class space    used 586K, capacity 616K, committed 640K, reserved 1048576K
}
Event: 6.776 GC heap before
{Heap before GC invocations=3 (full 0):
 PSYoungGen      total 68608K, used 68602K [0x00000000eab00000, 0x00000000ef300000, 0x0000000100000000)
  eden space 63488K, 100% used [0x00000000eab00000,0x00000000ee900000,0x00000000ee900000)
  from space 5120K, 99% used [0x00000000eee00000,0x00000000ef2fea90,0x00000000ef300000)
  to   space 5120K, 0% used [0x00000000ee900000,0x00000000ee900000,0x00000000eee00000)
 ParOldGen       total 84992K, used 2354K [0x00000000c0000000, 0x00000000c5300000, 0x00000000eab00000)
  object space 84992K, 2% used [0x00000000c0000000,0x00000000c024c858,0x00000000c5300000)
 Metaspace       used 5852K, capacity 6832K, committed 7040K, reserved 1056768K
  class space    used 591K, capacity 616K, committed 640K, reserved 1048576K
Event: 6.943 GC heap after
Heap after GC invocations=3 (full 0):
 PSYoungGen      total 68608K, used 5089K [0x00000000eab00000, 0x00000000f3100000, 0x0000000100000000)
  eden space 63488K, 0% used [0x00000000eab00000,0x00000000eab00000,0x00000000ee900000)
  from space 5120K, 99% used [0x00000000ee900000,0x00000000eedf8618,0x00000000eee00000)
  to   space 5120K, 0% used [0x00000000f2c00000,0x00000000f2c00000,0x00000000f3100000)
 ParOldGen       total 84992K, used 12799K [0x00000000c0000000, 0x00000000c5300000, 0x00000000eab00000)
  object space 84992K, 15% used [0x00000000c0000000,0x00000000c0c7fc30,0x00000000c5300000)
 Metaspace       used 5852K, capacity 6832K, committed 7040K, reserved 1056768K
  class space    used 591K, capacity 616K, committed 640K, reserved 1048576K
}
Event: 8.125 GC heap before
{Heap before GC invocations=4 (full 0):
 PSYoungGen      total 68608K, used 68577K [0x00000000eab00000, 0x00000000f3100000, 0x0000000100000000)
  eden space 63488K, 100% used [0x00000000eab00000,0x00000000ee900000,0x00000000ee900000)
  from space 5120K, 99% used [0x00000000ee900000,0x00000000eedf8618,0x00000000eee00000)
  to   space 5120K, 0% used [0x00000000f2c00000,0x00000000f2c00000,0x00000000f3100000)
 ParOldGen       total 84992K, used 12799K [0x00000000c0000000, 0x00000000c5300000, 0x00000000eab00000)
  object space 84992K, 15% used [0x00000000c0000000,0x00000000c0c7fc30,0x00000000c5300000)
 Metaspace       used 5890K, capacity 6896K, committed 7040K, reserved 1056768K
  class space    used 593K, capacity 616K, committed 640K, reserved 1048576K
Event: 8.315 GC heap after
Heap after GC invocations=4 (full 0):
 PSYoungGen      total 132096K, used 5102K [0x00000000eab00000, 0x00000000f3100000, 0x0000000100000000)
  eden space 126976K, 0% used [0x00000000eab00000,0x00000000eab00000,0x00000000f2700000)
  from space 5120K, 99% used [0x00000000f2c00000,0x00000000f30fb868,0x00000000f3100000)
  to   space 5120K, 0% used [0x00000000f2700000,0x00000000f2700000,0x00000000f2c00000)
 ParOldGen       total 84992K, used 26481K [0x00000000c0000000, 0x00000000c5300000, 0x00000000eab00000)
  object space 84992K, 31% used [0x00000000c0000000,0x00000000c19dc4f8,0x00000000c5300000)
 Metaspace       used 5890K, capacity 6896K, committed 7040K, reserved 1056768K
  class space    used 593K, capacity 616K, committed 640K, reserved 1048576K
}
Event: 10.541 GC heap before
{Heap before GC invocations=5 (full 0):
 PSYoungGen      total 132096K, used 132078K [0x00000000eab00000, 0x00000000f3100000, 0x0000000100000000)
  eden space 126976K, 100% used [0x00000000eab00000,0x00000000f2700000,0x00000000f2700000)
  from space 5120K, 99% used [0x00000000f2c00000,0x00000000f30fb868,0x00000000f3100000)
  to   space 5120K, 0% used [0x00000000f2700000,0x00000000f2700000,0x00000000f2c00000)
 ParOldGen       total 84992K, used 26481K [0x00000000c0000000, 0x00000000c5300000, 0x00000000eab00000)
  object space 84992K, 31% used [0x00000000c0000000,0x00000000c19dc4f8,0x00000000c5300000)
 Metaspace       used 6137K, capacity 7088K, committed 7296K, reserved 1056768K
  class space    used 593K, capacity 616K, committed 640K, reserved 1048576K

Deoptimization events (10 events):
Event: 3.882 Thread 0x00007f3968146000 Uncommon trap: reason=bimorphic action=maybe_recompile pc=0x00007f3958bd51bc method=java.util.HashMap.getNode(ILjava/lang/Object;)Ljava/util/HashMap$Node; @ 126
Event: 3.943 Thread 0x00007f396814a800 Uncommon trap: reason=unstable_if action=reinterpret pc=0x00007f3958be5084 method=com.android.dx.rop.code.RegisterSpecSet.put(Lcom/android/dx/rop/code/RegisterSpec;)V @ 77
Event: 3.952 Thread 0x00007f3968146000 Uncommon trap: reason=unstable_if action=reinterpret pc=0x00007f3958bad71c method=com.android.dx.rop.cst.Constant.compareTo(Lcom/android/dx/rop/cst/Constant;)I @ 12
Event: 4.119 Thread 0x00007f3968136000 Uncommon trap: reason=bimorphic action=maybe_recompile pc=0x00007f3958bd51bc method=java.util.HashMap.getNode(ILjava/lang/Object;)Ljava/util/HashMap$Node; @ 126
Event: 4.119 Thread 0x00007f3968136000 Uncommon trap: reason=bimorphic action=maybe_recompile pc=0x00007f3958bd51bc method=java.util.HashMap.getNode(ILjava/lang/Object;)Ljava/util/HashMap$Node; @ 126
Event: 4.186 Thread 0x00007f396814a800 Uncommon trap: reason=bimorphic action=maybe_recompile pc=0x00007f3958bd51bc method=java.util.HashMap.getNode(ILjava/lang/Object;)Ljava/util/HashMap$Node; @ 126
Event: 4.243 Thread 0x00007f396814a800 Uncommon trap: reason=null_check action=make_not_entrant pc=0x00007f3958bd6260 method=com.android.dx.rop.type.Type.equals(Ljava/lang/Object;)Z @ 8
Event: 6.944 Thread 0x00007f396814a800 Uncommon trap: reason=unstable_if action=reinterpret pc=0x00007f3958ce86fc method=com.android.dx.ssa.SsaMethod.updateOneDefinition(Lcom/android/dx/ssa/SsaInsn;Lcom/android/dx/rop/code/RegisterSpec;)V @ 4
Event: 7.076 Thread 0x00007f396800a000 Uncommon trap: reason=null_check action=make_not_entrant pc=0x00007f3958c35990 method=com.android.dx.ssa.SsaRenamer.getLocalForNewReg(I)Lcom/android/dx/rop/code/LocalItem; @ 19
Event: 7.607 Thread 0x00007f3968146000 Uncommon trap: reason=unstable_if action=reinterpret pc=0x00007f3958e5d2cc method=com.android.dx.cf.code.BytecodeArray.parseInstruction(ILcom/android/dx/cf/code/BytecodeArray$Visitor;)I @ 1198

Internal exceptions (4 events):
Event: 0.134 Thread 0x00007f396800a000 Exception <a 'java/lang/NoSuchMethodError': Method sun.misc.Unsafe.defineClass(Ljava/lang/String;[BII)Ljava/lang/Class; name or signature does not match> (0x00000000eab07cc0) thrown at [/HUDSON/workspace/8-2-build-linux-amd64/jdk8u77/6540/hotspot/src/shar
Event: 0.134 Thread 0x00007f396800a000 Exception <a 'java/lang/NoSuchMethodError': Method sun.misc.Unsafe.prefetchRead(Ljava/lang/Object;J)V name or signature does not match> (0x00000000eab07fa8) thrown at [/HUDSON/workspace/8-2-build-linux-amd64/jdk8u77/6540/hotspot/src/share/vm/prims/jni.cpp
Event: 4.243 Thread 0x00007f396814a800 Implicit null exception at 0x00007f3958bd6162 to 0x00007f3958bd6253
Event: 7.076 Thread 0x00007f396800a000 Implicit null exception at 0x00007f3958c34384 to 0x00007f3958c35971

Events (10 events):
Event: 10.502 Thread 0x00007f396814c800 DEOPT UNPACKING pc=0x00007f3958a0e633 sp=0x00007f393eae3cf8 mode 0
Event: 10.509 Thread 0x00007f396814a800 DEOPT PACKING pc=0x00007f3958c0ce72 sp=0x00007f393ebe4ef0
Event: 10.509 Thread 0x00007f396814a800 DEOPT UNPACKING pc=0x00007f3958a0e633 sp=0x00007f393ebe4c88 mode 0
Event: 10.522 Thread 0x00007f396814a800 DEOPT PACKING pc=0x00007f3958ee2e30 sp=0x00007f393ebe4fa0
Event: 10.522 Thread 0x00007f396814a800 DEOPT UNPACKING pc=0x00007f3958a0e633 sp=0x00007f393ebe4d38 mode 0
Event: 10.523 Thread 0x00007f3968146000 DEOPT PACKING pc=0x00007f3958f001e9 sp=0x00007f393ece5e70
Event: 10.523 Thread 0x00007f3968146000 DEOPT UNPACKING pc=0x00007f3958a0e633 sp=0x00007f393ece5c48 mode 0
Event: 10.525 Thread 0x00007f3968146000 DEOPT PACKING pc=0x00007f3958f030c4 sp=0x00007f393ece5e80
Event: 10.525 Thread 0x00007f3968146000 DEOPT UNPACKING pc=0x00007f3958a0e633 sp=0x00007f393ece5c00 mode 0
Event: 10.531 Executing VM operation: ParallelGCFailedAllocation


Dynamic libraries:
00400000-00401000 r-xp 00000000 08:0a 927274                             /usr/local/java/java-8-oracle/bin/java
00600000-00601000 rw-p 00000000 08:0a 927274                             /usr/local/java/java-8-oracle/bin/java
01f13000-01f34000 rw-p 00000000 00:00 0                                  [heap]
c0000000-c5300000 rw-p 00000000 00:00 0 
c5300000-eab00000 ---p 00000000 00:00 0 
eab00000-f3100000 rw-p 00000000 00:00 0 
fdf00000-100000000 ---p 00000000 00:00 0 
100000000-1000a0000 rw-p 00000000 00:00 0 
1000a0000-140000000 ---p 00000000 00:00 0 
7f3908000000-7f3908021000 rw-p 00000000 00:00 0 
7f3908021000-7f390c000000 ---p 00000000 00:00 0 
7f390c000000-7f390c024000 rw-p 00000000 00:00 0 
7f390c024000-7f3910000000 ---p 00000000 00:00 0 
7f3910000000-7f3910021000 rw-p 00000000 00:00 0 
7f3910021000-7f3914000000 ---p 00000000 00:00 0 
7f3914000000-7f3914021000 rw-p 00000000 00:00 0 
7f3914021000-7f3918000000 ---p 00000000 00:00 0 
7f3918000000-7f3918021000 rw-p 00000000 00:00 0 
7f3918021000-7f391c000000 ---p 00000000 00:00 0 
7f391c000000-7f391c027000 rw-p 00000000 00:00 0 
7f391c027000-7f3920000000 ---p 00000000 00:00 0 
7f3920000000-7f39209bc000 rw-p 00000000 00:00 0 
7f39209bc000-7f3924000000 ---p 00000000 00:00 0 
7f3924000000-7f3924021000 rw-p 00000000 00:00 0 
7f3924021000-7f3928000000 ---p 00000000 00:00 0 
7f3928000000-7f3928c34000 rw-p 00000000 00:00 0 
7f3928c34000-7f392c000000 ---p 00000000 00:00 0 
7f392c000000-7f392d600000 rw-p 00000000 00:00 0 
7f392d600000-7f3930000000 ---p 00000000 00:00 0 
7f3930000000-7f3930021000 rw-p 00000000 00:00 0 
7f3930021000-7f3934000000 ---p 00000000 00:00 0 
7f3934000000-7f3934021000 rw-p 00000000 00:00 0 
7f3934021000-7f3938000000 ---p 00000000 00:00 0 
7f3938000000-7f3938021000 rw-p 00000000 00:00 0 
7f3938021000-7f393c000000 ---p 00000000 00:00 0 
7f393e9e5000-7f393e9e8000 ---p 00000000 00:00 0 
7f393e9e8000-7f393eae6000 rw-p 00000000 00:00 0 
7f393eae6000-7f393eae9000 ---p 00000000 00:00 0 
7f393eae9000-7f393ebe7000 rw-p 00000000 00:00 0 
7f393ebe7000-7f393ebea000 ---p 00000000 00:00 0 
7f393ebea000-7f393ece8000 rw-p 00000000 00:00 0 
7f393ece8000-7f393eceb000 ---p 00000000 00:00 0 
7f393eceb000-7f393ede9000 rw-p 00000000 00:00 0 
7f393ede9000-7f393edec000 ---p 00000000 00:00 0 
7f393edec000-7f393eeea000 rw-p 00000000 00:00 0 
7f393eeea000-7f393eeeb000 ---p 00000000 00:00 0 
7f393eeeb000-7f393efeb000 rw-p 00000000 00:00 0 
7f393efeb000-7f393efee000 ---p 00000000 00:00 0 
7f393efee000-7f393f0ec000 rw-p 00000000 00:00 0 
7f393f0ec000-7f393f0ef000 ---p 00000000 00:00 0 
7f393f0ef000-7f393f1ed000 rw-p 00000000 00:00 0 
7f393f1ed000-7f393f1f0000 ---p 00000000 00:00 0 
7f393f1f0000-7f393f2ee000 rw-p 00000000 00:00 0 
7f393f2ee000-7f393f2f1000 ---p 00000000 00:00 0 
7f393f2f1000-7f393f3ef000 rw-p 00000000 00:00 0 
7f393f3ef000-7f393f3f2000 ---p 00000000 00:00 0 
7f393f3f2000-7f393f4f0000 rw-p 00000000 00:00 0 
7f393f4f0000-7f393feff000 r--p 00000000 08:0a 793913                     /usr/lib/locale/locale-archive
7f393feff000-7f393ff02000 ---p 00000000 00:00 0 
7f393ff02000-7f3940000000 rw-p 00000000 00:00 0 
7f3940000000-7f3940021000 rw-p 00000000 00:00 0 
7f3940021000-7f3944000000 ---p 00000000 00:00 0 
7f3944000000-7f3944295000 rw-p 00000000 00:00 0 
7f3944295000-7f3948000000 ---p 00000000 00:00 0 
7f3948000000-7f3948021000 rw-p 00000000 00:00 0 
7f3948021000-7f394c000000 ---p 00000000 00:00 0 
7f394c000000-7f394c021000 rw-p 00000000 00:00 0 
7f394c021000-7f3950000000 ---p 00000000 00:00 0 
7f3950000000-7f3950021000 rw-p 00000000 00:00 0 
7f3950021000-7f3954000000 ---p 00000000 00:00 0 
7f39540b2000-7f39540c9000 r--s 0008b000 08:0a 3801716                    /home/takmilul/AndroidStudioProjects/Evan_Final Project and Presentation of iCare/Icare/app/build/intermediates/exploded-aar/com.google.android.gms/play-services-games/8.4.0/jars/classes.jar
7f39540c9000-7f39540cc000 ---p 00000000 00:00 0 
7f39540cc000-7f39541ca000 rw-p 00000000 00:00 0 
7f39541ca000-7f39541cb000 ---p 00000000 00:00 0 
7f39541cb000-7f395525e000 rw-p 00000000 00:00 0 
7f395525e000-7f3955436000 r--s 03d1e000 08:0a 1186168                    /usr/local/java/java-8-oracle/jre/lib/rt.jar
7f3955436000-7f3955b2c000 rw-p 00000000 00:00 0 
7f3955b2c000-7f3955cac000 ---p 00000000 00:00 0 
7f3955cac000-7f3957eac000 rw-p 00000000 00:00 0 
7f3957eac000-7f3957ead000 ---p 00000000 00:00 0 
7f3957ead000-7f3957fad000 rw-p 00000000 00:00 0 
7f3957fad000-7f3957fae000 ---p 00000000 00:00 0 
7f3957fae000-7f39580ae000 rw-p 00000000 00:00 0 
7f39580ae000-7f39580af000 ---p 00000000 00:00 0 
7f39580af000-7f39581af000 rw-p 00000000 00:00 0 
7f39581af000-7f39581b0000 ---p 00000000 00:00 0 
7f39581b0000-7f39582da000 rw-p 00000000 00:00 0 
7f39582da000-7f3958406000 ---p 00000000 00:00 0 
7f3958406000-7f3958430000 rw-p 00000000 00:00 0 
7f3958430000-7f395855b000 ---p 00000000 00:00 0 
7f395855b000-7f395859f000 rw-p 00000000 00:00 0 
7f395859f000-7f3958606000 ---p 00000000 00:00 0 
7f3958606000-7f3958621000 rw-p 00000000 00:00 0 
7f3958621000-7f39589c7000 ---p 00000000 00:00 0 
7f39589c7000-7f3959027000 rwxp 00000000 00:00 0 
7f3959027000-7f39679c7000 ---p 00000000 00:00 0 
7f39679c7000-7f39679e1000 r-xp 00000000 08:0a 1186449                    /usr/local/java/java-8-oracle/jre/lib/amd64/libzip.so
7f39679e1000-7f3967be1000 ---p 0001a000 08:0a 1186449                    /usr/local/java/java-8-oracle/jre/lib/amd64/libzip.so
7f3967be1000-7f3967be2000 rw-p 0001a000 08:0a 1186449                    /usr/local/java/java-8-oracle/jre/lib/amd64/libzip.so
7f3967be2000-7f3967bed000 r-xp 00000000 08:0a 3412603                    /lib/x86_64-linux-gnu/libnss_files-2.23.so
7f3967bed000-7f3967dec000 ---p 0000b000 08:0a 3412603                    /lib/x86_64-linux-gnu/libnss_files-2.23.so
7f3967dec000-7f3967ded000 r--p 0000a000 08:0a 3412603                    /lib/x86_64-linux-gnu/libnss_files-2.23.so
7f3967ded000-7f3967dee000 rw-p 0000b000 08:0a 3412603                    /lib/x86_64-linux-gnu/libnss_files-2.23.so
7f3967dee000-7f3967df4000 rw-p 00000000 00:00 0 
7f3967df4000-7f3967dff000 r-xp 00000000 08:0a 3412613                    /lib/x86_64-linux-gnu/libnss_nis-2.23.so
7f3967dff000-7f3967ffe000 ---p 0000b000 08:0a 3412613                    /lib/x86_64-linux-gnu/libnss_nis-2.23.so
7f3967ffe000-7f3967fff000 r--p 0000a000 08:0a 3412613                    /lib/x86_64-linux-gnu/libnss_nis-2.23.so
7f3967fff000-7f3968000000 rw-p 0000b000 08:0a 3412613                    /lib/x86_64-linux-gnu/libnss_nis-2.23.so
7f3968000000-7f3968391000 rw-p 00000000 00:00 0 
7f3968391000-7f396c000000 ---p 00000000 00:00 0 
7f396c005000-7f396c014000 r--s 000df000 08:0a 3818871                    /opt/Android/Sdk/build-tools/23.0.2/lib/dx.jar
7f396c014000-7f396c035000 rw-p 00000000 00:00 0 
7f396c035000-7f396c04b000 r-xp 00000000 08:0a 3412597                    /lib/x86_64-linux-gnu/libnsl-2.23.so
7f396c04b000-7f396c24a000 ---p 00016000 08:0a 3412597                    /lib/x86_64-linux-gnu/libnsl-2.23.so
7f396c24a000-7f396c24b000 r--p 00015000 08:0a 3412597                    /lib/x86_64-linux-gnu/libnsl-2.23.so
7f396c24b000-7f396c24c000 rw-p 00016000 08:0a 3412597                    /lib/x86_64-linux-gnu/libnsl-2.23.so
7f396c24c000-7f396c24e000 rw-p 00000000 00:00 0 
7f396c24e000-7f396c256000 r-xp 00000000 08:0a 3412599                    /lib/x86_64-linux-gnu/libnss_compat-2.23.so
7f396c256000-7f396c455000 ---p 00008000 08:0a 3412599                    /lib/x86_64-linux-gnu/libnss_compat-2.23.so
7f396c455000-7f396c456000 r--p 00007000 08:0a 3412599                    /lib/x86_64-linux-gnu/libnss_compat-2.23.so
7f396c456000-7f396c457000 rw-p 00008000 08:0a 3412599                    /lib/x86_64-linux-gnu/libnss_compat-2.23.so
7f396c457000-7f396c481000 r-xp 00000000 08:0a 1186444                    /usr/local/java/java-8-oracle/jre/lib/amd64/libjava.so
7f396c481000-7f396c681000 ---p 0002a000 08:0a 1186444                    /usr/local/java/java-8-oracle/jre/lib/amd64/libjava.so
7f396c681000-7f396c683000 rw-p 0002a000 08:0a 1186444                    /usr/local/java/java-8-oracle/jre/lib/amd64/libjava.so
7f396c683000-7f396c690000 r-xp 00000000 08:0a 1186448                    /usr/local/java/java-8-oracle/jre/lib/amd64/libverify.so
7f396c690000-7f396c890000 ---p 0000d000 08:0a 1186448                    /usr/local/java/java-8-oracle/jre/lib/amd64/libverify.so
7f396c890000-7f396c892000 rw-p 0000d000 08:0a 1186448                    /usr/local/java/java-8-oracle/jre/lib/amd64/libverify.so
7f396c892000-7f396c899000 r-xp 00000000 08:0a 3412658                    /lib/x86_64-linux-gnu/librt-2.23.so
7f396c899000-7f396ca98000 ---p 00007000 08:0a 3412658                    /lib/x86_64-linux-gnu/librt-2.23.so
7f396ca98000-7f396ca99000 r--p 00006000 08:0a 3412658                    /lib/x86_64-linux-gnu/librt-2.23.so
7f396ca99000-7f396ca9a000 rw-p 00007000 08:0a 3412658                    /lib/x86_64-linux-gnu/librt-2.23.so
7f396ca9a000-7f396cba2000 r-xp 00000000 08:0a 3412574                    /lib/x86_64-linux-gnu/libm-2.23.so
7f396cba2000-7f396cda1000 ---p 00108000 08:0a 3412574                    /lib/x86_64-linux-gnu/libm-2.23.so
7f396cda1000-7f396cda2000 r--p 00107000 08:0a 3412574                    /lib/x86_64-linux-gnu/libm-2.23.so
7f396cda2000-7f396cda3000 rw-p 00108000 08:0a 3412574                    /lib/x86_64-linux-gnu/libm-2.23.so
7f396cda3000-7f396da62000 r-xp 00000000 08:0a 1186471                    /usr/local/java/java-8-oracle/jre/lib/amd64/server/libjvm.so
7f396da62000-7f396dc61000 ---p 00cbf000 08:0a 1186471                    /usr/local/java/java-8-oracle/jre/lib/amd64/server/libjvm.so
7f396dc61000-7f396dd3a000 rw-p 00cbe000 08:0a 1186471                    /usr/local/java/java-8-oracle/jre/lib/amd64/server/libjvm.so
7f396dd3a000-7f396dd83000 rw-p 00000000 00:00 0 
7f396dd83000-7f396df43000 r-xp 00000000 08:0a 3412504                    /lib/x86_64-linux-gnu/libc-2.23.so
7f396df43000-7f396e142000 ---p 001c0000 08:0a 3412504                    /lib/x86_64-linux-gnu/libc-2.23.so
7f396e142000-7f396e146000 r--p 001bf000 08:0a 3412504                    /lib/x86_64-linux-gnu/libc-2.23.so
7f396e146000-7f396e148000 rw-p 001c3000 08:0a 3412504                    /lib/x86_64-linux-gnu/libc-2.23.so
7f396e148000-7f396e14c000 rw-p 00000000 00:00 0 
7f396e14c000-7f396e14f000 r-xp 00000000 08:0a 3412528                    /lib/x86_64-linux-gnu/libdl-2.23.so
7f396e14f000-7f396e34e000 ---p 00003000 08:0a 3412528                    /lib/x86_64-linux-gnu/libdl-2.23.so
7f396e34e000-7f396e34f000 r--p 00002000 08:0a 3412528                    /lib/x86_64-linux-gnu/libdl-2.23.so
7f396e34f000-7f396e350000 rw-p 00003000 08:0a 3412528                    /lib/x86_64-linux-gnu/libdl-2.23.so
7f396e350000-7f396e365000 r-xp 00000000 08:0a 1186059                    /usr/local/java/java-8-oracle/lib/amd64/jli/libjli.so
7f396e365000-7f396e565000 ---p 00015000 08:0a 1186059                    /usr/local/java/java-8-oracle/lib/amd64/jli/libjli.so
7f396e565000-7f396e566000 rw-p 00015000 08:0a 1186059                    /usr/local/java/java-8-oracle/lib/amd64/jli/libjli.so
7f396e566000-7f396e57e000 r-xp 00000000 08:0a 3412650                    /lib/x86_64-linux-gnu/libpthread-2.23.so
7f396e57e000-7f396e77d000 ---p 00018000 08:0a 3412650                    /lib/x86_64-linux-gnu/libpthread-2.23.so
7f396e77d000-7f396e77e000 r--p 00017000 08:0a 3412650                    /lib/x86_64-linux-gnu/libpthread-2.23.so
7f396e77e000-7f396e77f000 rw-p 00018000 08:0a 3412650                    /lib/x86_64-linux-gnu/libpthread-2.23.so
7f396e77f000-7f396e783000 rw-p 00000000 00:00 0 
7f396e783000-7f396e7a9000 r-xp 00000000 08:0a 3412476                    /lib/x86_64-linux-gnu/ld-2.23.so
7f396e7af000-7f396e881000 rw-p 00000000 00:00 0 
7f396e881000-7f396e884000 ---p 00000000 00:00 0 
7f396e884000-7f396e986000 rw-p 00000000 00:00 0 
7f396e988000-7f396e99c000 rw-p 00000000 00:00 0 
7f396e99c000-7f396e9a4000 rw-s 00000000 08:0a 4335961                    /tmp/hsperfdata_takmilul/17818
7f396e9a4000-7f396e9a5000 rw-p 00000000 00:00 0 
7f396e9a5000-7f396e9a6000 ---p 00000000 00:00 0 
7f396e9a6000-7f396e9a8000 rw-p 00000000 00:00 0 
7f396e9a8000-7f396e9a9000 r--p 00025000 08:0a 3412476                    /lib/x86_64-linux-gnu/ld-2.23.so
7f396e9a9000-7f396e9aa000 rw-p 00026000 08:0a 3412476                    /lib/x86_64-linux-gnu/ld-2.23.so
7f396e9aa000-7f396e9ab000 rw-p 00000000 00:00 0 
7ffd833ae000-7ffd833cf000 rw-p 00000000 00:00 0                          [stack]
7ffd833f0000-7ffd833f2000 r--p 00000000 00:00 0                          [vvar]
7ffd833f2000-7ffd833f4000 r-xp 00000000 00:00 0                          [vdso]
ffffffffff600000-ffffffffff601000 r-xp 00000000 00:00 0                  [vsyscall]

VM Arguments:
jvm_args: -Djava.awt.headless=true -Xmx1024M -Dfile.encoding=UTF-8 -Duser.country=US -Duser.language=en -Duser.variant 
java_command: com.android.dx.command.Main --dex --force-jumbo --num-threads=4 --multi-dex --output /home/takmilul/AndroidStudioProjects/Evan_Final Project and Presentation of iCare/Icare/app/build/intermediates/transforms/dex/debug/folders/1000/10/com.google.android.gms-play-services-games-8.4.0_68153d1917ecee4b86eabd33d68ff2d06620a680 /home/takmilul/AndroidStudioProjects/Evan_Final Project and Presentation of iCare/Icare/app/build/intermediates/exploded-aar/com.google.android.gms/play-services-games/8.4.0/jars/classes.jar
java_class_path (initial): /opt/Android/Sdk/build-tools/23.0.2/lib/dx.jar
Launcher Type: SUN_STANDARD

Environment Variables:
JAVA_HOME=/usr/local/java/jdk1.8.0_77
JRE_HOME=/usr/local/java/jdk1.8.0_77/jre
PATH=/usr/local/sbin:/usr/local/bin:/usr/sbin:/usr/bin:/sbin:/bin:/usr/games:/usr/local/games:/snap/bin:/usr/local/java/jdk1.8.0_77/bin:/usr/local/java/jdk1.8.0_77/jre/bin
LD_LIBRARY_PATH=/opt/android-studio/bin:
SHELL=/bin/bash
DISPLAY=:0

Signal Handlers:
SIGSEGV: [libjvm.so+0xabb070], sa_mask[0]=11111111011111111101111111111110, sa_flags=SA_RESTART|SA_SIGINFO
SIGBUS: [libjvm.so+0xabb070], sa_mask[0]=11111111011111111101111111111110, sa_flags=SA_RESTART|SA_SIGINFO
SIGFPE: [libjvm.so+0x918480], sa_mask[0]=11111111011111111101111111111110, sa_flags=SA_RESTART|SA_SIGINFO
SIGPIPE: [libjvm.so+0x918480], sa_mask[0]=11111111011111111101111111111110, sa_flags=SA_RESTART|SA_SIGINFO
SIGXFSZ: [libjvm.so+0x918480], sa_mask[0]=11111111011111111101111111111110, sa_flags=SA_RESTART|SA_SIGINFO
SIGILL: [libjvm.so+0x918480], sa_mask[0]=11111111011111111101111111111110, sa_flags=SA_RESTART|SA_SIGINFO
SIGUSR1: SIG_DFL, sa_mask[0]=00000000000000000000000000000000, sa_flags=none
SIGUSR2: [libjvm.so+0x919ab0], sa_mask[0]=00100000000000000000000000000000, sa_flags=SA_RESTART|SA_SIGINFO
SIGHUP: [libjvm.so+0x91aeb0], sa_mask[0]=11111111011111111101111111111110, sa_flags=SA_RESTART|SA_SIGINFO
SIGINT: [libjvm.so+0x91aeb0], sa_mask[0]=11111111011111111101111111111110, sa_flags=SA_RESTART|SA_SIGINFO
SIGTERM: [libjvm.so+0x91aeb0], sa_mask[0]=11111111011111111101111111111110, sa_flags=SA_RESTART|SA_SIGINFO
SIGQUIT: [libjvm.so+0x91aeb0], sa_mask[0]=11111111011111111101111111111110, sa_flags=SA_RESTART|SA_SIGINFO


---------------  S Y S T E M  ---------------

OS:DISTRIB_ID=Ubuntu
DISTRIB_RELEASE=16.04
DISTRIB_CODENAME=xenial
DISTRIB_DESCRIPTION="Ubuntu 16.04 LTS"

uname:Linux 4.4.0-22-generic #39-Ubuntu SMP Thu May 5 16:53:32 UTC 2016 x86_64
libc:glibc 2.23 NPTL 2.23 
rlimit: STACK 8192k, CORE 0k, NPROC 31466, NOFILE 65536, AS infinity
load average:8.18 4.20 5.51

/proc/meminfo:
MemTotal:        8094180 kB
MemFree:           44188 kB
MemAvailable:     132544 kB
Buffers:            5696 kB
Cached:          1176280 kB
SwapCached:            0 kB
Active:          6765836 kB
Inactive:        1029304 kB
Active(anon):    6732488 kB
Inactive(anon):   995768 kB
Active(file):      33348 kB
Inactive(file):    33536 kB
Unevictable:          48 kB
Mlocked:              48 kB
SwapTotal:             0 kB
SwapFree:              0 kB
Dirty:              6360 kB
Writeback:          1448 kB
AnonPages:       6613644 kB
Mapped:           361584 kB
Shmem:           1114700 kB
Slab:             125836 kB
SReclaimable:      63832 kB
SUnreclaim:        62004 kB
KernelStack:       13808 kB
PageTables:        63120 kB
NFS_Unstable:          0 kB
Bounce:                0 kB
WritebackTmp:          0 kB
CommitLimit:     4047088 kB
Committed_AS:   13709008 kB
VmallocTotal:   34359738367 kB
VmallocUsed:           0 kB
VmallocChunk:          0 kB
HardwareCorrupted:     0 kB
AnonHugePages:   2211840 kB
CmaTotal:              0 kB
CmaFree:               0 kB
HugePages_Total:       0
HugePages_Free:        0
HugePages_Rsvd:        0
HugePages_Surp:        0
Hugepagesize:       2048 kB
DirectMap4k:      259420 kB
DirectMap2M:     8048640 kB


CPU:total 4 (2 cores per cpu, 2 threads per core) family 6 model 42 stepping 7, cmov, cx8, fxsr, mmx, sse, sse2, sse3, ssse3, sse4.1, sse4.2, popcnt, avx, clmul, ht, tsc, tscinvbit

/proc/cpuinfo:
processor	: 0
vendor_id	: GenuineIntel
cpu family	: 6
model		: 42
model name	: Intel(R) Core(TM) i3-2120 CPU @ 3.30GHz
stepping	: 7
microcode	: 0x29
cpu MHz		: 3300.000
cache size	: 3072 KB
physical id	: 0
siblings	: 4
core id		: 0
cpu cores	: 2
apicid		: 0
initial apicid	: 0
fpu		: yes
fpu_exception	: yes
cpuid level	: 13
wp		: yes
flags		: fpu vme de pse tsc msr pae mce cx8 apic sep mtrr pge mca cmov pat pse36 clflush dts acpi mmx fxsr sse sse2 ss ht tm pbe syscall nx rdtscp lm constant_tsc arch_perfmon pebs bts rep_good nopl xtopology nonstop_tsc aperfmperf eagerfpu pni pclmulqdq dtes64 monitor ds_cpl vmx est tm2 ssse3 cx16 xtpr pdcm pcid sse4_1 sse4_2 popcnt tsc_deadline_timer xsave avx lahf_lm epb tpr_shadow vnmi flexpriority ept vpid xsaveopt dtherm arat pln pts
bugs		:
bogomips	: 6585.15
clflush size	: 64
cache_alignment	: 64
address sizes	: 36 bits physical, 48 bits virtual
power management:

processor	: 1
vendor_id	: GenuineIntel
cpu family	: 6
model		: 42
model name	: Intel(R) Core(TM) i3-2120 CPU @ 3.30GHz
stepping	: 7
microcode	: 0x29
cpu MHz		: 3299.871
cache size	: 3072 KB
physical id	: 0
siblings	: 4
core id		: 1
cpu cores	: 2
apicid		: 2
initial apicid	: 2
fpu		: yes
fpu_exception	: yes
cpuid level	: 13
wp		: yes
flags		: fpu vme de pse tsc msr pae mce cx8 apic sep mtrr pge mca cmov pat pse36 clflush dts acpi mmx fxsr sse sse2 ss ht tm pbe syscall nx rdtscp lm constant_tsc arch_perfmon pebs bts rep_good nopl xtopology nonstop_tsc aperfmperf eagerfpu pni pclmulqdq dtes64 monitor ds_cpl vmx est tm2 ssse3 cx16 xtpr pdcm pcid sse4_1 sse4_2 popcnt tsc_deadline_timer xsave avx lahf_lm epb tpr_shadow vnmi flexpriority ept vpid xsaveopt dtherm arat pln pts
bugs		:
bogomips	: 6585.15
clflush size	: 64
cache_alignment	: 64
address sizes	: 36 bits physical, 48 bits virtual
power management:

processor	: 2
vendor_id	: GenuineIntel
cpu family	: 6
model		: 42
model name	: Intel(R) Core(TM) i3-2120 CPU @ 3.30GHz
stepping	: 7
microcode	: 0x29
cpu MHz		: 3299.871
cache size	: 3072 KB
physical id	: 0
siblings	: 4
core id		: 0
cpu cores	: 2
apicid		: 1
initial apicid	: 1
fpu		: yes
fpu_exception	: yes
cpuid level	: 13
wp		: yes
flags		: fpu vme de pse tsc msr pae mce cx8 apic sep mtrr pge mca cmov pat pse36 clflush dts acpi mmx fxsr sse sse2 ss ht tm pbe syscall nx rdtscp lm constant_tsc arch_perfmon pebs bts rep_good nopl xtopology nonstop_tsc aperfmperf eagerfpu pni pclmulqdq dtes64 monitor ds_cpl vmx est tm2 ssse3 cx16 xtpr pdcm pcid sse4_1 sse4_2 popcnt tsc_deadline_timer xsave avx lahf_lm epb tpr_shadow vnmi flexpriority ept vpid xsaveopt dtherm arat pln pts
bugs		:
bogomips	: 6585.15
clflush size	: 64
cache_alignment	: 64
address sizes	: 36 bits physical, 48 bits virtual
power management:

processor	: 3
vendor_id	: GenuineIntel
cpu family	: 6
model		: 42
model name	: Intel(R) Core(TM) i3-2120 CPU @ 3.30GHz
stepping	: 7
microcode	: 0x29
cpu MHz		: 3299.871
cache size	: 3072 KB
physical id	: 0
siblings	: 4
core id		: 1
cpu cores	: 2
apicid		: 3
initial apicid	: 3
fpu		: yes
fpu_exception	: yes
cpuid level	: 13
wp		: yes
flags		: fpu vme de pse tsc msr pae mce cx8 apic sep mtrr pge mca cmov pat pse36 clflush dts acpi mmx fxsr sse sse2 ss ht tm pbe syscall nx rdtscp lm constant_tsc arch_perfmon pebs bts rep_good nopl xtopology nonstop_tsc aperfmperf eagerfpu pni pclmulqdq dtes64 monitor ds_cpl vmx est tm2 ssse3 cx16 xtpr pdcm pcid sse4_1 sse4_2 popcnt tsc_deadline_timer xsave avx lahf_lm epb tpr_shadow vnmi flexpriority ept vpid xsaveopt dtherm arat pln pts
bugs		:
bogomips	: 6585.15
clflush size	: 64
cache_alignment	: 64
address sizes	: 36 bits physical, 48 bits virtual
power management:



Memory: 4k page, physical 8094180k(46440k free), swap 0k(0k free)

vm_info: Java HotSpot(TM) 64-Bit Server VM (25.77-b03) for linux-amd64 JRE (1.8.0_77-b03), built on Mar 20 2016 22:00:46 by "java_re" with gcc 4.3.0 20080428 (Red Hat 4.3.0-8)

time: Thu May 12 23:44:47 2016
elapsed time: 15 seconds (0d 0h 0m 15s)

