#
# There is insufficient memory for the Java Runtime Environment to continue.
# Native memory allocation (mmap) failed to map 182452224 bytes for committing reserved memory.
# Possible reasons:
#   The system is out of physical RAM or swap space
#   In 32 bit mode, the process size limit was hit
# Possible solutions:
#   Reduce memory load on the system
#   Increase physical memory or swap space
#   Check if swap backing store is full
#   Use 64 bit Java on a 64 bit OS
#   Decrease Java heap size (-Xmx/-Xms)
#   Decrease number of Java threads
#   Decrease Java thread stack sizes (-Xss)
#   Set larger code cache with -XX:ReservedCodeCacheSize=
# This output file may be truncated or incomplete.
#
#  Out of Memory Error (os_linux.cpp:2627), pid=7666, tid=139905300641536
#
# JRE version: Java(TM) SE Runtime Environment (8.0_77-b03) (build 1.8.0_77-b03)
# Java VM: Java HotSpot(TM) 64-Bit Server VM (25.77-b03 mixed mode linux-amd64 compressed oops)
# Failed to write core dump. Core dumps have been disabled. To enable core dumping, try "ulimit -c unlimited" before starting Java again
#

---------------  T H R E A D  ---------------

Current thread (0x00007f3e50078000):  VMThread [stack: 0x00007f3e3daf3000,0x00007f3e3dbf4000] [id=7696]

Stack: [0x00007f3e3daf3000,0x00007f3e3dbf4000],  sp=0x00007f3e3dbf2020,  free space=1020k
Native frames: (J=compiled Java code, j=interpreted, Vv=VM code, C=native code)
V  [libjvm.so+0xaba7ea]  VMError::report_and_die()+0x2ba
V  [libjvm.so+0x4f9e3b]  report_vm_out_of_memory(char const*, int, unsigned long, VMErrorType, char const*)+0x8b
V  [libjvm.so+0x91b613]  os::Linux::commit_memory_impl(char*, unsigned long, bool)+0x103
V  [libjvm.so+0x91bb69]  os::pd_commit_memory(char*, unsigned long, unsigned long, bool)+0x29
V  [libjvm.so+0x915e6a]  os::commit_memory(char*, unsigned long, unsigned long, bool)+0x2a
V  [libjvm.so+0x989543]  PSVirtualSpace::expand_by(unsigned long)+0x53
V  [libjvm.so+0x98a948]  PSYoungGen::resize_generation(unsigned long, unsigned long)+0xf8
V  [libjvm.so+0x989aa2]  PSYoungGen::resize(unsigned long, unsigned long)+0x22
V  [libjvm.so+0x986d7b]  PSScavenge::invoke_no_policy()+0xf3b
V  [libjvm.so+0x987501]  PSScavenge::invoke()+0x41
V  [libjvm.so+0x93f300]  ParallelScavengeHeap::failed_mem_allocate(unsigned long)+0x70
V  [libjvm.so+0xabc207]  VM_ParallelGCFailedAllocation::doit()+0x97
V  [libjvm.so+0xac3c35]  VM_Operation::evaluate()+0x55
V  [libjvm.so+0xac200a]  VMThread::evaluate_operation(VM_Operation*)+0xba
V  [libjvm.so+0xac238e]  VMThread::loop()+0x1ce
V  [libjvm.so+0xac2800]  VMThread::run()+0x70
V  [libjvm.so+0x91d9d8]  java_start(Thread*)+0x108

VM_Operation (0x00007f3e582ae5e0): ParallelGCFailedAllocation, mode: safepoint, requested by thread 0x00007f3e5000a000


---------------  P R O C E S S  ---------------

Java Threads: ( => current thread )
  0x00007f3e5014c800 JavaThread "pool-2-thread-4" [_thread_blocked, id=7712, stack(0x00007f3e3c3c0000,0x00007f3e3c4c1000)]
  0x00007f3e5014b000 JavaThread "pool-2-thread-3" [_thread_blocked, id=7711, stack(0x00007f3e3c4c1000,0x00007f3e3c5c2000)]
  0x00007f3e50146800 JavaThread "pool-2-thread-2" [_thread_blocked, id=7710, stack(0x00007f3e3c5c2000,0x00007f3e3c6c3000)]
  0x00007f3e50138800 JavaThread "pool-3-thread-1" [_thread_blocked, id=7709, stack(0x00007f3e3c6c3000,0x00007f3e3c7c4000)]
  0x00007f3e50136000 JavaThread "pool-2-thread-1" [_thread_blocked, id=7708, stack(0x00007f3e3c7c4000,0x00007f3e3c8c5000)]
  0x00007f3e500c0000 JavaThread "Service Thread" daemon [_thread_blocked, id=7706, stack(0x00007f3e3c9dd000,0x00007f3e3cade000)]
  0x00007f3e500bd000 JavaThread "C1 CompilerThread2" daemon [_thread_blocked, id=7705, stack(0x00007f3e3cade000,0x00007f3e3cbdf000)]
  0x00007f3e500bb800 JavaThread "C2 CompilerThread1" daemon [_thread_blocked, id=7704, stack(0x00007f3e3cbdf000,0x00007f3e3cce0000)]
  0x00007f3e500b8800 JavaThread "C2 CompilerThread0" daemon [_thread_blocked, id=7703, stack(0x00007f3e3cce0000,0x00007f3e3cde1000)]
  0x00007f3e500b7000 JavaThread "Signal Dispatcher" daemon [_thread_blocked, id=7702, stack(0x00007f3e3cde1000,0x00007f3e3cee2000)]
  0x00007f3e50084000 JavaThread "Finalizer" daemon [_thread_blocked, id=7701, stack(0x00007f3e3d8f1000,0x00007f3e3d9f2000)]
  0x00007f3e5007f800 JavaThread "Reference Handler" daemon [_thread_blocked, id=7697, stack(0x00007f3e3d9f2000,0x00007f3e3daf3000)]
  0x00007f3e5000a000 JavaThread "main" [_thread_blocked, id=7671, stack(0x00007f3e581b0000,0x00007f3e582b1000)]

Other Threads:
=>0x00007f3e50078000 VMThread [stack: 0x00007f3e3daf3000,0x00007f3e3dbf4000] [id=7696]
  0x00007f3e500c3000 WatcherThread [stack: 0x00007f3e3c8dc000,0x00007f3e3c9dd000] [id=7707]

VM state:at safepoint (normal execution)

VM Mutex/Monitor currently owned by a thread:  ([mutex/lock_event])
[0x00007f3e50006680] Threads_lock - owner thread: 0x00007f3e50078000
[0x00007f3e50006b80] Heap_lock - owner thread: 0x00007f3e5000a000

Heap:
 PSYoungGen      total 132096K, used 5108K [0x00000000eab00000, 0x00000000f3100000, 0x0000000100000000)
  eden space 126976K, 0% used [0x00000000eab00000,0x00000000eab00000,0x00000000f2700000)
  from space 5120K, 99% used [0x00000000f2700000,0x00000000f2bfd230,0x00000000f2c00000)
  to   space 5120K, 0% used [0x00000000f2c00000,0x00000000f2c00000,0x00000000f3100000)
 ParOldGen       total 84992K, used 47771K [0x00000000c0000000, 0x00000000c5300000, 0x00000000eab00000)
  object space 84992K, 56% used [0x00000000c0000000,0x00000000c2ea6ce8,0x00000000c5300000)
 Metaspace       used 6221K, capacity 7152K, committed 7296K, reserved 1056768K
  class space    used 593K, capacity 616K, committed 640K, reserved 1048576K

Card table byte_map: [0x00007f3e54d6a000,0x00007f3e54f6b000] byte_map_base: 0x00007f3e5476a000

Marking Bits: (ParMarkBitMap*) 0x00007f3e57687100
 Begin Bits: [0x00007f3e3f000000, 0x00007f3e40000000)
 End Bits:   [0x00007f3e40000000, 0x00007f3e41000000)

Polling page: 0x00007f3e582d4000

CodeCache: size=245760Kb used=6751Kb max_used=6765Kb free=239008Kb
 bounds [0x00007f3e41000000, 0x00007f3e416a0000, 0x00007f3e50000000]
 total_blobs=2060 nmethods=1792 adapters=182
 compilation: enabled

Compilation events (10 events):
Event: 11.442 Thread 0x00007f3e500bd000 nmethod 2143% 0x00007f3e41697810 code [0x00007f3e41697a60, 0x00007f3e41698818]
Event: 11.442 Thread 0x00007f3e500bd000 2145 %     3       com.android.dx.ssa.back.FirstFitLocalCombiningAllocator::handleUnassociatedParameters @ 10 (60 bytes)
Event: 11.443 Thread 0x00007f3e500bd000 nmethod 2145% 0x00007f3e41699010 code [0x00007f3e416991e0, 0x00007f3e416998d8]
Event: 11.443 Thread 0x00007f3e500bd000 2144 %     3       com.android.dx.ssa.back.LivenessAnalyzer::constructInterferenceGraph @ 16 (47 bytes)
Event: 11.443 Thread 0x00007f3e500bd000 nmethod 2144% 0x00007f3e41699b90 code [0x00007f3e41699d40, 0x00007f3e4169a218]
Event: 11.443 Thread 0x00007f3e500bd000 2142 %     3       com.android.dx.ssa.ConstCollector::updateConstUses @ 20 (248 bytes)
Event: 11.449 Thread 0x00007f3e500bb800 nmethod 2093 0x00007f3e4169df50 code [0x00007f3e4169e140, 0x00007f3e4169f078]
Event: 11.449 Thread 0x00007f3e500bb800 1564       4       com.android.dx.ssa.SsaInsn::<init> (29 bytes)
Event: 11.449 Thread 0x00007f3e500bb800 nmethod 1564 0x00007f3e41568150 code [0x00007f3e415682a0, 0x00007f3e41568338]
Event: 11.450 Thread 0x00007f3e500bb800 1547       4       com.android.dx.ssa.SsaRenamer$BlockRenamer::processResultReg (56 bytes)

GC Heap History (9 events):
Event: 3.320 GC heap before
{Heap before GC invocations=1 (full 0):
 PSYoungGen      total 36864K, used 31744K [0x00000000eab00000, 0x00000000ed400000, 0x0000000100000000)
  eden space 31744K, 100% used [0x00000000eab00000,0x00000000eca00000,0x00000000eca00000)
  from space 5120K, 0% used [0x00000000ecf00000,0x00000000ecf00000,0x00000000ed400000)
  to   space 5120K, 0% used [0x00000000eca00000,0x00000000eca00000,0x00000000ecf00000)
 ParOldGen       total 84992K, used 0K [0x00000000c0000000, 0x00000000c5300000, 0x00000000eab00000)
  object space 84992K, 0% used [0x00000000c0000000,0x00000000c0000000,0x00000000c5300000)
 Metaspace       used 5673K, capacity 6704K, committed 6784K, reserved 1056768K
  class space    used 585K, capacity 616K, committed 640K, reserved 1048576K
Event: 3.371 GC heap after
Heap after GC invocations=1 (full 0):
 PSYoungGen      total 36864K, used 4893K [0x00000000eab00000, 0x00000000ef300000, 0x0000000100000000)
  eden space 31744K, 0% used [0x00000000eab00000,0x00000000eab00000,0x00000000eca00000)
  from space 5120K, 95% used [0x00000000eca00000,0x00000000ecec76a0,0x00000000ecf00000)
  to   space 5120K, 0% used [0x00000000eee00000,0x00000000eee00000,0x00000000ef300000)
 ParOldGen       total 84992K, used 8K [0x00000000c0000000, 0x00000000c5300000, 0x00000000eab00000)
  object space 84992K, 0% used [0x00000000c0000000,0x00000000c0002000,0x00000000c5300000)
 Metaspace       used 5673K, capacity 6704K, committed 6784K, reserved 1056768K
  class space    used 585K, capacity 616K, committed 640K, reserved 1048576K
}
Event: 4.632 GC heap before
{Heap before GC invocations=2 (full 0):
 PSYoungGen      total 36864K, used 36637K [0x00000000eab00000, 0x00000000ef300000, 0x0000000100000000)
  eden space 31744K, 100% used [0x00000000eab00000,0x00000000eca00000,0x00000000eca00000)
  from space 5120K, 95% used [0x00000000eca00000,0x00000000ecec76a0,0x00000000ecf00000)
  to   space 5120K, 0% used [0x00000000eee00000,0x00000000eee00000,0x00000000ef300000)
 ParOldGen       total 84992K, used 8K [0x00000000c0000000, 0x00000000c5300000, 0x00000000eab00000)
  object space 84992K, 0% used [0x00000000c0000000,0x00000000c0002000,0x00000000c5300000)
 Metaspace       used 5758K, capacity 6768K, committed 7040K, reserved 1056768K
  class space    used 585K, capacity 616K, committed 640K, reserved 1048576K
Event: 4.719 GC heap after
Heap after GC invocations=2 (full 0):
 PSYoungGen      total 68608K, used 5098K [0x00000000eab00000, 0x00000000ef300000, 0x0000000100000000)
  eden space 63488K, 0% used [0x00000000eab00000,0x00000000eab00000,0x00000000ee900000)
  from space 5120K, 99% used [0x00000000eee00000,0x00000000ef2faaa0,0x00000000ef300000)
  to   space 5120K, 0% used [0x00000000ee900000,0x00000000ee900000,0x00000000eee00000)
 ParOldGen       total 84992K, used 2141K [0x00000000c0000000, 0x00000000c5300000, 0x00000000eab00000)
  object space 84992K, 2% used [0x00000000c0000000,0x00000000c0217728,0x00000000c5300000)
 Metaspace       used 5758K, capacity 6768K, committed 7040K, reserved 1056768K
  class space    used 585K, capacity 616K, committed 640K, reserved 1048576K
}
Event: 5.983 GC heap before
{Heap before GC invocations=3 (full 0):
 PSYoungGen      total 68608K, used 68586K [0x00000000eab00000, 0x00000000ef300000, 0x0000000100000000)
  eden space 63488K, 100% used [0x00000000eab00000,0x00000000ee900000,0x00000000ee900000)
  from space 5120K, 99% used [0x00000000eee00000,0x00000000ef2faaa0,0x00000000ef300000)
  to   space 5120K, 0% used [0x00000000ee900000,0x00000000ee900000,0x00000000eee00000)
 ParOldGen       total 84992K, used 2141K [0x00000000c0000000, 0x00000000c5300000, 0x00000000eab00000)
  object space 84992K, 2% used [0x00000000c0000000,0x00000000c0217728,0x00000000c5300000)
 Metaspace       used 5910K, capacity 6896K, committed 7040K, reserved 1056768K
  class space    used 591K, capacity 616K, committed 640K, reserved 1048576K
Event: 6.105 GC heap after
Heap after GC invocations=3 (full 0):
 PSYoungGen      total 68608K, used 5108K [0x00000000eab00000, 0x00000000f3100000, 0x0000000100000000)
  eden space 63488K, 0% used [0x00000000eab00000,0x00000000eab00000,0x00000000ee900000)
  from space 5120K, 99% used [0x00000000ee900000,0x00000000eedfd230,0x00000000eee00000)
  to   space 5120K, 0% used [0x00000000f2c00000,0x00000000f2c00000,0x00000000f3100000)
 ParOldGen       total 84992K, used 13231K [0x00000000c0000000, 0x00000000c5300000, 0x00000000eab00000)
  object space 84992K, 15% used [0x00000000c0000000,0x00000000c0cebf60,0x00000000c5300000)
 Metaspace       used 5910K, capacity 6896K, committed 7040K, reserved 1056768K
  class space    used 591K, capacity 616K, committed 640K, reserved 1048576K
}
Event: 8.259 GC heap before
{Heap before GC invocations=4 (full 0):
 PSYoungGen      total 68608K, used 68596K [0x00000000eab00000, 0x00000000f3100000, 0x0000000100000000)
  eden space 63488K, 100% used [0x00000000eab00000,0x00000000ee900000,0x00000000ee900000)
  from space 5120K, 99% used [0x00000000ee900000,0x00000000eedfd230,0x00000000eee00000)
  to   space 5120K, 0% used [0x00000000f2c00000,0x00000000f2c00000,0x00000000f3100000)
 ParOldGen       total 84992K, used 13231K [0x00000000c0000000, 0x00000000c5300000, 0x00000000eab00000)
  object space 84992K, 15% used [0x00000000c0000000,0x00000000c0cebf60,0x00000000c5300000)
 Metaspace       used 5926K, capacity 6896K, committed 7040K, reserved 1056768K
  class space    used 593K, capacity 616K, committed 640K, reserved 1048576K
Event: 8.316 GC heap after
Heap after GC invocations=4 (full 0):
 PSYoungGen      total 132096K, used 5097K [0x00000000eab00000, 0x00000000f3100000, 0x0000000100000000)
  eden space 126976K, 0% used [0x00000000eab00000,0x00000000eab00000,0x00000000f2700000)
  from space 5120K, 99% used [0x00000000f2c00000,0x00000000f30fa4f8,0x00000000f3100000)
  to   space 5120K, 0% used [0x00000000f2700000,0x00000000f2700000,0x00000000f2c00000)
 ParOldGen       total 84992K, used 26034K [0x00000000c0000000, 0x00000000c5300000, 0x00000000eab00000)
  object space 84992K, 30% used [0x00000000c0000000,0x00000000c196ca38,0x00000000c5300000)
 Metaspace       used 5926K, capacity 6896K, committed 7040K, reserved 1056768K
  class space    used 593K, capacity 616K, committed 640K, reserved 1048576K
}
Event: 11.468 GC heap before
{Heap before GC invocations=5 (full 0):
 PSYoungGen      total 132096K, used 132073K [0x00000000eab00000, 0x00000000f3100000, 0x0000000100000000)
  eden space 126976K, 100% used [0x00000000eab00000,0x00000000f2700000,0x00000000f2700000)
  from space 5120K, 99% used [0x00000000f2c00000,0x00000000f30fa4f8,0x00000000f3100000)
  to   space 5120K, 0% used [0x00000000f2700000,0x00000000f2700000,0x00000000f2c00000)
 ParOldGen       total 84992K, used 26034K [0x00000000c0000000, 0x00000000c5300000, 0x00000000eab00000)
  object space 84992K, 30% used [0x00000000c0000000,0x00000000c196ca38,0x00000000c5300000)
 Metaspace       used 6221K, capacity 7152K, committed 7296K, reserved 1056768K
  class space    used 593K, capacity 616K, committed 640K, reserved 1048576K

Deoptimization events (10 events):
Event: 3.620 Thread 0x00007f3e50146800 Uncommon trap: reason=class_check action=maybe_recompile pc=0x00007f3e412aab38 method=com.android.dx.ssa.NormalSsaInsn.accept(Lcom/android/dx/ssa/SsaInsn$Visitor;)V @ 9
Event: 3.774 Thread 0x00007f3e50136000 Uncommon trap: reason=bimorphic action=maybe_recompile pc=0x00007f3e4124e434 method=java.util.HashMap.getNode(ILjava/lang/Object;)Ljava/util/HashMap$Node; @ 126
Event: 3.774 Thread 0x00007f3e50136000 Uncommon trap: reason=bimorphic action=maybe_recompile pc=0x00007f3e4124e434 method=java.util.HashMap.getNode(ILjava/lang/Object;)Ljava/util/HashMap$Node; @ 126
Event: 3.835 Thread 0x00007f3e5000a000 Uncommon trap: reason=bimorphic action=maybe_recompile pc=0x00007f3e4124e434 method=java.util.HashMap.getNode(ILjava/lang/Object;)Ljava/util/HashMap$Node; @ 126
Event: 3.857 Thread 0x00007f3e5014b000 Uncommon trap: reason=unstable_if action=reinterpret pc=0x00007f3e4124addc method=com.android.dx.rop.cst.Constant.compareTo(Lcom/android/dx/rop/cst/Constant;)I @ 12
Event: 4.057 Thread 0x00007f3e50146800 Uncommon trap: reason=null_check action=make_not_entrant pc=0x00007f3e41212860 method=com.android.dx.rop.type.Type.equals(Ljava/lang/Object;)Z @ 8
Event: 5.921 Thread 0x00007f3e5014b000 Uncommon trap: reason=unstable_if action=reinterpret pc=0x00007f3e413d74bc method=com.android.dx.ssa.SsaMethod.updateOneDefinition(Lcom/android/dx/ssa/SsaInsn;Lcom/android/dx/rop/code/RegisterSpec;)V @ 4
Event: 6.212 Thread 0x00007f3e5000a000 Uncommon trap: reason=null_check action=make_not_entrant pc=0x00007f3e412bb008 method=com.android.dx.ssa.SsaRenamer.getLocalForNewReg(I)Lcom/android/dx/rop/code/LocalItem; @ 19
Event: 6.221 Thread 0x00007f3e5000a000 Uncommon trap: reason=null_check action=make_not_entrant pc=0x00007f3e4139f540 method=com.android.dx.ssa.SsaRenamer.getLocalForNewReg(I)Lcom/android/dx/rop/code/LocalItem; @ 19
Event: 9.076 Thread 0x00007f3e5014c800 Uncommon trap: reason=unstable_if action=reinterpret pc=0x00007f3e415556e4 method=com.android.dx.cf.code.ByteCatchList.listFor(I)Lcom/android/dx/cf/code/ByteCatchList; @ 19

Internal exceptions (5 events):
Event: 0.101 Thread 0x00007f3e5000a000 Exception <a 'java/lang/NoSuchMethodError': Method sun.misc.Unsafe.defineClass(Ljava/lang/String;[BII)Ljava/lang/Class; name or signature does not match> (0x00000000eab07cc0) thrown at [/HUDSON/workspace/8-2-build-linux-amd64/jdk8u77/6540/hotspot/src/shar
Event: 0.101 Thread 0x00007f3e5000a000 Exception <a 'java/lang/NoSuchMethodError': Method sun.misc.Unsafe.prefetchRead(Ljava/lang/Object;J)V name or signature does not match> (0x00000000eab07fa8) thrown at [/HUDSON/workspace/8-2-build-linux-amd64/jdk8u77/6540/hotspot/src/share/vm/prims/jni.cpp
Event: 4.056 Thread 0x00007f3e50146800 Implicit null exception at 0x00007f3e41212762 to 0x00007f3e41212853
Event: 6.212 Thread 0x00007f3e5000a000 Implicit null exception at 0x00007f3e412b9229 to 0x00007f3e412bafc1
Event: 6.221 Thread 0x00007f3e5000a000 Implicit null exception at 0x00007f3e4139c492 to 0x00007f3e4139f511

Events (10 events):
Event: 9.169 Thread 0x00007f3e50136000 DEOPT UNPACKING pc=0x00007f3e41047633 sp=0x00007f3e3c8c2cc0 mode 0
Event: 9.443 Thread 0x00007f3e5014b000 DEOPT PACKING pc=0x00007f3e414e71c0 sp=0x00007f3e3c5c0030
Event: 9.443 Thread 0x00007f3e5014b000 DEOPT UNPACKING pc=0x00007f3e41047633 sp=0x00007f3e3c5bfe98 mode 0
Event: 11.014 Thread 0x00007f3e5014b000 DEOPT PACKING pc=0x00007f3e414f31b3 sp=0x00007f3e3c5bf9c0
Event: 11.014 Thread 0x00007f3e5014b000 DEOPT UNPACKING pc=0x00007f3e41047633 sp=0x00007f3e3c5bf6e0 mode 0
Event: 11.294 Thread 0x00007f3e5014c800 DEOPT PACKING pc=0x00007f3e414a692a sp=0x00007f3e3c4beed0
Event: 11.294 Thread 0x00007f3e5014c800 DEOPT UNPACKING pc=0x00007f3e41047633 sp=0x00007f3e3c4bec50 mode 0
Event: 11.352 Thread 0x00007f3e5000a000 DEOPT PACKING pc=0x00007f3e4154dd5f sp=0x00007f3e582af1f0
Event: 11.352 Thread 0x00007f3e5000a000 DEOPT UNPACKING pc=0x00007f3e41047633 sp=0x00007f3e582aef10 mode 0
Event: 11.456 Executing VM operation: ParallelGCFailedAllocation


Dynamic libraries:
00400000-00401000 r-xp 00000000 08:0a 927274                             /usr/local/java/java-8-oracle/bin/java
00600000-00601000 rw-p 00000000 08:0a 927274                             /usr/local/java/java-8-oracle/bin/java
01d1b000-01d3c000 rw-p 00000000 00:00 0                                  [heap]
c0000000-c5300000 rw-p 00000000 00:00 0 
c5300000-eab00000 ---p 00000000 00:00 0 
eab00000-f3100000 rw-p 00000000 00:00 0 
fdf00000-100000000 ---p 00000000 00:00 0 
100000000-1000a0000 rw-p 00000000 00:00 0 
1000a0000-140000000 ---p 00000000 00:00 0 
7f3df0000000-7f3df0021000 rw-p 00000000 00:00 0 
7f3df0021000-7f3df4000000 ---p 00000000 00:00 0 
7f3df8000000-7f3df802e000 rw-p 00000000 00:00 0 
7f3df802e000-7f3dfc000000 ---p 00000000 00:00 0 
7f3dfc000000-7f3dfc021000 rw-p 00000000 00:00 0 
7f3dfc021000-7f3e00000000 ---p 00000000 00:00 0 
7f3e00000000-7f3e0002e000 rw-p 00000000 00:00 0 
7f3e0002e000-7f3e04000000 ---p 00000000 00:00 0 
7f3e04000000-7f3e04021000 rw-p 00000000 00:00 0 
7f3e04021000-7f3e08000000 ---p 00000000 00:00 0 
7f3e08000000-7f3e08021000 rw-p 00000000 00:00 0 
7f3e08021000-7f3e0c000000 ---p 00000000 00:00 0 
7f3e0c000000-7f3e0c021000 rw-p 00000000 00:00 0 
7f3e0c021000-7f3e10000000 ---p 00000000 00:00 0 
7f3e10000000-7f3e10a0f000 rw-p 00000000 00:00 0 
7f3e10a0f000-7f3e14000000 ---p 00000000 00:00 0 
7f3e14000000-7f3e14639000 rw-p 00000000 00:00 0 
7f3e14639000-7f3e18000000 ---p 00000000 00:00 0 
7f3e18000000-7f3e18021000 rw-p 00000000 00:00 0 
7f3e18021000-7f3e1c000000 ---p 00000000 00:00 0 
7f3e1c000000-7f3e1ce4e000 rw-p 00000000 00:00 0 
7f3e1ce4e000-7f3e20000000 ---p 00000000 00:00 0 
7f3e20000000-7f3e20021000 rw-p 00000000 00:00 0 
7f3e20021000-7f3e24000000 ---p 00000000 00:00 0 
7f3e24000000-7f3e24021000 rw-p 00000000 00:00 0 
7f3e24021000-7f3e28000000 ---p 00000000 00:00 0 
7f3e28000000-7f3e28021000 rw-p 00000000 00:00 0 
7f3e28021000-7f3e2c000000 ---p 00000000 00:00 0 
7f3e2c000000-7f3e2c295000 rw-p 00000000 00:00 0 
7f3e2c295000-7f3e30000000 ---p 00000000 00:00 0 
7f3e30000000-7f3e30021000 rw-p 00000000 00:00 0 
7f3e30021000-7f3e34000000 ---p 00000000 00:00 0 
7f3e34000000-7f3e34021000 rw-p 00000000 00:00 0 
7f3e34021000-7f3e38000000 ---p 00000000 00:00 0 
7f3e38000000-7f3e38021000 rw-p 00000000 00:00 0 
7f3e38021000-7f3e3c000000 ---p 00000000 00:00 0 
7f3e3c3c0000-7f3e3c3c3000 ---p 00000000 00:00 0 
7f3e3c3c3000-7f3e3c4c1000 rw-p 00000000 00:00 0 
7f3e3c4c1000-7f3e3c4c4000 ---p 00000000 00:00 0 
7f3e3c4c4000-7f3e3c5c2000 rw-p 00000000 00:00 0 
7f3e3c5c2000-7f3e3c5c5000 ---p 00000000 00:00 0 
7f3e3c5c5000-7f3e3c6c3000 rw-p 00000000 00:00 0 
7f3e3c6c3000-7f3e3c6c6000 ---p 00000000 00:00 0 
7f3e3c6c6000-7f3e3c7c4000 rw-p 00000000 00:00 0 
7f3e3c7c4000-7f3e3c7c7000 ---p 00000000 00:00 0 
7f3e3c7c7000-7f3e3c8c5000 rw-p 00000000 00:00 0 
7f3e3c8c5000-7f3e3c8dc000 r--s 0008b000 08:0a 3674632                    /home/takmilul/AndroidStudioProjects/Evan_Final Project and Presentation of iCare/Icare/app/build/intermediates/exploded-aar/com.google.android.gms/play-services-games/8.4.0/jars/classes.jar
7f3e3c8dc000-7f3e3c8dd000 ---p 00000000 00:00 0 
7f3e3c8dd000-7f3e3c9dd000 rw-p 00000000 00:00 0 
7f3e3c9dd000-7f3e3c9e0000 ---p 00000000 00:00 0 
7f3e3c9e0000-7f3e3cade000 rw-p 00000000 00:00 0 
7f3e3cade000-7f3e3cae1000 ---p 00000000 00:00 0 
7f3e3cae1000-7f3e3cbdf000 rw-p 00000000 00:00 0 
7f3e3cbdf000-7f3e3cbe2000 ---p 00000000 00:00 0 
7f3e3cbe2000-7f3e3cce0000 rw-p 00000000 00:00 0 
7f3e3cce0000-7f3e3cce3000 ---p 00000000 00:00 0 
7f3e3cce3000-7f3e3cde1000 rw-p 00000000 00:00 0 
7f3e3cde1000-7f3e3cde4000 ---p 00000000 00:00 0 
7f3e3cde4000-7f3e3cee2000 rw-p 00000000 00:00 0 
7f3e3cee2000-7f3e3d8f1000 r--p 00000000 08:0a 793913                     /usr/lib/locale/locale-archive
7f3e3d8f1000-7f3e3d8f4000 ---p 00000000 00:00 0 
7f3e3d8f4000-7f3e3d9f2000 rw-p 00000000 00:00 0 
7f3e3d9f2000-7f3e3d9f5000 ---p 00000000 00:00 0 
7f3e3d9f5000-7f3e3daf3000 rw-p 00000000 00:00 0 
7f3e3daf3000-7f3e3daf4000 ---p 00000000 00:00 0 
7f3e3daf4000-7f3e3ee80000 rw-p 00000000 00:00 0 
7f3e3ee80000-7f3e3f000000 ---p 00000000 00:00 0 
7f3e3f000000-7f3e41000000 rw-p 00000000 00:00 0 
7f3e41000000-7f3e416a0000 rwxp 00000000 00:00 0 
7f3e416a0000-7f3e50000000 ---p 00000000 00:00 0 
7f3e50000000-7f3e50390000 rw-p 00000000 00:00 0 
7f3e50390000-7f3e54000000 ---p 00000000 00:00 0 
7f3e5400b000-7f3e5401a000 r--s 000df000 08:0a 3818871                    /opt/Android/Sdk/build-tools/23.0.2/lib/dx.jar
7f3e5401a000-7f3e543c2000 rw-p 00000000 00:00 0 
7f3e543c2000-7f3e5459a000 r--s 03d1e000 08:0a 1186168                    /usr/local/java/java-8-oracle/jre/lib/rt.jar
7f3e5459a000-7f3e54810000 rw-p 00000000 00:00 0 
7f3e54810000-7f3e54811000 ---p 00000000 00:00 0 
7f3e54811000-7f3e54911000 rw-p 00000000 00:00 0 
7f3e54911000-7f3e54912000 ---p 00000000 00:00 0 
7f3e54912000-7f3e54a12000 rw-p 00000000 00:00 0 
7f3e54a12000-7f3e54a13000 ---p 00000000 00:00 0 
7f3e54a13000-7f3e54b13000 rw-p 00000000 00:00 0 
7f3e54b13000-7f3e54b14000 ---p 00000000 00:00 0 
7f3e54b14000-7f3e54c3e000 rw-p 00000000 00:00 0 
7f3e54c3e000-7f3e54d6a000 ---p 00000000 00:00 0 
7f3e54d6a000-7f3e54d94000 rw-p 00000000 00:00 0 
7f3e54d94000-7f3e54ebf000 ---p 00000000 00:00 0 
7f3e54ebf000-7f3e54f03000 rw-p 00000000 00:00 0 
7f3e54f03000-7f3e54f6a000 ---p 00000000 00:00 0 
7f3e54f6a000-7f3e54f86000 rw-p 00000000 00:00 0 
7f3e54f86000-7f3e5532b000 ---p 00000000 00:00 0 
7f3e5532b000-7f3e55345000 r-xp 00000000 08:0a 1186449                    /usr/local/java/java-8-oracle/jre/lib/amd64/libzip.so
7f3e55345000-7f3e55545000 ---p 0001a000 08:0a 1186449                    /usr/local/java/java-8-oracle/jre/lib/amd64/libzip.so
7f3e55545000-7f3e55546000 rw-p 0001a000 08:0a 1186449                    /usr/local/java/java-8-oracle/jre/lib/amd64/libzip.so
7f3e55546000-7f3e55551000 r-xp 00000000 08:0a 3412603                    /lib/x86_64-linux-gnu/libnss_files-2.23.so
7f3e55551000-7f3e55750000 ---p 0000b000 08:0a 3412603                    /lib/x86_64-linux-gnu/libnss_files-2.23.so
7f3e55750000-7f3e55751000 r--p 0000a000 08:0a 3412603                    /lib/x86_64-linux-gnu/libnss_files-2.23.so
7f3e55751000-7f3e55752000 rw-p 0000b000 08:0a 3412603                    /lib/x86_64-linux-gnu/libnss_files-2.23.so
7f3e55752000-7f3e55758000 rw-p 00000000 00:00 0 
7f3e55758000-7f3e55763000 r-xp 00000000 08:0a 3412613                    /lib/x86_64-linux-gnu/libnss_nis-2.23.so
7f3e55763000-7f3e55962000 ---p 0000b000 08:0a 3412613                    /lib/x86_64-linux-gnu/libnss_nis-2.23.so
7f3e55962000-7f3e55963000 r--p 0000a000 08:0a 3412613                    /lib/x86_64-linux-gnu/libnss_nis-2.23.so
7f3e55963000-7f3e55964000 rw-p 0000b000 08:0a 3412613                    /lib/x86_64-linux-gnu/libnss_nis-2.23.so
7f3e55964000-7f3e5597a000 r-xp 00000000 08:0a 3412597                    /lib/x86_64-linux-gnu/libnsl-2.23.so
7f3e5597a000-7f3e55b79000 ---p 00016000 08:0a 3412597                    /lib/x86_64-linux-gnu/libnsl-2.23.so
7f3e55b79000-7f3e55b7a000 r--p 00015000 08:0a 3412597                    /lib/x86_64-linux-gnu/libnsl-2.23.so
7f3e55b7a000-7f3e55b7b000 rw-p 00016000 08:0a 3412597                    /lib/x86_64-linux-gnu/libnsl-2.23.so
7f3e55b7b000-7f3e55b7d000 rw-p 00000000 00:00 0 
7f3e55b7d000-7f3e55b85000 r-xp 00000000 08:0a 3412599                    /lib/x86_64-linux-gnu/libnss_compat-2.23.so
7f3e55b85000-7f3e55d84000 ---p 00008000 08:0a 3412599                    /lib/x86_64-linux-gnu/libnss_compat-2.23.so
7f3e55d84000-7f3e55d85000 r--p 00007000 08:0a 3412599                    /lib/x86_64-linux-gnu/libnss_compat-2.23.so
7f3e55d85000-7f3e55d86000 rw-p 00008000 08:0a 3412599                    /lib/x86_64-linux-gnu/libnss_compat-2.23.so
7f3e55d86000-7f3e55db0000 r-xp 00000000 08:0a 1186444                    /usr/local/java/java-8-oracle/jre/lib/amd64/libjava.so
7f3e55db0000-7f3e55fb0000 ---p 0002a000 08:0a 1186444                    /usr/local/java/java-8-oracle/jre/lib/amd64/libjava.so
7f3e55fb0000-7f3e55fb2000 rw-p 0002a000 08:0a 1186444                    /usr/local/java/java-8-oracle/jre/lib/amd64/libjava.so
7f3e55fb2000-7f3e55fbf000 r-xp 00000000 08:0a 1186448                    /usr/local/java/java-8-oracle/jre/lib/amd64/libverify.so
7f3e55fbf000-7f3e561bf000 ---p 0000d000 08:0a 1186448                    /usr/local/java/java-8-oracle/jre/lib/amd64/libverify.so
7f3e561bf000-7f3e561c1000 rw-p 0000d000 08:0a 1186448                    /usr/local/java/java-8-oracle/jre/lib/amd64/libverify.so
7f3e561c1000-7f3e561c8000 r-xp 00000000 08:0a 3412658                    /lib/x86_64-linux-gnu/librt-2.23.so
7f3e561c8000-7f3e563c7000 ---p 00007000 08:0a 3412658                    /lib/x86_64-linux-gnu/librt-2.23.so
7f3e563c7000-7f3e563c8000 r--p 00006000 08:0a 3412658                    /lib/x86_64-linux-gnu/librt-2.23.so
7f3e563c8000-7f3e563c9000 rw-p 00007000 08:0a 3412658                    /lib/x86_64-linux-gnu/librt-2.23.so
7f3e563c9000-7f3e564d1000 r-xp 00000000 08:0a 3412574                    /lib/x86_64-linux-gnu/libm-2.23.so
7f3e564d1000-7f3e566d0000 ---p 00108000 08:0a 3412574                    /lib/x86_64-linux-gnu/libm-2.23.so
7f3e566d0000-7f3e566d1000 r--p 00107000 08:0a 3412574                    /lib/x86_64-linux-gnu/libm-2.23.so
7f3e566d1000-7f3e566d2000 rw-p 00108000 08:0a 3412574                    /lib/x86_64-linux-gnu/libm-2.23.so
7f3e566d2000-7f3e57391000 r-xp 00000000 08:0a 1186471                    /usr/local/java/java-8-oracle/jre/lib/amd64/server/libjvm.so
7f3e57391000-7f3e57590000 ---p 00cbf000 08:0a 1186471                    /usr/local/java/java-8-oracle/jre/lib/amd64/server/libjvm.so
7f3e57590000-7f3e57669000 rw-p 00cbe000 08:0a 1186471                    /usr/local/java/java-8-oracle/jre/lib/amd64/server/libjvm.so
7f3e57669000-7f3e576b2000 rw-p 00000000 00:00 0 
7f3e576b2000-7f3e57872000 r-xp 00000000 08:0a 3412504                    /lib/x86_64-linux-gnu/libc-2.23.so
7f3e57872000-7f3e57a71000 ---p 001c0000 08:0a 3412504                    /lib/x86_64-linux-gnu/libc-2.23.so
7f3e57a71000-7f3e57a75000 r--p 001bf000 08:0a 3412504                    /lib/x86_64-linux-gnu/libc-2.23.so
7f3e57a75000-7f3e57a77000 rw-p 001c3000 08:0a 3412504                    /lib/x86_64-linux-gnu/libc-2.23.so
7f3e57a77000-7f3e57a7b000 rw-p 00000000 00:00 0 
7f3e57a7b000-7f3e57a7e000 r-xp 00000000 08:0a 3412528                    /lib/x86_64-linux-gnu/libdl-2.23.so
7f3e57a7e000-7f3e57c7d000 ---p 00003000 08:0a 3412528                    /lib/x86_64-linux-gnu/libdl-2.23.so
7f3e57c7d000-7f3e57c7e000 r--p 00002000 08:0a 3412528                    /lib/x86_64-linux-gnu/libdl-2.23.so
7f3e57c7e000-7f3e57c7f000 rw-p 00003000 08:0a 3412528                    /lib/x86_64-linux-gnu/libdl-2.23.so
7f3e57c7f000-7f3e57c94000 r-xp 00000000 08:0a 1186059                    /usr/local/java/java-8-oracle/lib/amd64/jli/libjli.so
7f3e57c94000-7f3e57e94000 ---p 00015000 08:0a 1186059                    /usr/local/java/java-8-oracle/lib/amd64/jli/libjli.so
7f3e57e94000-7f3e57e95000 rw-p 00015000 08:0a 1186059                    /usr/local/java/java-8-oracle/lib/amd64/jli/libjli.so
7f3e57e95000-7f3e57ead000 r-xp 00000000 08:0a 3412650                    /lib/x86_64-linux-gnu/libpthread-2.23.so
7f3e57ead000-7f3e580ac000 ---p 00018000 08:0a 3412650                    /lib/x86_64-linux-gnu/libpthread-2.23.so
7f3e580ac000-7f3e580ad000 r--p 00017000 08:0a 3412650                    /lib/x86_64-linux-gnu/libpthread-2.23.so
7f3e580ad000-7f3e580ae000 rw-p 00018000 08:0a 3412650                    /lib/x86_64-linux-gnu/libpthread-2.23.so
7f3e580ae000-7f3e580b2000 rw-p 00000000 00:00 0 
7f3e580b2000-7f3e580d8000 r-xp 00000000 08:0a 3412476                    /lib/x86_64-linux-gnu/ld-2.23.so
7f3e580de000-7f3e581b0000 rw-p 00000000 00:00 0 
7f3e581b0000-7f3e581b3000 ---p 00000000 00:00 0 
7f3e581b3000-7f3e582b5000 rw-p 00000000 00:00 0 
7f3e582b7000-7f3e582cb000 rw-p 00000000 00:00 0 
7f3e582cb000-7f3e582d3000 rw-s 00000000 08:0a 4325991                    /tmp/hsperfdata_takmilul/7666
7f3e582d3000-7f3e582d4000 rw-p 00000000 00:00 0 
7f3e582d4000-7f3e582d5000 ---p 00000000 00:00 0 
7f3e582d5000-7f3e582d7000 rw-p 00000000 00:00 0 
7f3e582d7000-7f3e582d8000 r--p 00025000 08:0a 3412476                    /lib/x86_64-linux-gnu/ld-2.23.so
7f3e582d8000-7f3e582d9000 rw-p 00026000 08:0a 3412476                    /lib/x86_64-linux-gnu/ld-2.23.so
7f3e582d9000-7f3e582da000 rw-p 00000000 00:00 0 
7ffc2fa4c000-7ffc2fa6d000 rw-p 00000000 00:00 0                          [stack]
7ffc2fa79000-7ffc2fa7b000 r--p 00000000 00:00 0                          [vvar]
7ffc2fa7b000-7ffc2fa7d000 r-xp 00000000 00:00 0                          [vdso]
ffffffffff600000-ffffffffff601000 r-xp 00000000 00:00 0                  [vsyscall]

VM Arguments:
jvm_args: -Djava.awt.headless=true -Xmx1024M -Dfile.encoding=UTF-8 -Duser.country=US -Duser.language=en -Duser.variant 
java_command: com.android.dx.command.Main --dex --force-jumbo --num-threads=4 --multi-dex --output /home/takmilul/AndroidStudioProjects/Evan_Final Project and Presentation of iCare/Icare/app/build/intermediates/transforms/dex/debug/folders/1000/10/com.google.android.gms-play-services-games-8.4.0_68153d1917ecee4b86eabd33d68ff2d06620a680 /home/takmilul/AndroidStudioProjects/Evan_Final Project and Presentation of iCare/Icare/app/build/intermediates/exploded-aar/com.google.android.gms/play-services-games/8.4.0/jars/classes.jar
java_class_path (initial): /opt/Android/Sdk/build-tools/23.0.2/lib/dx.jar
Launcher Type: SUN_STANDARD

Environment Variables:
JAVA_HOME=/usr/local/java/jdk1.8.0_77
JRE_HOME=/usr/local/java/jdk1.8.0_77/jre
PATH=/usr/local/sbin:/usr/local/bin:/usr/sbin:/usr/bin:/sbin:/bin:/usr/games:/usr/local/games:/snap/bin:/usr/local/java/jdk1.8.0_77/bin:/usr/local/java/jdk1.8.0_77/jre/bin
LD_LIBRARY_PATH=/opt/android-studio/bin:
SHELL=/bin/bash
DISPLAY=:0

Signal Handlers:
SIGSEGV: [libjvm.so+0xabb070], sa_mask[0]=11111111011111111101111111111110, sa_flags=SA_RESTART|SA_SIGINFO
SIGBUS: [libjvm.so+0xabb070], sa_mask[0]=11111111011111111101111111111110, sa_flags=SA_RESTART|SA_SIGINFO
SIGFPE: [libjvm.so+0x918480], sa_mask[0]=11111111011111111101111111111110, sa_flags=SA_RESTART|SA_SIGINFO
SIGPIPE: [libjvm.so+0x918480], sa_mask[0]=11111111011111111101111111111110, sa_flags=SA_RESTART|SA_SIGINFO
SIGXFSZ: [libjvm.so+0x918480], sa_mask[0]=11111111011111111101111111111110, sa_flags=SA_RESTART|SA_SIGINFO
SIGILL: [libjvm.so+0x918480], sa_mask[0]=11111111011111111101111111111110, sa_flags=SA_RESTART|SA_SIGINFO
SIGUSR1: SIG_DFL, sa_mask[0]=00000000000000000000000000000000, sa_flags=none
SIGUSR2: [libjvm.so+0x919ab0], sa_mask[0]=00100000000000000000000000000000, sa_flags=SA_RESTART|SA_SIGINFO
SIGHUP: [libjvm.so+0x91aeb0], sa_mask[0]=11111111011111111101111111111110, sa_flags=SA_RESTART|SA_SIGINFO
SIGINT: [libjvm.so+0x91aeb0], sa_mask[0]=11111111011111111101111111111110, sa_flags=SA_RESTART|SA_SIGINFO
SIGTERM: [libjvm.so+0x91aeb0], sa_mask[0]=11111111011111111101111111111110, sa_flags=SA_RESTART|SA_SIGINFO
SIGQUIT: [libjvm.so+0x91aeb0], sa_mask[0]=11111111011111111101111111111110, sa_flags=SA_RESTART|SA_SIGINFO


---------------  S Y S T E M  ---------------

OS:DISTRIB_ID=Ubuntu
DISTRIB_RELEASE=16.04
DISTRIB_CODENAME=xenial
DISTRIB_DESCRIPTION="Ubuntu 16.04 LTS"

uname:Linux 4.4.0-22-generic #39-Ubuntu SMP Thu May 5 16:53:32 UTC 2016 x86_64
libc:glibc 2.23 NPTL 2.23 
rlimit: STACK 8192k, CORE 0k, NPROC 31466, NOFILE 65536, AS infinity
load average:13.80 9.37 8.60

/proc/meminfo:
MemTotal:        8094180 kB
MemFree:          135464 kB
MemAvailable:     185196 kB
Buffers:             820 kB
Cached:          1063620 kB
SwapCached:            0 kB
Active:          6739200 kB
Inactive:         966728 kB
Active(anon):    6733732 kB
Inactive(anon):   923928 kB
Active(file):       5468 kB
Inactive(file):    42800 kB
Unevictable:          48 kB
Mlocked:              48 kB
SwapTotal:             0 kB
SwapFree:              0 kB
Dirty:               164 kB
Writeback:             0 kB
AnonPages:       6641832 kB
Mapped:           356380 kB
Shmem:           1015876 kB
Slab:             107196 kB
SReclaimable:      43824 kB
SUnreclaim:        63372 kB
KernelStack:       13376 kB
PageTables:        67632 kB
NFS_Unstable:          0 kB
Bounce:                0 kB
WritebackTmp:          0 kB
CommitLimit:     4047088 kB
Committed_AS:   13787204 kB
VmallocTotal:   34359738367 kB
VmallocUsed:           0 kB
VmallocChunk:          0 kB
HardwareCorrupted:     0 kB
AnonHugePages:   3225600 kB
CmaTotal:              0 kB
CmaFree:               0 kB
HugePages_Total:       0
HugePages_Free:        0
HugePages_Rsvd:        0
HugePages_Surp:        0
Hugepagesize:       2048 kB
DirectMap4k:      228700 kB
DirectMap2M:     8079360 kB


CPU:total 4 (2 cores per cpu, 2 threads per core) family 6 model 42 stepping 7, cmov, cx8, fxsr, mmx, sse, sse2, sse3, ssse3, sse4.1, sse4.2, popcnt, avx, clmul, ht, tsc, tscinvbit

/proc/cpuinfo:
processor	: 0
vendor_id	: GenuineIntel
cpu family	: 6
model		: 42
model name	: Intel(R) Core(TM) i3-2120 CPU @ 3.30GHz
stepping	: 7
microcode	: 0x29
cpu MHz		: 3300.000
cache size	: 3072 KB
physical id	: 0
siblings	: 4
core id		: 0
cpu cores	: 2
apicid		: 0
initial apicid	: 0
fpu		: yes
fpu_exception	: yes
cpuid level	: 13
wp		: yes
flags		: fpu vme de pse tsc msr pae mce cx8 apic sep mtrr pge mca cmov pat pse36 clflush dts acpi mmx fxsr sse sse2 ss ht tm pbe syscall nx rdtscp lm constant_tsc arch_perfmon pebs bts rep_good nopl xtopology nonstop_tsc aperfmperf eagerfpu pni pclmulqdq dtes64 monitor ds_cpl vmx est tm2 ssse3 cx16 xtpr pdcm pcid sse4_1 sse4_2 popcnt tsc_deadline_timer xsave avx lahf_lm epb tpr_shadow vnmi flexpriority ept vpid xsaveopt dtherm arat pln pts
bugs		:
bogomips	: 6584.73
clflush size	: 64
cache_alignment	: 64
address sizes	: 36 bits physical, 48 bits virtual
power management:

processor	: 1
vendor_id	: GenuineIntel
cpu family	: 6
model		: 42
model name	: Intel(R) Core(TM) i3-2120 CPU @ 3.30GHz
stepping	: 7
microcode	: 0x29
cpu MHz		: 3299.871
cache size	: 3072 KB
physical id	: 0
siblings	: 4
core id		: 1
cpu cores	: 2
apicid		: 2
initial apicid	: 2
fpu		: yes
fpu_exception	: yes
cpuid level	: 13
wp		: yes
flags		: fpu vme de pse tsc msr pae mce cx8 apic sep mtrr pge mca cmov pat pse36 clflush dts acpi mmx fxsr sse sse2 ss ht tm pbe syscall nx rdtscp lm constant_tsc arch_perfmon pebs bts rep_good nopl xtopology nonstop_tsc aperfmperf eagerfpu pni pclmulqdq dtes64 monitor ds_cpl vmx est tm2 ssse3 cx16 xtpr pdcm pcid sse4_1 sse4_2 popcnt tsc_deadline_timer xsave avx lahf_lm epb tpr_shadow vnmi flexpriority ept vpid xsaveopt dtherm arat pln pts
bugs		:
bogomips	: 6584.73
clflush size	: 64
cache_alignment	: 64
address sizes	: 36 bits physical, 48 bits virtual
power management:

processor	: 2
vendor_id	: GenuineIntel
cpu family	: 6
model		: 42
model name	: Intel(R) Core(TM) i3-2120 CPU @ 3.30GHz
stepping	: 7
microcode	: 0x29
cpu MHz		: 3300.000
cache size	: 3072 KB
physical id	: 0
siblings	: 4
core id		: 0
cpu cores	: 2
apicid		: 1
initial apicid	: 1
fpu		: yes
fpu_exception	: yes
cpuid level	: 13
wp		: yes
flags		: fpu vme de pse tsc msr pae mce cx8 apic sep mtrr pge mca cmov pat pse36 clflush dts acpi mmx fxsr sse sse2 ss ht tm pbe syscall nx rdtscp lm constant_tsc arch_perfmon pebs bts rep_good nopl xtopology nonstop_tsc aperfmperf eagerfpu pni pclmulqdq dtes64 monitor ds_cpl vmx est tm2 ssse3 cx16 xtpr pdcm pcid sse4_1 sse4_2 popcnt tsc_deadline_timer xsave avx lahf_lm epb tpr_shadow vnmi flexpriority ept vpid xsaveopt dtherm arat pln pts
bugs		:
bogomips	: 6584.73
clflush size	: 64
cache_alignment	: 64
address sizes	: 36 bits physical, 48 bits virtual
power management:

processor	: 3
vendor_id	: GenuineIntel
cpu family	: 6
model		: 42
model name	: Intel(R) Core(TM) i3-2120 CPU @ 3.30GHz
stepping	: 7
microcode	: 0x29
cpu MHz		: 3300.000
cache size	: 3072 KB
physical id	: 0
siblings	: 4
core id		: 1
cpu cores	: 2
apicid		: 3
initial apicid	: 3
fpu		: yes
fpu_exception	: yes
cpuid level	: 13
wp		: yes
flags		: fpu vme de pse tsc msr pae mce cx8 apic sep mtrr pge mca cmov pat pse36 clflush dts acpi mmx fxsr sse sse2 ss ht tm pbe syscall nx rdtscp lm constant_tsc arch_perfmon pebs bts rep_good nopl xtopology nonstop_tsc aperfmperf eagerfpu pni pclmulqdq dtes64 monitor ds_cpl vmx est tm2 ssse3 cx16 xtpr pdcm pcid sse4_1 sse4_2 popcnt tsc_deadline_timer xsave avx lahf_lm epb tpr_shadow vnmi flexpriority ept vpid xsaveopt dtherm arat pln pts
bugs		:
bogomips	: 6584.73
clflush size	: 64
cache_alignment	: 64
address sizes	: 36 bits physical, 48 bits virtual
power management:



Memory: 4k page, physical 8094180k(135464k free), swap 0k(0k free)

vm_info: Java HotSpot(TM) 64-Bit Server VM (25.77-b03) for linux-amd64 JRE (1.8.0_77-b03), built on Mar 20 2016 22:00:46 by "java_re" with gcc 4.3.0 20080428 (Red Hat 4.3.0-8)

time: Mon May  9 15:18:24 2016
elapsed time: 17 seconds (0d 0h 0m 17s)

