#
# There is insufficient memory for the Java Runtime Environment to continue.
# Native memory allocation (mmap) failed to map 144179200 bytes for committing reserved memory.
# Possible reasons:
#   The system is out of physical RAM or swap space
#   In 32 bit mode, the process size limit was hit
# Possible solutions:
#   Reduce memory load on the system
#   Increase physical memory or swap space
#   Check if swap backing store is full
#   Use 64 bit Java on a 64 bit OS
#   Decrease Java heap size (-Xmx/-Xms)
#   Decrease number of Java threads
#   Decrease Java thread stack sizes (-Xss)
#   Set larger code cache with -XX:ReservedCodeCacheSize=
# This output file may be truncated or incomplete.
#
#  Out of Memory Error (os_linux.cpp:2627), pid=12395, tid=140339274782464
#
# JRE version: Java(TM) SE Runtime Environment (8.0_77-b03) (build 1.8.0_77-b03)
# Java VM: Java HotSpot(TM) 64-Bit Server VM (25.77-b03 mixed mode linux-amd64 compressed oops)
# Failed to write core dump. Core dumps have been disabled. To enable core dumping, try "ulimit -c unlimited" before starting Java again
#

---------------  T H R E A D  ---------------

Current thread (0x00007fa360078000):  VMThread [stack: 0x00007fa3488f1000,0x00007fa3489f2000] [id=12421]

Stack: [0x00007fa3488f1000,0x00007fa3489f2000],  sp=0x00007fa3489f0020,  free space=1020k
Native frames: (J=compiled Java code, j=interpreted, Vv=VM code, C=native code)
V  [libjvm.so+0xaba7ea]  VMError::report_and_die()+0x2ba
V  [libjvm.so+0x4f9e3b]  report_vm_out_of_memory(char const*, int, unsigned long, VMErrorType, char const*)+0x8b
V  [libjvm.so+0x91b613]  os::Linux::commit_memory_impl(char*, unsigned long, bool)+0x103
V  [libjvm.so+0x91bb69]  os::pd_commit_memory(char*, unsigned long, unsigned long, bool)+0x29
V  [libjvm.so+0x915e6a]  os::commit_memory(char*, unsigned long, unsigned long, bool)+0x2a
V  [libjvm.so+0x989543]  PSVirtualSpace::expand_by(unsigned long)+0x53
V  [libjvm.so+0x979e30]  PSOldGen::expand(unsigned long)+0x170
V  [libjvm.so+0x97a03b]  PSOldGen::resize(unsigned long)+0x1cb
V  [libjvm.so+0x981d11]  PSParallelCompact::invoke_no_policy(bool)+0x991
V  [libjvm.so+0x98766d]  PSScavenge::invoke()+0x1ad
V  [libjvm.so+0x93f300]  ParallelScavengeHeap::failed_mem_allocate(unsigned long)+0x70
V  [libjvm.so+0xabc207]  VM_ParallelGCFailedAllocation::doit()+0x97
V  [libjvm.so+0xac3c35]  VM_Operation::evaluate()+0x55
V  [libjvm.so+0xac200a]  VMThread::evaluate_operation(VM_Operation*)+0xba
V  [libjvm.so+0xac238e]  VMThread::loop()+0x1ce
V  [libjvm.so+0xac2800]  VMThread::run()+0x70
V  [libjvm.so+0x91d9d8]  java_start(Thread*)+0x108

VM_Operation (0x00007fa3435eea60): ParallelGCFailedAllocation, mode: safepoint, requested by thread 0x00007fa360141000


---------------  P R O C E S S  ---------------

Java Threads: ( => current thread )
  0x00007fa360153800 JavaThread "pool-2-thread-4" [_thread_blocked, id=12468, stack(0x00007fa3430ec000,0x00007fa3431ed000)]
  0x00007fa360151800 JavaThread "pool-2-thread-3" [_thread_blocked, id=12467, stack(0x00007fa3431ed000,0x00007fa3432ee000)]
  0x00007fa360150000 JavaThread "pool-2-thread-2" [_thread_blocked, id=12466, stack(0x00007fa3432ee000,0x00007fa3433ef000)]
  0x00007fa360143000 JavaThread "pool-3-thread-1" [_thread_blocked, id=12465, stack(0x00007fa3433ef000,0x00007fa3434f0000)]
  0x00007fa360141000 JavaThread "pool-2-thread-1" [_thread_blocked, id=12464, stack(0x00007fa3434f0000,0x00007fa3435f1000)]
  0x00007fa3600c0000 JavaThread "Service Thread" daemon [_thread_blocked, id=12433, stack(0x00007fa3481ea000,0x00007fa3482eb000)]
  0x00007fa3600bd000 JavaThread "C1 CompilerThread2" daemon [_thread_blocked, id=12432, stack(0x00007fa3482eb000,0x00007fa3483ec000)]
  0x00007fa3600bb800 JavaThread "C2 CompilerThread1" daemon [_thread_blocked, id=12430, stack(0x00007fa3483ec000,0x00007fa3484ed000)]
  0x00007fa3600b8800 JavaThread "C2 CompilerThread0" daemon [_thread_blocked, id=12427, stack(0x00007fa3484ed000,0x00007fa3485ee000)]
  0x00007fa3600b7000 JavaThread "Signal Dispatcher" daemon [_thread_blocked, id=12426, stack(0x00007fa3485ee000,0x00007fa3486ef000)]
  0x00007fa360084000 JavaThread "Finalizer" daemon [_thread_blocked, id=12423, stack(0x00007fa3486ef000,0x00007fa3487f0000)]
  0x00007fa36007f800 JavaThread "Reference Handler" daemon [_thread_blocked, id=12422, stack(0x00007fa3487f0000,0x00007fa3488f1000)]
  0x00007fa36000a000 JavaThread "main" [_thread_blocked, id=12399, stack(0x00007fa366ffe000,0x00007fa3670ff000)]

Other Threads:
=>0x00007fa360078000 VMThread [stack: 0x00007fa3488f1000,0x00007fa3489f2000] [id=12421]
  0x00007fa3600c3000 WatcherThread [stack: 0x00007fa3480e9000,0x00007fa3481ea000] [id=12434]

VM state:at safepoint (normal execution)

VM Mutex/Monitor currently owned by a thread:  ([mutex/lock_event])
[0x00007fa360006000] ExpandHeap_lock - owner thread: 0x00007fa360078000
[0x00007fa360006680] Threads_lock - owner thread: 0x00007fa360078000
[0x00007fa360006b80] Heap_lock - owner thread: 0x00007fa360141000

Heap:
 PSYoungGen      total 285696K, used 33300K [0x00000000eab00000, 0x0000000100000000, 0x0000000100000000)
  eden space 232448K, 0% used [0x00000000eab00000,0x00000000eab00000,0x00000000f8e00000)
  from space 53248K, 62% used [0x00000000f8e00000,0x00000000fae85140,0x00000000fc200000)
  to   space 63488K, 0% used [0x00000000fc200000,0x00000000fc200000,0x0000000100000000)
 ParOldGen       total 163840K, used 163651K [0x00000000c0000000, 0x00000000ca000000, 0x00000000eab00000)
  object space 163840K, 99% used [0x00000000c0000000,0x00000000c9fd0c08,0x00000000ca000000)
 Metaspace       used 6461K, capacity 7256K, committed 7424K, reserved 1056768K
  class space    used 613K, capacity 656K, committed 768K, reserved 1048576K

Card table byte_map: [0x00007fa350a3f000,0x00007fa350c40000] byte_map_base: 0x00007fa35043f000

Marking Bits: (ParMarkBitMap*) 0x00007fa3664d5100
 Begin Bits: [0x00007fa34a000000, 0x00007fa34b000000)
 End Bits:   [0x00007fa34b000000, 0x00007fa34c000000)

Polling page: 0x00007fa367122000

CodeCache: size=245760Kb used=8097Kb max_used=8101Kb free=237662Kb
 bounds [0x00007fa351000000, 0x00007fa3517f0000, 0x00007fa360000000]
 total_blobs=2321 nmethods=2052 adapters=182
 compilation: enabled

Compilation events (10 events):
Event: 16.613 Thread 0x00007fa3600bd000 2354       2       com.android.dx.rop.code.RegisterSpec::compareTo (95 bytes)
Event: 16.614 Thread 0x00007fa3600bd000 nmethod 2354 0x00007fa3517ea2d0 code [0x00007fa3517ea480, 0x00007fa3517ea848]
Event: 16.614 Thread 0x00007fa3600bd000 2355       1       sun.reflect.generics.reflectiveObjects.ParameterizedTypeImpl::getRawType (5 bytes)
Event: 16.614 Thread 0x00007fa3600bd000 nmethod 2355 0x00007fa3517ea010 code [0x00007fa3517ea160, 0x00007fa3517ea270]
Event: 16.658 Thread 0x00007fa3600bd000 2356       2       com.android.dx.ssa.ConstCollector$1::compare (13 bytes)
Event: 16.658 Thread 0x00007fa3600bd000 nmethod 2356 0x00007fa3517e9c10 code [0x00007fa3517e9d80, 0x00007fa3517e9f48]
Event: 16.658 Thread 0x00007fa3600bd000 2357       2       com.android.dx.ssa.ConstCollector$1::compare (42 bytes)
Event: 16.659 Thread 0x00007fa3600bd000 nmethod 2357 0x00007fa3517e9350 code [0x00007fa3517e9520, 0x00007fa3517e98b8]
Event: 16.829 Thread 0x00007fa3600bd000 2358       2       com.android.dx.dex.file.AnnotationUtils::makeInnerClass (65 bytes)
Event: 16.830 Thread 0x00007fa3600bd000 nmethod 2358 0x00007fa3517e87d0 code [0x00007fa3517e89c0, 0x00007fa3517e8ed8]

GC Heap History (10 events):
Event: 5.401 GC heap after
Heap after GC invocations=6 (full 0):
 PSYoungGen      total 141312K, used 14711K [0x00000000eab00000, 0x00000000f4b00000, 0x0000000100000000)
  eden space 124928K, 0% used [0x00000000eab00000,0x00000000eab00000,0x00000000f2500000)
  from space 16384K, 89% used [0x00000000f3700000,0x00000000f455dd90,0x00000000f4700000)
  to   space 18432K, 0% used [0x00000000f2500000,0x00000000f2500000,0x00000000f3700000)
 ParOldGen       total 84992K, used 20103K [0x00000000c0000000, 0x00000000c5300000, 0x00000000eab00000)
  object space 84992K, 23% used [0x00000000c0000000,0x00000000c13a1db8,0x00000000c5300000)
 Metaspace       used 6139K, capacity 7064K, committed 7424K, reserved 1056768K
  class space    used 612K, capacity 656K, committed 768K, reserved 1048576K
}
Event: 9.120 GC heap before
{Heap before GC invocations=7 (full 0):
 PSYoungGen      total 141312K, used 139639K [0x00000000eab00000, 0x00000000f4b00000, 0x0000000100000000)
  eden space 124928K, 100% used [0x00000000eab00000,0x00000000f2500000,0x00000000f2500000)
  from space 16384K, 89% used [0x00000000f3700000,0x00000000f455dd90,0x00000000f4700000)
  to   space 18432K, 0% used [0x00000000f2500000,0x00000000f2500000,0x00000000f3700000)
 ParOldGen       total 84992K, used 20103K [0x00000000c0000000, 0x00000000c5300000, 0x00000000eab00000)
  object space 84992K, 23% used [0x00000000c0000000,0x00000000c13a1db8,0x00000000c5300000)
 Metaspace       used 6418K, capacity 7256K, committed 7424K, reserved 1056768K
  class space    used 612K, capacity 656K, committed 768K, reserved 1048576K
Event: 9.415 GC heap after
Heap after GC invocations=7 (full 0):
 PSYoungGen      total 143360K, used 18430K [0x00000000eab00000, 0x00000000fe500000, 0x0000000100000000)
  eden space 124928K, 0% used [0x00000000eab00000,0x00000000eab00000,0x00000000f2500000)
  from space 18432K, 99% used [0x00000000f2500000,0x00000000f36ffaa0,0x00000000f3700000)
  to   space 35840K, 0% used [0x00000000fc200000,0x00000000fc200000,0x00000000fe500000)
 ParOldGen       total 84992K, used 47996K [0x00000000c0000000, 0x00000000c5300000, 0x00000000eab00000)
  object space 84992K, 56% used [0x00000000c0000000,0x00000000c2edf3d8,0x00000000c5300000)
 Metaspace       used 6418K, capacity 7256K, committed 7424K, reserved 1056768K
  class space    used 612K, capacity 656K, committed 768K, reserved 1048576K
}
Event: 13.452 GC heap before
{Heap before GC invocations=8 (full 0):
 PSYoungGen      total 143360K, used 143358K [0x00000000eab00000, 0x00000000fe500000, 0x0000000100000000)
  eden space 124928K, 100% used [0x00000000eab00000,0x00000000f2500000,0x00000000f2500000)
  from space 18432K, 99% used [0x00000000f2500000,0x00000000f36ffaa0,0x00000000f3700000)
  to   space 35840K, 0% used [0x00000000fc200000,0x00000000fc200000,0x00000000fe500000)
 ParOldGen       total 84992K, used 47996K [0x00000000c0000000, 0x00000000c5300000, 0x00000000eab00000)
  object space 84992K, 56% used [0x00000000c0000000,0x00000000c2edf3d8,0x00000000c5300000)
 Metaspace       used 6449K, capacity 7256K, committed 7424K, reserved 1056768K
  class space    used 612K, capacity 656K, committed 768K, reserved 1048576K
Event: 13.982 GC heap after
Heap after GC invocations=8 (full 0):
 PSYoungGen      total 268288K, used 35830K [0x00000000eab00000, 0x0000000100000000, 0x0000000100000000)
  eden space 232448K, 0% used [0x00000000eab00000,0x00000000eab00000,0x00000000f8e00000)
  from space 35840K, 99% used [0x00000000fc200000,0x00000000fe4fda40,0x00000000fe500000)
  to   space 53248K, 0% used [0x00000000f8e00000,0x00000000f8e00000,0x00000000fc200000)
 ParOldGen       total 84992K, used 73080K [0x00000000c0000000, 0x00000000c5300000, 0x00000000eab00000)
  object space 84992K, 85% used [0x00000000c0000000,0x00000000c475e370,0x00000000c5300000)
 Metaspace       used 6449K, capacity 7256K, committed 7424K, reserved 1056768K
  class space    used 612K, capacity 656K, committed 768K, reserved 1048576K
}
Event: 13.982 GC heap before
{Heap before GC invocations=9 (full 1):
 PSYoungGen      total 268288K, used 35830K [0x00000000eab00000, 0x0000000100000000, 0x0000000100000000)
  eden space 232448K, 0% used [0x00000000eab00000,0x00000000eab00000,0x00000000f8e00000)
  from space 35840K, 99% used [0x00000000fc200000,0x00000000fe4fda40,0x00000000fe500000)
  to   space 53248K, 0% used [0x00000000f8e00000,0x00000000f8e00000,0x00000000fc200000)
 ParOldGen       total 84992K, used 73080K [0x00000000c0000000, 0x00000000c5300000, 0x00000000eab00000)
  object space 84992K, 85% used [0x00000000c0000000,0x00000000c475e370,0x00000000c5300000)
 Metaspace       used 6449K, capacity 7256K, committed 7424K, reserved 1056768K
  class space    used 612K, capacity 656K, committed 768K, reserved 1048576K
Event: 16.045 GC heap after
Heap after GC invocations=9 (full 1):
 PSYoungGen      total 268288K, used 17789K [0x00000000eab00000, 0x0000000100000000, 0x0000000100000000)
  eden space 232448K, 0% used [0x00000000eab00000,0x00000000eab00000,0x00000000f8e00000)
  from space 35840K, 49% used [0x00000000fc200000,0x00000000fd35f568,0x00000000fe500000)
  to   space 53248K, 0% used [0x00000000f8e00000,0x00000000f8e00000,0x00000000fc200000)
 ParOldGen       total 163840K, used 84765K [0x00000000c0000000, 0x00000000ca000000, 0x00000000eab00000)
  object space 163840K, 51% used [0x00000000c0000000,0x00000000c52c7690,0x00000000ca000000)
 Metaspace       used 6449K, capacity 7256K, committed 7424K, reserved 1056768K
  class space    used 612K, capacity 656K, committed 768K, reserved 1048576K
}
Event: 16.939 GC heap before
{Heap before GC invocations=10 (full 1):
 PSYoungGen      total 268288K, used 250237K [0x00000000eab00000, 0x0000000100000000, 0x0000000100000000)
  eden space 232448K, 100% used [0x00000000eab00000,0x00000000f8e00000,0x00000000f8e00000)
  from space 35840K, 49% used [0x00000000fc200000,0x00000000fd35f568,0x00000000fe500000)
  to   space 53248K, 0% used [0x00000000f8e00000,0x00000000f8e00000,0x00000000fc200000)
 ParOldGen       total 163840K, used 84765K [0x00000000c0000000, 0x00000000ca000000, 0x00000000eab00000)
  object space 163840K, 51% used [0x00000000c0000000,0x00000000c52c7690,0x00000000ca000000)
 Metaspace       used 6461K, capacity 7256K, committed 7424K, reserved 1056768K
  class space    used 613K, capacity 656K, committed 768K, reserved 1048576K
Event: 17.377 GC heap after
Heap after GC invocations=10 (full 1):
 PSYoungGen      total 285696K, used 53233K [0x00000000eab00000, 0x0000000100000000, 0x0000000100000000)
  eden space 232448K, 0% used [0x00000000eab00000,0x00000000eab00000,0x00000000f8e00000)
  from space 53248K, 99% used [0x00000000f8e00000,0x00000000fc1fc4c0,0x00000000fc200000)
  to   space 63488K, 0% used [0x00000000fc200000,0x00000000fc200000,0x0000000100000000)
 ParOldGen       total 163840K, used 153838K [0x00000000c0000000, 0x00000000ca000000, 0x00000000eab00000)
  object space 163840K, 93% used [0x00000000c0000000,0x00000000c963b9e8,0x00000000ca000000)
 Metaspace       used 6461K, capacity 7256K, committed 7424K, reserved 1056768K
  class space    used 613K, capacity 656K, committed 768K, reserved 1048576K
}
Event: 17.377 GC heap before
{Heap before GC invocations=11 (full 2):
 PSYoungGen      total 285696K, used 53233K [0x00000000eab00000, 0x0000000100000000, 0x0000000100000000)
  eden space 232448K, 0% used [0x00000000eab00000,0x00000000eab00000,0x00000000f8e00000)
  from space 53248K, 99% used [0x00000000f8e00000,0x00000000fc1fc4c0,0x00000000fc200000)
  to   space 63488K, 0% used [0x00000000fc200000,0x00000000fc200000,0x0000000100000000)
 ParOldGen       total 163840K, used 153838K [0x00000000c0000000, 0x00000000ca000000, 0x00000000eab00000)
  object space 163840K, 93% used [0x00000000c0000000,0x00000000c963b9e8,0x00000000ca000000)
 Metaspace       used 6461K, capacity 7256K, committed 7424K, reserved 1056768K
  class space    used 613K, capacity 656K, committed 768K, reserved 1048576K

Deoptimization events (10 events):
Event: 2.894 Thread 0x00007fa36000a000 Uncommon trap: reason=unstable_if action=reinterpret pc=0x00007fa3513887fc method=com.android.dx.ssa.SsaMethod.updateOneDefinition(Lcom/android/dx/ssa/SsaInsn;Lcom/android/dx/rop/code/RegisterSpec;)V @ 4
Event: 3.370 Thread 0x00007fa360141000 Uncommon trap: reason=unstable_if action=reinterpret pc=0x00007fa3512b9f18 method=java.util.HashMap.putVal(ILjava/lang/Object;Ljava/lang/Object;ZZ)Ljava/lang/Object; @ 162
Event: 3.380 Thread 0x00007fa360141000 Uncommon trap: reason=unstable_if action=reinterpret pc=0x00007fa35120fe3c method=java.util.HashMap.getNode(ILjava/lang/Object;)Ljava/util/HashMap$Node; @ 84
Event: 3.380 Thread 0x00007fa360141000 Uncommon trap: reason=unstable_if action=reinterpret pc=0x00007fa351232ccc method=java.util.HashMap.getNode(ILjava/lang/Object;)Ljava/util/HashMap$Node; @ 84
Event: 6.445 Thread 0x00007fa36000a000 Uncommon trap: reason=bimorphic action=maybe_recompile pc=0x00007fa3516169cc method=com.android.dx.cf.code.BytecodeArray.parseInstruction(ILcom/android/dx/cf/code/BytecodeArray$Visitor;)I @ 939
Event: 6.445 Thread 0x00007fa36000a000 Uncommon trap: reason=bimorphic action=maybe_recompile pc=0x00007fa3516169cc method=com.android.dx.cf.code.BytecodeArray.parseInstruction(ILcom/android/dx/cf/code/BytecodeArray$Visitor;)I @ 939
Event: 6.445 Thread 0x00007fa36000a000 Uncommon trap: reason=bimorphic action=maybe_recompile pc=0x00007fa3516169cc method=com.android.dx.cf.code.BytecodeArray.parseInstruction(ILcom/android/dx/cf/code/BytecodeArray$Visitor;)I @ 939
Event: 6.445 Thread 0x00007fa36000a000 Uncommon trap: reason=bimorphic action=maybe_recompile pc=0x00007fa3516169cc method=com.android.dx.cf.code.BytecodeArray.parseInstruction(ILcom/android/dx/cf/code/BytecodeArray$Visitor;)I @ 939
Event: 7.307 Thread 0x00007fa36000a000 Uncommon trap: reason=unstable_if action=reinterpret pc=0x00007fa3514d1018 method=com.android.dx.ssa.SCCP.simulateStmt(Lcom/android/dx/ssa/SsaInsn;)V @ 59
Event: 9.530 Thread 0x00007fa36000a000 Uncommon trap: reason=unstable_if action=reinterpret pc=0x00007fa3516e8de0 method=com.android.dx.cf.code.ByteCatchList.typeNotFound(Lcom/android/dx/cf/code/ByteCatchList$Item;[Lcom/android/dx/cf/code/ByteCatchList$Item;I)Z @ 34

Internal exceptions (5 events):
Event: 0.044 Thread 0x00007fa36000a000 Exception <a 'java/lang/NoSuchMethodError': Method sun.misc.Unsafe.defineClass(Ljava/lang/String;[BII)Ljava/lang/Class; name or signature does not match> (0x00000000eab07cc0) thrown at [/HUDSON/workspace/8-2-build-linux-amd64/jdk8u77/6540/hotspot/src/shar
Event: 0.044 Thread 0x00007fa36000a000 Exception <a 'java/lang/NoSuchMethodError': Method sun.misc.Unsafe.prefetchRead(Ljava/lang/Object;J)V name or signature does not match> (0x00000000eab07fa8) thrown at [/HUDSON/workspace/8-2-build-linux-amd64/jdk8u77/6540/hotspot/src/share/vm/prims/jni.cpp
Event: 3.371 Thread 0x00007fa360141000 Exception <a 'java/lang/ArrayIndexOutOfBoundsException': 18> (0x00000000eb07aba0) thrown at [/HUDSON/workspace/8-2-build-linux-amd64/jdk8u77/6540/hotspot/src/share/vm/interpreter/interpreterRuntime.cpp, line 366]
Event: 3.372 Thread 0x00007fa360141000 Exception <a 'java/lang/ArrayIndexOutOfBoundsException': 145> (0x00000000eb07c720) thrown at [/HUDSON/workspace/8-2-build-linux-amd64/jdk8u77/6540/hotspot/src/share/vm/interpreter/interpreterRuntime.cpp, line 366]
Event: 3.372 Thread 0x00007fa360141000 Exception <a 'java/lang/ArrayIndexOutOfBoundsException': 40> (0x00000000eb07da08) thrown at [/HUDSON/workspace/8-2-build-linux-amd64/jdk8u77/6540/hotspot/src/share/vm/interpreter/interpreterRuntime.cpp, line 366]

Events (10 events):
Event: 16.685 Thread 0x00007fa360150000 DEOPT UNPACKING pc=0x00007fa351047633 sp=0x00007fa3433ecbc0 mode 0
Event: 16.766 Thread 0x00007fa36000a000 DEOPT PACKING pc=0x00007fa3513737ec sp=0x00007fa3670fc960
Event: 16.766 Thread 0x00007fa36000a000 DEOPT UNPACKING pc=0x00007fa351047633 sp=0x00007fa3670fc660 mode 0
Event: 16.819 Thread 0x00007fa36000a000 DEOPT PACKING pc=0x00007fa3513737ec sp=0x00007fa3670fc860
Event: 16.819 Thread 0x00007fa36000a000 DEOPT UNPACKING pc=0x00007fa351047633 sp=0x00007fa3670fc560 mode 0
Event: 16.821 Thread 0x00007fa360150000 DEOPT PACKING pc=0x00007fa35130a3e0 sp=0x00007fa3433ecdc0
Event: 16.821 Thread 0x00007fa360150000 DEOPT UNPACKING pc=0x00007fa351047633 sp=0x00007fa3433ecbc0 mode 0
Event: 16.900 Thread 0x00007fa36000a000 DEOPT PACKING pc=0x00007fa35130a3e0 sp=0x00007fa3670fc580
Event: 16.900 Thread 0x00007fa36000a000 DEOPT UNPACKING pc=0x00007fa351047633 sp=0x00007fa3670fc380 mode 0
Event: 16.928 Executing VM operation: ParallelGCFailedAllocation


Dynamic libraries:
00400000-00401000 r-xp 00000000 08:0a 927274                             /usr/local/java/java-8-oracle/bin/java
00600000-00601000 rw-p 00000000 08:0a 927274                             /usr/local/java/java-8-oracle/bin/java
01be2000-01c03000 rw-p 00000000 00:00 0                                  [heap]
c0000000-ca000000 rw-p 00000000 00:00 0 
d2980000-eab00000 ---p 00000000 00:00 0 
eab00000-100000000 rw-p 00000000 00:00 0 
100000000-1000c0000 rw-p 00000000 00:00 0 
1000c0000-140000000 ---p 00000000 00:00 0 
7fa2fc000000-7fa2fc021000 rw-p 00000000 00:00 0 
7fa2fc021000-7fa300000000 ---p 00000000 00:00 0 
7fa304000000-7fa304029000 rw-p 00000000 00:00 0 
7fa304029000-7fa308000000 ---p 00000000 00:00 0 
7fa308000000-7fa308021000 rw-p 00000000 00:00 0 
7fa308021000-7fa30c000000 ---p 00000000 00:00 0 
7fa30c000000-7fa30c02e000 rw-p 00000000 00:00 0 
7fa30c02e000-7fa310000000 ---p 00000000 00:00 0 
7fa310000000-7fa310021000 rw-p 00000000 00:00 0 
7fa310021000-7fa314000000 ---p 00000000 00:00 0 
7fa314000000-7fa314021000 rw-p 00000000 00:00 0 
7fa314021000-7fa318000000 ---p 00000000 00:00 0 
7fa318000000-7fa318021000 rw-p 00000000 00:00 0 
7fa318021000-7fa31c000000 ---p 00000000 00:00 0 
7fa31c000000-7fa31cb5b000 rw-p 00000000 00:00 0 
7fa31cb5b000-7fa320000000 ---p 00000000 00:00 0 
7fa320000000-7fa320b8a000 rw-p 00000000 00:00 0 
7fa320b8a000-7fa324000000 ---p 00000000 00:00 0 
7fa324000000-7fa324021000 rw-p 00000000 00:00 0 
7fa324021000-7fa328000000 ---p 00000000 00:00 0 
7fa328000000-7fa329511000 rw-p 00000000 00:00 0 
7fa329511000-7fa32c000000 ---p 00000000 00:00 0 
7fa32c000000-7fa32c021000 rw-p 00000000 00:00 0 
7fa32c021000-7fa330000000 ---p 00000000 00:00 0 
7fa330000000-7fa330021000 rw-p 00000000 00:00 0 
7fa330021000-7fa334000000 ---p 00000000 00:00 0 
7fa334000000-7fa334021000 rw-p 00000000 00:00 0 
7fa334021000-7fa338000000 ---p 00000000 00:00 0 
7fa338000000-7fa33828e000 rw-p 00000000 00:00 0 
7fa33828e000-7fa33c000000 ---p 00000000 00:00 0 
7fa33c000000-7fa33c021000 rw-p 00000000 00:00 0 
7fa33c021000-7fa340000000 ---p 00000000 00:00 0 
7fa3430ec000-7fa3430ef000 ---p 00000000 00:00 0 
7fa3430ef000-7fa3431ed000 rw-p 00000000 00:00 0 
7fa3431ed000-7fa3431f0000 ---p 00000000 00:00 0 
7fa3431f0000-7fa3432ee000 rw-p 00000000 00:00 0 
7fa3432ee000-7fa3432f1000 ---p 00000000 00:00 0 
7fa3432f1000-7fa3433ef000 rw-p 00000000 00:00 0 
7fa3433ef000-7fa3433f2000 ---p 00000000 00:00 0 
7fa3433f2000-7fa3434f0000 rw-p 00000000 00:00 0 
7fa3434f0000-7fa3434f3000 ---p 00000000 00:00 0 
7fa3434f3000-7fa3435f1000 rw-p 00000000 00:00 0 
7fa3435f1000-7fa344000000 r--p 00000000 08:0a 793913                     /usr/lib/locale/locale-archive
7fa344000000-7fa344021000 rw-p 00000000 00:00 0 
7fa344021000-7fa348000000 ---p 00000000 00:00 0 
7fa3480e9000-7fa3480ea000 ---p 00000000 00:00 0 
7fa3480ea000-7fa3481ea000 rw-p 00000000 00:00 0 
7fa3481ea000-7fa3481ed000 ---p 00000000 00:00 0 
7fa3481ed000-7fa3482eb000 rw-p 00000000 00:00 0 
7fa3482eb000-7fa3482ee000 ---p 00000000 00:00 0 
7fa3482ee000-7fa3483ec000 rw-p 00000000 00:00 0 
7fa3483ec000-7fa3483ef000 ---p 00000000 00:00 0 
7fa3483ef000-7fa3484ed000 rw-p 00000000 00:00 0 
7fa3484ed000-7fa3484f0000 ---p 00000000 00:00 0 
7fa3484f0000-7fa3485ee000 rw-p 00000000 00:00 0 
7fa3485ee000-7fa3485f1000 ---p 00000000 00:00 0 
7fa3485f1000-7fa3486ef000 rw-p 00000000 00:00 0 
7fa3486ef000-7fa3486f2000 ---p 00000000 00:00 0 
7fa3486f2000-7fa3487f0000 rw-p 00000000 00:00 0 
7fa3487f0000-7fa3487f3000 ---p 00000000 00:00 0 
7fa3487f3000-7fa3488f1000 rw-p 00000000 00:00 0 
7fa3488f1000-7fa3488f2000 ---p 00000000 00:00 0 
7fa3488f2000-7fa349e80000 rw-p 00000000 00:00 0 
7fa349e80000-7fa34a000000 ---p 00000000 00:00 0 
7fa34a000000-7fa34c000000 rw-p 00000000 00:00 0 
7fa34c000000-7fa34c021000 rw-p 00000000 00:00 0 
7fa34c021000-7fa350000000 ---p 00000000 00:00 0 
7fa350041000-7fa350059000 r--s 000f5000 08:0a 655905                     /home/takmilul/AndroidStudioProjects/Evan_Final Project and Presentation of iCare/Icare/app/build/intermediates/exploded-aar/com.google.android.gms/play-services-ads/8.4.0/jars/classes.jar
7fa350059000-7fa350068000 r--s 000df000 08:0a 3818871                    /opt/Android/Sdk/build-tools/23.0.2/lib/dx.jar
7fa350068000-7fa3501ed000 rw-p 00000000 00:00 0 
7fa3501ed000-7fa3503c5000 r--s 03d1e000 08:0a 1186168                    /usr/local/java/java-8-oracle/jre/lib/rt.jar
7fa3503c5000-7fa35063b000 rw-p 00000000 00:00 0 
7fa35063b000-7fa35063c000 ---p 00000000 00:00 0 
7fa35063c000-7fa35073c000 rw-p 00000000 00:00 0 
7fa35073c000-7fa35073d000 ---p 00000000 00:00 0 
7fa35073d000-7fa35083d000 rw-p 00000000 00:00 0 
7fa35083d000-7fa35083e000 ---p 00000000 00:00 0 
7fa35083e000-7fa35093e000 rw-p 00000000 00:00 0 
7fa35093e000-7fa35093f000 ---p 00000000 00:00 0 
7fa35093f000-7fa350a8f000 rw-p 00000000 00:00 0 
7fa350a8f000-7fa350b94000 ---p 00000000 00:00 0 
7fa350b94000-7fa350c3f000 rw-p 00000000 00:00 0 
7fa350c3f000-7fa350c60000 rw-p 00000000 00:00 0 
7fa350c60000-7fa351000000 ---p 00000000 00:00 0 
7fa351000000-7fa3517f0000 rwxp 00000000 00:00 0 
7fa3517f0000-7fa360000000 ---p 00000000 00:00 0 
7fa360000000-7fa360390000 rw-p 00000000 00:00 0 
7fa360390000-7fa364000000 ---p 00000000 00:00 0 
7fa364002000-7fa364073000 rw-p 00000000 00:00 0 
7fa364073000-7fa364179000 ---p 00000000 00:00 0 
7fa364179000-7fa364193000 r-xp 00000000 08:0a 1186449                    /usr/local/java/java-8-oracle/jre/lib/amd64/libzip.so
7fa364193000-7fa364393000 ---p 0001a000 08:0a 1186449                    /usr/local/java/java-8-oracle/jre/lib/amd64/libzip.so
7fa364393000-7fa364394000 rw-p 0001a000 08:0a 1186449                    /usr/local/java/java-8-oracle/jre/lib/amd64/libzip.so
7fa364394000-7fa36439f000 r-xp 00000000 08:0a 3412603                    /lib/x86_64-linux-gnu/libnss_files-2.23.so
7fa36439f000-7fa36459e000 ---p 0000b000 08:0a 3412603                    /lib/x86_64-linux-gnu/libnss_files-2.23.so
7fa36459e000-7fa36459f000 r--p 0000a000 08:0a 3412603                    /lib/x86_64-linux-gnu/libnss_files-2.23.so
7fa36459f000-7fa3645a0000 rw-p 0000b000 08:0a 3412603                    /lib/x86_64-linux-gnu/libnss_files-2.23.so
7fa3645a0000-7fa3645a6000 rw-p 00000000 00:00 0 
7fa3645a6000-7fa3645b1000 r-xp 00000000 08:0a 3412613                    /lib/x86_64-linux-gnu/libnss_nis-2.23.so
7fa3645b1000-7fa3647b0000 ---p 0000b000 08:0a 3412613                    /lib/x86_64-linux-gnu/libnss_nis-2.23.so
7fa3647b0000-7fa3647b1000 r--p 0000a000 08:0a 3412613                    /lib/x86_64-linux-gnu/libnss_nis-2.23.so
7fa3647b1000-7fa3647b2000 rw-p 0000b000 08:0a 3412613                    /lib/x86_64-linux-gnu/libnss_nis-2.23.so
7fa3647b2000-7fa3647c8000 r-xp 00000000 08:0a 3412597                    /lib/x86_64-linux-gnu/libnsl-2.23.so
7fa3647c8000-7fa3649c7000 ---p 00016000 08:0a 3412597                    /lib/x86_64-linux-gnu/libnsl-2.23.so
7fa3649c7000-7fa3649c8000 r--p 00015000 08:0a 3412597                    /lib/x86_64-linux-gnu/libnsl-2.23.so
7fa3649c8000-7fa3649c9000 rw-p 00016000 08:0a 3412597                    /lib/x86_64-linux-gnu/libnsl-2.23.so
7fa3649c9000-7fa3649cb000 rw-p 00000000 00:00 0 
7fa3649cb000-7fa3649d3000 r-xp 00000000 08:0a 3412599                    /lib/x86_64-linux-gnu/libnss_compat-2.23.so
7fa3649d3000-7fa364bd2000 ---p 00008000 08:0a 3412599                    /lib/x86_64-linux-gnu/libnss_compat-2.23.so
7fa364bd2000-7fa364bd3000 r--p 00007000 08:0a 3412599                    /lib/x86_64-linux-gnu/libnss_compat-2.23.so
7fa364bd3000-7fa364bd4000 rw-p 00008000 08:0a 3412599                    /lib/x86_64-linux-gnu/libnss_compat-2.23.so
7fa364bd4000-7fa364bfe000 r-xp 00000000 08:0a 1186444                    /usr/local/java/java-8-oracle/jre/lib/amd64/libjava.so
7fa364bfe000-7fa364dfe000 ---p 0002a000 08:0a 1186444                    /usr/local/java/java-8-oracle/jre/lib/amd64/libjava.so
7fa364dfe000-7fa364e00000 rw-p 0002a000 08:0a 1186444                    /usr/local/java/java-8-oracle/jre/lib/amd64/libjava.so
7fa364e00000-7fa364e0d000 r-xp 00000000 08:0a 1186448                    /usr/local/java/java-8-oracle/jre/lib/amd64/libverify.so
7fa364e0d000-7fa36500d000 ---p 0000d000 08:0a 1186448                    /usr/local/java/java-8-oracle/jre/lib/amd64/libverify.so
7fa36500d000-7fa36500f000 rw-p 0000d000 08:0a 1186448                    /usr/local/java/java-8-oracle/jre/lib/amd64/libverify.so
7fa36500f000-7fa365016000 r-xp 00000000 08:0a 3412658                    /lib/x86_64-linux-gnu/librt-2.23.so
7fa365016000-7fa365215000 ---p 00007000 08:0a 3412658                    /lib/x86_64-linux-gnu/librt-2.23.so
7fa365215000-7fa365216000 r--p 00006000 08:0a 3412658                    /lib/x86_64-linux-gnu/librt-2.23.so
7fa365216000-7fa365217000 rw-p 00007000 08:0a 3412658                    /lib/x86_64-linux-gnu/librt-2.23.so
7fa365217000-7fa36531f000 r-xp 00000000 08:0a 3412574                    /lib/x86_64-linux-gnu/libm-2.23.so
7fa36531f000-7fa36551e000 ---p 00108000 08:0a 3412574                    /lib/x86_64-linux-gnu/libm-2.23.so
7fa36551e000-7fa36551f000 r--p 00107000 08:0a 3412574                    /lib/x86_64-linux-gnu/libm-2.23.so
7fa36551f000-7fa365520000 rw-p 00108000 08:0a 3412574                    /lib/x86_64-linux-gnu/libm-2.23.so
7fa365520000-7fa3661df000 r-xp 00000000 08:0a 1186471                    /usr/local/java/java-8-oracle/jre/lib/amd64/server/libjvm.so
7fa3661df000-7fa3663de000 ---p 00cbf000 08:0a 1186471                    /usr/local/java/java-8-oracle/jre/lib/amd64/server/libjvm.so
7fa3663de000-7fa3664b7000 rw-p 00cbe000 08:0a 1186471                    /usr/local/java/java-8-oracle/jre/lib/amd64/server/libjvm.so
7fa3664b7000-7fa366500000 rw-p 00000000 00:00 0 
7fa366500000-7fa3666c0000 r-xp 00000000 08:0a 3412504                    /lib/x86_64-linux-gnu/libc-2.23.so
7fa3666c0000-7fa3668bf000 ---p 001c0000 08:0a 3412504                    /lib/x86_64-linux-gnu/libc-2.23.so
7fa3668bf000-7fa3668c3000 r--p 001bf000 08:0a 3412504                    /lib/x86_64-linux-gnu/libc-2.23.so
7fa3668c3000-7fa3668c5000 rw-p 001c3000 08:0a 3412504                    /lib/x86_64-linux-gnu/libc-2.23.so
7fa3668c5000-7fa3668c9000 rw-p 00000000 00:00 0 
7fa3668c9000-7fa3668cc000 r-xp 00000000 08:0a 3412528                    /lib/x86_64-linux-gnu/libdl-2.23.so
7fa3668cc000-7fa366acb000 ---p 00003000 08:0a 3412528                    /lib/x86_64-linux-gnu/libdl-2.23.so
7fa366acb000-7fa366acc000 r--p 00002000 08:0a 3412528                    /lib/x86_64-linux-gnu/libdl-2.23.so
7fa366acc000-7fa366acd000 rw-p 00003000 08:0a 3412528                    /lib/x86_64-linux-gnu/libdl-2.23.so
7fa366acd000-7fa366ae2000 r-xp 00000000 08:0a 1186059                    /usr/local/java/java-8-oracle/lib/amd64/jli/libjli.so
7fa366ae2000-7fa366ce2000 ---p 00015000 08:0a 1186059                    /usr/local/java/java-8-oracle/lib/amd64/jli/libjli.so
7fa366ce2000-7fa366ce3000 rw-p 00015000 08:0a 1186059                    /usr/local/java/java-8-oracle/lib/amd64/jli/libjli.so
7fa366ce3000-7fa366cfb000 r-xp 00000000 08:0a 3412650                    /lib/x86_64-linux-gnu/libpthread-2.23.so
7fa366cfb000-7fa366efa000 ---p 00018000 08:0a 3412650                    /lib/x86_64-linux-gnu/libpthread-2.23.so
7fa366efa000-7fa366efb000 r--p 00017000 08:0a 3412650                    /lib/x86_64-linux-gnu/libpthread-2.23.so
7fa366efb000-7fa366efc000 rw-p 00018000 08:0a 3412650                    /lib/x86_64-linux-gnu/libpthread-2.23.so
7fa366efc000-7fa366f00000 rw-p 00000000 00:00 0 
7fa366f00000-7fa366f26000 r-xp 00000000 08:0a 3412476                    /lib/x86_64-linux-gnu/ld-2.23.so
7fa366f2c000-7fa366ffe000 rw-p 00000000 00:00 0 
7fa366ffe000-7fa367001000 ---p 00000000 00:00 0 
7fa367001000-7fa367103000 rw-p 00000000 00:00 0 
7fa367105000-7fa367119000 rw-p 00000000 00:00 0 
7fa367119000-7fa367121000 rw-s 00000000 08:0a 4327556                    /tmp/hsperfdata_takmilul/12395
7fa367121000-7fa367122000 rw-p 00000000 00:00 0 
7fa367122000-7fa367123000 ---p 00000000 00:00 0 
7fa367123000-7fa367125000 rw-p 00000000 00:00 0 
7fa367125000-7fa367126000 r--p 00025000 08:0a 3412476                    /lib/x86_64-linux-gnu/ld-2.23.so
7fa367126000-7fa367127000 rw-p 00026000 08:0a 3412476                    /lib/x86_64-linux-gnu/ld-2.23.so
7fa367127000-7fa367128000 rw-p 00000000 00:00 0 
7ffd9c823000-7ffd9c844000 rw-p 00000000 00:00 0                          [stack]
7ffd9c8a0000-7ffd9c8a2000 r--p 00000000 00:00 0                          [vvar]
7ffd9c8a2000-7ffd9c8a4000 r-xp 00000000 00:00 0                          [vdso]
ffffffffff600000-ffffffffff601000 r-xp 00000000 00:00 0                  [vsyscall]

VM Arguments:
jvm_args: -Djava.awt.headless=true -Xmx1024M -Dfile.encoding=UTF-8 -Duser.country=US -Duser.language=en -Duser.variant 
java_command: com.android.dx.command.Main --dex --force-jumbo --num-threads=4 --multi-dex --output /home/takmilul/AndroidStudioProjects/Evan_Final Project and Presentation of iCare/Icare/app/build/intermediates/transforms/dex/debug/folders/1000/10/com.google.android.gms-play-services-ads-8.4.0_37a5ef140a693be56fc3beb67ab4f84c952a3d24 /home/takmilul/AndroidStudioProjects/Evan_Final Project and Presentation of iCare/Icare/app/build/intermediates/exploded-aar/com.google.android.gms/play-services-ads/8.4.0/jars/classes.jar
java_class_path (initial): /opt/Android/Sdk/build-tools/23.0.2/lib/dx.jar
Launcher Type: SUN_STANDARD

Environment Variables:
JAVA_HOME=/usr/local/java/jdk1.8.0_77
JRE_HOME=/usr/local/java/jdk1.8.0_77/jre
PATH=/usr/local/sbin:/usr/local/bin:/usr/sbin:/usr/bin:/sbin:/bin:/usr/games:/usr/local/games:/snap/bin:/usr/local/java/jdk1.8.0_77/bin:/usr/local/java/jdk1.8.0_77/jre/bin
LD_LIBRARY_PATH=/opt/android-studio/bin:
SHELL=/bin/bash
DISPLAY=:0

Signal Handlers:
SIGSEGV: [libjvm.so+0xabb070], sa_mask[0]=11111111011111111101111111111110, sa_flags=SA_RESTART|SA_SIGINFO
SIGBUS: [libjvm.so+0xabb070], sa_mask[0]=11111111011111111101111111111110, sa_flags=SA_RESTART|SA_SIGINFO
SIGFPE: [libjvm.so+0x918480], sa_mask[0]=11111111011111111101111111111110, sa_flags=SA_RESTART|SA_SIGINFO
SIGPIPE: [libjvm.so+0x918480], sa_mask[0]=11111111011111111101111111111110, sa_flags=SA_RESTART|SA_SIGINFO
SIGXFSZ: [libjvm.so+0x918480], sa_mask[0]=11111111011111111101111111111110, sa_flags=SA_RESTART|SA_SIGINFO
SIGILL: [libjvm.so+0x918480], sa_mask[0]=11111111011111111101111111111110, sa_flags=SA_RESTART|SA_SIGINFO
SIGUSR1: SIG_DFL, sa_mask[0]=00000000000000000000000000000000, sa_flags=none
SIGUSR2: [libjvm.so+0x919ab0], sa_mask[0]=00100000000000000000000000000000, sa_flags=SA_RESTART|SA_SIGINFO
SIGHUP: [libjvm.so+0x91aeb0], sa_mask[0]=11111111011111111101111111111110, sa_flags=SA_RESTART|SA_SIGINFO
SIGINT: [libjvm.so+0x91aeb0], sa_mask[0]=11111111011111111101111111111110, sa_flags=SA_RESTART|SA_SIGINFO
SIGTERM: [libjvm.so+0x91aeb0], sa_mask[0]=11111111011111111101111111111110, sa_flags=SA_RESTART|SA_SIGINFO
SIGQUIT: [libjvm.so+0x91aeb0], sa_mask[0]=11111111011111111101111111111110, sa_flags=SA_RESTART|SA_SIGINFO


---------------  S Y S T E M  ---------------

OS:DISTRIB_ID=Ubuntu
DISTRIB_RELEASE=16.04
DISTRIB_CODENAME=xenial
DISTRIB_DESCRIPTION="Ubuntu 16.04 LTS"

uname:Linux 4.4.0-22-generic #39-Ubuntu SMP Thu May 5 16:53:32 UTC 2016 x86_64
libc:glibc 2.23 NPTL 2.23 
rlimit: STACK 8192k, CORE 0k, NPROC 31466, NOFILE 65536, AS infinity
load average:10.69 4.61 4.54

/proc/meminfo:
MemTotal:        8094180 kB
MemFree:           51368 kB
MemAvailable:      81496 kB
Buffers:             700 kB
Cached:          1037756 kB
SwapCached:            0 kB
Active:          6871968 kB
Inactive:         930508 kB
Active(anon):    6859988 kB
Inactive(anon):   917544 kB
Active(file):      11980 kB
Inactive(file):    12964 kB
Unevictable:          48 kB
Mlocked:              48 kB
SwapTotal:             0 kB
SwapFree:              0 kB
Dirty:               104 kB
Writeback:             0 kB
AnonPages:       6764772 kB
Mapped:           349892 kB
Shmem:           1012808 kB
Slab:             110528 kB
SReclaimable:      45896 kB
SUnreclaim:        64632 kB
KernelStack:       12912 kB
PageTables:        61988 kB
NFS_Unstable:          0 kB
Bounce:                0 kB
WritebackTmp:          0 kB
CommitLimit:     4047088 kB
Committed_AS:   12991188 kB
VmallocTotal:   34359738367 kB
VmallocUsed:           0 kB
VmallocChunk:          0 kB
HardwareCorrupted:     0 kB
AnonHugePages:   3057664 kB
CmaTotal:              0 kB
CmaFree:               0 kB
HugePages_Total:       0
HugePages_Free:        0
HugePages_Rsvd:        0
HugePages_Surp:        0
Hugepagesize:       2048 kB
DirectMap4k:      175452 kB
DirectMap2M:     8132608 kB


CPU:total 4 (2 cores per cpu, 2 threads per core) family 6 model 42 stepping 7, cmov, cx8, fxsr, mmx, sse, sse2, sse3, ssse3, sse4.1, sse4.2, popcnt, avx, clmul, ht, tsc, tscinvbit

/proc/cpuinfo:
processor	: 0
vendor_id	: GenuineIntel
cpu family	: 6
model		: 42
model name	: Intel(R) Core(TM) i3-2120 CPU @ 3.30GHz
stepping	: 7
microcode	: 0x29
cpu MHz		: 1611.199
cache size	: 3072 KB
physical id	: 0
siblings	: 4
core id		: 0
cpu cores	: 2
apicid		: 0
initial apicid	: 0
fpu		: yes
fpu_exception	: yes
cpuid level	: 13
wp		: yes
flags		: fpu vme de pse tsc msr pae mce cx8 apic sep mtrr pge mca cmov pat pse36 clflush dts acpi mmx fxsr sse sse2 ss ht tm pbe syscall nx rdtscp lm constant_tsc arch_perfmon pebs bts rep_good nopl xtopology nonstop_tsc aperfmperf eagerfpu pni pclmulqdq dtes64 monitor ds_cpl vmx est tm2 ssse3 cx16 xtpr pdcm pcid sse4_1 sse4_2 popcnt tsc_deadline_timer xsave avx lahf_lm epb tpr_shadow vnmi flexpriority ept vpid xsaveopt dtherm arat pln pts
bugs		:
bogomips	: 6585.36
clflush size	: 64
cache_alignment	: 64
address sizes	: 36 bits physical, 48 bits virtual
power management:

processor	: 1
vendor_id	: GenuineIntel
cpu family	: 6
model		: 42
model name	: Intel(R) Core(TM) i3-2120 CPU @ 3.30GHz
stepping	: 7
microcode	: 0x29
cpu MHz		: 1642.910
cache size	: 3072 KB
physical id	: 0
siblings	: 4
core id		: 1
cpu cores	: 2
apicid		: 2
initial apicid	: 2
fpu		: yes
fpu_exception	: yes
cpuid level	: 13
wp		: yes
flags		: fpu vme de pse tsc msr pae mce cx8 apic sep mtrr pge mca cmov pat pse36 clflush dts acpi mmx fxsr sse sse2 ss ht tm pbe syscall nx rdtscp lm constant_tsc arch_perfmon pebs bts rep_good nopl xtopology nonstop_tsc aperfmperf eagerfpu pni pclmulqdq dtes64 monitor ds_cpl vmx est tm2 ssse3 cx16 xtpr pdcm pcid sse4_1 sse4_2 popcnt tsc_deadline_timer xsave avx lahf_lm epb tpr_shadow vnmi flexpriority ept vpid xsaveopt dtherm arat pln pts
bugs		:
bogomips	: 6585.36
clflush size	: 64
cache_alignment	: 64
address sizes	: 36 bits physical, 48 bits virtual
power management:

processor	: 2
vendor_id	: GenuineIntel
cpu family	: 6
model		: 42
model name	: Intel(R) Core(TM) i3-2120 CPU @ 3.30GHz
stepping	: 7
microcode	: 0x29
cpu MHz		: 1636.464
cache size	: 3072 KB
physical id	: 0
siblings	: 4
core id		: 0
cpu cores	: 2
apicid		: 1
initial apicid	: 1
fpu		: yes
fpu_exception	: yes
cpuid level	: 13
wp		: yes
flags		: fpu vme de pse tsc msr pae mce cx8 apic sep mtrr pge mca cmov pat pse36 clflush dts acpi mmx fxsr sse sse2 ss ht tm pbe syscall nx rdtscp lm constant_tsc arch_perfmon pebs bts rep_good nopl xtopology nonstop_tsc aperfmperf eagerfpu pni pclmulqdq dtes64 monitor ds_cpl vmx est tm2 ssse3 cx16 xtpr pdcm pcid sse4_1 sse4_2 popcnt tsc_deadline_timer xsave avx lahf_lm epb tpr_shadow vnmi flexpriority ept vpid xsaveopt dtherm arat pln pts
bugs		:
bogomips	: 6585.36
clflush size	: 64
cache_alignment	: 64
address sizes	: 36 bits physical, 48 bits virtual
power management:

processor	: 3
vendor_id	: GenuineIntel
cpu family	: 6
model		: 42
model name	: Intel(R) Core(TM) i3-2120 CPU @ 3.30GHz
stepping	: 7
microcode	: 0x29
cpu MHz		: 1635.820
cache size	: 3072 KB
physical id	: 0
siblings	: 4
core id		: 1
cpu cores	: 2
apicid		: 3
initial apicid	: 3
fpu		: yes
fpu_exception	: yes
cpuid level	: 13
wp		: yes
flags		: fpu vme de pse tsc msr pae mce cx8 apic sep mtrr pge mca cmov pat pse36 clflush dts acpi mmx fxsr sse sse2 ss ht tm pbe syscall nx rdtscp lm constant_tsc arch_perfmon pebs bts rep_good nopl xtopology nonstop_tsc aperfmperf eagerfpu pni pclmulqdq dtes64 monitor ds_cpl vmx est tm2 ssse3 cx16 xtpr pdcm pcid sse4_1 sse4_2 popcnt tsc_deadline_timer xsave avx lahf_lm epb tpr_shadow vnmi flexpriority ept vpid xsaveopt dtherm arat pln pts
bugs		:
bogomips	: 6585.36
clflush size	: 64
cache_alignment	: 64
address sizes	: 36 bits physical, 48 bits virtual
power management:



Memory: 4k page, physical 8094180k(50872k free), swap 0k(0k free)

vm_info: Java HotSpot(TM) 64-Bit Server VM (25.77-b03) for linux-amd64 JRE (1.8.0_77-b03), built on Mar 20 2016 22:00:46 by "java_re" with gcc 4.3.0 20080428 (Red Hat 4.3.0-8)

time: Mon May  9 11:44:42 2016
elapsed time: 35 seconds (0d 0h 0m 35s)

