#
# There is insufficient memory for the Java Runtime Environment to continue.
# Native memory allocation (mmap) failed to map 139460608 bytes for committing reserved memory.
# Possible reasons:
#   The system is out of physical RAM or swap space
#   In 32 bit mode, the process size limit was hit
# Possible solutions:
#   Reduce memory load on the system
#   Increase physical memory or swap space
#   Check if swap backing store is full
#   Use 64 bit Java on a 64 bit OS
#   Decrease Java heap size (-Xmx/-Xms)
#   Decrease number of Java threads
#   Decrease Java thread stack sizes (-Xss)
#   Set larger code cache with -XX:ReservedCodeCacheSize=
# This output file may be truncated or incomplete.
#
#  Out of Memory Error (os_linux.cpp:2627), pid=19964, tid=140231563622144
#
# JRE version: Java(TM) SE Runtime Environment (8.0_77-b03) (build 1.8.0_77-b03)
# Java VM: Java HotSpot(TM) 64-Bit Server VM (25.77-b03 mixed mode linux-amd64 compressed oops)
# Failed to write core dump. Core dumps have been disabled. To enable core dumping, try "ulimit -c unlimited" before starting Java again
#

---------------  T H R E A D  ---------------

Current thread (0x00007f8a48078000):  VMThread [stack: 0x00007f8a34793000,0x00007f8a34894000] [id=19992]

Stack: [0x00007f8a34793000,0x00007f8a34894000],  sp=0x00007f8a348923a0,  free space=1020k
Native frames: (J=compiled Java code, j=interpreted, Vv=VM code, C=native code)
V  [libjvm.so+0xaba7ea]  VMError::report_and_die()+0x2ba
V  [libjvm.so+0x4f9e3b]  report_vm_out_of_memory(char const*, int, unsigned long, VMErrorType, char const*)+0x8b
V  [libjvm.so+0x91b613]  os::Linux::commit_memory_impl(char*, unsigned long, bool)+0x103
V  [libjvm.so+0x91bb69]  os::pd_commit_memory(char*, unsigned long, unsigned long, bool)+0x29
V  [libjvm.so+0x915e6a]  os::commit_memory(char*, unsigned long, unsigned long, bool)+0x2a
V  [libjvm.so+0x989543]  PSVirtualSpace::expand_by(unsigned long)+0x53
V  [libjvm.so+0x979e30]  PSOldGen::expand(unsigned long)+0x170
V  [libjvm.so+0x97a03b]  PSOldGen::resize(unsigned long)+0x1cb
V  [libjvm.so+0x981d11]  PSParallelCompact::invoke_no_policy(bool)+0x991
V  [libjvm.so+0x98766d]  PSScavenge::invoke()+0x1ad
V  [libjvm.so+0x93f300]  ParallelScavengeHeap::failed_mem_allocate(unsigned long)+0x70
V  [libjvm.so+0xabc207]  VM_ParallelGCFailedAllocation::doit()+0x97
V  [libjvm.so+0xac3c35]  VM_Operation::evaluate()+0x55
V  [libjvm.so+0xac200a]  VMThread::evaluate_operation(VM_Operation*)+0xba
V  [libjvm.so+0xac238e]  VMThread::loop()+0x1ce
V  [libjvm.so+0xac2800]  VMThread::run()+0x70
V  [libjvm.so+0x91d9d8]  java_start(Thread*)+0x108

VM_Operation (0x00007f8a1f1eac90): ParallelGCFailedAllocation, mode: safepoint, requested by thread 0x00007f8a4813f800


---------------  P R O C E S S  ---------------

Java Threads: ( => current thread )
  0x00007f8a48141800 JavaThread "pool-2-thread-4" [_thread_blocked, id=20034, stack(0x00007f8a1efeb000,0x00007f8a1f0ec000)]
  0x00007f8a4813f800 JavaThread "pool-2-thread-3" [_thread_blocked, id=20033, stack(0x00007f8a1f0ec000,0x00007f8a1f1ed000)]
  0x00007f8a4813e000 JavaThread "pool-2-thread-2" [_thread_blocked, id=20032, stack(0x00007f8a1f1ed000,0x00007f8a1f2ee000)]
  0x00007f8a4813b000 JavaThread "pool-3-thread-1" [_thread_blocked, id=20031, stack(0x00007f8a1f2ee000,0x00007f8a1f3ef000)]
  0x00007f8a48139000 JavaThread "pool-2-thread-1" [_thread_blocked, id=20030, stack(0x00007f8a1f3ef000,0x00007f8a1f4f0000)]
  0x00007f8a480c0000 JavaThread "Service Thread" daemon [_thread_blocked, id=20010, stack(0x00007f8a3408c000,0x00007f8a3418d000)]
  0x00007f8a480bd000 JavaThread "C1 CompilerThread2" daemon [_thread_blocked, id=20009, stack(0x00007f8a3418d000,0x00007f8a3428e000)]
  0x00007f8a480bb800 JavaThread "C2 CompilerThread1" daemon [_thread_blocked, id=20007, stack(0x00007f8a3428e000,0x00007f8a3438f000)]
  0x00007f8a480b8800 JavaThread "C2 CompilerThread0" daemon [_thread_blocked, id=20006, stack(0x00007f8a3438f000,0x00007f8a34490000)]
  0x00007f8a480b7000 JavaThread "Signal Dispatcher" daemon [_thread_blocked, id=20005, stack(0x00007f8a34490000,0x00007f8a34591000)]
  0x00007f8a48084000 JavaThread "Finalizer" daemon [_thread_blocked, id=19996, stack(0x00007f8a34591000,0x00007f8a34692000)]
  0x00007f8a4807f800 JavaThread "Reference Handler" daemon [_thread_blocked, id=19994, stack(0x00007f8a34692000,0x00007f8a34793000)]
  0x00007f8a4800a000 JavaThread "main" [_thread_blocked, id=19973, stack(0x00007f8a4ee36000,0x00007f8a4ef37000)]

Other Threads:
=>0x00007f8a48078000 VMThread [stack: 0x00007f8a34793000,0x00007f8a34894000] [id=19992]
  0x00007f8a480c3000 WatcherThread [stack: 0x00007f8a1f4f0000,0x00007f8a1f5f1000] [id=20011]

VM state:at safepoint (normal execution)

VM Mutex/Monitor currently owned by a thread:  ([mutex/lock_event])
[0x00007f8a48006000] ExpandHeap_lock - owner thread: 0x00007f8a48078000
[0x00007f8a48006680] Threads_lock - owner thread: 0x00007f8a48078000
[0x00007f8a48006b80] Heap_lock - owner thread: 0x00007f8a4813f800

Heap:
 PSYoungGen      total 183296K, used 0K [0x00000000eab00000, 0x0000000100000000, 0x0000000100000000)
  eden space 116736K, 0% used [0x00000000eab00000,0x00000000eab00000,0x00000000f1d00000)
  from space 66560K, 0% used [0x00000000fbf00000,0x00000000fbf00000,0x0000000100000000)
  to   space 116224K, 0% used [0x00000000f1d00000,0x00000000f1d00000,0x00000000f8e80000)
 ParOldGen       total 198144K, used 172677K [0x00000000c0000000, 0x00000000cc180000, 0x00000000eab00000)
  object space 198144K, 87% used [0x00000000c0000000,0x00000000ca8a1690,0x00000000cc180000)
 Metaspace       used 6355K, capacity 7192K, committed 7424K, reserved 1056768K
  class space    used 613K, capacity 656K, committed 768K, reserved 1048576K

Card table byte_map: [0x00007f8a38824000,0x00007f8a38a25000] byte_map_base: 0x00007f8a38224000

Marking Bits: (ParMarkBitMap*) 0x00007f8a4e30d100
 Begin Bits: [0x00007f8a36420000, 0x00007f8a37420000)
 End Bits:   [0x00007f8a37420000, 0x00007f8a38420000)

Polling page: 0x00007f8a4ef5a000

CodeCache: size=245760Kb used=7436Kb max_used=7445Kb free=238323Kb
 bounds [0x00007f8a38de5000, 0x00007f8a39535000, 0x00007f8a47de5000]
 total_blobs=2189 nmethods=1920 adapters=182
 compilation: enabled

Compilation events (10 events):
Event: 19.757 Thread 0x00007f8a480bd000 2264       2       com.android.dx.cf.code.Ropper$CatchInfo::<init> (21 bytes)
Event: 19.757 Thread 0x00007f8a480bd000 nmethod 2264 0x00007f8a39521990 code [0x00007f8a39521b00, 0x00007f8a39521cd0]
Event: 19.809 Thread 0x00007f8a480bd000 2265       2       com.android.dx.dex.file.ClassDefItem::addMethodAnnotations (11 bytes)
Event: 19.809 Thread 0x00007f8a480bd000 nmethod 2265 0x00007f8a395215d0 code [0x00007f8a39521740, 0x00007f8a395218a8]
Event: 19.809 Thread 0x00007f8a480bd000 2266       2       com.android.dx.dex.file.AnnotationsDirectoryItem::addMethodAnnotations (44 bytes)
Event: 19.814 Thread 0x00007f8a480bd000 nmethod 2266 0x00007f8a39520c90 code [0x00007f8a39520e40, 0x00007f8a39521288]
Event: 19.814 Thread 0x00007f8a480bd000 2267       2       com.android.dx.dex.file.MethodAnnotationStruct::<init> (43 bytes)
Event: 19.814 Thread 0x00007f8a480bd000 nmethod 2267 0x00007f8a395206d0 code [0x00007f8a39520860, 0x00007f8a39520b38]
Event: 19.829 Thread 0x00007f8a480bd000 2268 %     3       com.android.dx.ssa.SsaRenamer::<init> @ 65 (100 bytes)
Event: 19.830 Thread 0x00007f8a480bd000 nmethod 2268% 0x00007f8a3951f410 code [0x00007f8a3951f600, 0x00007f8a395201a8]

GC Heap History (10 events):
Event: 11.144 GC heap after
Heap after GC invocations=5 (full 0):
 PSYoungGen      total 132096K, used 5091K [0x00000000eab00000, 0x0000000100000000, 0x0000000100000000)
  eden space 126976K, 0% used [0x00000000eab00000,0x00000000eab00000,0x00000000f2700000)
  from space 5120K, 99% used [0x00000000f2700000,0x00000000f2bf8ed0,0x00000000f2c00000)
  to   space 51200K, 0% used [0x00000000fce00000,0x00000000fce00000,0x0000000100000000)
 ParOldGen       total 84992K, used 74201K [0x00000000c0000000, 0x00000000c5300000, 0x00000000eab00000)
  object space 84992K, 87% used [0x00000000c0000000,0x00000000c4876698,0x00000000c5300000)
 Metaspace       used 6142K, capacity 7064K, committed 7424K, reserved 1056768K
  class space    used 612K, capacity 656K, committed 768K, reserved 1048576K
}
Event: 11.144 GC heap before
{Heap before GC invocations=6 (full 1):
 PSYoungGen      total 132096K, used 5091K [0x00000000eab00000, 0x0000000100000000, 0x0000000100000000)
  eden space 126976K, 0% used [0x00000000eab00000,0x00000000eab00000,0x00000000f2700000)
  from space 5120K, 99% used [0x00000000f2700000,0x00000000f2bf8ed0,0x00000000f2c00000)
  to   space 51200K, 0% used [0x00000000fce00000,0x00000000fce00000,0x0000000100000000)
 ParOldGen       total 84992K, used 74201K [0x00000000c0000000, 0x00000000c5300000, 0x00000000eab00000)
  object space 84992K, 87% used [0x00000000c0000000,0x00000000c4876698,0x00000000c5300000)
 Metaspace       used 6142K, capacity 7064K, committed 7424K, reserved 1056768K
  class space    used 612K, capacity 656K, committed 768K, reserved 1048576K
Event: 13.704 GC heap after
Heap after GC invocations=6 (full 1):
 PSYoungGen      total 132096K, used 0K [0x00000000eab00000, 0x0000000100000000, 0x0000000100000000)
  eden space 126976K, 0% used [0x00000000eab00000,0x00000000eab00000,0x00000000f2700000)
  from space 5120K, 0% used [0x00000000f2700000,0x00000000f2700000,0x00000000f2c00000)
  to   space 51200K, 0% used [0x00000000fce00000,0x00000000fce00000,0x0000000100000000)
 ParOldGen       total 178688K, used 76205K [0x00000000c0000000, 0x00000000cae80000, 0x00000000eab00000)
  object space 178688K, 42% used [0x00000000c0000000,0x00000000c4a6b7f8,0x00000000cae80000)
 Metaspace       used 6142K, capacity 7064K, committed 7424K, reserved 1056768K
  class space    used 612K, capacity 656K, committed 768K, reserved 1048576K
}
Event: 14.995 GC heap before
{Heap before GC invocations=7 (full 1):
 PSYoungGen      total 132096K, used 126976K [0x00000000eab00000, 0x0000000100000000, 0x0000000100000000)
  eden space 126976K, 100% used [0x00000000eab00000,0x00000000f2700000,0x00000000f2700000)
  from space 5120K, 0% used [0x00000000f2700000,0x00000000f2700000,0x00000000f2c00000)
  to   space 51200K, 0% used [0x00000000fce00000,0x00000000fce00000,0x0000000100000000)
 ParOldGen       total 178688K, used 76205K [0x00000000c0000000, 0x00000000cae80000, 0x00000000eab00000)
  object space 178688K, 42% used [0x00000000c0000000,0x00000000c4a6b7f8,0x00000000cae80000)
 Metaspace       used 6156K, capacity 7064K, committed 7424K, reserved 1056768K
  class space    used 613K, capacity 656K, committed 768K, reserved 1048576K
Event: 15.220 GC heap after
Heap after GC invocations=7 (full 1):
 PSYoungGen      total 197120K, used 43692K [0x00000000eab00000, 0x00000000ff900000, 0x0000000100000000)
  eden space 153088K, 0% used [0x00000000eab00000,0x00000000eab00000,0x00000000f4080000)
  from space 44032K, 99% used [0x00000000fce00000,0x00000000ff8ab018,0x00000000ff900000)
  to   space 59392K, 0% used [0x00000000f8500000,0x00000000f8500000,0x00000000fbf00000)
 ParOldGen       total 178688K, used 76205K [0x00000000c0000000, 0x00000000cae80000, 0x00000000eab00000)
  object space 178688K, 42% used [0x00000000c0000000,0x00000000c4a6b7f8,0x00000000cae80000)
 Metaspace       used 6156K, capacity 7064K, committed 7424K, reserved 1056768K
  class space    used 613K, capacity 656K, committed 768K, reserved 1048576K
}
Event: 18.486 GC heap before
{Heap before GC invocations=8 (full 1):
 PSYoungGen      total 197120K, used 196780K [0x00000000eab00000, 0x00000000ff900000, 0x0000000100000000)
  eden space 153088K, 100% used [0x00000000eab00000,0x00000000f4080000,0x00000000f4080000)
  from space 44032K, 99% used [0x00000000fce00000,0x00000000ff8ab018,0x00000000ff900000)
  to   space 59392K, 0% used [0x00000000f8500000,0x00000000f8500000,0x00000000fbf00000)
 ParOldGen       total 178688K, used 76205K [0x00000000c0000000, 0x00000000cae80000, 0x00000000eab00000)
  object space 178688K, 42% used [0x00000000c0000000,0x00000000c4a6b7f8,0x00000000cae80000)
 Metaspace       used 6323K, capacity 7192K, committed 7424K, reserved 1056768K
  class space    used 613K, capacity 656K, committed 768K, reserved 1048576K
Event: 18.978 GC heap after
Heap after GC invocations=8 (full 1):
 PSYoungGen      total 253952K, used 59387K [0x00000000eab00000, 0x0000000100000000, 0x0000000100000000)
  eden space 194560K, 0% used [0x00000000eab00000,0x00000000eab00000,0x00000000f6900000)
  from space 59392K, 99% used [0x00000000f8500000,0x00000000fbefedf8,0x00000000fbf00000)
  to   space 66560K, 0% used [0x00000000fbf00000,0x00000000fbf00000,0x0000000100000000)
 ParOldGen       total 178688K, used 103920K [0x00000000c0000000, 0x00000000cae80000, 0x00000000eab00000)
  object space 178688K, 58% used [0x00000000c0000000,0x00000000c657c1c8,0x00000000cae80000)
 Metaspace       used 6323K, capacity 7192K, committed 7424K, reserved 1056768K
  class space    used 613K, capacity 656K, committed 768K, reserved 1048576K
}
Event: 19.881 GC heap before
{Heap before GC invocations=9 (full 1):
 PSYoungGen      total 253952K, used 253947K [0x00000000eab00000, 0x0000000100000000, 0x0000000100000000)
  eden space 194560K, 100% used [0x00000000eab00000,0x00000000f6900000,0x00000000f6900000)
  from space 59392K, 99% used [0x00000000f8500000,0x00000000fbefedf8,0x00000000fbf00000)
  to   space 66560K, 0% used [0x00000000fbf00000,0x00000000fbf00000,0x0000000100000000)
 ParOldGen       total 178688K, used 103920K [0x00000000c0000000, 0x00000000cae80000, 0x00000000eab00000)
  object space 178688K, 58% used [0x00000000c0000000,0x00000000c657c1c8,0x00000000cae80000)
 Metaspace       used 6355K, capacity 7192K, committed 7424K, reserved 1056768K
  class space    used 613K, capacity 656K, committed 768K, reserved 1048576K
Event: 20.801 GC heap after
Heap after GC invocations=9 (full 1):
 PSYoungGen      total 183296K, used 66552K [0x00000000eab00000, 0x0000000100000000, 0x0000000100000000)
  eden space 116736K, 0% used [0x00000000eab00000,0x00000000eab00000,0x00000000f1d00000)
  from space 66560K, 99% used [0x00000000fbf00000,0x00000000ffffe290,0x0000000100000000)
  to   space 116224K, 0% used [0x00000000f1d00000,0x00000000f1d00000,0x00000000f8e80000)
 ParOldGen       total 198144K, used 196817K [0x00000000c0000000, 0x00000000cc180000, 0x00000000eab00000)
  object space 198144K, 99% used [0x00000000c0000000,0x00000000cc034638,0x00000000cc180000)
 Metaspace       used 6355K, capacity 7192K, committed 7424K, reserved 1056768K
  class space    used 613K, capacity 656K, committed 768K, reserved 1048576K
}
Event: 20.921 GC heap before
{Heap before GC invocations=10 (full 2):
 PSYoungGen      total 183296K, used 66552K [0x00000000eab00000, 0x0000000100000000, 0x0000000100000000)
  eden space 116736K, 0% used [0x00000000eab00000,0x00000000eab00000,0x00000000f1d00000)
  from space 66560K, 99% used [0x00000000fbf00000,0x00000000ffffe290,0x0000000100000000)
  to   space 116224K, 0% used [0x00000000f1d00000,0x00000000f1d00000,0x00000000f8e80000)
 ParOldGen       total 198144K, used 196817K [0x00000000c0000000, 0x00000000cc180000, 0x00000000eab00000)
  object space 198144K, 99% used [0x00000000c0000000,0x00000000cc034638,0x00000000cc180000)
 Metaspace       used 6355K, capacity 7192K, committed 7424K, reserved 1056768K
  class space    used 613K, capacity 656K, committed 768K, reserved 1048576K

Deoptimization events (10 events):
Event: 4.935 Thread 0x00007f8a4813e000 Uncommon trap: reason=unstable_if action=reinterpret pc=0x00007f8a390beac8 method=java.util.HashMap.putVal(ILjava/lang/Object;Ljava/lang/Object;ZZ)Ljava/lang/Object; @ 162
Event: 4.963 Thread 0x00007f8a4800a000 Uncommon trap: reason=unstable_if action=reinterpret pc=0x00007f8a3900a5a0 method=java.util.HashMap.getNode(ILjava/lang/Object;)Ljava/util/HashMap$Node; @ 84
Event: 4.963 Thread 0x00007f8a4800a000 Uncommon trap: reason=unstable_if action=reinterpret pc=0x00007f8a38ff7dc4 method=java.util.HashMap.getNode(ILjava/lang/Object;)Ljava/util/HashMap$Node; @ 84
Event: 14.712 Thread 0x00007f8a4800a000 Uncommon trap: reason=unstable_if action=reinterpret pc=0x00007f8a3915be7c method=com.android.dx.ssa.SetFactory.makeLivenessSet(I)Lcom/android/dx/util/IntSet; @ 4
Event: 14.712 Thread 0x00007f8a4800a000 Uncommon trap: reason=unstable_if action=reinterpret pc=0x00007f8a3916d8f4 method=com.android.dx.ssa.SetFactory.makeLivenessSet(I)Lcom/android/dx/util/IntSet; @ 4
Event: 16.001 Thread 0x00007f8a4800a000 Uncommon trap: reason=unstable_if action=reinterpret pc=0x00007f8a393d5660 method=java.util.BitSet.clone()Ljava/lang/Object; @ 4
Event: 16.965 Thread 0x00007f8a4800a000 Uncommon trap: reason=bimorphic action=maybe_recompile pc=0x00007f8a393aa420 method=com.android.dx.cf.code.BytecodeArray.parseInstruction(ILcom/android/dx/cf/code/BytecodeArray$Visitor;)I @ 2135
Event: 16.966 Thread 0x00007f8a4800a000 Uncommon trap: reason=bimorphic action=maybe_recompile pc=0x00007f8a393aa420 method=com.android.dx.cf.code.BytecodeArray.parseInstruction(ILcom/android/dx/cf/code/BytecodeArray$Visitor;)I @ 2135
Event: 17.056 Thread 0x00007f8a4800a000 Uncommon trap: reason=unstable_if action=reinterpret pc=0x00007f8a393e9c1c method=com.android.dx.rop.code.DexTranslationAdvice.requiresSourcesInOrder(Lcom/android/dx/rop/code/Rop;Lcom/android/dx/rop/code/RegisterSpecList;)Z @ 21
Event: 18.153 Thread 0x00007f8a4800a000 Uncommon trap: reason=unstable_if action=reinterpret pc=0x00007f8a3933b9a4 method=com.android.dx.ssa.SCCP.simulateStmt(Lcom/android/dx/ssa/SsaInsn;)V @ 59

Internal exceptions (5 events):
Event: 0.043 Thread 0x00007f8a4800a000 Exception <a 'java/lang/NoSuchMethodError': Method sun.misc.Unsafe.defineClass(Ljava/lang/String;[BII)Ljava/lang/Class; name or signature does not match> (0x00000000eab07cc0) thrown at [/HUDSON/workspace/8-2-build-linux-amd64/jdk8u77/6540/hotspot/src/shar
Event: 0.043 Thread 0x00007f8a4800a000 Exception <a 'java/lang/NoSuchMethodError': Method sun.misc.Unsafe.prefetchRead(Ljava/lang/Object;J)V name or signature does not match> (0x00000000eab07fa8) thrown at [/HUDSON/workspace/8-2-build-linux-amd64/jdk8u77/6540/hotspot/src/share/vm/prims/jni.cpp
Event: 4.936 Thread 0x00007f8a4813e000 Exception <a 'java/lang/ArrayIndexOutOfBoundsException': 18> (0x00000000eb4cac68) thrown at [/HUDSON/workspace/8-2-build-linux-amd64/jdk8u77/6540/hotspot/src/share/vm/interpreter/interpreterRuntime.cpp, line 366]
Event: 4.937 Thread 0x00007f8a4813e000 Exception <a 'java/lang/ArrayIndexOutOfBoundsException': 145> (0x00000000eb4cc7e8) thrown at [/HUDSON/workspace/8-2-build-linux-amd64/jdk8u77/6540/hotspot/src/share/vm/interpreter/interpreterRuntime.cpp, line 366]
Event: 4.955 Thread 0x00007f8a4813e000 Exception <a 'java/lang/ArrayIndexOutOfBoundsException': 40> (0x00000000eb4cdad0) thrown at [/HUDSON/workspace/8-2-build-linux-amd64/jdk8u77/6540/hotspot/src/share/vm/interpreter/interpreterRuntime.cpp, line 366]

Events (10 events):
Event: 19.366 Thread 0x00007f8a4800a000 DEOPT UNPACKING pc=0x00007f8a38e2c633 sp=0x00007f8a4ef34398 mode 0
Event: 19.473 Thread 0x00007f8a4813e000 DEOPT PACKING pc=0x00007f8a394a1d2f sp=0x00007f8a1f2ebe30
Event: 19.473 Thread 0x00007f8a4813e000 DEOPT UNPACKING pc=0x00007f8a38e2c633 sp=0x00007f8a1f2ebc80 mode 0
Event: 19.716 Thread 0x00007f8a4813f800 DEOPT PACKING pc=0x00007f8a39148cec sp=0x00007f8a1f1eae60
Event: 19.716 Thread 0x00007f8a4813f800 DEOPT UNPACKING pc=0x00007f8a38e2c633 sp=0x00007f8a1f1eab60 mode 0
Event: 19.761 Thread 0x00007f8a48139000 DEOPT PACKING pc=0x00007f8a39148cec sp=0x00007f8a1f4edfe0
Event: 19.761 Thread 0x00007f8a48139000 DEOPT UNPACKING pc=0x00007f8a38e2c633 sp=0x00007f8a1f4edce0 mode 0
Event: 19.768 Thread 0x00007f8a48141800 DEOPT PACKING pc=0x00007f8a390dfcdf sp=0x00007f8a1f0e9b90
Event: 19.768 Thread 0x00007f8a48141800 DEOPT UNPACKING pc=0x00007f8a38e2c633 sp=0x00007f8a1f0e9978 mode 0
Event: 19.853 Executing VM operation: ParallelGCFailedAllocation


Dynamic libraries:
00400000-00401000 r-xp 00000000 08:0a 927274                             /usr/local/java/java-8-oracle/bin/java
00600000-00601000 rw-p 00000000 08:0a 927274                             /usr/local/java/java-8-oracle/bin/java
00d81000-00da2000 rw-p 00000000 00:00 0                                  [heap]
c0000000-cc180000 rw-p 00000000 00:00 0 
d4680000-eab00000 ---p 00000000 00:00 0 
eab00000-100000000 rw-p 00000000 00:00 0 
100000000-1000c0000 rw-p 00000000 00:00 0 
1000c0000-140000000 ---p 00000000 00:00 0 
7f89e4000000-7f89e4021000 rw-p 00000000 00:00 0 
7f89e4021000-7f89e8000000 ---p 00000000 00:00 0 
7f89ec000000-7f89ec026000 rw-p 00000000 00:00 0 
7f89ec026000-7f89f0000000 ---p 00000000 00:00 0 
7f89f0000000-7f89f002b000 rw-p 00000000 00:00 0 
7f89f002b000-7f89f4000000 ---p 00000000 00:00 0 
7f89f4000000-7f89f4021000 rw-p 00000000 00:00 0 
7f89f4021000-7f89f8000000 ---p 00000000 00:00 0 
7f89f8000000-7f89f8030000 rw-p 00000000 00:00 0 
7f89f8030000-7f89fc000000 ---p 00000000 00:00 0 
7f89fc000000-7f89fc021000 rw-p 00000000 00:00 0 
7f89fc021000-7f8a00000000 ---p 00000000 00:00 0 
7f8a00000000-7f8a00021000 rw-p 00000000 00:00 0 
7f8a00021000-7f8a04000000 ---p 00000000 00:00 0 
7f8a04000000-7f8a04abb000 rw-p 00000000 00:00 0 
7f8a04abb000-7f8a08000000 ---p 00000000 00:00 0 
7f8a08000000-7f8a088fd000 rw-p 00000000 00:00 0 
7f8a088fd000-7f8a0c000000 ---p 00000000 00:00 0 
7f8a0c000000-7f8a0c021000 rw-p 00000000 00:00 0 
7f8a0c021000-7f8a10000000 ---p 00000000 00:00 0 
7f8a10000000-7f8a11677000 rw-p 00000000 00:00 0 
7f8a11677000-7f8a14000000 ---p 00000000 00:00 0 
7f8a14000000-7f8a14021000 rw-p 00000000 00:00 0 
7f8a14021000-7f8a18000000 ---p 00000000 00:00 0 
7f8a18000000-7f8a18021000 rw-p 00000000 00:00 0 
7f8a18021000-7f8a1c000000 ---p 00000000 00:00 0 
7f8a1efeb000-7f8a1efee000 ---p 00000000 00:00 0 
7f8a1efee000-7f8a1f0ec000 rw-p 00000000 00:00 0 
7f8a1f0ec000-7f8a1f0ef000 ---p 00000000 00:00 0 
7f8a1f0ef000-7f8a1f1ed000 rw-p 00000000 00:00 0 
7f8a1f1ed000-7f8a1f1f0000 ---p 00000000 00:00 0 
7f8a1f1f0000-7f8a1f2ee000 rw-p 00000000 00:00 0 
7f8a1f2ee000-7f8a1f2f1000 ---p 00000000 00:00 0 
7f8a1f2f1000-7f8a1f3ef000 rw-p 00000000 00:00 0 
7f8a1f3ef000-7f8a1f3f2000 ---p 00000000 00:00 0 
7f8a1f3f2000-7f8a1f4f0000 rw-p 00000000 00:00 0 
7f8a1f4f0000-7f8a1f4f1000 ---p 00000000 00:00 0 
7f8a1f4f1000-7f8a1f5f1000 rw-p 00000000 00:00 0 
7f8a1f5f1000-7f8a20000000 r--p 00000000 08:0a 793913                     /usr/lib/locale/locale-archive
7f8a20000000-7f8a20021000 rw-p 00000000 00:00 0 
7f8a20021000-7f8a24000000 ---p 00000000 00:00 0 
7f8a24000000-7f8a242a6000 rw-p 00000000 00:00 0 
7f8a242a6000-7f8a28000000 ---p 00000000 00:00 0 
7f8a28000000-7f8a28021000 rw-p 00000000 00:00 0 
7f8a28021000-7f8a2c000000 ---p 00000000 00:00 0 
7f8a2c000000-7f8a2c021000 rw-p 00000000 00:00 0 
7f8a2c021000-7f8a30000000 ---p 00000000 00:00 0 
7f8a30000000-7f8a30021000 rw-p 00000000 00:00 0 
7f8a30021000-7f8a34000000 ---p 00000000 00:00 0 
7f8a34065000-7f8a3407d000 r--s 000f5000 08:0a 655998                     /home/takmilul/AndroidStudioProjects/Evan_Final Project and Presentation of iCare/Icare/app/build/intermediates/exploded-aar/com.google.android.gms/play-services-ads/8.4.0/jars/classes.jar
7f8a3407d000-7f8a3408c000 r--s 000df000 08:0a 3818871                    /opt/Android/Sdk/build-tools/23.0.2/lib/dx.jar
7f8a3408c000-7f8a3408f000 ---p 00000000 00:00 0 
7f8a3408f000-7f8a3418d000 rw-p 00000000 00:00 0 
7f8a3418d000-7f8a34190000 ---p 00000000 00:00 0 
7f8a34190000-7f8a3428e000 rw-p 00000000 00:00 0 
7f8a3428e000-7f8a34291000 ---p 00000000 00:00 0 
7f8a34291000-7f8a3438f000 rw-p 00000000 00:00 0 
7f8a3438f000-7f8a34392000 ---p 00000000 00:00 0 
7f8a34392000-7f8a34490000 rw-p 00000000 00:00 0 
7f8a34490000-7f8a34493000 ---p 00000000 00:00 0 
7f8a34493000-7f8a34591000 rw-p 00000000 00:00 0 
7f8a34591000-7f8a34594000 ---p 00000000 00:00 0 
7f8a34594000-7f8a34692000 rw-p 00000000 00:00 0 
7f8a34692000-7f8a34695000 ---p 00000000 00:00 0 
7f8a34695000-7f8a34793000 rw-p 00000000 00:00 0 
7f8a34793000-7f8a34794000 ---p 00000000 00:00 0 
7f8a34794000-7f8a35848000 rw-p 00000000 00:00 0 
7f8a35848000-7f8a35a20000 r--s 03d1e000 08:0a 1186168                    /usr/local/java/java-8-oracle/jre/lib/rt.jar
7f8a35a20000-7f8a360a0000 rw-p 00000000 00:00 0 
7f8a360a0000-7f8a36220000 ---p 00000000 00:00 0 
7f8a36220000-7f8a38420000 rw-p 00000000 00:00 0 
7f8a38420000-7f8a38421000 ---p 00000000 00:00 0 
7f8a38421000-7f8a38521000 rw-p 00000000 00:00 0 
7f8a38521000-7f8a38522000 ---p 00000000 00:00 0 
7f8a38522000-7f8a38622000 rw-p 00000000 00:00 0 
7f8a38622000-7f8a38623000 ---p 00000000 00:00 0 
7f8a38623000-7f8a38723000 rw-p 00000000 00:00 0 
7f8a38723000-7f8a38724000 ---p 00000000 00:00 0 
7f8a38724000-7f8a38885000 rw-p 00000000 00:00 0 
7f8a38885000-7f8a38979000 ---p 00000000 00:00 0 
7f8a38979000-7f8a38a24000 rw-p 00000000 00:00 0 
7f8a38a24000-7f8a38a43000 rw-p 00000000 00:00 0 
7f8a38a43000-7f8a38de5000 ---p 00000000 00:00 0 
7f8a38de5000-7f8a39535000 rwxp 00000000 00:00 0 
7f8a39535000-7f8a47de5000 ---p 00000000 00:00 0 
7f8a47de5000-7f8a47dff000 r-xp 00000000 08:0a 1186449                    /usr/local/java/java-8-oracle/jre/lib/amd64/libzip.so
7f8a47dff000-7f8a47fff000 ---p 0001a000 08:0a 1186449                    /usr/local/java/java-8-oracle/jre/lib/amd64/libzip.so
7f8a47fff000-7f8a48000000 rw-p 0001a000 08:0a 1186449                    /usr/local/java/java-8-oracle/jre/lib/amd64/libzip.so
7f8a48000000-7f8a48390000 rw-p 00000000 00:00 0 
7f8a48390000-7f8a4c000000 ---p 00000000 00:00 0 
7f8a4c000000-7f8a4c0d7000 rw-p 00000000 00:00 0 
7f8a4c0d7000-7f8a4c1cc000 ---p 00000000 00:00 0 
7f8a4c1cc000-7f8a4c1d7000 r-xp 00000000 08:0a 3412603                    /lib/x86_64-linux-gnu/libnss_files-2.23.so
7f8a4c1d7000-7f8a4c3d6000 ---p 0000b000 08:0a 3412603                    /lib/x86_64-linux-gnu/libnss_files-2.23.so
7f8a4c3d6000-7f8a4c3d7000 r--p 0000a000 08:0a 3412603                    /lib/x86_64-linux-gnu/libnss_files-2.23.so
7f8a4c3d7000-7f8a4c3d8000 rw-p 0000b000 08:0a 3412603                    /lib/x86_64-linux-gnu/libnss_files-2.23.so
7f8a4c3d8000-7f8a4c3de000 rw-p 00000000 00:00 0 
7f8a4c3de000-7f8a4c3e9000 r-xp 00000000 08:0a 3412613                    /lib/x86_64-linux-gnu/libnss_nis-2.23.so
7f8a4c3e9000-7f8a4c5e8000 ---p 0000b000 08:0a 3412613                    /lib/x86_64-linux-gnu/libnss_nis-2.23.so
7f8a4c5e8000-7f8a4c5e9000 r--p 0000a000 08:0a 3412613                    /lib/x86_64-linux-gnu/libnss_nis-2.23.so
7f8a4c5e9000-7f8a4c5ea000 rw-p 0000b000 08:0a 3412613                    /lib/x86_64-linux-gnu/libnss_nis-2.23.so
7f8a4c5ea000-7f8a4c600000 r-xp 00000000 08:0a 3412597                    /lib/x86_64-linux-gnu/libnsl-2.23.so
7f8a4c600000-7f8a4c7ff000 ---p 00016000 08:0a 3412597                    /lib/x86_64-linux-gnu/libnsl-2.23.so
7f8a4c7ff000-7f8a4c800000 r--p 00015000 08:0a 3412597                    /lib/x86_64-linux-gnu/libnsl-2.23.so
7f8a4c800000-7f8a4c801000 rw-p 00016000 08:0a 3412597                    /lib/x86_64-linux-gnu/libnsl-2.23.so
7f8a4c801000-7f8a4c803000 rw-p 00000000 00:00 0 
7f8a4c803000-7f8a4c80b000 r-xp 00000000 08:0a 3412599                    /lib/x86_64-linux-gnu/libnss_compat-2.23.so
7f8a4c80b000-7f8a4ca0a000 ---p 00008000 08:0a 3412599                    /lib/x86_64-linux-gnu/libnss_compat-2.23.so
7f8a4ca0a000-7f8a4ca0b000 r--p 00007000 08:0a 3412599                    /lib/x86_64-linux-gnu/libnss_compat-2.23.so
7f8a4ca0b000-7f8a4ca0c000 rw-p 00008000 08:0a 3412599                    /lib/x86_64-linux-gnu/libnss_compat-2.23.so
7f8a4ca0c000-7f8a4ca36000 r-xp 00000000 08:0a 1186444                    /usr/local/java/java-8-oracle/jre/lib/amd64/libjava.so
7f8a4ca36000-7f8a4cc36000 ---p 0002a000 08:0a 1186444                    /usr/local/java/java-8-oracle/jre/lib/amd64/libjava.so
7f8a4cc36000-7f8a4cc38000 rw-p 0002a000 08:0a 1186444                    /usr/local/java/java-8-oracle/jre/lib/amd64/libjava.so
7f8a4cc38000-7f8a4cc45000 r-xp 00000000 08:0a 1186448                    /usr/local/java/java-8-oracle/jre/lib/amd64/libverify.so
7f8a4cc45000-7f8a4ce45000 ---p 0000d000 08:0a 1186448                    /usr/local/java/java-8-oracle/jre/lib/amd64/libverify.so
7f8a4ce45000-7f8a4ce47000 rw-p 0000d000 08:0a 1186448                    /usr/local/java/java-8-oracle/jre/lib/amd64/libverify.so
7f8a4ce47000-7f8a4ce4e000 r-xp 00000000 08:0a 3412658                    /lib/x86_64-linux-gnu/librt-2.23.so
7f8a4ce4e000-7f8a4d04d000 ---p 00007000 08:0a 3412658                    /lib/x86_64-linux-gnu/librt-2.23.so
7f8a4d04d000-7f8a4d04e000 r--p 00006000 08:0a 3412658                    /lib/x86_64-linux-gnu/librt-2.23.so
7f8a4d04e000-7f8a4d04f000 rw-p 00007000 08:0a 3412658                    /lib/x86_64-linux-gnu/librt-2.23.so
7f8a4d04f000-7f8a4d157000 r-xp 00000000 08:0a 3412574                    /lib/x86_64-linux-gnu/libm-2.23.so
7f8a4d157000-7f8a4d356000 ---p 00108000 08:0a 3412574                    /lib/x86_64-linux-gnu/libm-2.23.so
7f8a4d356000-7f8a4d357000 r--p 00107000 08:0a 3412574                    /lib/x86_64-linux-gnu/libm-2.23.so
7f8a4d357000-7f8a4d358000 rw-p 00108000 08:0a 3412574                    /lib/x86_64-linux-gnu/libm-2.23.so
7f8a4d358000-7f8a4e017000 r-xp 00000000 08:0a 1186471                    /usr/local/java/java-8-oracle/jre/lib/amd64/server/libjvm.so
7f8a4e017000-7f8a4e216000 ---p 00cbf000 08:0a 1186471                    /usr/local/java/java-8-oracle/jre/lib/amd64/server/libjvm.so
7f8a4e216000-7f8a4e2ef000 rw-p 00cbe000 08:0a 1186471                    /usr/local/java/java-8-oracle/jre/lib/amd64/server/libjvm.so
7f8a4e2ef000-7f8a4e338000 rw-p 00000000 00:00 0 
7f8a4e338000-7f8a4e4f8000 r-xp 00000000 08:0a 3412504                    /lib/x86_64-linux-gnu/libc-2.23.so
7f8a4e4f8000-7f8a4e6f7000 ---p 001c0000 08:0a 3412504                    /lib/x86_64-linux-gnu/libc-2.23.so
7f8a4e6f7000-7f8a4e6fb000 r--p 001bf000 08:0a 3412504                    /lib/x86_64-linux-gnu/libc-2.23.so
7f8a4e6fb000-7f8a4e6fd000 rw-p 001c3000 08:0a 3412504                    /lib/x86_64-linux-gnu/libc-2.23.so
7f8a4e6fd000-7f8a4e701000 rw-p 00000000 00:00 0 
7f8a4e701000-7f8a4e704000 r-xp 00000000 08:0a 3412528                    /lib/x86_64-linux-gnu/libdl-2.23.so
7f8a4e704000-7f8a4e903000 ---p 00003000 08:0a 3412528                    /lib/x86_64-linux-gnu/libdl-2.23.so
7f8a4e903000-7f8a4e904000 r--p 00002000 08:0a 3412528                    /lib/x86_64-linux-gnu/libdl-2.23.so
7f8a4e904000-7f8a4e905000 rw-p 00003000 08:0a 3412528                    /lib/x86_64-linux-gnu/libdl-2.23.so
7f8a4e905000-7f8a4e91a000 r-xp 00000000 08:0a 1186059                    /usr/local/java/java-8-oracle/lib/amd64/jli/libjli.so
7f8a4e91a000-7f8a4eb1a000 ---p 00015000 08:0a 1186059                    /usr/local/java/java-8-oracle/lib/amd64/jli/libjli.so
7f8a4eb1a000-7f8a4eb1b000 rw-p 00015000 08:0a 1186059                    /usr/local/java/java-8-oracle/lib/amd64/jli/libjli.so
7f8a4eb1b000-7f8a4eb33000 r-xp 00000000 08:0a 3412650                    /lib/x86_64-linux-gnu/libpthread-2.23.so
7f8a4eb33000-7f8a4ed32000 ---p 00018000 08:0a 3412650                    /lib/x86_64-linux-gnu/libpthread-2.23.so
7f8a4ed32000-7f8a4ed33000 r--p 00017000 08:0a 3412650                    /lib/x86_64-linux-gnu/libpthread-2.23.so
7f8a4ed33000-7f8a4ed34000 rw-p 00018000 08:0a 3412650                    /lib/x86_64-linux-gnu/libpthread-2.23.so
7f8a4ed34000-7f8a4ed38000 rw-p 00000000 00:00 0 
7f8a4ed38000-7f8a4ed5e000 r-xp 00000000 08:0a 3412476                    /lib/x86_64-linux-gnu/ld-2.23.so
7f8a4ed64000-7f8a4ee36000 rw-p 00000000 00:00 0 
7f8a4ee36000-7f8a4ee39000 ---p 00000000 00:00 0 
7f8a4ee39000-7f8a4ef3b000 rw-p 00000000 00:00 0 
7f8a4ef3d000-7f8a4ef51000 rw-p 00000000 00:00 0 
7f8a4ef51000-7f8a4ef59000 rw-s 00000000 08:0a 4325961                    /tmp/hsperfdata_takmilul/19964
7f8a4ef59000-7f8a4ef5a000 rw-p 00000000 00:00 0 
7f8a4ef5a000-7f8a4ef5b000 ---p 00000000 00:00 0 
7f8a4ef5b000-7f8a4ef5d000 rw-p 00000000 00:00 0 
7f8a4ef5d000-7f8a4ef5e000 r--p 00025000 08:0a 3412476                    /lib/x86_64-linux-gnu/ld-2.23.so
7f8a4ef5e000-7f8a4ef5f000 rw-p 00026000 08:0a 3412476                    /lib/x86_64-linux-gnu/ld-2.23.so
7f8a4ef5f000-7f8a4ef60000 rw-p 00000000 00:00 0 
7ffd8f632000-7ffd8f653000 rw-p 00000000 00:00 0                          [stack]
7ffd8f719000-7ffd8f71b000 r--p 00000000 00:00 0                          [vvar]
7ffd8f71b000-7ffd8f71d000 r-xp 00000000 00:00 0                          [vdso]
ffffffffff600000-ffffffffff601000 r-xp 00000000 00:00 0                  [vsyscall]

VM Arguments:
jvm_args: -Djava.awt.headless=true -Xmx1024M -Dfile.encoding=UTF-8 -Duser.country=US -Duser.language=en -Duser.variant 
java_command: com.android.dx.command.Main --dex --force-jumbo --num-threads=4 --multi-dex --output /home/takmilul/AndroidStudioProjects/Evan_Final Project and Presentation of iCare/Icare/app/build/intermediates/transforms/dex/debug/folders/1000/10/com.google.android.gms-play-services-ads-8.4.0_37a5ef140a693be56fc3beb67ab4f84c952a3d24 /home/takmilul/AndroidStudioProjects/Evan_Final Project and Presentation of iCare/Icare/app/build/intermediates/exploded-aar/com.google.android.gms/play-services-ads/8.4.0/jars/classes.jar
java_class_path (initial): /opt/Android/Sdk/build-tools/23.0.2/lib/dx.jar
Launcher Type: SUN_STANDARD

Environment Variables:
JAVA_HOME=/usr/local/java/jdk1.8.0_77
JRE_HOME=/usr/local/java/jdk1.8.0_77/jre
PATH=/usr/local/sbin:/usr/local/bin:/usr/sbin:/usr/bin:/sbin:/bin:/usr/games:/usr/local/games:/snap/bin:/usr/local/java/jdk1.8.0_77/bin:/usr/local/java/jdk1.8.0_77/jre/bin
LD_LIBRARY_PATH=/opt/android-studio/bin:
SHELL=/bin/bash
DISPLAY=:0

Signal Handlers:
SIGSEGV: [libjvm.so+0xabb070], sa_mask[0]=11111111011111111101111111111110, sa_flags=SA_RESTART|SA_SIGINFO
SIGBUS: [libjvm.so+0xabb070], sa_mask[0]=11111111011111111101111111111110, sa_flags=SA_RESTART|SA_SIGINFO
SIGFPE: [libjvm.so+0x918480], sa_mask[0]=11111111011111111101111111111110, sa_flags=SA_RESTART|SA_SIGINFO
SIGPIPE: [libjvm.so+0x918480], sa_mask[0]=11111111011111111101111111111110, sa_flags=SA_RESTART|SA_SIGINFO
SIGXFSZ: [libjvm.so+0x918480], sa_mask[0]=11111111011111111101111111111110, sa_flags=SA_RESTART|SA_SIGINFO
SIGILL: [libjvm.so+0x918480], sa_mask[0]=11111111011111111101111111111110, sa_flags=SA_RESTART|SA_SIGINFO
SIGUSR1: SIG_DFL, sa_mask[0]=00000000000000000000000000000000, sa_flags=none
SIGUSR2: [libjvm.so+0x919ab0], sa_mask[0]=00100000000000000000000000000000, sa_flags=SA_RESTART|SA_SIGINFO
SIGHUP: [libjvm.so+0x91aeb0], sa_mask[0]=11111111011111111101111111111110, sa_flags=SA_RESTART|SA_SIGINFO
SIGINT: [libjvm.so+0x91aeb0], sa_mask[0]=11111111011111111101111111111110, sa_flags=SA_RESTART|SA_SIGINFO
SIGTERM: [libjvm.so+0x91aeb0], sa_mask[0]=11111111011111111101111111111110, sa_flags=SA_RESTART|SA_SIGINFO
SIGQUIT: [libjvm.so+0x91aeb0], sa_mask[0]=11111111011111111101111111111110, sa_flags=SA_RESTART|SA_SIGINFO


---------------  S Y S T E M  ---------------

OS:DISTRIB_ID=Ubuntu
DISTRIB_RELEASE=16.04
DISTRIB_CODENAME=xenial
DISTRIB_DESCRIPTION="Ubuntu 16.04 LTS"

uname:Linux 4.4.0-22-generic #39-Ubuntu SMP Thu May 5 16:53:32 UTC 2016 x86_64
libc:glibc 2.23 NPTL 2.23 
rlimit: STACK 8192k, CORE 0k, NPROC 31466, NOFILE 65536, AS infinity
load average:8.76 7.10 6.50

/proc/meminfo:
MemTotal:        8094180 kB
MemFree:           49652 kB
MemAvailable:     123752 kB
Buffers:            3088 kB
Cached:          1344768 kB
SwapCached:            0 kB
Active:          6600092 kB
Inactive:        1198988 kB
Active(anon):    6566288 kB
Inactive(anon):  1162112 kB
Active(file):      33804 kB
Inactive(file):    36876 kB
Unevictable:          48 kB
Mlocked:              48 kB
SwapTotal:             0 kB
SwapFree:              0 kB
Dirty:              3496 kB
Writeback:             0 kB
AnonPages:       6452292 kB
Mapped:           429248 kB
Shmem:           1276156 kB
Slab:             105288 kB
SReclaimable:      45780 kB
SUnreclaim:        59508 kB
KernelStack:       12848 kB
PageTables:        62900 kB
NFS_Unstable:          0 kB
Bounce:                0 kB
WritebackTmp:          0 kB
CommitLimit:     4047088 kB
Committed_AS:   13413536 kB
VmallocTotal:   34359738367 kB
VmallocUsed:           0 kB
VmallocChunk:          0 kB
HardwareCorrupted:     0 kB
AnonHugePages:   2691072 kB
CmaTotal:              0 kB
CmaFree:               0 kB
HugePages_Total:       0
HugePages_Free:        0
HugePages_Rsvd:        0
HugePages_Surp:        0
Hugepagesize:       2048 kB
DirectMap4k:      208220 kB
DirectMap2M:     8099840 kB


CPU:total 4 (2 cores per cpu, 2 threads per core) family 6 model 42 stepping 7, cmov, cx8, fxsr, mmx, sse, sse2, sse3, ssse3, sse4.1, sse4.2, popcnt, avx, clmul, ht, tsc, tscinvbit

/proc/cpuinfo:
processor	: 0
vendor_id	: GenuineIntel
cpu family	: 6
model		: 42
model name	: Intel(R) Core(TM) i3-2120 CPU @ 3.30GHz
stepping	: 7
microcode	: 0x29
cpu MHz		: 2474.484
cache size	: 3072 KB
physical id	: 0
siblings	: 4
core id		: 0
cpu cores	: 2
apicid		: 0
initial apicid	: 0
fpu		: yes
fpu_exception	: yes
cpuid level	: 13
wp		: yes
flags		: fpu vme de pse tsc msr pae mce cx8 apic sep mtrr pge mca cmov pat pse36 clflush dts acpi mmx fxsr sse sse2 ss ht tm pbe syscall nx rdtscp lm constant_tsc arch_perfmon pebs bts rep_good nopl xtopology nonstop_tsc aperfmperf eagerfpu pni pclmulqdq dtes64 monitor ds_cpl vmx est tm2 ssse3 cx16 xtpr pdcm pcid sse4_1 sse4_2 popcnt tsc_deadline_timer xsave avx lahf_lm epb tpr_shadow vnmi flexpriority ept vpid xsaveopt dtherm arat pln pts
bugs		:
bogomips	: 6584.73
clflush size	: 64
cache_alignment	: 64
address sizes	: 36 bits physical, 48 bits virtual
power management:

processor	: 1
vendor_id	: GenuineIntel
cpu family	: 6
model		: 42
model name	: Intel(R) Core(TM) i3-2120 CPU @ 3.30GHz
stepping	: 7
microcode	: 0x29
cpu MHz		: 2669.777
cache size	: 3072 KB
physical id	: 0
siblings	: 4
core id		: 1
cpu cores	: 2
apicid		: 2
initial apicid	: 2
fpu		: yes
fpu_exception	: yes
cpuid level	: 13
wp		: yes
flags		: fpu vme de pse tsc msr pae mce cx8 apic sep mtrr pge mca cmov pat pse36 clflush dts acpi mmx fxsr sse sse2 ss ht tm pbe syscall nx rdtscp lm constant_tsc arch_perfmon pebs bts rep_good nopl xtopology nonstop_tsc aperfmperf eagerfpu pni pclmulqdq dtes64 monitor ds_cpl vmx est tm2 ssse3 cx16 xtpr pdcm pcid sse4_1 sse4_2 popcnt tsc_deadline_timer xsave avx lahf_lm epb tpr_shadow vnmi flexpriority ept vpid xsaveopt dtherm arat pln pts
bugs		:
bogomips	: 6584.73
clflush size	: 64
cache_alignment	: 64
address sizes	: 36 bits physical, 48 bits virtual
power management:

processor	: 2
vendor_id	: GenuineIntel
cpu family	: 6
model		: 42
model name	: Intel(R) Core(TM) i3-2120 CPU @ 3.30GHz
stepping	: 7
microcode	: 0x29
cpu MHz		: 2456.695
cache size	: 3072 KB
physical id	: 0
siblings	: 4
core id		: 0
cpu cores	: 2
apicid		: 1
initial apicid	: 1
fpu		: yes
fpu_exception	: yes
cpuid level	: 13
wp		: yes
flags		: fpu vme de pse tsc msr pae mce cx8 apic sep mtrr pge mca cmov pat pse36 clflush dts acpi mmx fxsr sse sse2 ss ht tm pbe syscall nx rdtscp lm constant_tsc arch_perfmon pebs bts rep_good nopl xtopology nonstop_tsc aperfmperf eagerfpu pni pclmulqdq dtes64 monitor ds_cpl vmx est tm2 ssse3 cx16 xtpr pdcm pcid sse4_1 sse4_2 popcnt tsc_deadline_timer xsave avx lahf_lm epb tpr_shadow vnmi flexpriority ept vpid xsaveopt dtherm arat pln pts
bugs		:
bogomips	: 6584.73
clflush size	: 64
cache_alignment	: 64
address sizes	: 36 bits physical, 48 bits virtual
power management:

processor	: 3
vendor_id	: GenuineIntel
cpu family	: 6
model		: 42
model name	: Intel(R) Core(TM) i3-2120 CPU @ 3.30GHz
stepping	: 7
microcode	: 0x29
cpu MHz		: 2509.546
cache size	: 3072 KB
physical id	: 0
siblings	: 4
core id		: 1
cpu cores	: 2
apicid		: 3
initial apicid	: 3
fpu		: yes
fpu_exception	: yes
cpuid level	: 13
wp		: yes
flags		: fpu vme de pse tsc msr pae mce cx8 apic sep mtrr pge mca cmov pat pse36 clflush dts acpi mmx fxsr sse sse2 ss ht tm pbe syscall nx rdtscp lm constant_tsc arch_perfmon pebs bts rep_good nopl xtopology nonstop_tsc aperfmperf eagerfpu pni pclmulqdq dtes64 monitor ds_cpl vmx est tm2 ssse3 cx16 xtpr pdcm pcid sse4_1 sse4_2 popcnt tsc_deadline_timer xsave avx lahf_lm epb tpr_shadow vnmi flexpriority ept vpid xsaveopt dtherm arat pln pts
bugs		:
bogomips	: 6584.73
clflush size	: 64
cache_alignment	: 64
address sizes	: 36 bits physical, 48 bits virtual
power management:



Memory: 4k page, physical 8094180k(49652k free), swap 0k(0k free)

vm_info: Java HotSpot(TM) 64-Bit Server VM (25.77-b03) for linux-amd64 JRE (1.8.0_77-b03), built on Mar 20 2016 22:00:46 by "java_re" with gcc 4.3.0 20080428 (Red Hat 4.3.0-8)

time: Mon May  9 13:31:29 2016
elapsed time: 25 seconds (0d 0h 0m 25s)

