#
# There is insufficient memory for the Java Runtime Environment to continue.
# Native memory allocation (mmap) failed to map 112197632 bytes for committing reserved memory.
# Possible reasons:
#   The system is out of physical RAM or swap space
#   In 32 bit mode, the process size limit was hit
# Possible solutions:
#   Reduce memory load on the system
#   Increase physical memory or swap space
#   Check if swap backing store is full
#   Use 64 bit Java on a 64 bit OS
#   Decrease Java heap size (-Xmx/-Xms)
#   Decrease number of Java threads
#   Decrease Java thread stack sizes (-Xss)
#   Set larger code cache with -XX:ReservedCodeCacheSize=
# This output file may be truncated or incomplete.
#
#  Out of Memory Error (os_linux.cpp:2627), pid=21395, tid=139833392473856
#
# JRE version: Java(TM) SE Runtime Environment (8.0_77-b03) (build 1.8.0_77-b03)
# Java VM: Java HotSpot(TM) 64-Bit Server VM (25.77-b03 mixed mode linux-amd64 compressed oops)
# Failed to write core dump. Core dumps have been disabled. To enable core dumping, try "ulimit -c unlimited" before starting Java again
#

---------------  T H R E A D  ---------------

Current thread (0x00007f2da0078000):  VMThread [stack: 0x00007f2d7f9fa000,0x00007f2d7fafb000] [id=21424]

Stack: [0x00007f2d7f9fa000,0x00007f2d7fafb000],  sp=0x00007f2d7faf9020,  free space=1020k
Native frames: (J=compiled Java code, j=interpreted, Vv=VM code, C=native code)
V  [libjvm.so+0xaba7ea]  VMError::report_and_die()+0x2ba
V  [libjvm.so+0x4f9e3b]  report_vm_out_of_memory(char const*, int, unsigned long, VMErrorType, char const*)+0x8b
V  [libjvm.so+0x91b613]  os::Linux::commit_memory_impl(char*, unsigned long, bool)+0x103
V  [libjvm.so+0x91bb69]  os::pd_commit_memory(char*, unsigned long, unsigned long, bool)+0x29
V  [libjvm.so+0x915e6a]  os::commit_memory(char*, unsigned long, unsigned long, bool)+0x2a
V  [libjvm.so+0x989543]  PSVirtualSpace::expand_by(unsigned long)+0x53
V  [libjvm.so+0x979e30]  PSOldGen::expand(unsigned long)+0x170
V  [libjvm.so+0x97a03b]  PSOldGen::resize(unsigned long)+0x1cb
V  [libjvm.so+0x981d11]  PSParallelCompact::invoke_no_policy(bool)+0x991
V  [libjvm.so+0x98766d]  PSScavenge::invoke()+0x1ad
V  [libjvm.so+0x93f300]  ParallelScavengeHeap::failed_mem_allocate(unsigned long)+0x70
V  [libjvm.so+0xabc207]  VM_ParallelGCFailedAllocation::doit()+0x97
V  [libjvm.so+0xac3c35]  VM_Operation::evaluate()+0x55
V  [libjvm.so+0xac200a]  VMThread::evaluate_operation(VM_Operation*)+0xba
V  [libjvm.so+0xac238e]  VMThread::loop()+0x1ce
V  [libjvm.so+0xac2800]  VMThread::run()+0x70
V  [libjvm.so+0x91d9d8]  java_start(Thread*)+0x108

VM_Operation (0x00007f2d7e3dcff0): ParallelGCFailedAllocation, mode: safepoint, requested by thread 0x00007f2da017d800


---------------  P R O C E S S  ---------------

Java Threads: ( => current thread )
  0x00007f2da017d800 JavaThread "pool-2-thread-4" [_thread_blocked, id=21472, stack(0x00007f2d7e2de000,0x00007f2d7e3df000)]
  0x00007f2da017b800 JavaThread "pool-2-thread-3" [_thread_blocked, id=21471, stack(0x00007f2d7e3df000,0x00007f2d7e4e0000)]
  0x00007f2da017a000 JavaThread "pool-2-thread-2" [_thread_blocked, id=21470, stack(0x00007f2d7e4e0000,0x00007f2d7e5e1000)]
  0x00007f2da0174800 JavaThread "pool-3-thread-1" [_thread_blocked, id=21469, stack(0x00007f2d7e5e1000,0x00007f2d7e6e2000)]
  0x00007f2da0172800 JavaThread "pool-2-thread-1" [_thread_blocked, id=21468, stack(0x00007f2d7e6e2000,0x00007f2d7e7e3000)]
  0x00007f2da00c8800 JavaThread "Service Thread" daemon [_thread_blocked, id=21451, stack(0x00007f2d7e8e4000,0x00007f2d7e9e5000)]
  0x00007f2da00bd000 JavaThread "C1 CompilerThread2" daemon [_thread_blocked, id=21448, stack(0x00007f2d7e9e5000,0x00007f2d7eae6000)]
  0x00007f2da00bb800 JavaThread "C2 CompilerThread1" daemon [_thread_blocked, id=21447, stack(0x00007f2d7eae6000,0x00007f2d7ebe7000)]
  0x00007f2da00b8800 JavaThread "C2 CompilerThread0" daemon [_thread_blocked, id=21446, stack(0x00007f2d7ebe7000,0x00007f2d7ece8000)]
  0x00007f2da00b7000 JavaThread "Signal Dispatcher" daemon [_thread_blocked, id=21445, stack(0x00007f2d7ece8000,0x00007f2d7ede9000)]
  0x00007f2da0084000 JavaThread "Finalizer" daemon [_thread_blocked, id=21430, stack(0x00007f2d7f7f8000,0x00007f2d7f8f9000)]
  0x00007f2da007f800 JavaThread "Reference Handler" daemon [_thread_blocked, id=21427, stack(0x00007f2d7f8f9000,0x00007f2d7f9fa000)]
  0x00007f2da000a000 JavaThread "main" [_thread_blocked, id=21400, stack(0x00007f2da619e000,0x00007f2da629f000)]

Other Threads:
=>0x00007f2da0078000 VMThread [stack: 0x00007f2d7f9fa000,0x00007f2d7fafb000] [id=21424]
  0x00007f2da00cb800 WatcherThread [stack: 0x00007f2d7e7e3000,0x00007f2d7e8e4000] [id=21452]

VM state:at safepoint (normal execution)

VM Mutex/Monitor currently owned by a thread:  ([mutex/lock_event])
[0x00007f2da0006000] ExpandHeap_lock - owner thread: 0x00007f2da0078000
[0x00007f2da0006680] Threads_lock - owner thread: 0x00007f2da0078000
[0x00007f2da0006b80] Heap_lock - owner thread: 0x00007f2da017d800

Heap:
 PSYoungGen      total 286208K, used 25462K [0x00000000eab00000, 0x0000000100000000, 0x0000000100000000)
  eden space 248832K, 0% used [0x00000000eab00000,0x00000000eab00000,0x00000000f9e00000)
  from space 37376K, 68% used [0x00000000f9e00000,0x00000000fb6dd928,0x00000000fc280000)
  to   space 62976K, 0% used [0x00000000fc280000,0x00000000fc280000,0x0000000100000000)
 ParOldGen       total 156672K, used 156287K [0x00000000c0000000, 0x00000000c9900000, 0x00000000eab00000)
  object space 156672K, 99% used [0x00000000c0000000,0x00000000c989fdd8,0x00000000c9900000)
 Metaspace       used 6442K, capacity 7256K, committed 7424K, reserved 1056768K
  class space    used 614K, capacity 656K, committed 768K, reserved 1048576K

Card table byte_map: [0x00007f2d8fba9000,0x00007f2d8fdaa000] byte_map_base: 0x00007f2d8f5a9000

Marking Bits: (ParMarkBitMap*) 0x00007f2da5675100
 Begin Bits: [0x00007f2d8d7a5000, 0x00007f2d8e7a5000)
 End Bits:   [0x00007f2d8e7a5000, 0x00007f2d8f7a5000)

Polling page: 0x00007f2da62c2000

CodeCache: size=245760Kb used=8172Kb max_used=8172Kb free=237587Kb
 bounds [0x00007f2d9016a000, 0x00007f2d9097a000, 0x00007f2d9f16a000]
 total_blobs=2359 nmethods=2091 adapters=182
 compilation: enabled

Compilation events (10 events):
Event: 16.207 Thread 0x00007f2da00bd000 2360       2       com.android.dx.rop.code.RegisterSpec::compareTo (95 bytes)
Event: 16.208 Thread 0x00007f2da00bd000 nmethod 2360 0x00007f2d90968710 code [0x00007f2d909688c0, 0x00007f2d90968c88]
Event: 16.208 Thread 0x00007f2da00bd000 2361       1       sun.reflect.generics.reflectiveObjects.ParameterizedTypeImpl::getRawType (5 bytes)
Event: 16.208 Thread 0x00007f2da00bd000 nmethod 2361 0x00007f2d908e1e10 code [0x00007f2d908e1f60, 0x00007f2d908e2070]
Event: 16.238 Thread 0x00007f2da00bd000 2362       2       com.android.dx.rop.cst.CstDouble::getType (4 bytes)
Event: 16.238 Thread 0x00007f2da00bd000 nmethod 2362 0x00007f2d90968f90 code [0x00007f2d909690e0, 0x00007f2d90969230]
Event: 16.247 Thread 0x00007f2da00bd000 2363       3       com.android.dx.ssa.back.IdenticalBlockCombiner::combineBlocks (102 bytes)
Event: 16.248 Thread 0x00007f2da00bd000 nmethod 2363 0x00007f2d909692d0 code [0x00007f2d909694c0, 0x00007f2d90969d78]
Event: 16.525 Thread 0x00007f2da00bd000 2364       1       com.android.dx.cf.code.BaseMachine::getAuxInt (5 bytes)
Event: 16.525 Thread 0x00007f2da00bd000 nmethod 2364 0x00007f2d9096a190 code [0x00007f2d9096a2e0, 0x00007f2d9096a3f0]

GC Heap History (10 events):
Event: 4.633 GC heap after
Heap after GC invocations=3 (full 0):
 PSYoungGen      total 68608K, used 5098K [0x00000000eab00000, 0x00000000f3100000, 0x0000000100000000)
  eden space 63488K, 0% used [0x00000000eab00000,0x00000000eab00000,0x00000000ee900000)
  from space 5120K, 99% used [0x00000000ee900000,0x00000000eedfaab8,0x00000000eee00000)
  to   space 5120K, 0% used [0x00000000f2c00000,0x00000000f2c00000,0x00000000f3100000)
 ParOldGen       total 84992K, used 11144K [0x00000000c0000000, 0x00000000c5300000, 0x00000000eab00000)
  object space 84992K, 13% used [0x00000000c0000000,0x00000000c0ae22d8,0x00000000c5300000)
 Metaspace       used 5872K, capacity 6832K, committed 7040K, reserved 1056768K
  class space    used 593K, capacity 616K, committed 640K, reserved 1048576K
}
Event: 5.286 GC heap before
{Heap before GC invocations=4 (full 0):
 PSYoungGen      total 68608K, used 68586K [0x00000000eab00000, 0x00000000f3100000, 0x0000000100000000)
  eden space 63488K, 100% used [0x00000000eab00000,0x00000000ee900000,0x00000000ee900000)
  from space 5120K, 99% used [0x00000000ee900000,0x00000000eedfaab8,0x00000000eee00000)
  to   space 5120K, 0% used [0x00000000f2c00000,0x00000000f2c00000,0x00000000f3100000)
 ParOldGen       total 84992K, used 11144K [0x00000000c0000000, 0x00000000c5300000, 0x00000000eab00000)
  object space 84992K, 13% used [0x00000000c0000000,0x00000000c0ae22d8,0x00000000c5300000)
 Metaspace       used 6076K, capacity 7000K, committed 7168K, reserved 1056768K
  class space    used 613K, capacity 656K, committed 768K, reserved 1048576K
Event: 5.341 GC heap after
Heap after GC invocations=4 (full 0):
 PSYoungGen      total 132096K, used 5088K [0x00000000eab00000, 0x00000000f3100000, 0x0000000100000000)
  eden space 126976K, 0% used [0x00000000eab00000,0x00000000eab00000,0x00000000f2700000)
  from space 5120K, 99% used [0x00000000f2c00000,0x00000000f30f8028,0x00000000f3100000)
  to   space 5120K, 0% used [0x00000000f2700000,0x00000000f2700000,0x00000000f2c00000)
 ParOldGen       total 84992K, used 19526K [0x00000000c0000000, 0x00000000c5300000, 0x00000000eab00000)
  object space 84992K, 22% used [0x00000000c0000000,0x00000000c1311988,0x00000000c5300000)
 Metaspace       used 6076K, capacity 7000K, committed 7168K, reserved 1056768K
  class space    used 613K, capacity 656K, committed 768K, reserved 1048576K
}
Event: 6.901 GC heap before
{Heap before GC invocations=5 (full 0):
 PSYoungGen      total 132096K, used 132064K [0x00000000eab00000, 0x00000000f3100000, 0x0000000100000000)
  eden space 126976K, 100% used [0x00000000eab00000,0x00000000f2700000,0x00000000f2700000)
  from space 5120K, 99% used [0x00000000f2c00000,0x00000000f30f8028,0x00000000f3100000)
  to   space 5120K, 0% used [0x00000000f2700000,0x00000000f2700000,0x00000000f2c00000)
 ParOldGen       total 84992K, used 19526K [0x00000000c0000000, 0x00000000c5300000, 0x00000000eab00000)
  object space 84992K, 22% used [0x00000000c0000000,0x00000000c1311988,0x00000000c5300000)
 Metaspace       used 6262K, capacity 7128K, committed 7424K, reserved 1056768K
  class space    used 613K, capacity 656K, committed 768K, reserved 1048576K
Event: 7.166 GC heap after
Heap after GC invocations=5 (full 0):
 PSYoungGen      total 132096K, used 5105K [0x00000000eab00000, 0x00000000fe200000, 0x0000000100000000)
  eden space 126976K, 0% used [0x00000000eab00000,0x00000000eab00000,0x00000000f2700000)
  from space 5120K, 99% used [0x00000000f2700000,0x00000000f2bfc468,0x00000000f2c00000)
  to   space 32256K, 0% used [0x00000000fc280000,0x00000000fc280000,0x00000000fe200000)
 ParOldGen       total 84992K, used 46409K [0x00000000c0000000, 0x00000000c5300000, 0x00000000eab00000)
  object space 84992K, 54% used [0x00000000c0000000,0x00000000c2d52488,0x00000000c5300000)
 Metaspace       used 6262K, capacity 7128K, committed 7424K, reserved 1056768K
  class space    used 613K, capacity 656K, committed 768K, reserved 1048576K
}
Event: 12.923 GC heap before
{Heap before GC invocations=6 (full 0):
 PSYoungGen      total 132096K, used 132081K [0x00000000eab00000, 0x00000000fe200000, 0x0000000100000000)
  eden space 126976K, 100% used [0x00000000eab00000,0x00000000f2700000,0x00000000f2700000)
  from space 5120K, 99% used [0x00000000f2700000,0x00000000f2bfc468,0x00000000f2c00000)
  to   space 32256K, 0% used [0x00000000fc280000,0x00000000fc280000,0x00000000fe200000)
 ParOldGen       total 84992K, used 46409K [0x00000000c0000000, 0x00000000c5300000, 0x00000000eab00000)
  object space 84992K, 54% used [0x00000000c0000000,0x00000000c2d52488,0x00000000c5300000)
 Metaspace       used 6415K, capacity 7256K, committed 7424K, reserved 1056768K
  class space    used 613K, capacity 656K, committed 768K, reserved 1048576K
Event: 13.263 GC heap after
Heap after GC invocations=6 (full 0):
 PSYoungGen      total 281088K, used 28771K [0x00000000eab00000, 0x00000000fec00000, 0x0000000100000000)
  eden space 248832K, 0% used [0x00000000eab00000,0x00000000eab00000,0x00000000f9e00000)
  from space 32256K, 89% used [0x00000000fc280000,0x00000000fde98d38,0x00000000fe200000)
  to   space 37376K, 0% used [0x00000000f9e00000,0x00000000f9e00000,0x00000000fc280000)
 ParOldGen       total 84992K, used 46409K [0x00000000c0000000, 0x00000000c5300000, 0x00000000eab00000)
  object space 84992K, 54% used [0x00000000c0000000,0x00000000c2d52488,0x00000000c5300000)
 Metaspace       used 6415K, capacity 7256K, committed 7424K, reserved 1056768K
  class space    used 613K, capacity 656K, committed 768K, reserved 1048576K
}
Event: 16.680 GC heap before
{Heap before GC invocations=7 (full 0):
 PSYoungGen      total 281088K, used 277603K [0x00000000eab00000, 0x00000000fec00000, 0x0000000100000000)
  eden space 248832K, 100% used [0x00000000eab00000,0x00000000f9e00000,0x00000000f9e00000)
  from space 32256K, 89% used [0x00000000fc280000,0x00000000fde98d38,0x00000000fe200000)
  to   space 37376K, 0% used [0x00000000f9e00000,0x00000000f9e00000,0x00000000fc280000)
 ParOldGen       total 84992K, used 46409K [0x00000000c0000000, 0x00000000c5300000, 0x00000000eab00000)
  object space 84992K, 54% used [0x00000000c0000000,0x00000000c2d52488,0x00000000c5300000)
 Metaspace       used 6442K, capacity 7256K, committed 7424K, reserved 1056768K
  class space    used 614K, capacity 656K, committed 768K, reserved 1048576K
Event: 22.643 GC heap after
Heap after GC invocations=7 (full 0):
 PSYoungGen      total 286208K, used 37368K [0x00000000eab00000, 0x0000000100000000, 0x0000000100000000)
  eden space 248832K, 0% used [0x00000000eab00000,0x00000000eab00000,0x00000000f9e00000)
  from space 37376K, 99% used [0x00000000f9e00000,0x00000000fc27e1a8,0x00000000fc280000)
  to   space 62976K, 0% used [0x00000000fc280000,0x00000000fc280000,0x0000000100000000)
 ParOldGen       total 156672K, used 156602K [0x00000000c0000000, 0x00000000c9900000, 0x00000000eab00000)
  object space 156672K, 99% used [0x00000000c0000000,0x00000000c98ee868,0x00000000c9900000)
 Metaspace       used 6442K, capacity 7256K, committed 7424K, reserved 1056768K
  class space    used 614K, capacity 656K, committed 768K, reserved 1048576K
}
Event: 22.643 GC heap before
{Heap before GC invocations=8 (full 1):
 PSYoungGen      total 286208K, used 37368K [0x00000000eab00000, 0x0000000100000000, 0x0000000100000000)
  eden space 248832K, 0% used [0x00000000eab00000,0x00000000eab00000,0x00000000f9e00000)
  from space 37376K, 99% used [0x00000000f9e00000,0x00000000fc27e1a8,0x00000000fc280000)
  to   space 62976K, 0% used [0x00000000fc280000,0x00000000fc280000,0x0000000100000000)
 ParOldGen       total 156672K, used 156602K [0x00000000c0000000, 0x00000000c9900000, 0x00000000eab00000)
  object space 156672K, 99% used [0x00000000c0000000,0x00000000c98ee868,0x00000000c9900000)
 Metaspace       used 6442K, capacity 7256K, committed 7424K, reserved 1056768K
  class space    used 614K, capacity 656K, committed 768K, reserved 1048576K

Deoptimization events (10 events):
Event: 4.738 Thread 0x00007f2da017b800 Uncommon trap: reason=unstable_if action=reinterpret pc=0x00007f2d9036ccb0 method=java.util.HashMap.getNode(ILjava/lang/Object;)Ljava/util/HashMap$Node; @ 84
Event: 4.738 Thread 0x00007f2da017b800 Uncommon trap: reason=unstable_if action=reinterpret pc=0x00007f2d903884d0 method=java.util.HashMap.getNode(ILjava/lang/Object;)Ljava/util/HashMap$Node; @ 84
Event: 7.840 Thread 0x00007f2da000a000 Uncommon trap: reason=bimorphic action=maybe_recompile pc=0x00007f2d907c7ef4 method=com.android.dx.cf.code.BytecodeArray.parseInstruction(ILcom/android/dx/cf/code/BytecodeArray$Visitor;)I @ 2281
Event: 7.840 Thread 0x00007f2da000a000 Uncommon trap: reason=bimorphic action=maybe_recompile pc=0x00007f2d907c7ef4 method=com.android.dx.cf.code.BytecodeArray.parseInstruction(ILcom/android/dx/cf/code/BytecodeArray$Visitor;)I @ 2281
Event: 7.842 Thread 0x00007f2da000a000 Uncommon trap: reason=bimorphic action=maybe_recompile pc=0x00007f2d907c7ef4 method=com.android.dx.cf.code.BytecodeArray.parseInstruction(ILcom/android/dx/cf/code/BytecodeArray$Visitor;)I @ 2281
Event: 7.842 Thread 0x00007f2da000a000 Uncommon trap: reason=bimorphic action=maybe_recompile pc=0x00007f2d907c7ef4 method=com.android.dx.cf.code.BytecodeArray.parseInstruction(ILcom/android/dx/cf/code/BytecodeArray$Visitor;)I @ 2281
Event: 7.884 Thread 0x00007f2da000a000 Uncommon trap: reason=unstable_if action=reinterpret pc=0x00007f2d90684704 method=com.android.dx.ssa.SCCP.simulateStmt(Lcom/android/dx/ssa/SsaInsn;)V @ 59
Event: 14.755 Thread 0x00007f2da000a000 Uncommon trap: reason=bimorphic action=maybe_recompile pc=0x00007f2d908efd20 method=com.android.dx.cf.code.BytecodeArray.parseInstruction(ILcom/android/dx/cf/code/BytecodeArray$Visitor;)I @ 1597
Event: 14.755 Thread 0x00007f2da000a000 Uncommon trap: reason=bimorphic action=maybe_recompile pc=0x00007f2d908f0bdc method=com.android.dx.cf.code.BytecodeArray.parseInstruction(ILcom/android/dx/cf/code/BytecodeArray$Visitor;)I @ 1357
Event: 14.755 Thread 0x00007f2da000a000 Uncommon trap: reason=bimorphic action=maybe_recompile pc=0x00007f2d908efd20 method=com.android.dx.cf.code.BytecodeArray.parseInstruction(ILcom/android/dx/cf/code/BytecodeArray$Visitor;)I @ 1597

Internal exceptions (6 events):
Event: 0.054 Thread 0x00007f2da000a000 Exception <a 'java/lang/NoSuchMethodError': Method sun.misc.Unsafe.defineClass(Ljava/lang/String;[BII)Ljava/lang/Class; name or signature does not match> (0x00000000eab07cc0) thrown at [/HUDSON/workspace/8-2-build-linux-amd64/jdk8u77/6540/hotspot/src/shar
Event: 0.054 Thread 0x00007f2da000a000 Exception <a 'java/lang/NoSuchMethodError': Method sun.misc.Unsafe.prefetchRead(Ljava/lang/Object;J)V name or signature does not match> (0x00000000eab07fa8) thrown at [/HUDSON/workspace/8-2-build-linux-amd64/jdk8u77/6540/hotspot/src/share/vm/prims/jni.cpp
Event: 1.987 Thread 0x00007f2da000a000 Implicit null exception at 0x00007f2d903bf4e2 to 0x00007f2d903bf5d3
Event: 4.736 Thread 0x00007f2da017b800 Exception <a 'java/lang/ArrayIndexOutOfBoundsException': 18> (0x00000000eb0bfe40) thrown at [/HUDSON/workspace/8-2-build-linux-amd64/jdk8u77/6540/hotspot/src/share/vm/interpreter/interpreterRuntime.cpp, line 366]
Event: 4.737 Thread 0x00007f2da017b800 Exception <a 'java/lang/ArrayIndexOutOfBoundsException': 145> (0x00000000eb0c19c0) thrown at [/HUDSON/workspace/8-2-build-linux-amd64/jdk8u77/6540/hotspot/src/share/vm/interpreter/interpreterRuntime.cpp, line 366]
Event: 4.737 Thread 0x00007f2da017b800 Exception <a 'java/lang/ArrayIndexOutOfBoundsException': 40> (0x00000000eb0c2ca8) thrown at [/HUDSON/workspace/8-2-build-linux-amd64/jdk8u77/6540/hotspot/src/share/vm/interpreter/interpreterRuntime.cpp, line 366]

Events (10 events):
Event: 16.625 Thread 0x00007f2da017d800 DEOPT UNPACKING pc=0x00007f2d901b1633 sp=0x00007f2d7e3dcc68 mode 0
Event: 16.626 Thread 0x00007f2da017d800 DEOPT PACKING pc=0x00007f2d903e7a6d sp=0x00007f2d7e3dcee0
Event: 16.626 Thread 0x00007f2da017d800 DEOPT UNPACKING pc=0x00007f2d901b1633 sp=0x00007f2d7e3dcc68 mode 0
Event: 16.633 Thread 0x00007f2da000a000 DEOPT PACKING pc=0x00007f2d9046b81a sp=0x00007f2da629c700
Event: 16.633 Thread 0x00007f2da000a000 DEOPT UNPACKING pc=0x00007f2d901b1633 sp=0x00007f2da629c500 mode 0
Event: 16.643 Thread 0x00007f2da017d800 DEOPT PACKING pc=0x00007f2d903e7a6d sp=0x00007f2d7e3dcee0
Event: 16.643 Thread 0x00007f2da017d800 DEOPT UNPACKING pc=0x00007f2d901b1633 sp=0x00007f2d7e3dcc68 mode 0
Event: 16.644 Thread 0x00007f2da017d800 DEOPT PACKING pc=0x00007f2d903e7a6d sp=0x00007f2d7e3dcee0
Event: 16.644 Thread 0x00007f2da017d800 DEOPT UNPACKING pc=0x00007f2d901b1633 sp=0x00007f2d7e3dcc68 mode 0
Event: 16.652 Executing VM operation: ParallelGCFailedAllocation


Dynamic libraries:
00400000-00401000 r-xp 00000000 08:0a 927274                             /usr/local/java/java-8-oracle/bin/java
00600000-00601000 rw-p 00000000 08:0a 927274                             /usr/local/java/java-8-oracle/bin/java
0220d000-0222e000 rw-p 00000000 00:00 0                                  [heap]
c0000000-c9900000 rw-p 00000000 00:00 0 
d0400000-eab00000 ---p 00000000 00:00 0 
eab00000-100000000 rw-p 00000000 00:00 0 
100000000-1000c0000 rw-p 00000000 00:00 0 
1000c0000-140000000 ---p 00000000 00:00 0 
7f2d3c000000-7f2d3c0fc000 rw-p 00000000 00:00 0 
7f2d3c0fc000-7f2d40000000 ---p 00000000 00:00 0 
7f2d44000000-7f2d440ac000 rw-p 00000000 00:00 0 
7f2d440ac000-7f2d48000000 ---p 00000000 00:00 0 
7f2d48000000-7f2d4812b000 rw-p 00000000 00:00 0 
7f2d4812b000-7f2d4c000000 ---p 00000000 00:00 0 
7f2d4c000000-7f2d4c119000 rw-p 00000000 00:00 0 
7f2d4c119000-7f2d50000000 ---p 00000000 00:00 0 
7f2d50000000-7f2d50021000 rw-p 00000000 00:00 0 
7f2d50021000-7f2d54000000 ---p 00000000 00:00 0 
7f2d54000000-7f2d54021000 rw-p 00000000 00:00 0 
7f2d54021000-7f2d58000000 ---p 00000000 00:00 0 
7f2d58000000-7f2d58021000 rw-p 00000000 00:00 0 
7f2d58021000-7f2d5c000000 ---p 00000000 00:00 0 
7f2d5c000000-7f2d5d3b8000 rw-p 00000000 00:00 0 
7f2d5d3b8000-7f2d60000000 ---p 00000000 00:00 0 
7f2d60000000-7f2d60a8c000 rw-p 00000000 00:00 0 
7f2d60a8c000-7f2d64000000 ---p 00000000 00:00 0 
7f2d64000000-7f2d64021000 rw-p 00000000 00:00 0 
7f2d64021000-7f2d68000000 ---p 00000000 00:00 0 
7f2d68000000-7f2d691b9000 rw-p 00000000 00:00 0 
7f2d691b9000-7f2d6c000000 ---p 00000000 00:00 0 
7f2d6c000000-7f2d6c021000 rw-p 00000000 00:00 0 
7f2d6c021000-7f2d70000000 ---p 00000000 00:00 0 
7f2d70000000-7f2d70021000 rw-p 00000000 00:00 0 
7f2d70021000-7f2d74000000 ---p 00000000 00:00 0 
7f2d74000000-7f2d7428e000 rw-p 00000000 00:00 0 
7f2d7428e000-7f2d78000000 ---p 00000000 00:00 0 
7f2d78000000-7f2d78021000 rw-p 00000000 00:00 0 
7f2d78021000-7f2d7c000000 ---p 00000000 00:00 0 
7f2d7e2de000-7f2d7e2e1000 ---p 00000000 00:00 0 
7f2d7e2e1000-7f2d7e3df000 rw-p 00000000 00:00 0 
7f2d7e3df000-7f2d7e3e2000 ---p 00000000 00:00 0 
7f2d7e3e2000-7f2d7e4e0000 rw-p 00000000 00:00 0 
7f2d7e4e0000-7f2d7e4e3000 ---p 00000000 00:00 0 
7f2d7e4e3000-7f2d7e5e1000 rw-p 00000000 00:00 0 
7f2d7e5e1000-7f2d7e5e4000 ---p 00000000 00:00 0 
7f2d7e5e4000-7f2d7e6e2000 rw-p 00000000 00:00 0 
7f2d7e6e2000-7f2d7e6e5000 ---p 00000000 00:00 0 
7f2d7e6e5000-7f2d7e7e3000 rw-p 00000000 00:00 0 
7f2d7e7e3000-7f2d7e7e4000 ---p 00000000 00:00 0 
7f2d7e7e4000-7f2d7e8e4000 rw-p 00000000 00:00 0 
7f2d7e8e4000-7f2d7e8e7000 ---p 00000000 00:00 0 
7f2d7e8e7000-7f2d7e9e5000 rw-p 00000000 00:00 0 
7f2d7e9e5000-7f2d7e9e8000 ---p 00000000 00:00 0 
7f2d7e9e8000-7f2d7eae6000 rw-p 00000000 00:00 0 
7f2d7eae6000-7f2d7eae9000 ---p 00000000 00:00 0 
7f2d7eae9000-7f2d7ebe7000 rw-p 00000000 00:00 0 
7f2d7ebe7000-7f2d7ebea000 ---p 00000000 00:00 0 
7f2d7ebea000-7f2d7ece8000 rw-p 00000000 00:00 0 
7f2d7ece8000-7f2d7eceb000 ---p 00000000 00:00 0 
7f2d7eceb000-7f2d7ede9000 rw-p 00000000 00:00 0 
7f2d7ede9000-7f2d7f7f8000 r--p 00000000 08:0a 793913                     /usr/lib/locale/locale-archive
7f2d7f7f8000-7f2d7f7fb000 ---p 00000000 00:00 0 
7f2d7f7fb000-7f2d7f8f9000 rw-p 00000000 00:00 0 
7f2d7f8f9000-7f2d7f8fc000 ---p 00000000 00:00 0 
7f2d7f8fc000-7f2d7f9fa000 rw-p 00000000 00:00 0 
7f2d7f9fa000-7f2d7f9fb000 ---p 00000000 00:00 0 
7f2d7f9fb000-7f2d80000000 rw-p 00000000 00:00 0 
7f2d80000000-7f2d80021000 rw-p 00000000 00:00 0 
7f2d80021000-7f2d84000000 ---p 00000000 00:00 0 
7f2d84000000-7f2d84021000 rw-p 00000000 00:00 0 
7f2d84021000-7f2d88000000 ---p 00000000 00:00 0 
7f2d88000000-7f2d88021000 rw-p 00000000 00:00 0 
7f2d88021000-7f2d8c000000 ---p 00000000 00:00 0 
7f2d8c0d2000-7f2d8c0ea000 r--s 000f5000 08:0a 525838                     /home/takmilul/AndroidStudioProjects/Evan_Final Project and Presentation of iCare/Icare/app/build/intermediates/exploded-aar/com.google.android.gms/play-services-ads/8.4.0/jars/classes.jar
7f2d8c0ea000-7f2d8cb57000 rw-p 00000000 00:00 0 
7f2d8cb57000-7f2d8cd2f000 r--s 03d1e000 08:0a 1186168                    /usr/local/java/java-8-oracle/jre/lib/rt.jar
7f2d8cd2f000-7f2d8d425000 rw-p 00000000 00:00 0 
7f2d8d425000-7f2d8d5a5000 ---p 00000000 00:00 0 
7f2d8d5a5000-7f2d8f7a5000 rw-p 00000000 00:00 0 
7f2d8f7a5000-7f2d8f7a6000 ---p 00000000 00:00 0 
7f2d8f7a6000-7f2d8f8a6000 rw-p 00000000 00:00 0 
7f2d8f8a6000-7f2d8f8a7000 ---p 00000000 00:00 0 
7f2d8f8a7000-7f2d8f9a7000 rw-p 00000000 00:00 0 
7f2d8f9a7000-7f2d8f9a8000 ---p 00000000 00:00 0 
7f2d8f9a8000-7f2d8faa8000 rw-p 00000000 00:00 0 
7f2d8faa8000-7f2d8faa9000 ---p 00000000 00:00 0 
7f2d8faa9000-7f2d8fbf6000 rw-p 00000000 00:00 0 
7f2d8fbf6000-7f2d8fcfe000 ---p 00000000 00:00 0 
7f2d8fcfe000-7f2d8fda9000 rw-p 00000000 00:00 0 
7f2d8fda9000-7f2d8fdcb000 rw-p 00000000 00:00 0 
7f2d8fdcb000-7f2d9016a000 ---p 00000000 00:00 0 
7f2d9016a000-7f2d9097a000 rwxp 00000000 00:00 0 
7f2d9097a000-7f2d9f16a000 ---p 00000000 00:00 0 
7f2d9f16a000-7f2d9f184000 r-xp 00000000 08:0a 1186449                    /usr/local/java/java-8-oracle/jre/lib/amd64/libzip.so
7f2d9f184000-7f2d9f384000 ---p 0001a000 08:0a 1186449                    /usr/local/java/java-8-oracle/jre/lib/amd64/libzip.so
7f2d9f384000-7f2d9f385000 rw-p 0001a000 08:0a 1186449                    /usr/local/java/java-8-oracle/jre/lib/amd64/libzip.so
7f2d9f385000-7f2d9f390000 r-xp 00000000 08:0a 3412603                    /lib/x86_64-linux-gnu/libnss_files-2.23.so
7f2d9f390000-7f2d9f58f000 ---p 0000b000 08:0a 3412603                    /lib/x86_64-linux-gnu/libnss_files-2.23.so
7f2d9f58f000-7f2d9f590000 r--p 0000a000 08:0a 3412603                    /lib/x86_64-linux-gnu/libnss_files-2.23.so
7f2d9f590000-7f2d9f591000 rw-p 0000b000 08:0a 3412603                    /lib/x86_64-linux-gnu/libnss_files-2.23.so
7f2d9f591000-7f2d9f597000 rw-p 00000000 00:00 0 
7f2d9f597000-7f2d9f5a2000 r-xp 00000000 08:0a 3412613                    /lib/x86_64-linux-gnu/libnss_nis-2.23.so
7f2d9f5a2000-7f2d9f7a1000 ---p 0000b000 08:0a 3412613                    /lib/x86_64-linux-gnu/libnss_nis-2.23.so
7f2d9f7a1000-7f2d9f7a2000 r--p 0000a000 08:0a 3412613                    /lib/x86_64-linux-gnu/libnss_nis-2.23.so
7f2d9f7a2000-7f2d9f7a3000 rw-p 0000b000 08:0a 3412613                    /lib/x86_64-linux-gnu/libnss_nis-2.23.so
7f2d9f7a3000-7f2d9f7b9000 r-xp 00000000 08:0a 3412597                    /lib/x86_64-linux-gnu/libnsl-2.23.so
7f2d9f7b9000-7f2d9f9b8000 ---p 00016000 08:0a 3412597                    /lib/x86_64-linux-gnu/libnsl-2.23.so
7f2d9f9b8000-7f2d9f9b9000 r--p 00015000 08:0a 3412597                    /lib/x86_64-linux-gnu/libnsl-2.23.so
7f2d9f9b9000-7f2d9f9ba000 rw-p 00016000 08:0a 3412597                    /lib/x86_64-linux-gnu/libnsl-2.23.so
7f2d9f9ba000-7f2d9f9bc000 rw-p 00000000 00:00 0 
7f2d9f9bc000-7f2d9f9c4000 r-xp 00000000 08:0a 3412599                    /lib/x86_64-linux-gnu/libnss_compat-2.23.so
7f2d9f9c4000-7f2d9fbc3000 ---p 00008000 08:0a 3412599                    /lib/x86_64-linux-gnu/libnss_compat-2.23.so
7f2d9fbc3000-7f2d9fbc4000 r--p 00007000 08:0a 3412599                    /lib/x86_64-linux-gnu/libnss_compat-2.23.so
7f2d9fbc4000-7f2d9fbc5000 rw-p 00008000 08:0a 3412599                    /lib/x86_64-linux-gnu/libnss_compat-2.23.so
7f2d9fbc5000-7f2d9fbef000 r-xp 00000000 08:0a 1186444                    /usr/local/java/java-8-oracle/jre/lib/amd64/libjava.so
7f2d9fbef000-7f2d9fdef000 ---p 0002a000 08:0a 1186444                    /usr/local/java/java-8-oracle/jre/lib/amd64/libjava.so
7f2d9fdef000-7f2d9fdf1000 rw-p 0002a000 08:0a 1186444                    /usr/local/java/java-8-oracle/jre/lib/amd64/libjava.so
7f2d9fdf1000-7f2d9fdfe000 r-xp 00000000 08:0a 1186448                    /usr/local/java/java-8-oracle/jre/lib/amd64/libverify.so
7f2d9fdfe000-7f2d9fffe000 ---p 0000d000 08:0a 1186448                    /usr/local/java/java-8-oracle/jre/lib/amd64/libverify.so
7f2d9fffe000-7f2da0000000 rw-p 0000d000 08:0a 1186448                    /usr/local/java/java-8-oracle/jre/lib/amd64/libverify.so
7f2da0000000-7f2da03a9000 rw-p 00000000 00:00 0 
7f2da03a9000-7f2da4000000 ---p 00000000 00:00 0 
7f2da4008000-7f2da4017000 r--s 000df000 08:0a 3818871                    /opt/Android/Sdk/build-tools/23.0.2/lib/dx.jar
7f2da4017000-7f2da40a6000 rw-p 00000000 00:00 0 
7f2da40a6000-7f2da41af000 ---p 00000000 00:00 0 
7f2da41af000-7f2da41b6000 r-xp 00000000 08:0a 3412658                    /lib/x86_64-linux-gnu/librt-2.23.so
7f2da41b6000-7f2da43b5000 ---p 00007000 08:0a 3412658                    /lib/x86_64-linux-gnu/librt-2.23.so
7f2da43b5000-7f2da43b6000 r--p 00006000 08:0a 3412658                    /lib/x86_64-linux-gnu/librt-2.23.so
7f2da43b6000-7f2da43b7000 rw-p 00007000 08:0a 3412658                    /lib/x86_64-linux-gnu/librt-2.23.so
7f2da43b7000-7f2da44bf000 r-xp 00000000 08:0a 3412574                    /lib/x86_64-linux-gnu/libm-2.23.so
7f2da44bf000-7f2da46be000 ---p 00108000 08:0a 3412574                    /lib/x86_64-linux-gnu/libm-2.23.so
7f2da46be000-7f2da46bf000 r--p 00107000 08:0a 3412574                    /lib/x86_64-linux-gnu/libm-2.23.so
7f2da46bf000-7f2da46c0000 rw-p 00108000 08:0a 3412574                    /lib/x86_64-linux-gnu/libm-2.23.so
7f2da46c0000-7f2da537f000 r-xp 00000000 08:0a 1186471                    /usr/local/java/java-8-oracle/jre/lib/amd64/server/libjvm.so
7f2da537f000-7f2da557e000 ---p 00cbf000 08:0a 1186471                    /usr/local/java/java-8-oracle/jre/lib/amd64/server/libjvm.so
7f2da557e000-7f2da5657000 rw-p 00cbe000 08:0a 1186471                    /usr/local/java/java-8-oracle/jre/lib/amd64/server/libjvm.so
7f2da5657000-7f2da56a0000 rw-p 00000000 00:00 0 
7f2da56a0000-7f2da5860000 r-xp 00000000 08:0a 3412504                    /lib/x86_64-linux-gnu/libc-2.23.so
7f2da5860000-7f2da5a5f000 ---p 001c0000 08:0a 3412504                    /lib/x86_64-linux-gnu/libc-2.23.so
7f2da5a5f000-7f2da5a63000 r--p 001bf000 08:0a 3412504                    /lib/x86_64-linux-gnu/libc-2.23.so
7f2da5a63000-7f2da5a65000 rw-p 001c3000 08:0a 3412504                    /lib/x86_64-linux-gnu/libc-2.23.so
7f2da5a65000-7f2da5a69000 rw-p 00000000 00:00 0 
7f2da5a69000-7f2da5a6c000 r-xp 00000000 08:0a 3412528                    /lib/x86_64-linux-gnu/libdl-2.23.so
7f2da5a6c000-7f2da5c6b000 ---p 00003000 08:0a 3412528                    /lib/x86_64-linux-gnu/libdl-2.23.so
7f2da5c6b000-7f2da5c6c000 r--p 00002000 08:0a 3412528                    /lib/x86_64-linux-gnu/libdl-2.23.so
7f2da5c6c000-7f2da5c6d000 rw-p 00003000 08:0a 3412528                    /lib/x86_64-linux-gnu/libdl-2.23.so
7f2da5c6d000-7f2da5c82000 r-xp 00000000 08:0a 1186059                    /usr/local/java/java-8-oracle/lib/amd64/jli/libjli.so
7f2da5c82000-7f2da5e82000 ---p 00015000 08:0a 1186059                    /usr/local/java/java-8-oracle/lib/amd64/jli/libjli.so
7f2da5e82000-7f2da5e83000 rw-p 00015000 08:0a 1186059                    /usr/local/java/java-8-oracle/lib/amd64/jli/libjli.so
7f2da5e83000-7f2da5e9b000 r-xp 00000000 08:0a 3412650                    /lib/x86_64-linux-gnu/libpthread-2.23.so
7f2da5e9b000-7f2da609a000 ---p 00018000 08:0a 3412650                    /lib/x86_64-linux-gnu/libpthread-2.23.so
7f2da609a000-7f2da609b000 r--p 00017000 08:0a 3412650                    /lib/x86_64-linux-gnu/libpthread-2.23.so
7f2da609b000-7f2da609c000 rw-p 00018000 08:0a 3412650                    /lib/x86_64-linux-gnu/libpthread-2.23.so
7f2da609c000-7f2da60a0000 rw-p 00000000 00:00 0 
7f2da60a0000-7f2da60c6000 r-xp 00000000 08:0a 3412476                    /lib/x86_64-linux-gnu/ld-2.23.so
7f2da60cc000-7f2da619e000 rw-p 00000000 00:00 0 
7f2da619e000-7f2da61a1000 ---p 00000000 00:00 0 
7f2da61a1000-7f2da62a3000 rw-p 00000000 00:00 0 
7f2da62a5000-7f2da62b9000 rw-p 00000000 00:00 0 
7f2da62b9000-7f2da62c1000 rw-s 00000000 08:0a 4335467                    /tmp/hsperfdata_takmilul/21395
7f2da62c1000-7f2da62c2000 rw-p 00000000 00:00 0 
7f2da62c2000-7f2da62c3000 ---p 00000000 00:00 0 
7f2da62c3000-7f2da62c5000 rw-p 00000000 00:00 0 
7f2da62c5000-7f2da62c6000 r--p 00025000 08:0a 3412476                    /lib/x86_64-linux-gnu/ld-2.23.so
7f2da62c6000-7f2da62c7000 rw-p 00026000 08:0a 3412476                    /lib/x86_64-linux-gnu/ld-2.23.so
7f2da62c7000-7f2da62c8000 rw-p 00000000 00:00 0 
7ffcb73b7000-7ffcb73d8000 rw-p 00000000 00:00 0                          [stack]
7ffcb73df000-7ffcb73e1000 r--p 00000000 00:00 0                          [vvar]
7ffcb73e1000-7ffcb73e3000 r-xp 00000000 00:00 0                          [vdso]
ffffffffff600000-ffffffffff601000 r-xp 00000000 00:00 0                  [vsyscall]

VM Arguments:
jvm_args: -Djava.awt.headless=true -Xmx1024M -Dfile.encoding=UTF-8 -Duser.country=US -Duser.language=en -Duser.variant 
java_command: com.android.dx.command.Main --dex --force-jumbo --num-threads=4 --multi-dex --output /home/takmilul/AndroidStudioProjects/Evan_Final Project and Presentation of iCare/Icare/app/build/intermediates/transforms/dex/debug/folders/1000/10/com.google.android.gms-play-services-ads-8.4.0_37a5ef140a693be56fc3beb67ab4f84c952a3d24 /home/takmilul/AndroidStudioProjects/Evan_Final Project and Presentation of iCare/Icare/app/build/intermediates/exploded-aar/com.google.android.gms/play-services-ads/8.4.0/jars/classes.jar
java_class_path (initial): /opt/Android/Sdk/build-tools/23.0.2/lib/dx.jar
Launcher Type: SUN_STANDARD

Environment Variables:
JAVA_HOME=/usr/local/java/jdk1.8.0_77
JRE_HOME=/usr/local/java/jdk1.8.0_77/jre
PATH=/usr/local/sbin:/usr/local/bin:/usr/sbin:/usr/bin:/sbin:/bin:/usr/games:/usr/local/games:/snap/bin:/usr/local/java/jdk1.8.0_77/bin:/usr/local/java/jdk1.8.0_77/jre/bin
LD_LIBRARY_PATH=/opt/android-studio/bin:
SHELL=/bin/bash
DISPLAY=:0

Signal Handlers:
SIGSEGV: [libjvm.so+0xabb070], sa_mask[0]=11111111011111111101111111111110, sa_flags=SA_RESTART|SA_SIGINFO
SIGBUS: [libjvm.so+0xabb070], sa_mask[0]=11111111011111111101111111111110, sa_flags=SA_RESTART|SA_SIGINFO
SIGFPE: [libjvm.so+0x918480], sa_mask[0]=11111111011111111101111111111110, sa_flags=SA_RESTART|SA_SIGINFO
SIGPIPE: [libjvm.so+0x918480], sa_mask[0]=11111111011111111101111111111110, sa_flags=SA_RESTART|SA_SIGINFO
SIGXFSZ: [libjvm.so+0x918480], sa_mask[0]=11111111011111111101111111111110, sa_flags=SA_RESTART|SA_SIGINFO
SIGILL: [libjvm.so+0x918480], sa_mask[0]=11111111011111111101111111111110, sa_flags=SA_RESTART|SA_SIGINFO
SIGUSR1: SIG_DFL, sa_mask[0]=00000000000000000000000000000000, sa_flags=none
SIGUSR2: [libjvm.so+0x919ab0], sa_mask[0]=00100000000000000000000000000000, sa_flags=SA_RESTART|SA_SIGINFO
SIGHUP: [libjvm.so+0x91aeb0], sa_mask[0]=11111111011111111101111111111110, sa_flags=SA_RESTART|SA_SIGINFO
SIGINT: [libjvm.so+0x91aeb0], sa_mask[0]=11111111011111111101111111111110, sa_flags=SA_RESTART|SA_SIGINFO
SIGTERM: [libjvm.so+0x91aeb0], sa_mask[0]=11111111011111111101111111111110, sa_flags=SA_RESTART|SA_SIGINFO
SIGQUIT: [libjvm.so+0x91aeb0], sa_mask[0]=11111111011111111101111111111110, sa_flags=SA_RESTART|SA_SIGINFO


---------------  S Y S T E M  ---------------

OS:DISTRIB_ID=Ubuntu
DISTRIB_RELEASE=16.04
DISTRIB_CODENAME=xenial
DISTRIB_DESCRIPTION="Ubuntu 16.04 LTS"

uname:Linux 4.4.0-22-generic #39-Ubuntu SMP Thu May 5 16:53:32 UTC 2016 x86_64
libc:glibc 2.23 NPTL 2.23 
rlimit: STACK 8192k, CORE 0k, NPROC 31466, NOFILE 65536, AS infinity
load average:12.37 4.19 3.61

/proc/meminfo:
MemTotal:        8094180 kB
MemFree:           48908 kB
MemAvailable:      88420 kB
Buffers:             556 kB
Cached:          1652852 kB
SwapCached:            0 kB
Active:          6244256 kB
Inactive:        1567856 kB
Active(anon):    6228024 kB
Inactive(anon):  1546028 kB
Active(file):      16232 kB
Inactive(file):    21828 kB
Unevictable:          48 kB
Mlocked:              48 kB
SwapTotal:             0 kB
SwapFree:              0 kB
Dirty:               312 kB
Writeback:             0 kB
AnonPages:       6159892 kB
Mapped:           534520 kB
Shmem:           1614280 kB
Slab:             103624 kB
SReclaimable:      43812 kB
SUnreclaim:        59812 kB
KernelStack:       12544 kB
PageTables:        59176 kB
NFS_Unstable:          0 kB
Bounce:                0 kB
WritebackTmp:          0 kB
CommitLimit:     4047088 kB
Committed_AS:   12886032 kB
VmallocTotal:   34359738367 kB
VmallocUsed:           0 kB
VmallocChunk:          0 kB
HardwareCorrupted:     0 kB
AnonHugePages:   3293184 kB
CmaTotal:              0 kB
CmaFree:               0 kB
HugePages_Total:       0
HugePages_Free:        0
HugePages_Rsvd:        0
HugePages_Surp:        0
Hugepagesize:       2048 kB
DirectMap4k:      136540 kB
DirectMap2M:     8171520 kB


CPU:total 4 (2 cores per cpu, 2 threads per core) family 6 model 42 stepping 7, cmov, cx8, fxsr, mmx, sse, sse2, sse3, ssse3, sse4.1, sse4.2, popcnt, avx, clmul, ht, tsc, tscinvbit

/proc/cpuinfo:
processor	: 0
vendor_id	: GenuineIntel
cpu family	: 6
model		: 42
model name	: Intel(R) Core(TM) i3-2120 CPU @ 3.30GHz
stepping	: 7
microcode	: 0x29
cpu MHz		: 2497.042
cache size	: 3072 KB
physical id	: 0
siblings	: 4
core id		: 0
cpu cores	: 2
apicid		: 0
initial apicid	: 0
fpu		: yes
fpu_exception	: yes
cpuid level	: 13
wp		: yes
flags		: fpu vme de pse tsc msr pae mce cx8 apic sep mtrr pge mca cmov pat pse36 clflush dts acpi mmx fxsr sse sse2 ss ht tm pbe syscall nx rdtscp lm constant_tsc arch_perfmon pebs bts rep_good nopl xtopology nonstop_tsc aperfmperf eagerfpu pni pclmulqdq dtes64 monitor ds_cpl vmx est tm2 ssse3 cx16 xtpr pdcm pcid sse4_1 sse4_2 popcnt tsc_deadline_timer xsave avx lahf_lm epb tpr_shadow vnmi flexpriority ept vpid xsaveopt dtherm arat pln pts
bugs		:
bogomips	: 6584.77
clflush size	: 64
cache_alignment	: 64
address sizes	: 36 bits physical, 48 bits virtual
power management:

processor	: 1
vendor_id	: GenuineIntel
cpu family	: 6
model		: 42
model name	: Intel(R) Core(TM) i3-2120 CPU @ 3.30GHz
stepping	: 7
microcode	: 0x29
cpu MHz		: 1679.390
cache size	: 3072 KB
physical id	: 0
siblings	: 4
core id		: 1
cpu cores	: 2
apicid		: 2
initial apicid	: 2
fpu		: yes
fpu_exception	: yes
cpuid level	: 13
wp		: yes
flags		: fpu vme de pse tsc msr pae mce cx8 apic sep mtrr pge mca cmov pat pse36 clflush dts acpi mmx fxsr sse sse2 ss ht tm pbe syscall nx rdtscp lm constant_tsc arch_perfmon pebs bts rep_good nopl xtopology nonstop_tsc aperfmperf eagerfpu pni pclmulqdq dtes64 monitor ds_cpl vmx est tm2 ssse3 cx16 xtpr pdcm pcid sse4_1 sse4_2 popcnt tsc_deadline_timer xsave avx lahf_lm epb tpr_shadow vnmi flexpriority ept vpid xsaveopt dtherm arat pln pts
bugs		:
bogomips	: 6584.77
clflush size	: 64
cache_alignment	: 64
address sizes	: 36 bits physical, 48 bits virtual
power management:

processor	: 2
vendor_id	: GenuineIntel
cpu family	: 6
model		: 42
model name	: Intel(R) Core(TM) i3-2120 CPU @ 3.30GHz
stepping	: 7
microcode	: 0x29
cpu MHz		: 1727.859
cache size	: 3072 KB
physical id	: 0
siblings	: 4
core id		: 0
cpu cores	: 2
apicid		: 1
initial apicid	: 1
fpu		: yes
fpu_exception	: yes
cpuid level	: 13
wp		: yes
flags		: fpu vme de pse tsc msr pae mce cx8 apic sep mtrr pge mca cmov pat pse36 clflush dts acpi mmx fxsr sse sse2 ss ht tm pbe syscall nx rdtscp lm constant_tsc arch_perfmon pebs bts rep_good nopl xtopology nonstop_tsc aperfmperf eagerfpu pni pclmulqdq dtes64 monitor ds_cpl vmx est tm2 ssse3 cx16 xtpr pdcm pcid sse4_1 sse4_2 popcnt tsc_deadline_timer xsave avx lahf_lm epb tpr_shadow vnmi flexpriority ept vpid xsaveopt dtherm arat pln pts
bugs		:
bogomips	: 6584.77
clflush size	: 64
cache_alignment	: 64
address sizes	: 36 bits physical, 48 bits virtual
power management:

processor	: 3
vendor_id	: GenuineIntel
cpu family	: 6
model		: 42
model name	: Intel(R) Core(TM) i3-2120 CPU @ 3.30GHz
stepping	: 7
microcode	: 0x29
cpu MHz		: 2038.007
cache size	: 3072 KB
physical id	: 0
siblings	: 4
core id		: 1
cpu cores	: 2
apicid		: 3
initial apicid	: 3
fpu		: yes
fpu_exception	: yes
cpuid level	: 13
wp		: yes
flags		: fpu vme de pse tsc msr pae mce cx8 apic sep mtrr pge mca cmov pat pse36 clflush dts acpi mmx fxsr sse sse2 ss ht tm pbe syscall nx rdtscp lm constant_tsc arch_perfmon pebs bts rep_good nopl xtopology nonstop_tsc aperfmperf eagerfpu pni pclmulqdq dtes64 monitor ds_cpl vmx est tm2 ssse3 cx16 xtpr pdcm pcid sse4_1 sse4_2 popcnt tsc_deadline_timer xsave avx lahf_lm epb tpr_shadow vnmi flexpriority ept vpid xsaveopt dtherm arat pln pts
bugs		:
bogomips	: 6584.77
clflush size	: 64
cache_alignment	: 64
address sizes	: 36 bits physical, 48 bits virtual
power management:



Memory: 4k page, physical 8094180k(48908k free), swap 0k(0k free)

vm_info: Java HotSpot(TM) 64-Bit Server VM (25.77-b03) for linux-amd64 JRE (1.8.0_77-b03), built on Mar 20 2016 22:00:46 by "java_re" with gcc 4.3.0 20080428 (Red Hat 4.3.0-8)

time: Fri May 13 15:47:16 2016
elapsed time: 27 seconds (0d 0h 0m 27s)

