#
# There is insufficient memory for the Java Runtime Environment to continue.
# Native memory allocation (mmap) failed to map 90701824 bytes for committing reserved memory.
# Possible reasons:
#   The system is out of physical RAM or swap space
#   In 32 bit mode, the process size limit was hit
# Possible solutions:
#   Reduce memory load on the system
#   Increase physical memory or swap space
#   Check if swap backing store is full
#   Use 64 bit Java on a 64 bit OS
#   Decrease Java heap size (-Xmx/-Xms)
#   Decrease number of Java threads
#   Decrease Java thread stack sizes (-Xss)
#   Set larger code cache with -XX:ReservedCodeCacheSize=
# This output file may be truncated or incomplete.
#
#  Out of Memory Error (os_linux.cpp:2627), pid=1625, tid=140515440846592
#
# JRE version: Java(TM) SE Runtime Environment (8.0_77-b03) (build 1.8.0_77-b03)
# Java VM: Java HotSpot(TM) 64-Bit Server VM (25.77-b03 mixed mode linux-amd64 compressed oops)
# Failed to write core dump. Core dumps have been disabled. To enable core dumping, try "ulimit -c unlimited" before starting Java again
#

---------------  T H R E A D  ---------------

Current thread (0x00007fcc5c078000):  VMThread [stack: 0x00007fcc4cdfe000,0x00007fcc4ceff000] [id=1655]

Stack: [0x00007fcc4cdfe000,0x00007fcc4ceff000],  sp=0x00007fcc4cefd120,  free space=1020k
Native frames: (J=compiled Java code, j=interpreted, Vv=VM code, C=native code)
V  [libjvm.so+0xaba7ea]  VMError::report_and_die()+0x2ba
V  [libjvm.so+0x4f9e3b]  report_vm_out_of_memory(char const*, int, unsigned long, VMErrorType, char const*)+0x8b
V  [libjvm.so+0x91b613]  os::Linux::commit_memory_impl(char*, unsigned long, bool)+0x103
V  [libjvm.so+0x91bb69]  os::pd_commit_memory(char*, unsigned long, unsigned long, bool)+0x29
V  [libjvm.so+0x915e6a]  os::commit_memory(char*, unsigned long, unsigned long, bool)+0x2a
V  [libjvm.so+0x989543]  PSVirtualSpace::expand_by(unsigned long)+0x53
V  [libjvm.so+0x979e30]  PSOldGen::expand(unsigned long)+0x170
V  [libjvm.so+0x97a03b]  PSOldGen::resize(unsigned long)+0x1cb
V  [libjvm.so+0x981d11]  PSParallelCompact::invoke_no_policy(bool)+0x991
V  [libjvm.so+0x98766d]  PSScavenge::invoke()+0x1ad
V  [libjvm.so+0x93f300]  ParallelScavengeHeap::failed_mem_allocate(unsigned long)+0x70
V  [libjvm.so+0xabc207]  VM_ParallelGCFailedAllocation::doit()+0x97
V  [libjvm.so+0xac3c35]  VM_Operation::evaluate()+0x55
V  [libjvm.so+0xac200a]  VMThread::evaluate_operation(VM_Operation*)+0xba
V  [libjvm.so+0xac238e]  VMThread::loop()+0x1ce
V  [libjvm.so+0xac2800]  VMThread::run()+0x70
V  [libjvm.so+0x91d9d8]  java_start(Thread*)+0x108

VM_Operation (0x00007fcc655a4640): ParallelGCFailedAllocation, mode: safepoint, requested by thread 0x00007fcc5c00a000


---------------  P R O C E S S  ---------------

Java Threads: ( => current thread )
  0x00007fcc5c163800 JavaThread "pool-2-thread-4" [_thread_blocked, id=1707, stack(0x00007fcc455f6000,0x00007fcc456f7000)]
  0x00007fcc5c161800 JavaThread "pool-2-thread-3" [_thread_blocked, id=1706, stack(0x00007fcc456f7000,0x00007fcc457f8000)]
  0x00007fcc5c160000 JavaThread "pool-2-thread-2" [_thread_blocked, id=1705, stack(0x00007fcc457f8000,0x00007fcc458f9000)]
  0x00007fcc5c15b000 JavaThread "pool-3-thread-1" [_thread_blocked, id=1704, stack(0x00007fcc458f9000,0x00007fcc459fa000)]
  0x00007fcc5c159000 JavaThread "pool-2-thread-1" [_thread_blocked, id=1700, stack(0x00007fcc459fa000,0x00007fcc45afb000)]
  0x00007fcc5c0c0000 JavaThread "Service Thread" daemon [_thread_blocked, id=1677, stack(0x00007fcc45bfc000,0x00007fcc45cfd000)]
  0x00007fcc5c0bd000 JavaThread "C1 CompilerThread2" daemon [_thread_blocked, id=1675, stack(0x00007fcc45cfd000,0x00007fcc45dfe000)]
  0x00007fcc5c0bb800 JavaThread "C2 CompilerThread1" daemon [_thread_blocked, id=1671, stack(0x00007fcc45dfe000,0x00007fcc45eff000)]
  0x00007fcc5c0b8800 JavaThread "C2 CompilerThread0" daemon [_thread_blocked, id=1670, stack(0x00007fcc45eff000,0x00007fcc46000000)]
  0x00007fcc5c0b7000 JavaThread "Signal Dispatcher" daemon [_thread_blocked, id=1669, stack(0x00007fcc4c0ec000,0x00007fcc4c1ed000)]
  0x00007fcc5c084000 JavaThread "Finalizer" daemon [_thread_blocked, id=1659, stack(0x00007fcc4cbfc000,0x00007fcc4ccfd000)]
  0x00007fcc5c07f800 JavaThread "Reference Handler" daemon [_thread_blocked, id=1658, stack(0x00007fcc4ccfd000,0x00007fcc4cdfe000)]
  0x00007fcc5c00a000 JavaThread "main" [_thread_blocked, id=1631, stack(0x00007fcc654a6000,0x00007fcc655a7000)]

Other Threads:
=>0x00007fcc5c078000 VMThread [stack: 0x00007fcc4cdfe000,0x00007fcc4ceff000] [id=1655]
  0x00007fcc5c0c3000 WatcherThread [stack: 0x00007fcc45afb000,0x00007fcc45bfc000] [id=1678]

VM state:at safepoint (normal execution)

VM Mutex/Monitor currently owned by a thread:  ([mutex/lock_event])
[0x00007fcc5c006000] ExpandHeap_lock - owner thread: 0x00007fcc5c078000
[0x00007fcc5c006680] Threads_lock - owner thread: 0x00007fcc5c078000
[0x00007fcc5c006b80] Heap_lock - owner thread: 0x00007fcc5c00a000

Heap:
 PSYoungGen      total 132096K, used 0K [0x00000000eab00000, 0x0000000100000000, 0x0000000100000000)
  eden space 126976K, 0% used [0x00000000eab00000,0x00000000eab00000,0x00000000f2700000)
  from space 5120K, 0% used [0x00000000f2700000,0x00000000f2700000,0x00000000f2c00000)
  to   space 50176K, 0% used [0x00000000fcf00000,0x00000000fcf00000,0x0000000100000000)
 ParOldGen       total 84992K, used 75705K [0x00000000c0000000, 0x00000000c5300000, 0x00000000eab00000)
  object space 84992K, 89% used [0x00000000c0000000,0x00000000c49ee4f0,0x00000000c5300000)
 Metaspace       used 6116K, capacity 7000K, committed 7168K, reserved 1056768K
  class space    used 612K, capacity 656K, committed 768K, reserved 1048576K

Card table byte_map: [0x00007fcc62060000,0x00007fcc62261000] byte_map_base: 0x00007fcc61a60000

Marking Bits: (ParMarkBitMap*) 0x00007fcc6497d100
 Begin Bits: [0x00007fcc46000000, 0x00007fcc47000000)
 End Bits:   [0x00007fcc47000000, 0x00007fcc48000000)

Polling page: 0x00007fcc655ca000

CodeCache: size=245760Kb used=6214Kb max_used=6236Kb free=239545Kb
 bounds [0x00007fcc4d000000, 0x00007fcc4d620000, 0x00007fcc5c000000]
 total_blobs=1748 nmethods=1480 adapters=182
 compilation: enabled

Compilation events (10 events):
Event: 8.079 Thread 0x00007fcc5c0bb800 nmethod 1618 0x00007fcc4d60d210 code [0x00007fcc4d60d520, 0x00007fcc4d60ec48]
Event: 8.079 Thread 0x00007fcc5c0bb800 1791       4       com.android.dx.cf.code.BaseMachine::getLocalTarget (151 bytes)
Event: 8.946 Thread 0x00007fcc5c0bb800 nmethod 1791 0x00007fcc4d615d10 code [0x00007fcc4d6162a0, 0x00007fcc4d619c38]
Event: 8.946 Thread 0x00007fcc5c0bb800 1793       4       com.android.dx.rop.code.Rops::ropFor (771 bytes)
Event: 10.784 Thread 0x00007fcc5c0bd000 1803       2       com.android.dx.cf.code.Simulator$SimVisitor::checkReturnType (64 bytes)
Event: 10.785 Thread 0x00007fcc5c0bd000 nmethod 1803 0x00007fcc4d5d0cd0 code [0x00007fcc4d5d0ec0, 0x00007fcc4d5d13c8]
Event: 10.794 Thread 0x00007fcc5c0bd000 1804       2       com.android.dx.rop.code.ThrowingInsn::accept (8 bytes)
Event: 10.794 Thread 0x00007fcc5c0bd000 nmethod 1804 0x00007fcc4d5e9010 code [0x00007fcc4d5e9180, 0x00007fcc4d5e9308]
Event: 10.794 Thread 0x00007fcc5c0bd000 1805       2       com.android.dx.rop.code.BasicBlockList$RegCountVisitor::visitThrowingInsn (6 bytes)
Event: 10.794 Thread 0x00007fcc5c0bd000 nmethod 1805 0x00007fcc4d5e8c90 code [0x00007fcc4d5e8e00, 0x00007fcc4d5e8f68]

GC Heap History (10 events):
Event: 1.556 GC heap after
Heap after GC invocations=1 (full 0):
 PSYoungGen      total 36864K, used 3621K [0x00000000eab00000, 0x00000000ef300000, 0x0000000100000000)
  eden space 31744K, 0% used [0x00000000eab00000,0x00000000eab00000,0x00000000eca00000)
  from space 5120K, 70% used [0x00000000eca00000,0x00000000ecd89590,0x00000000ecf00000)
  to   space 5120K, 0% used [0x00000000eee00000,0x00000000eee00000,0x00000000ef300000)
 ParOldGen       total 84992K, used 8K [0x00000000c0000000, 0x00000000c5300000, 0x00000000eab00000)
  object space 84992K, 0% used [0x00000000c0000000,0x00000000c0002000,0x00000000c5300000)
 Metaspace       used 5507K, capacity 6512K, committed 6784K, reserved 1056768K
  class space    used 583K, capacity 616K, committed 640K, reserved 1048576K
}
Event: 3.008 GC heap before
{Heap before GC invocations=2 (full 0):
 PSYoungGen      total 36864K, used 35365K [0x00000000eab00000, 0x00000000ef300000, 0x0000000100000000)
  eden space 31744K, 100% used [0x00000000eab00000,0x00000000eca00000,0x00000000eca00000)
  from space 5120K, 70% used [0x00000000eca00000,0x00000000ecd89590,0x00000000ecf00000)
  to   space 5120K, 0% used [0x00000000eee00000,0x00000000eee00000,0x00000000ef300000)
 ParOldGen       total 84992K, used 8K [0x00000000c0000000, 0x00000000c5300000, 0x00000000eab00000)
  object space 84992K, 0% used [0x00000000c0000000,0x00000000c0002000,0x00000000c5300000)
 Metaspace       used 5786K, capacity 6768K, committed 7040K, reserved 1056768K
  class space    used 591K, capacity 616K, committed 640K, reserved 1048576K
Event: 3.091 GC heap after
Heap after GC invocations=2 (full 0):
 PSYoungGen      total 68608K, used 5111K [0x00000000eab00000, 0x00000000ef300000, 0x0000000100000000)
  eden space 63488K, 0% used [0x00000000eab00000,0x00000000eab00000,0x00000000ee900000)
  from space 5120K, 99% used [0x00000000eee00000,0x00000000ef2fdc78,0x00000000ef300000)
  to   space 5120K, 0% used [0x00000000ee900000,0x00000000ee900000,0x00000000eee00000)
 ParOldGen       total 84992K, used 1624K [0x00000000c0000000, 0x00000000c5300000, 0x00000000eab00000)
  object space 84992K, 1% used [0x00000000c0000000,0x00000000c01963b0,0x00000000c5300000)
 Metaspace       used 5786K, capacity 6768K, committed 7040K, reserved 1056768K
  class space    used 591K, capacity 616K, committed 640K, reserved 1048576K
}
Event: 4.454 GC heap before
{Heap before GC invocations=3 (full 0):
 PSYoungGen      total 68608K, used 68599K [0x00000000eab00000, 0x00000000ef300000, 0x0000000100000000)
  eden space 63488K, 100% used [0x00000000eab00000,0x00000000ee900000,0x00000000ee900000)
  from space 5120K, 99% used [0x00000000eee00000,0x00000000ef2fdc78,0x00000000ef300000)
  to   space 5120K, 0% used [0x00000000ee900000,0x00000000ee900000,0x00000000eee00000)
 ParOldGen       total 84992K, used 1624K [0x00000000c0000000, 0x00000000c5300000, 0x00000000eab00000)
  object space 84992K, 1% used [0x00000000c0000000,0x00000000c01963b0,0x00000000c5300000)
 Metaspace       used 5881K, capacity 6832K, committed 7040K, reserved 1056768K
  class space    used 592K, capacity 616K, committed 640K, reserved 1048576K
Event: 4.553 GC heap after
Heap after GC invocations=3 (full 0):
 PSYoungGen      total 68608K, used 5088K [0x00000000eab00000, 0x00000000f3100000, 0x0000000100000000)
  eden space 63488K, 0% used [0x00000000eab00000,0x00000000eab00000,0x00000000ee900000)
  from space 5120K, 99% used [0x00000000ee900000,0x00000000eedf8018,0x00000000eee00000)
  to   space 5120K, 0% used [0x00000000f2c00000,0x00000000f2c00000,0x00000000f3100000)
 ParOldGen       total 84992K, used 10712K [0x00000000c0000000, 0x00000000c5300000, 0x00000000eab00000)
  object space 84992K, 12% used [0x00000000c0000000,0x00000000c0a76280,0x00000000c5300000)
 Metaspace       used 5881K, capacity 6832K, committed 7040K, reserved 1056768K
  class space    used 592K, capacity 616K, committed 640K, reserved 1048576K
}
Event: 5.201 GC heap before
{Heap before GC invocations=4 (full 0):
 PSYoungGen      total 68608K, used 68576K [0x00000000eab00000, 0x00000000f3100000, 0x0000000100000000)
  eden space 63488K, 100% used [0x00000000eab00000,0x00000000ee900000,0x00000000ee900000)
  from space 5120K, 99% used [0x00000000ee900000,0x00000000eedf8018,0x00000000eee00000)
  to   space 5120K, 0% used [0x00000000f2c00000,0x00000000f2c00000,0x00000000f3100000)
 ParOldGen       total 84992K, used 10712K [0x00000000c0000000, 0x00000000c5300000, 0x00000000eab00000)
  object space 84992K, 12% used [0x00000000c0000000,0x00000000c0a76280,0x00000000c5300000)
 Metaspace       used 6033K, capacity 6936K, committed 7168K, reserved 1056768K
  class space    used 612K, capacity 656K, committed 768K, reserved 1048576K
Event: 5.281 GC heap after
Heap after GC invocations=4 (full 0):
 PSYoungGen      total 132096K, used 5104K [0x00000000eab00000, 0x00000000f3100000, 0x0000000100000000)
  eden space 126976K, 0% used [0x00000000eab00000,0x00000000eab00000,0x00000000f2700000)
  from space 5120K, 99% used [0x00000000f2c00000,0x00000000f30fc048,0x00000000f3100000)
  to   space 5120K, 0% used [0x00000000f2700000,0x00000000f2700000,0x00000000f2c00000)
 ParOldGen       total 84992K, used 19631K [0x00000000c0000000, 0x00000000c5300000, 0x00000000eab00000)
  object space 84992K, 23% used [0x00000000c0000000,0x00000000c132bee8,0x00000000c5300000)
 Metaspace       used 6033K, capacity 6936K, committed 7168K, reserved 1056768K
  class space    used 612K, capacity 656K, committed 768K, reserved 1048576K
}
Event: 10.980 GC heap before
{Heap before GC invocations=5 (full 0):
 PSYoungGen      total 132096K, used 132080K [0x00000000eab00000, 0x00000000f3100000, 0x0000000100000000)
  eden space 126976K, 100% used [0x00000000eab00000,0x00000000f2700000,0x00000000f2700000)
  from space 5120K, 99% used [0x00000000f2c00000,0x00000000f30fc048,0x00000000f3100000)
  to   space 5120K, 0% used [0x00000000f2700000,0x00000000f2700000,0x00000000f2c00000)
 ParOldGen       total 84992K, used 19631K [0x00000000c0000000, 0x00000000c5300000, 0x00000000eab00000)
  object space 84992K, 23% used [0x00000000c0000000,0x00000000c132bee8,0x00000000c5300000)
 Metaspace       used 6116K, capacity 7000K, committed 7168K, reserved 1056768K
  class space    used 612K, capacity 656K, committed 768K, reserved 1048576K
Event: 11.344 GC heap after
Heap after GC invocations=5 (full 0):
 PSYoungGen      total 132096K, used 5096K [0x00000000eab00000, 0x0000000100000000, 0x0000000100000000)
  eden space 126976K, 0% used [0x00000000eab00000,0x00000000eab00000,0x00000000f2700000)
  from space 5120K, 99% used [0x00000000f2700000,0x00000000f2bfa020,0x00000000f2c00000)
  to   space 50176K, 0% used [0x00000000fcf00000,0x00000000fcf00000,0x0000000100000000)
 ParOldGen       total 84992K, used 73096K [0x00000000c0000000, 0x00000000c5300000, 0x00000000eab00000)
  object space 84992K, 86% used [0x00000000c0000000,0x00000000c47622d0,0x00000000c5300000)
 Metaspace       used 6116K, capacity 7000K, committed 7168K, reserved 1056768K
  class space    used 612K, capacity 656K, committed 768K, reserved 1048576K
}
Event: 11.344 GC heap before
{Heap before GC invocations=6 (full 1):
 PSYoungGen      total 132096K, used 5096K [0x00000000eab00000, 0x0000000100000000, 0x0000000100000000)
  eden space 126976K, 0% used [0x00000000eab00000,0x00000000eab00000,0x00000000f2700000)
  from space 5120K, 99% used [0x00000000f2700000,0x00000000f2bfa020,0x00000000f2c00000)
  to   space 50176K, 0% used [0x00000000fcf00000,0x00000000fcf00000,0x0000000100000000)
 ParOldGen       total 84992K, used 73096K [0x00000000c0000000, 0x00000000c5300000, 0x00000000eab00000)
  object space 84992K, 86% used [0x00000000c0000000,0x00000000c47622d0,0x00000000c5300000)
 Metaspace       used 6116K, capacity 7000K, committed 7168K, reserved 1056768K
  class space    used 612K, capacity 656K, committed 768K, reserved 1048576K

Deoptimization events (10 events):
Event: 2.417 Thread 0x00007fcc5c159000 Uncommon trap: reason=class_check action=maybe_recompile pc=0x00007fcc4d2d2024 method=com.android.dx.ssa.NormalSsaInsn.accept(Lcom/android/dx/ssa/SsaInsn$Visitor;)V @ 9
Event: 3.175 Thread 0x00007fcc5c159000 Uncommon trap: reason=unstable_if action=reinterpret pc=0x00007fcc4d32244c method=com.android.dx.rop.code.RegisterSpecSet.put(Lcom/android/dx/rop/code/RegisterSpec;)V @ 77
Event: 3.319 Thread 0x00007fcc5c161800 Uncommon trap: reason=unstable_if action=reinterpret pc=0x00007fcc4d361f44 method=com.android.dx.util.IntList.binarysearch(I)I @ 105
Event: 3.516 Thread 0x00007fcc5c00a000 Uncommon trap: reason=bimorphic action=maybe_recompile pc=0x00007fcc4d2306b8 method=java.util.HashMap.getNode(ILjava/lang/Object;)Ljava/util/HashMap$Node; @ 126
Event: 3.550 Thread 0x00007fcc5c160000 Uncommon trap: reason=bimorphic action=maybe_recompile pc=0x00007fcc4d2306b8 method=java.util.HashMap.getNode(ILjava/lang/Object;)Ljava/util/HashMap$Node; @ 126
Event: 3.719 Thread 0x00007fcc5c159000 Uncommon trap: reason=unstable_if action=reinterpret pc=0x00007fcc4d31f0bc method=com.android.dx.ssa.SsaMethod.updateOneDefinition(Lcom/android/dx/ssa/SsaInsn;Lcom/android/dx/rop/code/RegisterSpec;)V @ 4
Event: 4.593 Thread 0x00007fcc5c160000 Uncommon trap: reason=unstable_if action=reinterpret pc=0x00007fcc4d2cd6cc method=java.util.HashMap.putVal(ILjava/lang/Object;Ljava/lang/Object;ZZ)Ljava/lang/Object; @ 162
Event: 4.608 Thread 0x00007fcc5c160000 Uncommon trap: reason=unstable_if action=reinterpret pc=0x00007fcc4d2306a0 method=java.util.HashMap.getNode(ILjava/lang/Object;)Ljava/util/HashMap$Node; @ 84
Event: 4.608 Thread 0x00007fcc5c160000 Uncommon trap: reason=unstable_if action=reinterpret pc=0x00007fcc4d22d680 method=java.util.HashMap.getNode(ILjava/lang/Object;)Ljava/util/HashMap$Node; @ 84
Event: 5.672 Thread 0x00007fcc5c161800 Uncommon trap: reason=unstable_if action=reinterpret pc=0x00007fcc4d51272c method=java.util.HashMap.putVal(ILjava/lang/Object;Ljava/lang/Object;ZZ)Ljava/lang/Object; @ 109

Internal exceptions (5 events):
Event: 0.044 Thread 0x00007fcc5c00a000 Exception <a 'java/lang/NoSuchMethodError': Method sun.misc.Unsafe.defineClass(Ljava/lang/String;[BII)Ljava/lang/Class; name or signature does not match> (0x00000000eab07cc0) thrown at [/HUDSON/workspace/8-2-build-linux-amd64/jdk8u77/6540/hotspot/src/shar
Event: 0.044 Thread 0x00007fcc5c00a000 Exception <a 'java/lang/NoSuchMethodError': Method sun.misc.Unsafe.prefetchRead(Ljava/lang/Object;J)V name or signature does not match> (0x00000000eab07fa8) thrown at [/HUDSON/workspace/8-2-build-linux-amd64/jdk8u77/6540/hotspot/src/share/vm/prims/jni.cpp
Event: 4.595 Thread 0x00007fcc5c160000 Exception <a 'java/lang/ArrayIndexOutOfBoundsException': 18> (0x00000000eac4a7a0) thrown at [/HUDSON/workspace/8-2-build-linux-amd64/jdk8u77/6540/hotspot/src/share/vm/interpreter/interpreterRuntime.cpp, line 366]
Event: 4.595 Thread 0x00007fcc5c160000 Exception <a 'java/lang/ArrayIndexOutOfBoundsException': 145> (0x00000000eac4c320) thrown at [/HUDSON/workspace/8-2-build-linux-amd64/jdk8u77/6540/hotspot/src/share/vm/interpreter/interpreterRuntime.cpp, line 366]
Event: 4.597 Thread 0x00007fcc5c160000 Exception <a 'java/lang/ArrayIndexOutOfBoundsException': 40> (0x00000000eac4d608) thrown at [/HUDSON/workspace/8-2-build-linux-amd64/jdk8u77/6540/hotspot/src/share/vm/interpreter/interpreterRuntime.cpp, line 366]

Events (10 events):
Event: 5.801 Thread 0x00007fcc5c163800 DEOPT UNPACKING pc=0x00007fcc4d047633 sp=0x00007fcc456f4e98 mode 0
Event: 5.826 Thread 0x00007fcc5c161800 DEOPT PACKING pc=0x00007fcc4d38ceac sp=0x00007fcc457f6220
Event: 5.828 Thread 0x00007fcc5c161800 DEOPT UNPACKING pc=0x00007fcc4d047633 sp=0x00007fcc457f5f20 mode 0
Event: 7.512 Thread 0x00007fcc5c159000 DEOPT PACKING pc=0x00007fcc4d572759 sp=0x00007fcc45af9160
Event: 7.512 Thread 0x00007fcc5c159000 DEOPT UNPACKING pc=0x00007fcc4d047633 sp=0x00007fcc45af8f08 mode 0
Event: 10.795 Thread 0x00007fcc5c159000 DEOPT PACKING pc=0x00007fcc4d38ceac sp=0x00007fcc45af8f30
Event: 10.795 Thread 0x00007fcc5c159000 DEOPT UNPACKING pc=0x00007fcc4d047633 sp=0x00007fcc45af8c30 mode 0
Event: 10.858 Thread 0x00007fcc5c00a000 DEOPT PACKING pc=0x00007fcc4d38ceac sp=0x00007fcc655a4890
Event: 10.858 Thread 0x00007fcc5c00a000 DEOPT UNPACKING pc=0x00007fcc4d047633 sp=0x00007fcc655a4590 mode 0
Event: 10.958 Executing VM operation: ParallelGCFailedAllocation


Dynamic libraries:
00400000-00401000 r-xp 00000000 08:0a 927274                             /usr/local/java/java-8-oracle/bin/java
00600000-00601000 rw-p 00000000 08:0a 927274                             /usr/local/java/java-8-oracle/bin/java
0189e000-018bf000 rw-p 00000000 00:00 0                                  [heap]
c0000000-c5300000 rw-p 00000000 00:00 0 
ca980000-eab00000 ---p 00000000 00:00 0 
eab00000-100000000 rw-p 00000000 00:00 0 
100000000-1000c0000 rw-p 00000000 00:00 0 
1000c0000-140000000 ---p 00000000 00:00 0 
7fcbf8000000-7fcbf8021000 rw-p 00000000 00:00 0 
7fcbf8021000-7fcbfc000000 ---p 00000000 00:00 0 
7fcc00000000-7fcc00021000 rw-p 00000000 00:00 0 
7fcc00021000-7fcc04000000 ---p 00000000 00:00 0 
7fcc04000000-7fcc04026000 rw-p 00000000 00:00 0 
7fcc04026000-7fcc08000000 ---p 00000000 00:00 0 
7fcc08000000-7fcc0802a000 rw-p 00000000 00:00 0 
7fcc0802a000-7fcc0c000000 ---p 00000000 00:00 0 
7fcc0c000000-7fcc0c021000 rw-p 00000000 00:00 0 
7fcc0c021000-7fcc10000000 ---p 00000000 00:00 0 
7fcc10000000-7fcc10021000 rw-p 00000000 00:00 0 
7fcc10021000-7fcc14000000 ---p 00000000 00:00 0 
7fcc14000000-7fcc14021000 rw-p 00000000 00:00 0 
7fcc14021000-7fcc18000000 ---p 00000000 00:00 0 
7fcc18000000-7fcc19256000 rw-p 00000000 00:00 0 
7fcc19256000-7fcc1c000000 ---p 00000000 00:00 0 
7fcc1c000000-7fcc1c821000 rw-p 00000000 00:00 0 
7fcc1c821000-7fcc20000000 ---p 00000000 00:00 0 
7fcc20000000-7fcc20021000 rw-p 00000000 00:00 0 
7fcc20021000-7fcc24000000 ---p 00000000 00:00 0 
7fcc24000000-7fcc25791000 rw-p 00000000 00:00 0 
7fcc25791000-7fcc28000000 ---p 00000000 00:00 0 
7fcc28000000-7fcc28021000 rw-p 00000000 00:00 0 
7fcc28021000-7fcc2c000000 ---p 00000000 00:00 0 
7fcc2c000000-7fcc2c021000 rw-p 00000000 00:00 0 
7fcc2c021000-7fcc30000000 ---p 00000000 00:00 0 
7fcc30000000-7fcc30021000 rw-p 00000000 00:00 0 
7fcc30021000-7fcc34000000 ---p 00000000 00:00 0 
7fcc34000000-7fcc342be000 rw-p 00000000 00:00 0 
7fcc342be000-7fcc38000000 ---p 00000000 00:00 0 
7fcc38000000-7fcc38021000 rw-p 00000000 00:00 0 
7fcc38021000-7fcc3c000000 ---p 00000000 00:00 0 
7fcc40000000-7fcc40021000 rw-p 00000000 00:00 0 
7fcc40021000-7fcc44000000 ---p 00000000 00:00 0 
7fcc455f6000-7fcc455f9000 ---p 00000000 00:00 0 
7fcc455f9000-7fcc456f7000 rw-p 00000000 00:00 0 
7fcc456f7000-7fcc456fa000 ---p 00000000 00:00 0 
7fcc456fa000-7fcc457f8000 rw-p 00000000 00:00 0 
7fcc457f8000-7fcc457fb000 ---p 00000000 00:00 0 
7fcc457fb000-7fcc458f9000 rw-p 00000000 00:00 0 
7fcc458f9000-7fcc458fc000 ---p 00000000 00:00 0 
7fcc458fc000-7fcc459fa000 rw-p 00000000 00:00 0 
7fcc459fa000-7fcc459fd000 ---p 00000000 00:00 0 
7fcc459fd000-7fcc45afb000 rw-p 00000000 00:00 0 
7fcc45afb000-7fcc45afc000 ---p 00000000 00:00 0 
7fcc45afc000-7fcc45bfc000 rw-p 00000000 00:00 0 
7fcc45bfc000-7fcc45bff000 ---p 00000000 00:00 0 
7fcc45bff000-7fcc45cfd000 rw-p 00000000 00:00 0 
7fcc45cfd000-7fcc45d00000 ---p 00000000 00:00 0 
7fcc45d00000-7fcc45dfe000 rw-p 00000000 00:00 0 
7fcc45dfe000-7fcc45e01000 ---p 00000000 00:00 0 
7fcc45e01000-7fcc45eff000 rw-p 00000000 00:00 0 
7fcc45eff000-7fcc45f02000 ---p 00000000 00:00 0 
7fcc45f02000-7fcc48000000 rw-p 00000000 00:00 0 
7fcc48000000-7fcc48021000 rw-p 00000000 00:00 0 
7fcc48021000-7fcc4c000000 ---p 00000000 00:00 0 
7fcc4c0c5000-7fcc4c0dd000 r--s 000f5000 08:0a 525864                     /home/takmilul/AndroidStudioProjects/Evan_Final Project and Presentation of iCare/Icare/app/build/intermediates/exploded-aar/com.google.android.gms/play-services-ads/8.4.0/jars/classes.jar
7fcc4c0dd000-7fcc4c0ec000 r--s 000df000 08:0a 3818871                    /opt/Android/Sdk/build-tools/23.0.2/lib/dx.jar
7fcc4c0ec000-7fcc4c0ef000 ---p 00000000 00:00 0 
7fcc4c0ef000-7fcc4c1ed000 rw-p 00000000 00:00 0 
7fcc4c1ed000-7fcc4cbfc000 r--p 00000000 08:0a 793913                     /usr/lib/locale/locale-archive
7fcc4cbfc000-7fcc4cbff000 ---p 00000000 00:00 0 
7fcc4cbff000-7fcc4ccfd000 rw-p 00000000 00:00 0 
7fcc4ccfd000-7fcc4cd00000 ---p 00000000 00:00 0 
7fcc4cd00000-7fcc4cdfe000 rw-p 00000000 00:00 0 
7fcc4cdfe000-7fcc4cdff000 ---p 00000000 00:00 0 
7fcc4cdff000-7fcc4d000000 rw-p 00000000 00:00 0 
7fcc4d000000-7fcc4d620000 rwxp 00000000 00:00 0 
7fcc4d620000-7fcc5c000000 ---p 00000000 00:00 0 
7fcc5c000000-7fcc5c398000 rw-p 00000000 00:00 0 
7fcc5c398000-7fcc60000000 ---p 00000000 00:00 0 
7fcc60005000-7fcc60eb8000 rw-p 00000000 00:00 0 
7fcc60eb8000-7fcc61090000 r--s 03d1e000 08:0a 1186168                    /usr/local/java/java-8-oracle/jre/lib/rt.jar
7fcc61090000-7fcc61746000 rw-p 00000000 00:00 0 
7fcc61746000-7fcc61906000 ---p 00000000 00:00 0 
7fcc61906000-7fcc61b06000 rw-p 00000000 00:00 0 
7fcc61b06000-7fcc61b07000 ---p 00000000 00:00 0 
7fcc61b07000-7fcc61c07000 rw-p 00000000 00:00 0 
7fcc61c07000-7fcc61c08000 ---p 00000000 00:00 0 
7fcc61c08000-7fcc61d08000 rw-p 00000000 00:00 0 
7fcc61d08000-7fcc61d09000 ---p 00000000 00:00 0 
7fcc61d09000-7fcc61e09000 rw-p 00000000 00:00 0 
7fcc61e09000-7fcc61e0a000 ---p 00000000 00:00 0 
7fcc61e0a000-7fcc61f34000 rw-p 00000000 00:00 0 
7fcc61f34000-7fcc62060000 ---p 00000000 00:00 0 
7fcc62060000-7fcc6208a000 rw-p 00000000 00:00 0 
7fcc6208a000-7fcc621b5000 ---p 00000000 00:00 0 
7fcc621b5000-7fcc62260000 rw-p 00000000 00:00 0 
7fcc62260000-7fcc6227a000 rw-p 00000000 00:00 0 
7fcc6227a000-7fcc62621000 ---p 00000000 00:00 0 
7fcc62621000-7fcc6263b000 r-xp 00000000 08:0a 1186449                    /usr/local/java/java-8-oracle/jre/lib/amd64/libzip.so
7fcc6263b000-7fcc6283b000 ---p 0001a000 08:0a 1186449                    /usr/local/java/java-8-oracle/jre/lib/amd64/libzip.so
7fcc6283b000-7fcc6283c000 rw-p 0001a000 08:0a 1186449                    /usr/local/java/java-8-oracle/jre/lib/amd64/libzip.so
7fcc6283c000-7fcc62847000 r-xp 00000000 08:0a 3412603                    /lib/x86_64-linux-gnu/libnss_files-2.23.so
7fcc62847000-7fcc62a46000 ---p 0000b000 08:0a 3412603                    /lib/x86_64-linux-gnu/libnss_files-2.23.so
7fcc62a46000-7fcc62a47000 r--p 0000a000 08:0a 3412603                    /lib/x86_64-linux-gnu/libnss_files-2.23.so
7fcc62a47000-7fcc62a48000 rw-p 0000b000 08:0a 3412603                    /lib/x86_64-linux-gnu/libnss_files-2.23.so
7fcc62a48000-7fcc62a4e000 rw-p 00000000 00:00 0 
7fcc62a4e000-7fcc62a59000 r-xp 00000000 08:0a 3412613                    /lib/x86_64-linux-gnu/libnss_nis-2.23.so
7fcc62a59000-7fcc62c58000 ---p 0000b000 08:0a 3412613                    /lib/x86_64-linux-gnu/libnss_nis-2.23.so
7fcc62c58000-7fcc62c59000 r--p 0000a000 08:0a 3412613                    /lib/x86_64-linux-gnu/libnss_nis-2.23.so
7fcc62c59000-7fcc62c5a000 rw-p 0000b000 08:0a 3412613                    /lib/x86_64-linux-gnu/libnss_nis-2.23.so
7fcc62c5a000-7fcc62c70000 r-xp 00000000 08:0a 3412597                    /lib/x86_64-linux-gnu/libnsl-2.23.so
7fcc62c70000-7fcc62e6f000 ---p 00016000 08:0a 3412597                    /lib/x86_64-linux-gnu/libnsl-2.23.so
7fcc62e6f000-7fcc62e70000 r--p 00015000 08:0a 3412597                    /lib/x86_64-linux-gnu/libnsl-2.23.so
7fcc62e70000-7fcc62e71000 rw-p 00016000 08:0a 3412597                    /lib/x86_64-linux-gnu/libnsl-2.23.so
7fcc62e71000-7fcc62e73000 rw-p 00000000 00:00 0 
7fcc62e73000-7fcc62e7b000 r-xp 00000000 08:0a 3412599                    /lib/x86_64-linux-gnu/libnss_compat-2.23.so
7fcc62e7b000-7fcc6307a000 ---p 00008000 08:0a 3412599                    /lib/x86_64-linux-gnu/libnss_compat-2.23.so
7fcc6307a000-7fcc6307b000 r--p 00007000 08:0a 3412599                    /lib/x86_64-linux-gnu/libnss_compat-2.23.so
7fcc6307b000-7fcc6307c000 rw-p 00008000 08:0a 3412599                    /lib/x86_64-linux-gnu/libnss_compat-2.23.so
7fcc6307c000-7fcc630a6000 r-xp 00000000 08:0a 1186444                    /usr/local/java/java-8-oracle/jre/lib/amd64/libjava.so
7fcc630a6000-7fcc632a6000 ---p 0002a000 08:0a 1186444                    /usr/local/java/java-8-oracle/jre/lib/amd64/libjava.so
7fcc632a6000-7fcc632a8000 rw-p 0002a000 08:0a 1186444                    /usr/local/java/java-8-oracle/jre/lib/amd64/libjava.so
7fcc632a8000-7fcc632b5000 r-xp 00000000 08:0a 1186448                    /usr/local/java/java-8-oracle/jre/lib/amd64/libverify.so
7fcc632b5000-7fcc634b5000 ---p 0000d000 08:0a 1186448                    /usr/local/java/java-8-oracle/jre/lib/amd64/libverify.so
7fcc634b5000-7fcc634b7000 rw-p 0000d000 08:0a 1186448                    /usr/local/java/java-8-oracle/jre/lib/amd64/libverify.so
7fcc634b7000-7fcc634be000 r-xp 00000000 08:0a 3412658                    /lib/x86_64-linux-gnu/librt-2.23.so
7fcc634be000-7fcc636bd000 ---p 00007000 08:0a 3412658                    /lib/x86_64-linux-gnu/librt-2.23.so
7fcc636bd000-7fcc636be000 r--p 00006000 08:0a 3412658                    /lib/x86_64-linux-gnu/librt-2.23.so
7fcc636be000-7fcc636bf000 rw-p 00007000 08:0a 3412658                    /lib/x86_64-linux-gnu/librt-2.23.so
7fcc636bf000-7fcc637c7000 r-xp 00000000 08:0a 3412574                    /lib/x86_64-linux-gnu/libm-2.23.so
7fcc637c7000-7fcc639c6000 ---p 00108000 08:0a 3412574                    /lib/x86_64-linux-gnu/libm-2.23.so
7fcc639c6000-7fcc639c7000 r--p 00107000 08:0a 3412574                    /lib/x86_64-linux-gnu/libm-2.23.so
7fcc639c7000-7fcc639c8000 rw-p 00108000 08:0a 3412574                    /lib/x86_64-linux-gnu/libm-2.23.so
7fcc639c8000-7fcc64687000 r-xp 00000000 08:0a 1186471                    /usr/local/java/java-8-oracle/jre/lib/amd64/server/libjvm.so
7fcc64687000-7fcc64886000 ---p 00cbf000 08:0a 1186471                    /usr/local/java/java-8-oracle/jre/lib/amd64/server/libjvm.so
7fcc64886000-7fcc6495f000 rw-p 00cbe000 08:0a 1186471                    /usr/local/java/java-8-oracle/jre/lib/amd64/server/libjvm.so
7fcc6495f000-7fcc649a8000 rw-p 00000000 00:00 0 
7fcc649a8000-7fcc64b68000 r-xp 00000000 08:0a 3412504                    /lib/x86_64-linux-gnu/libc-2.23.so
7fcc64b68000-7fcc64d67000 ---p 001c0000 08:0a 3412504                    /lib/x86_64-linux-gnu/libc-2.23.so
7fcc64d67000-7fcc64d6b000 r--p 001bf000 08:0a 3412504                    /lib/x86_64-linux-gnu/libc-2.23.so
7fcc64d6b000-7fcc64d6d000 rw-p 001c3000 08:0a 3412504                    /lib/x86_64-linux-gnu/libc-2.23.so
7fcc64d6d000-7fcc64d71000 rw-p 00000000 00:00 0 
7fcc64d71000-7fcc64d74000 r-xp 00000000 08:0a 3412528                    /lib/x86_64-linux-gnu/libdl-2.23.so
7fcc64d74000-7fcc64f73000 ---p 00003000 08:0a 3412528                    /lib/x86_64-linux-gnu/libdl-2.23.so
7fcc64f73000-7fcc64f74000 r--p 00002000 08:0a 3412528                    /lib/x86_64-linux-gnu/libdl-2.23.so
7fcc64f74000-7fcc64f75000 rw-p 00003000 08:0a 3412528                    /lib/x86_64-linux-gnu/libdl-2.23.so
7fcc64f75000-7fcc64f8a000 r-xp 00000000 08:0a 1186059                    /usr/local/java/java-8-oracle/lib/amd64/jli/libjli.so
7fcc64f8a000-7fcc6518a000 ---p 00015000 08:0a 1186059                    /usr/local/java/java-8-oracle/lib/amd64/jli/libjli.so
7fcc6518a000-7fcc6518b000 rw-p 00015000 08:0a 1186059                    /usr/local/java/java-8-oracle/lib/amd64/jli/libjli.so
7fcc6518b000-7fcc651a3000 r-xp 00000000 08:0a 3412650                    /lib/x86_64-linux-gnu/libpthread-2.23.so
7fcc651a3000-7fcc653a2000 ---p 00018000 08:0a 3412650                    /lib/x86_64-linux-gnu/libpthread-2.23.so
7fcc653a2000-7fcc653a3000 r--p 00017000 08:0a 3412650                    /lib/x86_64-linux-gnu/libpthread-2.23.so
7fcc653a3000-7fcc653a4000 rw-p 00018000 08:0a 3412650                    /lib/x86_64-linux-gnu/libpthread-2.23.so
7fcc653a4000-7fcc653a8000 rw-p 00000000 00:00 0 
7fcc653a8000-7fcc653ce000 r-xp 00000000 08:0a 3412476                    /lib/x86_64-linux-gnu/ld-2.23.so
7fcc653d4000-7fcc654a6000 rw-p 00000000 00:00 0 
7fcc654a6000-7fcc654a9000 ---p 00000000 00:00 0 
7fcc654a9000-7fcc655ab000 rw-p 00000000 00:00 0 
7fcc655ad000-7fcc655c1000 rw-p 00000000 00:00 0 
7fcc655c1000-7fcc655c9000 rw-s 00000000 08:0a 4335579                    /tmp/hsperfdata_takmilul/1625
7fcc655c9000-7fcc655ca000 rw-p 00000000 00:00 0 
7fcc655ca000-7fcc655cb000 ---p 00000000 00:00 0 
7fcc655cb000-7fcc655cd000 rw-p 00000000 00:00 0 
7fcc655cd000-7fcc655ce000 r--p 00025000 08:0a 3412476                    /lib/x86_64-linux-gnu/ld-2.23.so
7fcc655ce000-7fcc655cf000 rw-p 00026000 08:0a 3412476                    /lib/x86_64-linux-gnu/ld-2.23.so
7fcc655cf000-7fcc655d0000 rw-p 00000000 00:00 0 
7ffca5b15000-7ffca5b36000 rw-p 00000000 00:00 0                          [stack]
7ffca5b52000-7ffca5b54000 r--p 00000000 00:00 0                          [vvar]
7ffca5b54000-7ffca5b56000 r-xp 00000000 00:00 0                          [vdso]
ffffffffff600000-ffffffffff601000 r-xp 00000000 00:00 0                  [vsyscall]

VM Arguments:
jvm_args: -Djava.awt.headless=true -Xmx1024M -Dfile.encoding=UTF-8 -Duser.country=US -Duser.language=en -Duser.variant 
java_command: com.android.dx.command.Main --dex --force-jumbo --num-threads=4 --multi-dex --output /home/takmilul/AndroidStudioProjects/Evan_Final Project and Presentation of iCare/Icare/app/build/intermediates/transforms/dex/debug/folders/1000/10/com.google.android.gms-play-services-ads-8.4.0_37a5ef140a693be56fc3beb67ab4f84c952a3d24 /home/takmilul/AndroidStudioProjects/Evan_Final Project and Presentation of iCare/Icare/app/build/intermediates/exploded-aar/com.google.android.gms/play-services-ads/8.4.0/jars/classes.jar
java_class_path (initial): /opt/Android/Sdk/build-tools/23.0.2/lib/dx.jar
Launcher Type: SUN_STANDARD

Environment Variables:
JAVA_HOME=/usr/local/java/jdk1.8.0_77
JRE_HOME=/usr/local/java/jdk1.8.0_77/jre
PATH=/usr/local/sbin:/usr/local/bin:/usr/sbin:/usr/bin:/sbin:/bin:/usr/games:/usr/local/games:/snap/bin:/usr/local/java/jdk1.8.0_77/bin:/usr/local/java/jdk1.8.0_77/jre/bin
LD_LIBRARY_PATH=/opt/android-studio/bin:
SHELL=/bin/bash
DISPLAY=:0

Signal Handlers:
SIGSEGV: [libjvm.so+0xabb070], sa_mask[0]=11111111011111111101111111111110, sa_flags=SA_RESTART|SA_SIGINFO
SIGBUS: [libjvm.so+0xabb070], sa_mask[0]=11111111011111111101111111111110, sa_flags=SA_RESTART|SA_SIGINFO
SIGFPE: [libjvm.so+0x918480], sa_mask[0]=11111111011111111101111111111110, sa_flags=SA_RESTART|SA_SIGINFO
SIGPIPE: [libjvm.so+0x918480], sa_mask[0]=11111111011111111101111111111110, sa_flags=SA_RESTART|SA_SIGINFO
SIGXFSZ: [libjvm.so+0x918480], sa_mask[0]=11111111011111111101111111111110, sa_flags=SA_RESTART|SA_SIGINFO
SIGILL: [libjvm.so+0x918480], sa_mask[0]=11111111011111111101111111111110, sa_flags=SA_RESTART|SA_SIGINFO
SIGUSR1: SIG_DFL, sa_mask[0]=00000000000000000000000000000000, sa_flags=none
SIGUSR2: [libjvm.so+0x919ab0], sa_mask[0]=00100000000000000000000000000000, sa_flags=SA_RESTART|SA_SIGINFO
SIGHUP: [libjvm.so+0x91aeb0], sa_mask[0]=11111111011111111101111111111110, sa_flags=SA_RESTART|SA_SIGINFO
SIGINT: [libjvm.so+0x91aeb0], sa_mask[0]=11111111011111111101111111111110, sa_flags=SA_RESTART|SA_SIGINFO
SIGTERM: [libjvm.so+0x91aeb0], sa_mask[0]=11111111011111111101111111111110, sa_flags=SA_RESTART|SA_SIGINFO
SIGQUIT: [libjvm.so+0x91aeb0], sa_mask[0]=11111111011111111101111111111110, sa_flags=SA_RESTART|SA_SIGINFO


---------------  S Y S T E M  ---------------

OS:DISTRIB_ID=Ubuntu
DISTRIB_RELEASE=16.04
DISTRIB_CODENAME=xenial
DISTRIB_DESCRIPTION="Ubuntu 16.04 LTS"

uname:Linux 4.4.0-22-generic #39-Ubuntu SMP Thu May 5 16:53:32 UTC 2016 x86_64
libc:glibc 2.23 NPTL 2.23 
rlimit: STACK 8192k, CORE 0k, NPROC 31466, NOFILE 65536, AS infinity
load average:9.80 3.28 2.47

/proc/meminfo:
MemTotal:        8094180 kB
MemFree:           51688 kB
MemAvailable:      82316 kB
Buffers:             424 kB
Cached:          1747356 kB
SwapCached:            0 kB
Active:          6196872 kB
Inactive:        1607412 kB
Active(anon):    6184672 kB
Inactive(anon):  1598084 kB
Active(file):      12200 kB
Inactive(file):     9328 kB
Unevictable:          48 kB
Mlocked:              48 kB
SwapTotal:             0 kB
SwapFree:              0 kB
Dirty:               188 kB
Writeback:             0 kB
AnonPages:       6057440 kB
Mapped:           587100 kB
Shmem:           1725448 kB
Slab:             108532 kB
SReclaimable:      48104 kB
SUnreclaim:        60428 kB
KernelStack:       12672 kB
PageTables:        57816 kB
NFS_Unstable:          0 kB
Bounce:                0 kB
WritebackTmp:          0 kB
CommitLimit:     4047088 kB
Committed_AS:   12592208 kB
VmallocTotal:   34359738367 kB
VmallocUsed:           0 kB
VmallocChunk:          0 kB
HardwareCorrupted:     0 kB
AnonHugePages:   3387392 kB
CmaTotal:              0 kB
CmaFree:               0 kB
HugePages_Total:       0
HugePages_Free:        0
HugePages_Rsvd:        0
HugePages_Surp:        0
Hugepagesize:       2048 kB
DirectMap4k:      150876 kB
DirectMap2M:     8157184 kB


CPU:total 4 (2 cores per cpu, 2 threads per core) family 6 model 42 stepping 7, cmov, cx8, fxsr, mmx, sse, sse2, sse3, ssse3, sse4.1, sse4.2, popcnt, avx, clmul, ht, tsc, tscinvbit

/proc/cpuinfo:
processor	: 0
vendor_id	: GenuineIntel
cpu family	: 6
model		: 42
model name	: Intel(R) Core(TM) i3-2120 CPU @ 3.30GHz
stepping	: 7
microcode	: 0x29
cpu MHz		: 1639.300
cache size	: 3072 KB
physical id	: 0
siblings	: 4
core id		: 0
cpu cores	: 2
apicid		: 0
initial apicid	: 0
fpu		: yes
fpu_exception	: yes
cpuid level	: 13
wp		: yes
flags		: fpu vme de pse tsc msr pae mce cx8 apic sep mtrr pge mca cmov pat pse36 clflush dts acpi mmx fxsr sse sse2 ss ht tm pbe syscall nx rdtscp lm constant_tsc arch_perfmon pebs bts rep_good nopl xtopology nonstop_tsc aperfmperf eagerfpu pni pclmulqdq dtes64 monitor ds_cpl vmx est tm2 ssse3 cx16 xtpr pdcm pcid sse4_1 sse4_2 popcnt tsc_deadline_timer xsave avx lahf_lm epb tpr_shadow vnmi flexpriority ept vpid xsaveopt dtherm arat pln pts
bugs		:
bogomips	: 6584.77
clflush size	: 64
cache_alignment	: 64
address sizes	: 36 bits physical, 48 bits virtual
power management:

processor	: 1
vendor_id	: GenuineIntel
cpu family	: 6
model		: 42
model name	: Intel(R) Core(TM) i3-2120 CPU @ 3.30GHz
stepping	: 7
microcode	: 0x29
cpu MHz		: 1643.039
cache size	: 3072 KB
physical id	: 0
siblings	: 4
core id		: 1
cpu cores	: 2
apicid		: 2
initial apicid	: 2
fpu		: yes
fpu_exception	: yes
cpuid level	: 13
wp		: yes
flags		: fpu vme de pse tsc msr pae mce cx8 apic sep mtrr pge mca cmov pat pse36 clflush dts acpi mmx fxsr sse sse2 ss ht tm pbe syscall nx rdtscp lm constant_tsc arch_perfmon pebs bts rep_good nopl xtopology nonstop_tsc aperfmperf eagerfpu pni pclmulqdq dtes64 monitor ds_cpl vmx est tm2 ssse3 cx16 xtpr pdcm pcid sse4_1 sse4_2 popcnt tsc_deadline_timer xsave avx lahf_lm epb tpr_shadow vnmi flexpriority ept vpid xsaveopt dtherm arat pln pts
bugs		:
bogomips	: 6584.77
clflush size	: 64
cache_alignment	: 64
address sizes	: 36 bits physical, 48 bits virtual
power management:

processor	: 2
vendor_id	: GenuineIntel
cpu family	: 6
model		: 42
model name	: Intel(R) Core(TM) i3-2120 CPU @ 3.30GHz
stepping	: 7
microcode	: 0x29
cpu MHz		: 1650.000
cache size	: 3072 KB
physical id	: 0
siblings	: 4
core id		: 0
cpu cores	: 2
apicid		: 1
initial apicid	: 1
fpu		: yes
fpu_exception	: yes
cpuid level	: 13
wp		: yes
flags		: fpu vme de pse tsc msr pae mce cx8 apic sep mtrr pge mca cmov pat pse36 clflush dts acpi mmx fxsr sse sse2 ss ht tm pbe syscall nx rdtscp lm constant_tsc arch_perfmon pebs bts rep_good nopl xtopology nonstop_tsc aperfmperf eagerfpu pni pclmulqdq dtes64 monitor ds_cpl vmx est tm2 ssse3 cx16 xtpr pdcm pcid sse4_1 sse4_2 popcnt tsc_deadline_timer xsave avx lahf_lm epb tpr_shadow vnmi flexpriority ept vpid xsaveopt dtherm arat pln pts
bugs		:
bogomips	: 6584.77
clflush size	: 64
cache_alignment	: 64
address sizes	: 36 bits physical, 48 bits virtual
power management:

processor	: 3
vendor_id	: GenuineIntel
cpu family	: 6
model		: 42
model name	: Intel(R) Core(TM) i3-2120 CPU @ 3.30GHz
stepping	: 7
microcode	: 0x29
cpu MHz		: 1799.144
cache size	: 3072 KB
physical id	: 0
siblings	: 4
core id		: 1
cpu cores	: 2
apicid		: 3
initial apicid	: 3
fpu		: yes
fpu_exception	: yes
cpuid level	: 13
wp		: yes
flags		: fpu vme de pse tsc msr pae mce cx8 apic sep mtrr pge mca cmov pat pse36 clflush dts acpi mmx fxsr sse sse2 ss ht tm pbe syscall nx rdtscp lm constant_tsc arch_perfmon pebs bts rep_good nopl xtopology nonstop_tsc aperfmperf eagerfpu pni pclmulqdq dtes64 monitor ds_cpl vmx est tm2 ssse3 cx16 xtpr pdcm pcid sse4_1 sse4_2 popcnt tsc_deadline_timer xsave avx lahf_lm epb tpr_shadow vnmi flexpriority ept vpid xsaveopt dtherm arat pln pts
bugs		:
bogomips	: 6584.77
clflush size	: 64
cache_alignment	: 64
address sizes	: 36 bits physical, 48 bits virtual
power management:



Memory: 4k page, physical 8094180k(51688k free), swap 0k(0k free)

vm_info: Java HotSpot(TM) 64-Bit Server VM (25.77-b03) for linux-amd64 JRE (1.8.0_77-b03), built on Mar 20 2016 22:00:46 by "java_re" with gcc 4.3.0 20080428 (Red Hat 4.3.0-8)

time: Fri May 13 18:39:45 2016
elapsed time: 25 seconds (0d 0h 0m 25s)

